2025-12-23 17:01:30,993 - CTRL_COM - INFO - 正在连接到机器人服务器: 127.0.0.1:1023
2025-12-23 17:01:30,993 - CTRL_COM - INFO - 成功连接到机器人服务器: 127.0.0.1:1023
2025-12-23 17:01:31,846 - CTRL_COM - INFO - 收到机器人服务器数据: 'executing'
2025-12-23 17:01:32,848 - CTRL_COM - INFO - 收到机器人服务器数据: 'executing'
2025-12-23 17:01:33,839 - CTRL_COM - INFO - 收到机器人服务器数据: 'executing'
2025-12-23 17:01:34,834 - CTRL_COM - INFO - 收到机器人服务器数据: 'executing'
2025-12-23 17:01:35,832 - CTRL_COM - INFO - 收到机器人服务器数据: 'executing'
2025-12-23 17:01:36,843 - CTRL_COM - INFO - 收到机器人服务器数据: 'executing'
2025-12-23 17:01:37,841 - CTRL_COM - INFO - 收到机器人服务器数据: 'executing'
2025-12-23 17:01:38,834 - CTRL_COM - INFO - 收到机器人服务器数据: 'executing'
2025-12-23 17:01:39,851 - CTRL_COM - INFO - 收到机器人服务器数据: 'executing'
2025-12-23 17:01:40,851 - CTRL_COM - INFO - 收到机器人服务器数据: 'executing'
2025-12-23 17:01:41,844 - CTRL_COM - INFO - 收到机器人服务器数据: 'executing'
2025-12-23 17:01:42,838 - CTRL_COM - INFO - 收到机器人服务器数据: 'executing'
2025-12-23 17:01:43,836 - CTRL_COM - INFO - 收到机器人服务器数据: 'executing'
2025-12-23 17:01:44,845 - CTRL_COM - INFO - 收到机器人服务器数据: 'executing'
2025-12-23 17:01:45,842 - CTRL_COM - INFO - 收到机器人服务器数据: 'executing'
2025-12-23 17:01:46,855 - CTRL_COM - INFO - 收到机器人服务器数据: 'executing'
2025-12-23 17:01:47,849 - CTRL_COM - INFO - 收到机器人服务器数据: 'executing'
2025-12-23 17:02:00,871 - CTRL_COM - INFO - 收到机器人服务器数据: 'new_target'
2025-12-23 17:02:00,881 - CTRL_COM - INFO - 成功发送数据到机器人服务器: '10.0 45.45454545454545 6.54533673229707 13.636363636363637 #'
2025-12-23 17:02:06,549 - CTRL_COM - INFO - 收到机器人服务器数据: 'executing'
2025-12-23 17:02:06,552 - CTRL_COM - INFO - 成功发送数据到机器人服务器: '0 45.45454545454545 5.53404752951188 13.636363636363637 #'
2025-12-23 17:02:07,560 - CTRL_COM - INFO - 收到机器人服务器数据: 'executing'
2025-12-23 17:02:07,562 - CTRL_COM - INFO - 成功发送数据到机器人服务器: '0 18.18181818181818 9.233904542057111 13.636363636363637 #'
2025-12-23 17:02:08,556 - CTRL_COM - INFO - 收到机器人服务器数据: 'executing'
2025-12-23 17:02:08,559 - CTRL_COM - INFO - 成功发送数据到机器人服务器: '0 45.45454545454545 12.849003493964855 13.636363636363637 #'
2025-12-23 17:02:09,568 - CTRL_COM - INFO - 收到机器人服务器数据: 'executing'
2025-12-23 17:02:09,571 - CTRL_COM - INFO - 成功发送数据到机器人服务器: '0 45.45454545454545 12.019118341523562 13.636363636363637 #'
2025-12-23 17:02:10,566 - CTRL_COM - INFO - 收到机器人服务器数据: 'executing'
2025-12-23 17:02:10,569 - CTRL_COM - INFO - 成功发送数据到机器人服务器: '0 18.18181818181818 10.936062828495038 13.636363636363637 #'
2025-12-23 17:02:11,560 - CTRL_COM - INFO - 收到机器人服务器数据: 'executing'
2025-12-23 17:02:11,561 - CTRL_COM - INFO - 成功发送数据到机器人服务器: '0 45.45454545454545 6.818390504548795 13.636363636363637 #'
2025-12-23 17:02:12,563 - CTRL_COM - INFO - 收到机器人服务器数据: 'executing'
2025-12-23 17:02:12,564 - CTRL_COM - INFO - 成功发送数据到机器人服务器: '0 18.18181818181818 8.665733927282666 13.636363636363637 #'
2025-12-23 17:02:13,550 - CTRL_COM - INFO - 收到机器人服务器数据: 'executing'
2025-12-23 17:02:13,553 - CTRL_COM - INFO - 成功发送数据到机器人服务器: '0 18.18181818181818 8.297490557848429 13.636363636363637 #'
2025-12-23 17:02:14,554 - CTRL_COM - INFO - 收到机器人服务器数据: 'executing'
2025-12-23 17:02:14,560 - CTRL_COM - INFO - 成功发送数据到机器人服务器: '0 45.45454545454545 14.634954614958795 13.636363636363637 #'
2025-12-23 17:02:15,567 - CTRL_COM - INFO - 收到机器人服务器数据: 'executing'
2025-12-23 17:02:15,570 - CTRL_COM - INFO - 成功发送数据到机器人服务器: '0 18.18181818181818 8.019751729633413 13.636363636363637 #'
2025-12-23 17:02:16,563 - CTRL_COM - INFO - 收到机器人服务器数据: 'executing'
2025-12-23 17:02:16,568 - CTRL_COM - INFO - 成功发送数据到机器人服务器: '0 45.45454545454545 5.344915084674136 13.636363636363637 #'
2025-12-23 17:02:17,558 - CTRL_COM - INFO - 收到机器人服务器数据: 'executing'
2025-12-23 17:02:17,562 - CTRL_COM - INFO - 成功发送数据到机器人服务器: '0 18.18181818181818 8.004760747388925 13.636363636363637 #'
2025-12-23 17:02:18,566 - CTRL_COM - INFO - 收到机器人服务器数据: 'executing'
2025-12-23 17:02:18,573 - CTRL_COM - INFO - 成功发送数据到机器人服务器: '0 4.545454545454545 9.940978585993033 13.636363636363637 #'
2025-12-23 17:02:19,564 - CTRL_COM - INFO - 收到机器人服务器数据: 'executing'
2025-12-23 17:02:19,568 - CTRL_COM - INFO - 成功发送数据到机器人服务器: '0 45.45454545454545 12.61976343564114 13.636363636363637 #'
2025-12-23 17:02:20,560 - CTRL_COM - INFO - 收到机器人服务器数据: 'executing'
2025-12-23 17:02:20,568 - CTRL_COM - INFO - 成功发送数据到机器人服务器: '0 45.45454545454545 7.376835128549874 13.636363636363637 #'
2025-12-23 17:02:21,554 - CTRL_COM - INFO - 收到机器人服务器数据: 'executing'
2025-12-23 17:02:21,559 - CTRL_COM - INFO - 成功发送数据到机器人服务器: '0 18.18181818181818 8.257949576945853 13.636363636363637 #'
2025-12-23 17:02:22,571 - CTRL_COM - INFO - 收到机器人服务器数据: 'executing'
2025-12-23 17:02:22,574 - CTRL_COM - INFO - 成功发送数据到机器人服务器: '0 18.18181818181818 10.703148107519782 13.636363636363637 #'
2025-12-23 17:02:28,639 - CTRL_COM - INFO - 收到机器人服务器数据: 'new_target'
2025-12-23 17:02:28,647 - CTRL_COM - INFO - 成功发送数据到机器人服务器: '15.0 16.666666666666668 13.384331107423856 12.5 #'
2025-12-23 17:02:29,644 - CTRL_COM - INFO - 收到机器人服务器数据: 'new_target'
2025-12-23 17:02:29,654 - CTRL_COM - INFO - 成功发送数据到机器人服务器: '20.0 76.92307692307692 5.194523501705353 7.692307692307692 #'
2025-12-23 17:02:30,638 - CTRL_COM - INFO - 收到机器人服务器数据: 'new_target'
2025-12-23 17:02:30,650 - CTRL_COM - INFO - 成功发送数据到机器人服务器: '25.0 71.42857142857143 8.99545382133779 7.142857142857143 #'
2025-12-23 17:02:31,649 - CTRL_COM - INFO - 收到机器人服务器数据: 'new_target'
2025-12-23 17:02:31,662 - CTRL_COM - INFO - 成功发送数据到机器人服务器: '30.0 66.66666666666666 9.974496740848044 6.666666666666666 #'
2025-12-23 17:02:32,645 - CTRL_COM - INFO - 收到机器人服务器数据: 'new_target'
2025-12-23 17:02:32,662 - CTRL_COM - INFO - 成功发送数据到机器人服务器: '35.0 62.5 6.427754705376021 6.25 #'
2025-12-23 17:02:33,647 - CTRL_COM - INFO - 收到机器人服务器数据: 'new_target'
2025-12-23 17:02:34,638 - CTRL_COM - INFO - 收到机器人服务器数据: 'new_target'
2025-12-23 17:02:35,646 - CTRL_COM - INFO - 收到机器人服务器数据: 'new_target'
2025-12-23 17:02:36,645 - CTRL_COM - INFO - 收到机器人服务器数据: 'new_target'
2025-12-23 17:02:37,638 - CTRL_COM - INFO - 收到机器人服务器数据: 'new_target'
2025-12-23 17:02:38,633 - CTRL_COM - INFO - 收到机器人服务器数据: 'new_target'
2025-12-23 17:02:39,650 - CTRL_COM - INFO - 收到机器人服务器数据: 'new_target'
2025-12-23 17:02:40,650 - CTRL_COM - INFO - 收到机器人服务器数据: 'new_target'
2025-12-23 17:02:41,654 - CTRL_COM - INFO - 收到机器人服务器数据: 'new_target'
2025-12-23 17:02:42,638 - CTRL_COM - INFO - 收到机器人服务器数据: 'new_target'
2025-12-23 17:02:43,637 - CTRL_COM - INFO - 收到机器人服务器数据: 'new_target'
2025-12-23 17:02:44,653 - CTRL_COM - INFO - 收到机器人服务器数据: 'new_target'
2025-12-23 17:02:45,642 - CTRL_COM - INFO - 收到机器人服务器数据: 'new_target'
2025-12-23 17:02:46,648 - CTRL_COM - INFO - 收到机器人服务器数据: 'new_target'
2025-12-23 17:02:47,643 - CTRL_COM - INFO - 收到机器人服务器数据: 'new_target'
2025-12-23 17:02:48,637 - CTRL_COM - INFO - 收到机器人服务器数据: 'new_target'
2025-12-23 17:02:49,658 - CTRL_COM - INFO - 收到机器人服务器数据: 'new_target'
2025-12-23 17:02:50,649 - CTRL_COM - INFO - 收到机器人服务器数据: 'new_target'
2025-12-23 17:02:51,651 - CTRL_COM - INFO - 收到机器人服务器数据: 'new_target'
2025-12-23 17:02:52,646 - CTRL_COM - INFO - 收到机器人服务器数据: 'new_target'
2025-12-23 17:02:53,643 - CTRL_COM - INFO - 收到机器人服务器数据: 'new_target'
2025-12-23 17:02:54,639 - CTRL_COM - INFO - 收到机器人服务器数据: 'new_target'
2025-12-23 17:02:55,633 - CTRL_COM - INFO - 收到机器人服务器数据: 'new_target'
2025-12-23 17:02:56,641 - CTRL_COM - INFO - 收到机器人服务器数据: 'new_target'
2025-12-23 17:02:57,637 - CTRL_COM - INFO - 收到机器人服务器数据: 'new_target'
2025-12-23 17:02:58,647 - CTRL_COM - INFO - 收到机器人服务器数据: 'new_target'
2025-12-23 17:02:59,642 - CTRL_COM - INFO - 收到机器人服务器数据: 'new_target'
2025-12-23 17:02:59,839 - CTRL_COM - ERROR - 接收数据时发生socket错误: [WinError 10038] 在一个非套接字上尝试了一个操作。
2025-12-23 17:02:59,839 - CTRL_COM - INFO - 已断开与机器人服务器的连接: 127.0.0.1:1023
