2025-12-24 09:38:24,049 - CTRL_COM - INFO - 正在连接到机器人服务器: 192.168.125.1:1023
2025-12-24 09:38:24,069 - CTRL_COM - INFO - 成功连接到机器人服务器: 192.168.125.1:1023
2025-12-24 09:38:47,680 - CTRL_COM - INFO - 收到机器人服务器数据: 'new_target'
2025-12-24 09:38:47,701 - CTRL_COM - INFO - 成功发送数据到机器人服务器: '10.0 45.45454545454545 14.902736490824362 13.636363636363637 #'
2025-12-24 09:38:48,686 - CTRL_COM - INFO - 收到机器人服务器数据: 'executing'
2025-12-24 09:38:48,694 - CTRL_COM - INFO - 成功发送数据到机器人服务器: '0 45.45454545454545 13.993226484140099 13.636363636363637 #'
2025-12-24 09:38:49,681 - CTRL_COM - INFO - 收到机器人服务器数据: 'executing'
2025-12-24 09:38:49,689 - CTRL_COM - INFO - 成功发送数据到机器人服务器: '0 45.45454545454545 12.288791088581455 13.636363636363637 #'
2025-12-24 09:38:50,678 - CTRL_COM - INFO - 收到机器人服务器数据: 'executing'
2025-12-24 09:38:50,690 - CTRL_COM - INFO - 成功发送数据到机器人服务器: '0 4.545454545454545 9.741414013133141 13.636363636363637 #'
2025-12-24 09:38:51,689 - CTRL_COM - INFO - 收到机器人服务器数据: 'executing'
2025-12-24 09:38:51,696 - CTRL_COM - INFO - 成功发送数据到机器人服务器: '0 18.18181818181818 11.980591813331138 13.636363636363637 #'
2025-12-24 09:38:52,684 - CTRL_COM - INFO - 收到机器人服务器数据: 'executing'
2025-12-24 09:38:52,694 - CTRL_COM - INFO - 成功发送数据到机器人服务器: '0 18.18181818181818 10.994620976457323 13.636363636363637 #'
2025-12-24 09:38:53,681 - CTRL_COM - INFO - 收到机器人服务器数据: 'executing'
2025-12-24 09:38:53,693 - CTRL_COM - INFO - 成功发送数据到机器人服务器: '0 45.45454545454545 5.246437421572953 13.636363636363637 #'
2025-12-24 09:38:54,674 - CTRL_COM - INFO - 收到机器人服务器数据: 'executing'
2025-12-24 09:38:54,679 - CTRL_COM - INFO - 成功发送数据到机器人服务器: '0 45.45454545454545 13.66844645321778 13.636363636363637 #'
2025-12-24 09:38:55,688 - CTRL_COM - INFO - 收到机器人服务器数据: 'executing'
2025-12-24 09:38:55,693 - CTRL_COM - INFO - 成功发送数据到机器人服务器: '0 4.545454545454545 9.57896224640817 13.636363636363637 #'
2025-12-24 09:38:56,676 - CTRL_COM - INFO - 收到机器人服务器数据: 'executing'
2025-12-24 09:38:56,685 - CTRL_COM - INFO - 成功发送数据到机器人服务器: '0 45.45454545454545 6.61634205942512 13.636363636363637 #'
2025-12-24 09:38:57,676 - CTRL_COM - INFO - 收到机器人服务器数据: 'executing'
2025-12-24 09:38:57,685 - CTRL_COM - INFO - 成功发送数据到机器人服务器: '0 18.18181818181818 8.313413971035601 13.636363636363637 #'
2025-12-24 09:38:58,685 - CTRL_COM - INFO - 收到机器人服务器数据: 'executing'
2025-12-24 09:38:58,693 - CTRL_COM - INFO - 成功发送数据到机器人服务器: '0 45.45454545454545 7.346311715279662 13.636363636363637 #'
2025-12-24 09:38:59,683 - CTRL_COM - INFO - 收到机器人服务器数据: 'executing'
2025-12-24 09:38:59,687 - CTRL_COM - INFO - 成功发送数据到机器人服务器: '0 45.45454545454545 14.313081470879865 13.636363636363637 #'
2025-12-24 09:39:00,677 - CTRL_COM - INFO - 收到机器人服务器数据: 'executing'
2025-12-24 09:39:00,681 - CTRL_COM - INFO - 成功发送数据到机器人服务器: '0 45.45454545454545 14.628913091469679 13.636363636363637 #'
2025-12-24 09:39:01,679 - CTRL_COM - INFO - 收到机器人服务器数据: 'executing'
2025-12-24 09:39:01,683 - CTRL_COM - INFO - 成功发送数据到机器人服务器: '0 45.45454545454545 5.048096624022685 13.636363636363637 #'
2025-12-24 09:39:02,677 - CTRL_COM - INFO - 收到机器人服务器数据: 'executing'
2025-12-24 09:39:02,683 - CTRL_COM - INFO - 成功发送数据到机器人服务器: '0 4.545454545454545 9.865795751585786 13.636363636363637 #'
2025-12-24 09:39:03,687 - CTRL_COM - INFO - 收到机器人服务器数据: 'executing'
2025-12-24 09:39:03,696 - CTRL_COM - INFO - 成功发送数据到机器人服务器: '0 45.45454545454545 14.945964344045612 13.636363636363637 #'
2025-12-24 09:39:04,676 - CTRL_COM - INFO - 收到机器人服务器数据: 'executing'
2025-12-24 09:39:04,681 - CTRL_COM - INFO - 成功发送数据到机器人服务器: '0 45.45454545454545 7.070630049268204 13.636363636363637 #'
2025-12-24 09:39:05,675 - CTRL_COM - INFO - 收到机器人服务器数据: 'executing'
2025-12-24 09:39:05,686 - CTRL_COM - INFO - 成功发送数据到机器人服务器: '0 4.545454545454545 9.81481570943519 13.636363636363637 #'
2025-12-24 09:39:06,688 - CTRL_COM - INFO - 收到机器人服务器数据: 'executing'
2025-12-24 09:39:06,701 - CTRL_COM - INFO - 成功发送数据到机器人服务器: '0 45.45454545454545 5.522762827349668 13.636363636363637 #'
2025-12-24 09:39:07,688 - CTRL_COM - INFO - 收到机器人服务器数据: 'executing'
2025-12-24 09:39:07,698 - CTRL_COM - INFO - 成功发送数据到机器人服务器: '0 45.45454545454545 12.884643500454356 13.636363636363637 #'
2025-12-24 09:39:08,683 - CTRL_COM - INFO - 收到机器人服务器数据: 'executing'
2025-12-24 09:39:08,695 - CTRL_COM - INFO - 成功发送数据到机器人服务器: '0 18.18181818181818 8.41301474216655 13.636363636363637 #'
2025-12-24 09:39:09,681 - CTRL_COM - INFO - 收到机器人服务器数据: 'executing'
2025-12-24 09:39:09,686 - CTRL_COM - INFO - 成功发送数据到机器人服务器: '0 45.45454545454545 6.375509971813415 13.636363636363637 #'
2025-12-24 09:39:10,679 - CTRL_COM - INFO - 收到机器人服务器数据: 'executing'
2025-12-24 09:39:10,680 - CTRL_COM - INFO - 成功发送数据到机器人服务器: '0 45.45454545454545 13.558555634695788 13.636363636363637 #'
2025-12-24 09:39:11,677 - CTRL_COM - INFO - 收到机器人服务器数据: 'executing'
2025-12-24 09:39:11,686 - CTRL_COM - INFO - 成功发送数据到机器人服务器: '0 45.45454545454545 6.293430585382497 13.636363636363637 #'
2025-12-24 09:39:12,677 - CTRL_COM - INFO - 收到机器人服务器数据: 'executing'
2025-12-24 09:39:12,681 - CTRL_COM - INFO - 成功发送数据到机器人服务器: '0 18.18181818181818 10.651532583294546 13.636363636363637 #'
2025-12-24 09:39:13,676 - CTRL_COM - INFO - 收到机器人服务器数据: 'executing'
2025-12-24 09:39:13,679 - CTRL_COM - INFO - 成功发送数据到机器人服务器: '0 18.18181818181818 9.321116086167004 13.636363636363637 #'
2025-12-24 09:39:14,678 - CTRL_COM - INFO - 收到机器人服务器数据: 'executing'
2025-12-24 09:39:14,682 - CTRL_COM - INFO - 成功发送数据到机器人服务器: '0 45.45454545454545 7.25313826681665 13.636363636363637 #'
2025-12-24 09:39:15,680 - CTRL_COM - INFO - 收到机器人服务器数据: 'executing'
2025-12-24 09:39:15,688 - CTRL_COM - INFO - 成功发送数据到机器人服务器: '0 18.18181818181818 11.45297586113312 13.636363636363637 #'
2025-12-24 09:39:16,677 - CTRL_COM - INFO - 收到机器人服务器数据: 'executing'
2025-12-24 09:39:16,679 - CTRL_COM - INFO - 成功发送数据到机器人服务器: '0 18.18181818181818 10.580882647275335 13.636363636363637 #'
2025-12-24 09:39:17,682 - CTRL_COM - INFO - 收到机器人服务器数据: 'executing'
2025-12-24 09:39:17,691 - CTRL_COM - INFO - 成功发送数据到机器人服务器: '0 45.45454545454545 5.586050650814286 13.636363636363637 #'
2025-12-24 09:39:18,686 - CTRL_COM - INFO - 收到机器人服务器数据: 'executing'
2025-12-24 09:39:18,692 - CTRL_COM - INFO - 成功发送数据到机器人服务器: '0 18.18181818181818 8.10373652842189 13.636363636363637 #'
2025-12-24 09:39:19,680 - CTRL_COM - INFO - 收到机器人服务器数据: 'executing'
2025-12-24 09:39:19,682 - CTRL_COM - INFO - 成功发送数据到机器人服务器: '0 45.45454545454545 7.037391719279887 13.636363636363637 #'
2025-12-24 09:39:20,676 - CTRL_COM - INFO - 收到机器人服务器数据: 'executing'
2025-12-24 09:39:20,679 - CTRL_COM - INFO - 成功发送数据到机器人服务器: '0 18.18181818181818 9.355328164270478 13.636363636363637 #'
2025-12-24 09:39:21,685 - CTRL_COM - INFO - 收到机器人服务器数据: 'executing'
2025-12-24 09:39:21,692 - CTRL_COM - INFO - 成功发送数据到机器人服务器: '0 18.18181818181818 9.357122935707249 13.636363636363637 #'
2025-12-24 09:39:22,679 - CTRL_COM - INFO - 收到机器人服务器数据: 'executing'
2025-12-24 09:39:22,682 - CTRL_COM - INFO - 成功发送数据到机器人服务器: '0 45.45454545454545 14.128212083740445 13.636363636363637 #'
2025-12-24 09:39:23,689 - CTRL_COM - INFO - 收到机器人服务器数据: 'executing'
2025-12-24 09:39:23,694 - CTRL_COM - INFO - 成功发送数据到机器人服务器: '0 45.45454545454545 14.18371726017165 13.636363636363637 #'
2025-12-24 09:39:24,680 - CTRL_COM - INFO - 收到机器人服务器数据: 'executing'
2025-12-24 09:39:24,681 - CTRL_COM - INFO - 成功发送数据到机器人服务器: '0 18.18181818181818 8.080361023485931 13.636363636363637 #'
2025-12-24 09:39:25,679 - CTRL_COM - INFO - 收到机器人服务器数据: 'executing'
2025-12-24 09:39:25,681 - CTRL_COM - INFO - 成功发送数据到机器人服务器: '0 18.18181818181818 8.430135909764786 13.636363636363637 #'
2025-12-24 09:39:26,687 - CTRL_COM - INFO - 收到机器人服务器数据: 'executing'
2025-12-24 09:39:26,691 - CTRL_COM - INFO - 成功发送数据到机器人服务器: '0 18.18181818181818 8.33643965523695 13.636363636363637 #'
2025-12-24 09:39:27,686 - CTRL_COM - INFO - 收到机器人服务器数据: 'executing'
2025-12-24 09:39:27,690 - CTRL_COM - INFO - 成功发送数据到机器人服务器: '0 18.18181818181818 10.501575520104968 13.636363636363637 #'
2025-12-24 09:39:28,676 - CTRL_COM - INFO - 收到机器人服务器数据: 'executing'
2025-12-24 09:39:28,681 - CTRL_COM - INFO - 成功发送数据到机器人服务器: '0 18.18181818181818 9.31354713346939 13.636363636363637 #'
2025-12-24 09:39:29,684 - CTRL_COM - INFO - 收到机器人服务器数据: 'executing'
2025-12-24 09:39:29,686 - CTRL_COM - INFO - 成功发送数据到机器人服务器: '0 4.545454545454545 10.071951658672184 13.636363636363637 #'
2025-12-24 09:39:30,680 - CTRL_COM - INFO - 收到机器人服务器数据: 'executing'
2025-12-24 09:39:30,685 - CTRL_COM - INFO - 成功发送数据到机器人服务器: '0 45.45454545454545 14.438396801475978 13.636363636363637 #'
2025-12-24 09:39:31,678 - CTRL_COM - INFO - 收到机器人服务器数据: 'executing'
2025-12-24 09:39:31,681 - CTRL_COM - INFO - 成功发送数据到机器人服务器: '0 45.45454545454545 5.177621307698673 13.636363636363637 #'
2025-12-24 09:39:32,691 - CTRL_COM - INFO - 收到机器人服务器数据: 'executing'
2025-12-24 09:39:32,697 - CTRL_COM - INFO - 成功发送数据到机器人服务器: '0 18.18181818181818 8.919478516684634 13.636363636363637 #'
2025-12-24 09:39:33,687 - CTRL_COM - INFO - 收到机器人服务器数据: 'executing'
2025-12-24 09:39:33,690 - CTRL_COM - INFO - 成功发送数据到机器人服务器: '0 45.45454545454545 7.075621860894593 13.636363636363637 #'
2025-12-24 09:39:34,677 - CTRL_COM - INFO - 收到机器人服务器数据: 'executing'
2025-12-24 09:39:34,682 - CTRL_COM - INFO - 成功发送数据到机器人服务器: '0 18.18181818181818 8.431349727712643 13.636363636363637 #'
2025-12-24 09:39:35,687 - CTRL_COM - INFO - 收到机器人服务器数据: 'executing'
2025-12-24 09:39:35,692 - CTRL_COM - INFO - 成功发送数据到机器人服务器: '0 45.45454545454545 6.297222074588723 13.636363636363637 #'
2025-12-24 09:39:36,678 - CTRL_COM - INFO - 收到机器人服务器数据: 'executing'
2025-12-24 09:39:36,681 - CTRL_COM - INFO - 成功发送数据到机器人服务器: '0 18.18181818181818 11.592007959470443 13.636363636363637 #'
2025-12-24 09:39:37,686 - CTRL_COM - INFO - 收到机器人服务器数据: 'executing'
2025-12-24 09:39:37,693 - CTRL_COM - INFO - 成功发送数据到机器人服务器: '0 45.45454545454545 13.604602967864212 13.636363636363637 #'
2025-12-24 09:39:38,675 - CTRL_COM - INFO - 收到机器人服务器数据: 'executing'
2025-12-24 09:39:38,681 - CTRL_COM - INFO - 成功发送数据到机器人服务器: '0 18.18181818181818 11.624725147055639 13.636363636363637 #'
2025-12-24 09:39:39,686 - CTRL_COM - INFO - 收到机器人服务器数据: 'executing'
2025-12-24 09:39:39,694 - CTRL_COM - INFO - 成功发送数据到机器人服务器: '0 18.18181818181818 10.760711423159051 13.636363636363637 #'
2025-12-24 09:39:40,677 - CTRL_COM - INFO - 收到机器人服务器数据: 'executing'
2025-12-24 09:39:40,680 - CTRL_COM - INFO - 成功发送数据到机器人服务器: '0 45.45454545454545 7.967839059026382 13.636363636363637 #'
2025-12-24 09:39:41,687 - CTRL_COM - INFO - 收到机器人服务器数据: 'executing'
2025-12-24 09:39:41,691 - CTRL_COM - INFO - 成功发送数据到机器人服务器: '0 18.18181818181818 9.378306811388068 13.636363636363637 #'
2025-12-24 09:39:42,677 - CTRL_COM - INFO - 收到机器人服务器数据: 'executing'
2025-12-24 09:39:42,682 - CTRL_COM - INFO - 成功发送数据到机器人服务器: '0 18.18181818181818 8.447147959459215 13.636363636363637 #'
2025-12-24 09:39:43,681 - CTRL_COM - INFO - 收到机器人服务器数据: 'executing'
2025-12-24 09:39:43,684 - CTRL_COM - INFO - 成功发送数据到机器人服务器: '0 18.18181818181818 11.627094480616245 13.636363636363637 #'
2025-12-24 09:39:44,688 - CTRL_COM - INFO - 收到机器人服务器数据: 'executing'
2025-12-24 09:39:44,693 - CTRL_COM - INFO - 成功发送数据到机器人服务器: '0 4.545454545454545 9.535734305892623 13.636363636363637 #'
2025-12-24 09:39:45,677 - CTRL_COM - INFO - 收到机器人服务器数据: 'executing'
2025-12-24 09:39:45,679 - CTRL_COM - INFO - 成功发送数据到机器人服务器: '0 18.18181818181818 8.391243391959982 13.636363636363637 #'
2025-12-24 09:39:46,685 - CTRL_COM - INFO - 收到机器人服务器数据: 'executing'
2025-12-24 09:39:46,690 - CTRL_COM - INFO - 成功发送数据到机器人服务器: '0 45.45454545454545 14.720031880835153 13.636363636363637 #'
2025-12-24 09:39:47,689 - CTRL_COM - INFO - 收到机器人服务器数据: 'executing'
2025-12-24 09:39:47,697 - CTRL_COM - INFO - 成功发送数据到机器人服务器: '0 45.45454545454545 7.0368572342367575 13.636363636363637 #'
2025-12-24 09:39:48,677 - CTRL_COM - INFO - 收到机器人服务器数据: 'executing'
2025-12-24 09:39:48,679 - CTRL_COM - INFO - 成功发送数据到机器人服务器: '0 45.45454545454545 13.413988722393151 13.636363636363637 #'
2025-12-24 09:39:49,688 - CTRL_COM - INFO - 收到机器人服务器数据: 'executing'
2025-12-24 09:39:49,692 - CTRL_COM - INFO - 成功发送数据到机器人服务器: '0 45.45454545454545 7.051822589672653 13.636363636363637 #'
2025-12-24 09:39:50,676 - CTRL_COM - INFO - 收到机器人服务器数据: 'executing'
2025-12-24 09:39:50,679 - CTRL_COM - INFO - 成功发送数据到机器人服务器: '0 45.45454545454545 5.335789491109178 13.636363636363637 #'
2025-12-24 09:39:51,687 - CTRL_COM - INFO - 收到机器人服务器数据: 'executing'
2025-12-24 09:39:51,690 - CTRL_COM - INFO - 成功发送数据到机器人服务器: '0 45.45454545454545 13.165495125071383 13.636363636363637 #'
2025-12-24 09:39:52,676 - CTRL_COM - INFO - 收到机器人服务器数据: 'executing'
2025-12-24 09:39:52,681 - CTRL_COM - INFO - 成功发送数据到机器人服务器: '0 45.45454545454545 14.601651419731196 13.636363636363637 #'
2025-12-24 09:39:53,686 - CTRL_COM - INFO - 收到机器人服务器数据: 'executing'
2025-12-24 09:39:53,690 - CTRL_COM - INFO - 成功发送数据到机器人服务器: '0 45.45454545454545 12.106811672125456 13.636363636363637 #'
2025-12-24 09:39:54,680 - CTRL_COM - INFO - 收到机器人服务器数据: 'executing'
2025-12-24 09:39:54,681 - CTRL_COM - INFO - 成功发送数据到机器人服务器: '0 45.45454545454545 13.218947811595639 13.636363636363637 #'
2025-12-24 09:39:55,676 - CTRL_COM - INFO - 收到机器人服务器数据: 'executing'
2025-12-24 09:39:55,679 - CTRL_COM - INFO - 成功发送数据到机器人服务器: '0 18.18181818181818 8.385331723975728 13.636363636363637 #'
2025-12-24 09:39:56,687 - CTRL_COM - INFO - 收到机器人服务器数据: 'executing'
2025-12-24 09:39:56,692 - CTRL_COM - INFO - 成功发送数据到机器人服务器: '0 18.18181818181818 8.18238955738704 13.636363636363637 #'
2025-12-24 09:39:57,679 - CTRL_COM - INFO - 收到机器人服务器数据: 'executing'
2025-12-24 09:39:57,684 - CTRL_COM - INFO - 成功发送数据到机器人服务器: '0 45.45454545454545 7.324047477998788 13.636363636363637 #'
2025-12-24 09:39:58,687 - CTRL_COM - INFO - 收到机器人服务器数据: 'executing'
2025-12-24 09:39:58,693 - CTRL_COM - INFO - 成功发送数据到机器人服务器: '0 45.45454545454545 12.874533489577566 13.636363636363637 #'
2025-12-24 09:40:07,616 - CTRL_COM - ERROR - 接收数据时发生socket错误: [WinError 10038] 在一个非套接字上尝试了一个操作。
2025-12-24 09:40:07,616 - CTRL_COM - INFO - 已断开与机器人服务器的连接: 192.168.125.1:1023
