2025-12-23 18:26:03,598 - CTRL_COM - INFO - 正在连接到机器人服务器: 192.168.125.1:1023
2025-12-23 18:26:03,620 - CTRL_COM - INFO - 成功连接到机器人服务器: 192.168.125.1:1023
2025-12-23 18:26:15,464 - CTRL_COM - INFO - 收到机器人服务器数据: 'new_target'
2025-12-23 18:26:15,502 - CTRL_COM - INFO - 成功发送数据到机器人服务器: '10.0 45.45454545454545 6.20644319917969 13.636363636363637 #'
2025-12-23 18:26:16,461 - CTRL_COM - INFO - 收到机器人服务器数据: 'executing'
2025-12-23 18:26:16,467 - CTRL_COM - INFO - 成功发送数据到机器人服务器: '0 18.18181818181818 11.130317042293761 13.636363636363637 #'
2025-12-23 18:26:17,460 - CTRL_COM - INFO - 收到机器人服务器数据: 'executing'
2025-12-23 18:26:17,466 - CTRL_COM - INFO - 成功发送数据到机器人服务器: '0 18.18181818181818 8.972611460817538 13.636363636363637 #'
2025-12-23 18:26:18,470 - CTRL_COM - INFO - 收到机器人服务器数据: 'executing'
2025-12-23 18:26:18,476 - CTRL_COM - INFO - 成功发送数据到机器人服务器: '0 18.18181818181818 8.013640098570558 13.636363636363637 #'
2025-12-23 18:26:19,468 - CTRL_COM - INFO - 收到机器人服务器数据: 'executing'
2025-12-23 18:26:19,472 - CTRL_COM - INFO - 成功发送数据到机器人服务器: '0 45.45454545454545 6.781922242938391 13.636363636363637 #'
2025-12-23 18:26:20,459 - CTRL_COM - INFO - 收到机器人服务器数据: 'executing'
2025-12-23 18:26:20,463 - CTRL_COM - INFO - 成功发送数据到机器人服务器: '0 18.18181818181818 8.639637476198413 13.636363636363637 #'
2025-12-23 18:26:21,471 - CTRL_COM - INFO - 收到机器人服务器数据: 'executing'
2025-12-23 18:26:21,479 - CTRL_COM - INFO - 成功发送数据到机器人服务器: '0 45.45454545454545 12.77511031196856 13.636363636363637 #'
2025-12-23 18:26:22,470 - CTRL_COM - INFO - 收到机器人服务器数据: 'executing'
2025-12-23 18:26:22,482 - CTRL_COM - INFO - 成功发送数据到机器人服务器: '0 18.18181818181818 9.492693370344394 13.636363636363637 #'
2025-12-23 18:26:23,458 - CTRL_COM - INFO - 收到机器人服务器数据: 'executing'
2025-12-23 18:26:23,464 - CTRL_COM - INFO - 成功发送数据到机器人服务器: '0 18.18181818181818 8.749435915728638 13.636363636363637 #'
2025-12-23 18:26:24,456 - CTRL_COM - INFO - 收到机器人服务器数据: 'executing'
2025-12-23 18:26:24,463 - CTRL_COM - INFO - 成功发送数据到机器人服务器: '0 45.45454545454545 13.243665023050394 13.636363636363637 #'
2025-12-23 18:26:25,457 - CTRL_COM - INFO - 收到机器人服务器数据: 'executing'
2025-12-23 18:26:25,464 - CTRL_COM - INFO - 成功发送数据到机器人服务器: '0 45.45454545454545 14.193344997627044 13.636363636363637 #'
2025-12-23 18:26:26,463 - CTRL_COM - INFO - 收到机器人服务器数据: 'executing'
2025-12-23 18:26:26,469 - CTRL_COM - INFO - 成功发送数据到机器人服务器: '0 45.45454545454545 5.414229190658491 13.636363636363637 #'
2025-12-23 18:26:27,468 - CTRL_COM - INFO - 收到机器人服务器数据: 'executing'
2025-12-23 18:26:27,479 - CTRL_COM - INFO - 成功发送数据到机器人服务器: '0 18.18181818181818 8.364806375690954 13.636363636363637 #'
2025-12-23 18:26:28,459 - CTRL_COM - INFO - 收到机器人服务器数据: 'executing'
2025-12-23 18:26:28,468 - CTRL_COM - INFO - 成功发送数据到机器人服务器: '0 4.545454545454545 10.117968534434741 13.636363636363637 #'
2025-12-23 18:26:29,471 - CTRL_COM - INFO - 收到机器人服务器数据: 'executing'
2025-12-23 18:26:29,481 - CTRL_COM - INFO - 成功发送数据到机器人服务器: '0 45.45454545454545 6.491933222144644 13.636363636363637 #'
2025-12-23 18:26:30,461 - CTRL_COM - INFO - 收到机器人服务器数据: 'executing'
2025-12-23 18:26:30,468 - CTRL_COM - INFO - 成功发送数据到机器人服务器: '0 45.45454545454545 14.043432450198045 13.636363636363637 #'
2025-12-23 18:26:31,474 - CTRL_COM - INFO - 收到机器人服务器数据: 'executing'
2025-12-23 18:26:31,486 - CTRL_COM - INFO - 成功发送数据到机器人服务器: '0 45.45454545454545 7.192887167552144 13.636363636363637 #'
2025-12-23 18:26:32,473 - CTRL_COM - INFO - 收到机器人服务器数据: 'executing'
2025-12-23 18:26:32,481 - CTRL_COM - INFO - 成功发送数据到机器人服务器: '0 45.45454545454545 6.444652932145906 13.636363636363637 #'
2025-12-23 18:26:33,458 - CTRL_COM - INFO - 收到机器人服务器数据: 'executing'
2025-12-23 18:26:33,465 - CTRL_COM - INFO - 成功发送数据到机器人服务器: '0 45.45454545454545 13.14131714710887 13.636363636363637 #'
2025-12-23 18:26:34,469 - CTRL_COM - INFO - 收到机器人服务器数据: 'executing'
2025-12-23 18:26:34,477 - CTRL_COM - INFO - 成功发送数据到机器人服务器: '0 45.45454545454545 5.779248081008279 13.636363636363637 #'
2025-12-23 18:26:35,469 - CTRL_COM - INFO - 收到机器人服务器数据: 'executing'
2025-12-23 18:26:35,485 - CTRL_COM - INFO - 成功发送数据到机器人服务器: '0 45.45454545454545 7.182657816034811 13.636363636363637 #'
2025-12-23 18:26:36,465 - CTRL_COM - INFO - 收到机器人服务器数据: 'executing'
2025-12-23 18:26:36,475 - CTRL_COM - INFO - 成功发送数据到机器人服务器: '0 45.45454545454545 7.900279245551536 13.636363636363637 #'
2025-12-23 18:26:37,467 - CTRL_COM - INFO - 收到机器人服务器数据: 'executing'
2025-12-23 18:26:37,480 - CTRL_COM - INFO - 成功发送数据到机器人服务器: '0 4.545454545454545 9.532075626818518 13.636363636363637 #'
2025-12-23 18:26:38,464 - CTRL_COM - INFO - 收到机器人服务器数据: 'executing'
2025-12-23 18:26:38,472 - CTRL_COM - INFO - 成功发送数据到机器人服务器: '0 18.18181818181818 8.575315879666643 13.636363636363637 #'
2025-12-23 18:26:39,460 - CTRL_COM - INFO - 收到机器人服务器数据: 'executing'
2025-12-23 18:26:39,469 - CTRL_COM - INFO - 成功发送数据到机器人服务器: '0 4.545454545454545 10.332832739164564 13.636363636363637 #'
2025-12-23 18:26:40,468 - CTRL_COM - INFO - 收到机器人服务器数据: 'executing'
2025-12-23 18:26:40,490 - CTRL_COM - INFO - 成功发送数据到机器人服务器: '0 45.45454545454545 5.007309522916145 13.636363636363637 #'
2025-12-23 18:26:41,460 - CTRL_COM - INFO - 收到机器人服务器数据: 'executing'
2025-12-23 18:26:41,476 - CTRL_COM - INFO - 成功发送数据到机器人服务器: '0 45.45454545454545 12.54733518293228 13.636363636363637 #'
2025-12-23 18:26:42,462 - CTRL_COM - INFO - 收到机器人服务器数据: 'executing'
2025-12-23 18:26:42,472 - CTRL_COM - INFO - 成功发送数据到机器人服务器: '0 18.18181818181818 9.46010864693245 13.636363636363637 #'
2025-12-23 18:26:43,473 - CTRL_COM - INFO - 收到机器人服务器数据: 'executing'
2025-12-23 18:26:43,480 - CTRL_COM - INFO - 成功发送数据到机器人服务器: '0 4.545454545454545 10.418000640565651 13.636363636363637 #'
2025-12-23 18:26:44,472 - CTRL_COM - INFO - 收到机器人服务器数据: 'executing'
2025-12-23 18:26:44,479 - CTRL_COM - INFO - 成功发送数据到机器人服务器: '0 18.18181818181818 11.612184402490175 13.636363636363637 #'
2025-12-23 18:26:45,462 - CTRL_COM - INFO - 收到机器人服务器数据: 'executing'
2025-12-23 18:26:45,474 - CTRL_COM - INFO - 成功发送数据到机器人服务器: '0 45.45454545454545 6.490384906340177 13.636363636363637 #'
2025-12-23 18:26:46,464 - CTRL_COM - INFO - 收到机器人服务器数据: 'executing'
2025-12-23 18:26:46,471 - CTRL_COM - INFO - 成功发送数据到机器人服务器: '0 18.18181818181818 11.591189553937543 13.636363636363637 #'
2025-12-23 18:26:47,460 - CTRL_COM - INFO - 收到机器人服务器数据: 'executing'
2025-12-23 18:26:47,466 - CTRL_COM - INFO - 成功发送数据到机器人服务器: '0 45.45454545454545 5.794493086875947 13.636363636363637 #'
2025-12-23 18:26:48,468 - CTRL_COM - INFO - 收到机器人服务器数据: 'executing'
2025-12-23 18:26:48,475 - CTRL_COM - INFO - 成功发送数据到机器人服务器: '0 18.18181818181818 10.817505778473068 13.636363636363637 #'
2025-12-23 18:26:49,463 - CTRL_COM - INFO - 收到机器人服务器数据: 'executing'
2025-12-23 18:26:49,470 - CTRL_COM - INFO - 成功发送数据到机器人服务器: '0 45.45454545454545 7.291610649048936 13.636363636363637 #'
2025-12-23 18:26:50,461 - CTRL_COM - INFO - 收到机器人服务器数据: 'executing'
2025-12-23 18:26:50,469 - CTRL_COM - INFO - 成功发送数据到机器人服务器: '0 45.45454545454545 5.419993028786992 13.636363636363637 #'
2025-12-23 18:26:51,460 - CTRL_COM - INFO - 收到机器人服务器数据: 'executing'
2025-12-23 18:26:51,481 - CTRL_COM - INFO - 成功发送数据到机器人服务器: '0 18.18181818181818 11.818931421927104 13.636363636363637 #'
2025-12-23 18:26:52,470 - CTRL_COM - INFO - 收到机器人服务器数据: 'executing'
2025-12-23 18:26:52,477 - CTRL_COM - INFO - 成功发送数据到机器人服务器: '0 45.45454545454545 6.6564592573876125 13.636363636363637 #'
2025-12-23 18:26:53,470 - CTRL_COM - INFO - 收到机器人服务器数据: 'executing'
2025-12-23 18:26:53,476 - CTRL_COM - INFO - 成功发送数据到机器人服务器: '0 45.45454545454545 5.553915758870456 13.636363636363637 #'
2025-12-23 18:26:54,462 - CTRL_COM - INFO - 收到机器人服务器数据: 'executing'
2025-12-23 18:26:54,473 - CTRL_COM - INFO - 成功发送数据到机器人服务器: '0 45.45454545454545 14.179698271098285 13.636363636363637 #'
2025-12-23 18:26:55,467 - CTRL_COM - INFO - 收到机器人服务器数据: 'executing'
2025-12-23 18:26:55,476 - CTRL_COM - INFO - 成功发送数据到机器人服务器: '0 45.45454545454545 14.841451562517051 13.636363636363637 #'
2025-12-23 18:26:56,459 - CTRL_COM - INFO - 收到机器人服务器数据: 'executing'
2025-12-23 18:26:56,465 - CTRL_COM - INFO - 成功发送数据到机器人服务器: '0 18.18181818181818 8.871678204646452 13.636363636363637 #'
2025-12-23 18:26:57,458 - CTRL_COM - INFO - 收到机器人服务器数据: 'executing'
2025-12-23 18:26:57,474 - CTRL_COM - INFO - 成功发送数据到机器人服务器: '0 45.45454545454545 13.819645295598693 13.636363636363637 #'
2025-12-23 18:26:58,458 - CTRL_COM - INFO - 收到机器人服务器数据: 'executing'
2025-12-23 18:26:58,462 - CTRL_COM - INFO - 成功发送数据到机器人服务器: '0 18.18181818181818 11.096975809919279 13.636363636363637 #'
2025-12-23 18:26:59,474 - CTRL_COM - INFO - 收到机器人服务器数据: 'executing'
2025-12-23 18:26:59,480 - CTRL_COM - INFO - 成功发送数据到机器人服务器: '0 45.45454545454545 6.7601338110516975 13.636363636363637 #'
2025-12-23 18:27:00,465 - CTRL_COM - INFO - 收到机器人服务器数据: 'executing'
2025-12-23 18:27:00,472 - CTRL_COM - INFO - 成功发送数据到机器人服务器: '0 45.45454545454545 6.157038509378515 13.636363636363637 #'
2025-12-23 18:27:01,472 - CTRL_COM - INFO - 收到机器人服务器数据: 'executing'
2025-12-23 18:27:01,480 - CTRL_COM - INFO - 成功发送数据到机器人服务器: '0 4.545454545454545 10.0619528365849 13.636363636363637 #'
2025-12-23 18:27:02,462 - CTRL_COM - INFO - 收到机器人服务器数据: 'executing'
2025-12-23 18:27:02,469 - CTRL_COM - INFO - 成功发送数据到机器人服务器: '0 4.545454545454545 9.794781388664692 13.636363636363637 #'
2025-12-23 18:27:03,463 - CTRL_COM - INFO - 收到机器人服务器数据: 'executing'
2025-12-23 18:27:03,479 - CTRL_COM - INFO - 成功发送数据到机器人服务器: '0 18.18181818181818 8.4681965254285 13.636363636363637 #'
2025-12-23 18:27:04,466 - CTRL_COM - INFO - 收到机器人服务器数据: 'executing'
2025-12-23 18:27:04,476 - CTRL_COM - INFO - 成功发送数据到机器人服务器: '0 45.45454545454545 13.794973795562626 13.636363636363637 #'
2025-12-23 18:27:05,471 - CTRL_COM - INFO - 收到机器人服务器数据: 'executing'
2025-12-23 18:27:05,477 - CTRL_COM - INFO - 成功发送数据到机器人服务器: '0 18.18181818181818 10.800409327760864 13.636363636363637 #'
2025-12-23 18:27:06,469 - CTRL_COM - INFO - 收到机器人服务器数据: 'executing'
2025-12-23 18:27:06,478 - CTRL_COM - INFO - 成功发送数据到机器人服务器: '0 45.45454545454545 14.955566368367975 13.636363636363637 #'
2025-12-23 18:27:07,460 - CTRL_COM - INFO - 收到机器人服务器数据: 'executing'
2025-12-23 18:27:07,476 - CTRL_COM - INFO - 成功发送数据到机器人服务器: '0 45.45454545454545 13.456024830092089 13.636363636363637 #'
2025-12-23 18:27:08,460 - CTRL_COM - INFO - 收到机器人服务器数据: 'executing'
2025-12-23 18:27:08,469 - CTRL_COM - INFO - 成功发送数据到机器人服务器: '0 18.18181818181818 8.848672789982553 13.636363636363637 #'
2025-12-23 18:27:09,470 - CTRL_COM - INFO - 收到机器人服务器数据: 'executing'
2025-12-23 18:27:09,481 - CTRL_COM - INFO - 成功发送数据到机器人服务器: '0 45.45454545454545 13.004571448193385 13.636363636363637 #'
2025-12-23 18:27:10,463 - CTRL_COM - INFO - 收到机器人服务器数据: 'executing'
2025-12-23 18:27:10,498 - CTRL_COM - INFO - 成功发送数据到机器人服务器: '0 45.45454545454545 14.842224128135673 13.636363636363637 #'
2025-12-23 18:27:11,461 - CTRL_COM - INFO - 收到机器人服务器数据: 'executing'
2025-12-23 18:27:11,467 - CTRL_COM - INFO - 成功发送数据到机器人服务器: '0 45.45454545454545 12.437078907994383 13.636363636363637 #'
2025-12-23 18:27:12,462 - CTRL_COM - INFO - 收到机器人服务器数据: 'executing'
2025-12-23 18:27:12,473 - CTRL_COM - INFO - 成功发送数据到机器人服务器: '0 45.45454545454545 14.815761483568057 13.636363636363637 #'
2025-12-23 18:27:13,467 - CTRL_COM - INFO - 收到机器人服务器数据: 'executing'
2025-12-23 18:27:13,475 - CTRL_COM - INFO - 成功发送数据到机器人服务器: '0 45.45454545454545 5.181686805353941 13.636363636363637 #'
2025-12-23 18:27:14,472 - CTRL_COM - INFO - 收到机器人服务器数据: 'executing'
2025-12-23 18:27:14,480 - CTRL_COM - INFO - 成功发送数据到机器人服务器: '0 45.45454545454545 7.935471860143487 13.636363636363637 #'
2025-12-23 18:27:15,466 - CTRL_COM - INFO - 收到机器人服务器数据: 'executing'
2025-12-23 18:27:15,509 - CTRL_COM - INFO - 成功发送数据到机器人服务器: '0 45.45454545454545 13.406612185585754 13.636363636363637 #'
2025-12-23 18:27:16,457 - CTRL_COM - INFO - 收到机器人服务器数据: 'executing'
2025-12-23 18:27:16,462 - CTRL_COM - INFO - 成功发送数据到机器人服务器: '0 18.18181818181818 8.700402960280694 13.636363636363637 #'
2025-12-23 18:27:17,467 - CTRL_COM - INFO - 收到机器人服务器数据: 'executing'
2025-12-23 18:27:17,475 - CTRL_COM - INFO - 成功发送数据到机器人服务器: '0 18.18181818181818 8.659122038700815 13.636363636363637 #'
2025-12-23 18:27:18,460 - CTRL_COM - INFO - 收到机器人服务器数据: 'executing'
2025-12-23 18:27:18,467 - CTRL_COM - INFO - 成功发送数据到机器人服务器: '0 45.45454545454545 5.54796387289235 13.636363636363637 #'
2025-12-23 18:27:19,462 - CTRL_COM - INFO - 收到机器人服务器数据: 'executing'
2025-12-23 18:27:19,468 - CTRL_COM - INFO - 成功发送数据到机器人服务器: '0 45.45454545454545 5.191182480299742 13.636363636363637 #'
2025-12-23 18:27:20,466 - CTRL_COM - INFO - 收到机器人服务器数据: 'executing'
2025-12-23 18:27:20,472 - CTRL_COM - INFO - 成功发送数据到机器人服务器: '0 45.45454545454545 5.978769702490387 13.636363636363637 #'
2025-12-23 18:27:21,458 - CTRL_COM - INFO - 收到机器人服务器数据: 'executing'
2025-12-23 18:27:21,461 - CTRL_COM - INFO - 成功发送数据到机器人服务器: '0 45.45454545454545 5.7365825709279585 13.636363636363637 #'
2025-12-23 18:27:22,466 - CTRL_COM - INFO - 收到机器人服务器数据: 'executing'
2025-12-23 18:27:22,475 - CTRL_COM - INFO - 成功发送数据到机器人服务器: '0 18.18181818181818 11.895593028899183 13.636363636363637 #'
2025-12-23 18:27:23,465 - CTRL_COM - INFO - 收到机器人服务器数据: 'executing'
2025-12-23 18:27:23,473 - CTRL_COM - INFO - 成功发送数据到机器人服务器: '0 45.45454545454545 13.597047334030652 13.636363636363637 #'
2025-12-23 18:27:24,463 - CTRL_COM - INFO - 收到机器人服务器数据: 'executing'
2025-12-23 18:27:24,469 - CTRL_COM - INFO - 成功发送数据到机器人服务器: '0 45.45454545454545 14.997342284240839 13.636363636363637 #'
2025-12-23 18:27:25,461 - CTRL_COM - INFO - 收到机器人服务器数据: 'executing'
2025-12-23 18:27:25,468 - CTRL_COM - INFO - 成功发送数据到机器人服务器: '0 45.45454545454545 6.366232030882379 13.636363636363637 #'
2025-12-23 18:27:26,466 - CTRL_COM - INFO - 收到机器人服务器数据: 'executing'
2025-12-23 18:27:26,492 - CTRL_COM - INFO - 成功发送数据到机器人服务器: '0 45.45454545454545 6.314194094656273 13.636363636363637 #'
2025-12-23 18:27:27,465 - CTRL_COM - INFO - 收到机器人服务器数据: 'executing'
2025-12-23 18:27:27,477 - CTRL_COM - INFO - 成功发送数据到机器人服务器: '0 45.45454545454545 6.170689695414202 13.636363636363637 #'
2025-12-23 18:27:28,464 - CTRL_COM - INFO - 收到机器人服务器数据: 'executing'
2025-12-23 18:27:28,469 - CTRL_COM - INFO - 成功发送数据到机器人服务器: '0 45.45454545454545 7.202094614945659 13.636363636363637 #'
2025-12-23 18:27:29,460 - CTRL_COM - INFO - 收到机器人服务器数据: 'executing'
2025-12-23 18:27:29,469 - CTRL_COM - INFO - 成功发送数据到机器人服务器: '0 45.45454545454545 6.484930117708454 13.636363636363637 #'
2025-12-23 18:27:30,457 - CTRL_COM - INFO - 收到机器人服务器数据: 'executing'
2025-12-23 18:27:30,491 - CTRL_COM - INFO - 成功发送数据到机器人服务器: '0 45.45454545454545 14.203477489299779 13.636363636363637 #'
2025-12-23 18:27:31,461 - CTRL_COM - INFO - 收到机器人服务器数据: 'executing'
2025-12-23 18:27:31,476 - CTRL_COM - INFO - 成功发送数据到机器人服务器: '0 45.45454545454545 6.309576215788346 13.636363636363637 #'
2025-12-23 18:27:32,462 - CTRL_COM - INFO - 收到机器人服务器数据: 'executing'
2025-12-23 18:27:32,477 - CTRL_COM - INFO - 成功发送数据到机器人服务器: '0 4.545454545454545 10.387785736523048 13.636363636363637 #'
2025-12-23 18:27:33,470 - CTRL_COM - INFO - 收到机器人服务器数据: 'executing'
2025-12-23 18:27:33,486 - CTRL_COM - INFO - 成功发送数据到机器人服务器: '0 18.18181818181818 8.148329594202234 13.636363636363637 #'
2025-12-23 18:27:34,462 - CTRL_COM - INFO - 收到机器人服务器数据: 'executing'
2025-12-23 18:27:34,467 - CTRL_COM - INFO - 成功发送数据到机器人服务器: '0 45.45454545454545 13.57808416386052 13.636363636363637 #'
2025-12-23 18:27:35,460 - CTRL_COM - INFO - 收到机器人服务器数据: 'executing'
2025-12-23 18:27:35,467 - CTRL_COM - INFO - 成功发送数据到机器人服务器: '0 18.18181818181818 11.142806202769275 13.636363636363637 #'
2025-12-23 18:27:36,459 - CTRL_COM - INFO - 收到机器人服务器数据: 'executing'
2025-12-23 18:27:36,466 - CTRL_COM - INFO - 成功发送数据到机器人服务器: '0 45.45454545454545 14.62849965588527 13.636363636363637 #'
2025-12-23 18:27:37,475 - CTRL_COM - INFO - 收到机器人服务器数据: 'executing'
2025-12-23 18:27:37,483 - CTRL_COM - INFO - 成功发送数据到机器人服务器: '0 18.18181818181818 8.054756079775508 13.636363636363637 #'
2025-12-23 18:27:38,476 - CTRL_COM - INFO - 收到机器人服务器数据: 'executing'
2025-12-23 18:27:38,482 - CTRL_COM - INFO - 成功发送数据到机器人服务器: '0 4.545454545454545 9.983909782380596 13.636363636363637 #'
2025-12-23 18:27:39,483 - CTRL_COM - INFO - 收到机器人服务器数据: 'executing'
2025-12-23 18:27:39,490 - CTRL_COM - INFO - 成功发送数据到机器人服务器: '0 45.45454545454545 6.859944158048519 13.636363636363637 #'
2025-12-23 18:27:40,474 - CTRL_COM - INFO - 收到机器人服务器数据: 'executing'
2025-12-23 18:27:40,479 - CTRL_COM - INFO - 成功发送数据到机器人服务器: '0 45.45454545454545 14.556707238516516 13.636363636363637 #'
2025-12-23 18:27:41,479 - CTRL_COM - INFO - 收到机器人服务器数据: 'executing'
2025-12-23 18:27:41,487 - CTRL_COM - INFO - 成功发送数据到机器人服务器: '0 45.45454545454545 7.754109190809128 13.636363636363637 #'
2025-12-23 18:27:42,487 - CTRL_COM - INFO - 收到机器人服务器数据: 'executing'
2025-12-23 18:27:42,499 - CTRL_COM - INFO - 成功发送数据到机器人服务器: '0 45.45454545454545 6.092021125240558 13.636363636363637 #'
2025-12-23 18:27:43,487 - CTRL_COM - INFO - 收到机器人服务器数据: 'executing'
2025-12-23 18:27:43,495 - CTRL_COM - INFO - 成功发送数据到机器人服务器: '0 45.45454545454545 6.049437711125227 13.636363636363637 #'
2025-12-23 18:27:44,476 - CTRL_COM - INFO - 收到机器人服务器数据: 'executing'
2025-12-23 18:27:44,483 - CTRL_COM - INFO - 成功发送数据到机器人服务器: '0 45.45454545454545 6.910847544128858 13.636363636363637 #'
2025-12-23 18:27:45,479 - CTRL_COM - INFO - 收到机器人服务器数据: 'executing'
2025-12-23 18:27:45,489 - CTRL_COM - INFO - 成功发送数据到机器人服务器: '0 18.18181818181818 8.88841798471304 13.636363636363637 #'
2025-12-23 18:27:46,479 - CTRL_COM - INFO - 收到机器人服务器数据: 'executing'
2025-12-23 18:27:46,487 - CTRL_COM - INFO - 成功发送数据到机器人服务器: '0 45.45454545454545 13.169362179925939 13.636363636363637 #'
2025-12-23 18:27:47,480 - CTRL_COM - INFO - 收到机器人服务器数据: 'executing'
2025-12-23 18:27:47,496 - CTRL_COM - INFO - 成功发送数据到机器人服务器: '0 45.45454545454545 7.453860500807301 13.636363636363637 #'
2025-12-23 18:27:48,478 - CTRL_COM - INFO - 收到机器人服务器数据: 'executing'
2025-12-23 18:27:48,482 - CTRL_COM - INFO - 成功发送数据到机器人服务器: '0 18.18181818181818 11.117422181031756 13.636363636363637 #'
2025-12-23 18:27:49,486 - CTRL_COM - INFO - 收到机器人服务器数据: 'executing'
2025-12-23 18:27:49,496 - CTRL_COM - INFO - 成功发送数据到机器人服务器: '0 45.45454545454545 6.9623320460318405 13.636363636363637 #'
2025-12-23 18:27:50,478 - CTRL_COM - INFO - 收到机器人服务器数据: 'executing'
2025-12-23 18:27:50,493 - CTRL_COM - INFO - 成功发送数据到机器人服务器: '0 18.18181818181818 8.508630924006699 13.636363636363637 #'
2025-12-23 18:27:51,485 - CTRL_COM - INFO - 收到机器人服务器数据: 'executing'
2025-12-23 18:27:51,492 - CTRL_COM - INFO - 成功发送数据到机器人服务器: '0 45.45454545454545 7.65708560670745 13.636363636363637 #'
2025-12-23 18:27:52,477 - CTRL_COM - INFO - 收到机器人服务器数据: 'executing'
2025-12-23 18:27:52,484 - CTRL_COM - INFO - 成功发送数据到机器人服务器: '0 45.45454545454545 7.388663885376077 13.636363636363637 #'
2025-12-23 18:27:53,474 - CTRL_COM - INFO - 收到机器人服务器数据: 'executing'
2025-12-23 18:27:53,494 - CTRL_COM - INFO - 成功发送数据到机器人服务器: '0 45.45454545454545 6.574464044745925 13.636363636363637 #'
2025-12-23 18:27:54,480 - CTRL_COM - INFO - 收到机器人服务器数据: 'executing'
2025-12-23 18:27:54,488 - CTRL_COM - INFO - 成功发送数据到机器人服务器: '0 18.18181818181818 9.416832445690886 13.636363636363637 #'
2025-12-23 18:27:55,485 - CTRL_COM - INFO - 收到机器人服务器数据: 'executing'
2025-12-23 18:27:55,490 - CTRL_COM - INFO - 成功发送数据到机器人服务器: '0 18.18181818181818 9.106122048612383 13.636363636363637 #'
2025-12-23 18:27:56,473 - CTRL_COM - INFO - 收到机器人服务器数据: 'executing'
2025-12-23 18:27:56,492 - CTRL_COM - INFO - 成功发送数据到机器人服务器: '0 18.18181818181818 9.16571238230394 13.636363636363637 #'
2025-12-23 18:27:57,488 - CTRL_COM - INFO - 收到机器人服务器数据: 'executing'
2025-12-23 18:27:57,498 - CTRL_COM - INFO - 成功发送数据到机器人服务器: '0 4.545454545454545 10.070420774240496 13.636363636363637 #'
2025-12-23 18:27:58,480 - CTRL_COM - INFO - 收到机器人服务器数据: 'executing'
2025-12-23 18:27:58,500 - CTRL_COM - INFO - 成功发送数据到机器人服务器: '0 18.18181818181818 11.379415185774167 13.636363636363637 #'
2025-12-23 18:27:59,476 - CTRL_COM - INFO - 收到机器人服务器数据: 'executing'
2025-12-23 18:27:59,481 - CTRL_COM - INFO - 成功发送数据到机器人服务器: '0 18.18181818181818 11.480488537205844 13.636363636363637 #'
2025-12-23 18:28:00,476 - CTRL_COM - INFO - 收到机器人服务器数据: 'executing'
2025-12-23 18:28:00,483 - CTRL_COM - INFO - 成功发送数据到机器人服务器: '0 45.45454545454545 5.613408490985829 13.636363636363637 #'
2025-12-23 18:28:01,478 - CTRL_COM - INFO - 收到机器人服务器数据: 'executing'
2025-12-23 18:28:01,484 - CTRL_COM - INFO - 成功发送数据到机器人服务器: '0 45.45454545454545 14.34593375240485 13.636363636363637 #'
2025-12-23 18:28:02,477 - CTRL_COM - INFO - 收到机器人服务器数据: 'executing'
2025-12-23 18:28:02,485 - CTRL_COM - INFO - 成功发送数据到机器人服务器: '0 45.45454545454545 7.568240223435147 13.636363636363637 #'
2025-12-23 18:28:03,485 - CTRL_COM - INFO - 收到机器人服务器数据: 'executing'
2025-12-23 18:28:03,497 - CTRL_COM - INFO - 成功发送数据到机器人服务器: '0 45.45454545454545 12.826247128994805 13.636363636363637 #'
2025-12-23 18:28:04,476 - CTRL_COM - INFO - 收到机器人服务器数据: 'executing'
2025-12-23 18:28:04,487 - CTRL_COM - INFO - 成功发送数据到机器人服务器: '0 45.45454545454545 6.916444665093151 13.636363636363637 #'
2025-12-23 18:28:05,473 - CTRL_COM - INFO - 收到机器人服务器数据: 'executing'
2025-12-23 18:28:05,479 - CTRL_COM - INFO - 成功发送数据到机器人服务器: '0 45.45454545454545 14.76111118187663 13.636363636363637 #'
2025-12-23 18:28:06,486 - CTRL_COM - INFO - 收到机器人服务器数据: 'executing'
2025-12-23 18:28:06,494 - CTRL_COM - INFO - 成功发送数据到机器人服务器: '0 4.545454545454545 10.160622296886473 13.636363636363637 #'
2025-12-23 18:28:07,490 - CTRL_COM - INFO - 收到机器人服务器数据: 'executing'
2025-12-23 18:28:07,496 - CTRL_COM - INFO - 成功发送数据到机器人服务器: '0 45.45454545454545 14.561299403950906 13.636363636363637 #'
2025-12-23 18:28:08,496 - CTRL_COM - INFO - 收到机器人服务器数据: 'executing'
2025-12-23 18:28:08,512 - CTRL_COM - INFO - 成功发送数据到机器人服务器: '0 45.45454545454545 6.311915264577407 13.636363636363637 #'
2025-12-23 18:28:09,488 - CTRL_COM - INFO - 收到机器人服务器数据: 'executing'
2025-12-23 18:28:09,499 - CTRL_COM - INFO - 成功发送数据到机器人服务器: '0 45.45454545454545 13.914099829416719 13.636363636363637 #'
2025-12-23 18:28:10,491 - CTRL_COM - INFO - 收到机器人服务器数据: 'executing'
2025-12-23 18:28:10,499 - CTRL_COM - INFO - 成功发送数据到机器人服务器: '0 45.45454545454545 13.277000751595606 13.636363636363637 #'
2025-12-23 18:28:11,503 - CTRL_COM - INFO - 收到机器人服务器数据: 'executing'
2025-12-23 18:28:11,510 - CTRL_COM - INFO - 成功发送数据到机器人服务器: '0 18.18181818181818 8.785038939368334 13.636363636363637 #'
2025-12-23 18:28:12,504 - CTRL_COM - INFO - 收到机器人服务器数据: 'executing'
2025-12-23 18:28:12,512 - CTRL_COM - INFO - 成功发送数据到机器人服务器: '0 45.45454545454545 13.162350163017845 13.636363636363637 #'
2025-12-23 18:28:13,493 - CTRL_COM - INFO - 收到机器人服务器数据: 'executing'
2025-12-23 18:28:13,501 - CTRL_COM - INFO - 成功发送数据到机器人服务器: '0 45.45454545454545 7.022618445035657 13.636363636363637 #'
2025-12-23 18:28:14,495 - CTRL_COM - INFO - 收到机器人服务器数据: 'executing'
2025-12-23 18:28:14,504 - CTRL_COM - INFO - 成功发送数据到机器人服务器: '0 18.18181818181818 10.731831932544907 13.636363636363637 #'
2025-12-23 18:28:15,490 - CTRL_COM - INFO - 收到机器人服务器数据: 'executing'
2025-12-23 18:28:15,498 - CTRL_COM - INFO - 成功发送数据到机器人服务器: '0 18.18181818181818 10.613426602794018 13.636363636363637 #'
2025-12-23 18:28:16,489 - CTRL_COM - INFO - 收到机器人服务器数据: 'executing'
2025-12-23 18:28:16,505 - CTRL_COM - INFO - 成功发送数据到机器人服务器: '0 18.18181818181818 10.745263217101002 13.636363636363637 #'
2025-12-23 18:28:17,489 - CTRL_COM - INFO - 收到机器人服务器数据: 'executing'
2025-12-23 18:28:17,496 - CTRL_COM - INFO - 成功发送数据到机器人服务器: '0 18.18181818181818 9.23427732795594 13.636363636363637 #'
2025-12-23 18:28:18,501 - CTRL_COM - INFO - 收到机器人服务器数据: 'executing'
2025-12-23 18:28:18,511 - CTRL_COM - INFO - 成功发送数据到机器人服务器: '0 4.545454545454545 9.775644312641159 13.636363636363637 #'
2025-12-23 18:28:19,500 - CTRL_COM - INFO - 收到机器人服务器数据: 'executing'
2025-12-23 18:28:19,503 - CTRL_COM - INFO - 成功发送数据到机器人服务器: '0 18.18181818181818 8.107306103447437 13.636363636363637 #'
2025-12-23 18:28:20,491 - CTRL_COM - INFO - 收到机器人服务器数据: 'executing'
2025-12-23 18:28:20,499 - CTRL_COM - INFO - 成功发送数据到机器人服务器: '0 4.545454545454545 9.855393494157159 13.636363636363637 #'
2025-12-23 18:28:21,490 - CTRL_COM - INFO - 收到机器人服务器数据: 'executing'
2025-12-23 18:28:21,500 - CTRL_COM - INFO - 成功发送数据到机器人服务器: '0 45.45454545454545 12.308155728481342 13.636363636363637 #'
2025-12-23 18:28:22,502 - CTRL_COM - INFO - 收到机器人服务器数据: 'executing'
2025-12-23 18:28:22,514 - CTRL_COM - INFO - 成功发送数据到机器人服务器: '0 18.18181818181818 11.28881140126165 13.636363636363637 #'
2025-12-23 18:28:23,492 - CTRL_COM - INFO - 收到机器人服务器数据: 'executing'
2025-12-23 18:28:23,500 - CTRL_COM - INFO - 成功发送数据到机器人服务器: '0 45.45454545454545 6.331123414167177 13.636363636363637 #'
2025-12-23 18:28:24,497 - CTRL_COM - INFO - 收到机器人服务器数据: 'executing'
2025-12-23 18:28:24,507 - CTRL_COM - INFO - 成功发送数据到机器人服务器: '0 45.45454545454545 5.953501945298867 13.636363636363637 #'
2025-12-23 18:28:25,497 - CTRL_COM - INFO - 收到机器人服务器数据: 'executing'
2025-12-23 18:28:25,504 - CTRL_COM - INFO - 成功发送数据到机器人服务器: '0 45.45454545454545 12.802565124991432 13.636363636363637 #'
2025-12-23 18:28:26,493 - CTRL_COM - INFO - 收到机器人服务器数据: 'executing'
2025-12-23 18:28:26,500 - CTRL_COM - INFO - 成功发送数据到机器人服务器: '0 45.45454545454545 7.759202095710764 13.636363636363637 #'
2025-12-23 18:28:27,493 - CTRL_COM - INFO - 收到机器人服务器数据: 'executing'
2025-12-23 18:28:27,498 - CTRL_COM - INFO - 成功发送数据到机器人服务器: '0 4.545454545454545 9.626987573726195 13.636363636363637 #'
2025-12-23 18:28:28,496 - CTRL_COM - INFO - 收到机器人服务器数据: 'executing'
2025-12-23 18:28:28,503 - CTRL_COM - INFO - 成功发送数据到机器人服务器: '0 45.45454545454545 5.2250720154970685 13.636363636363637 #'
2025-12-23 18:28:29,495 - CTRL_COM - INFO - 收到机器人服务器数据: 'executing'
2025-12-23 18:28:29,503 - CTRL_COM - INFO - 成功发送数据到机器人服务器: '0 45.45454545454545 6.931405642906955 13.636363636363637 #'
2025-12-23 18:28:30,500 - CTRL_COM - INFO - 收到机器人服务器数据: 'executing'
2025-12-23 18:28:30,507 - CTRL_COM - INFO - 成功发送数据到机器人服务器: '0 4.545454545454545 10.177173362213185 13.636363636363637 #'
2025-12-23 18:28:31,487 - CTRL_COM - INFO - 收到机器人服务器数据: 'executing'
2025-12-23 18:28:31,494 - CTRL_COM - INFO - 成功发送数据到机器人服务器: '0 45.45454545454545 6.984645718415096 13.636363636363637 #'
2025-12-23 18:28:32,494 - CTRL_COM - INFO - 收到机器人服务器数据: 'executing'
2025-12-23 18:28:32,500 - CTRL_COM - INFO - 成功发送数据到机器人服务器: '0 45.45454545454545 12.74839967756175 13.636363636363637 #'
2025-12-23 18:28:33,488 - CTRL_COM - INFO - 收到机器人服务器数据: 'executing'
2025-12-23 18:28:33,494 - CTRL_COM - INFO - 成功发送数据到机器人服务器: '0 45.45454545454545 13.807546633393295 13.636363636363637 #'
2025-12-23 18:28:34,490 - CTRL_COM - INFO - 收到机器人服务器数据: 'executing'
2025-12-23 18:28:34,496 - CTRL_COM - INFO - 成功发送数据到机器人服务器: '0 45.45454545454545 12.627336695750833 13.636363636363637 #'
2025-12-23 18:28:35,500 - CTRL_COM - INFO - 收到机器人服务器数据: 'executing'
2025-12-23 18:28:35,509 - CTRL_COM - INFO - 成功发送数据到机器人服务器: '0 45.45454545454545 14.06399589245839 13.636363636363637 #'
2025-12-23 18:28:36,500 - CTRL_COM - INFO - 收到机器人服务器数据: 'executing'
2025-12-23 18:28:36,510 - CTRL_COM - INFO - 成功发送数据到机器人服务器: '0 45.45454545454545 13.416699166556224 13.636363636363637 #'
2025-12-23 18:28:37,495 - CTRL_COM - INFO - 收到机器人服务器数据: 'executing'
2025-12-23 18:28:37,502 - CTRL_COM - INFO - 成功发送数据到机器人服务器: '0 18.18181818181818 9.00631104028843 13.636363636363637 #'
2025-12-23 18:28:38,490 - CTRL_COM - INFO - 收到机器人服务器数据: 'executing'
2025-12-23 18:28:38,494 - CTRL_COM - INFO - 成功发送数据到机器人服务器: '0 18.18181818181818 8.773508378384602 13.636363636363637 #'
2025-12-23 18:28:39,492 - CTRL_COM - INFO - 收到机器人服务器数据: 'executing'
2025-12-23 18:28:39,512 - CTRL_COM - INFO - 成功发送数据到机器人服务器: '0 18.18181818181818 8.461872696037169 13.636363636363637 #'
2025-12-23 18:28:40,493 - CTRL_COM - INFO - 收到机器人服务器数据: 'executing'
2025-12-23 18:28:40,499 - CTRL_COM - INFO - 成功发送数据到机器人服务器: '0 45.45454545454545 12.551695972945815 13.636363636363637 #'
2025-12-23 18:28:41,492 - CTRL_COM - INFO - 收到机器人服务器数据: 'executing'
2025-12-23 18:28:41,498 - CTRL_COM - INFO - 成功发送数据到机器人服务器: '0 45.45454545454545 14.255353908280643 13.636363636363637 #'
2025-12-23 18:28:42,495 - CTRL_COM - INFO - 收到机器人服务器数据: 'executing'
2025-12-23 18:28:42,501 - CTRL_COM - INFO - 成功发送数据到机器人服务器: '0 45.45454545454545 6.854370874529946 13.636363636363637 #'
2025-12-23 18:28:43,494 - CTRL_COM - INFO - 收到机器人服务器数据: 'executing'
2025-12-23 18:28:43,499 - CTRL_COM - INFO - 成功发送数据到机器人服务器: '0 18.18181818181818 11.978798499389368 13.636363636363637 #'
2025-12-23 18:28:44,501 - CTRL_COM - INFO - 收到机器人服务器数据: 'executing'
2025-12-23 18:28:44,507 - CTRL_COM - INFO - 成功发送数据到机器人服务器: '0 45.45454545454545 12.919857563246243 13.636363636363637 #'
2025-12-23 18:28:45,491 - CTRL_COM - INFO - 收到机器人服务器数据: 'executing'
2025-12-23 18:28:45,499 - CTRL_COM - INFO - 成功发送数据到机器人服务器: '0 45.45454545454545 13.357752273065772 13.636363636363637 #'
2025-12-23 18:28:46,492 - CTRL_COM - INFO - 收到机器人服务器数据: 'executing'
2025-12-23 18:28:46,500 - CTRL_COM - INFO - 成功发送数据到机器人服务器: '0 45.45454545454545 6.8397113191557235 13.636363636363637 #'
2025-12-23 18:28:47,494 - CTRL_COM - INFO - 收到机器人服务器数据: 'executing'
2025-12-23 18:28:47,503 - CTRL_COM - INFO - 成功发送数据到机器人服务器: '0 4.545454545454545 10.126574749453738 13.636363636363637 #'
2025-12-23 18:28:48,490 - CTRL_COM - INFO - 收到机器人服务器数据: 'executing'
2025-12-23 18:28:48,498 - CTRL_COM - INFO - 成功发送数据到机器人服务器: '0 45.45454545454545 5.202722705471794 13.636363636363637 #'
2025-12-23 18:28:49,488 - CTRL_COM - INFO - 收到机器人服务器数据: 'executing'
2025-12-23 18:28:49,493 - CTRL_COM - INFO - 成功发送数据到机器人服务器: '0 18.18181818181818 10.682925280594777 13.636363636363637 #'
2025-12-23 18:28:50,489 - CTRL_COM - INFO - 收到机器人服务器数据: 'executing'
2025-12-23 18:28:50,495 - CTRL_COM - INFO - 成功发送数据到机器人服务器: '0 45.45454545454545 12.220514798911601 13.636363636363637 #'
2025-12-23 18:28:51,501 - CTRL_COM - INFO - 收到机器人服务器数据: 'executing'
2025-12-23 18:28:51,524 - CTRL_COM - INFO - 成功发送数据到机器人服务器: '0 18.18181818181818 8.924626495831582 13.636363636363637 #'
2025-12-23 18:28:52,498 - CTRL_COM - INFO - 收到机器人服务器数据: 'executing'
2025-12-23 18:28:52,507 - CTRL_COM - INFO - 成功发送数据到机器人服务器: '0 4.545454545454545 9.929799325128783 13.636363636363637 #'
2025-12-23 18:28:53,494 - CTRL_COM - INFO - 收到机器人服务器数据: 'executing'
2025-12-23 18:28:53,505 - CTRL_COM - INFO - 成功发送数据到机器人服务器: '0 45.45454545454545 14.570939425884998 13.636363636363637 #'
2025-12-23 18:28:54,497 - CTRL_COM - INFO - 收到机器人服务器数据: 'executing'
2025-12-23 18:28:54,507 - CTRL_COM - INFO - 成功发送数据到机器人服务器: '0 45.45454545454545 14.977078204321435 13.636363636363637 #'
2025-12-23 18:28:55,491 - CTRL_COM - INFO - 收到机器人服务器数据: 'executing'
2025-12-23 18:28:55,537 - CTRL_COM - INFO - 成功发送数据到机器人服务器: '0 45.45454545454545 7.186070408419157 13.636363636363637 #'
2025-12-23 18:28:56,502 - CTRL_COM - INFO - 收到机器人服务器数据: 'executing'
2025-12-23 18:28:56,509 - CTRL_COM - INFO - 成功发送数据到机器人服务器: '0 45.45454545454545 14.002999192302369 13.636363636363637 #'
2025-12-23 18:28:57,494 - CTRL_COM - INFO - 收到机器人服务器数据: 'executing'
2025-12-23 18:28:57,501 - CTRL_COM - INFO - 成功发送数据到机器人服务器: '0 4.545454545454545 10.37469766585851 13.636363636363637 #'
2025-12-23 18:28:58,489 - CTRL_COM - INFO - 收到机器人服务器数据: 'executing'
2025-12-23 18:28:58,499 - CTRL_COM - INFO - 成功发送数据到机器人服务器: '0 45.45454545454545 7.66041102192165 13.636363636363637 #'
2025-12-23 18:28:59,492 - CTRL_COM - INFO - 收到机器人服务器数据: 'executing'
2025-12-23 18:28:59,499 - CTRL_COM - INFO - 成功发送数据到机器人服务器: '0 18.18181818181818 8.429334951918465 13.636363636363637 #'
2025-12-23 18:29:00,498 - CTRL_COM - INFO - 收到机器人服务器数据: 'executing'
2025-12-23 18:29:00,509 - CTRL_COM - INFO - 成功发送数据到机器人服务器: '0 18.18181818181818 9.002146513811617 13.636363636363637 #'
2025-12-23 18:29:01,491 - CTRL_COM - INFO - 收到机器人服务器数据: 'executing'
2025-12-23 18:29:01,496 - CTRL_COM - INFO - 成功发送数据到机器人服务器: '0 45.45454545454545 14.598292990359399 13.636363636363637 #'
2025-12-23 18:29:02,499 - CTRL_COM - INFO - 收到机器人服务器数据: 'executing'
2025-12-23 18:29:02,506 - CTRL_COM - INFO - 成功发送数据到机器人服务器: '0 45.45454545454545 12.305579189285774 13.636363636363637 #'
2025-12-23 18:29:03,496 - CTRL_COM - INFO - 收到机器人服务器数据: 'executing'
2025-12-23 18:29:03,504 - CTRL_COM - INFO - 成功发送数据到机器人服务器: '0 45.45454545454545 13.342432553496227 13.636363636363637 #'
2025-12-23 18:29:04,495 - CTRL_COM - INFO - 收到机器人服务器数据: 'executing'
2025-12-23 18:29:04,502 - CTRL_COM - INFO - 成功发送数据到机器人服务器: '0 45.45454545454545 7.959998356322876 13.636363636363637 #'
2025-12-23 18:29:05,489 - CTRL_COM - INFO - 收到机器人服务器数据: 'executing'
2025-12-23 18:29:05,497 - CTRL_COM - INFO - 成功发送数据到机器人服务器: '0 4.545454545454545 9.518994178485755 13.636363636363637 #'
2025-12-23 18:29:06,499 - CTRL_COM - INFO - 收到机器人服务器数据: 'executing'
2025-12-23 18:29:06,509 - CTRL_COM - INFO - 成功发送数据到机器人服务器: '0 45.45454545454545 5.421980223567213 13.636363636363637 #'
2025-12-23 18:29:07,494 - CTRL_COM - INFO - 收到机器人服务器数据: 'executing'
2025-12-23 18:29:07,499 - CTRL_COM - INFO - 成功发送数据到机器人服务器: '0 45.45454545454545 6.2588662080830595 13.636363636363637 #'
2025-12-23 18:29:08,491 - CTRL_COM - INFO - 收到机器人服务器数据: 'executing'
2025-12-23 18:29:08,497 - CTRL_COM - INFO - 成功发送数据到机器人服务器: '0 45.45454545454545 13.043148742985613 13.636363636363637 #'
2025-12-23 18:29:09,490 - CTRL_COM - INFO - 收到机器人服务器数据: 'executing'
2025-12-23 18:29:09,501 - CTRL_COM - INFO - 成功发送数据到机器人服务器: '0 18.18181818181818 8.671520972423046 13.636363636363637 #'
2025-12-23 18:29:10,502 - CTRL_COM - INFO - 收到机器人服务器数据: 'executing'
2025-12-23 18:29:10,513 - CTRL_COM - INFO - 成功发送数据到机器人服务器: '0 45.45454545454545 5.3995349717312555 13.636363636363637 #'
2025-12-23 18:29:11,492 - CTRL_COM - INFO - 收到机器人服务器数据: 'executing'
2025-12-23 18:29:11,502 - CTRL_COM - INFO - 成功发送数据到机器人服务器: '0 18.18181818181818 10.97956447559933 13.636363636363637 #'
2025-12-23 18:29:12,490 - CTRL_COM - INFO - 收到机器人服务器数据: 'executing'
2025-12-23 18:29:12,495 - CTRL_COM - INFO - 成功发送数据到机器人服务器: '0 45.45454545454545 7.805000649330376 13.636363636363637 #'
2025-12-23 18:29:13,492 - CTRL_COM - INFO - 收到机器人服务器数据: 'executing'
2025-12-23 18:29:13,508 - CTRL_COM - INFO - 成功发送数据到机器人服务器: '0 45.45454545454545 5.6945234240022575 13.636363636363637 #'
2025-12-23 18:29:14,493 - CTRL_COM - INFO - 收到机器人服务器数据: 'executing'
2025-12-23 18:29:14,510 - CTRL_COM - INFO - 成功发送数据到机器人服务器: '0 18.18181818181818 8.204039206195791 13.636363636363637 #'
2025-12-23 18:29:15,489 - CTRL_COM - INFO - 收到机器人服务器数据: 'executing'
2025-12-23 18:29:15,492 - CTRL_COM - INFO - 成功发送数据到机器人服务器: '0 45.45454545454545 12.847604418562952 13.636363636363637 #'
2025-12-23 18:29:16,494 - CTRL_COM - INFO - 收到机器人服务器数据: 'executing'
2025-12-23 18:29:16,499 - CTRL_COM - INFO - 成功发送数据到机器人服务器: '0 18.18181818181818 8.898129467439144 13.636363636363637 #'
2025-12-23 18:29:17,496 - CTRL_COM - INFO - 收到机器人服务器数据: 'executing'
2025-12-23 18:29:17,499 - CTRL_COM - INFO - 成功发送数据到机器人服务器: '0 45.45454545454545 14.870265047049875 13.636363636363637 #'
2025-12-23 18:29:18,495 - CTRL_COM - INFO - 收到机器人服务器数据: 'executing'
2025-12-23 18:29:18,501 - CTRL_COM - INFO - 成功发送数据到机器人服务器: '0 45.45454545454545 5.252054093137795 13.636363636363637 #'
2025-12-23 18:29:19,495 - CTRL_COM - INFO - 收到机器人服务器数据: 'executing'
2025-12-23 18:29:19,498 - CTRL_COM - INFO - 成功发送数据到机器人服务器: '0 45.45454545454545 14.138548334747622 13.636363636363637 #'
2025-12-23 18:29:20,502 - CTRL_COM - INFO - 收到机器人服务器数据: 'executing'
2025-12-23 18:29:20,509 - CTRL_COM - INFO - 成功发送数据到机器人服务器: '0 45.45454545454545 6.511366459309402 13.636363636363637 #'
2025-12-23 18:29:21,494 - CTRL_COM - INFO - 收到机器人服务器数据: 'executing'
2025-12-23 18:29:21,501 - CTRL_COM - INFO - 成功发送数据到机器人服务器: '0 4.545454545454545 10.185718742787273 13.636363636363637 #'
2025-12-23 18:29:22,493 - CTRL_COM - INFO - 收到机器人服务器数据: 'executing'
2025-12-23 18:29:22,504 - CTRL_COM - INFO - 成功发送数据到机器人服务器: '0 45.45454545454545 5.476715815424522 13.636363636363637 #'
2025-12-23 18:29:23,490 - CTRL_COM - INFO - 收到机器人服务器数据: 'executing'
2025-12-23 18:29:23,498 - CTRL_COM - INFO - 成功发送数据到机器人服务器: '0 45.45454545454545 6.7345584406485335 13.636363636363637 #'
2025-12-23 18:29:24,498 - CTRL_COM - INFO - 收到机器人服务器数据: 'executing'
2025-12-23 18:29:24,507 - CTRL_COM - INFO - 成功发送数据到机器人服务器: '0 45.45454545454545 12.909451396450265 13.636363636363637 #'
2025-12-23 18:29:25,497 - CTRL_COM - INFO - 收到机器人服务器数据: 'executing'
2025-12-23 18:29:25,525 - CTRL_COM - INFO - 成功发送数据到机器人服务器: '0 45.45454545454545 12.075108430499592 13.636363636363637 #'
2025-12-23 18:29:26,499 - CTRL_COM - INFO - 收到机器人服务器数据: 'executing'
2025-12-23 18:29:26,506 - CTRL_COM - INFO - 成功发送数据到机器人服务器: '0 45.45454545454545 5.727846009898504 13.636363636363637 #'
2025-12-23 18:29:27,493 - CTRL_COM - INFO - 收到机器人服务器数据: 'executing'
2025-12-23 18:29:27,500 - CTRL_COM - INFO - 成功发送数据到机器人服务器: '0 45.45454545454545 5.381236453800021 13.636363636363637 #'
2025-12-23 18:29:28,489 - CTRL_COM - INFO - 收到机器人服务器数据: 'executing'
2025-12-23 18:29:28,493 - CTRL_COM - INFO - 成功发送数据到机器人服务器: '0 45.45454545454545 7.196095469473183 13.636363636363637 #'
2025-12-23 18:29:29,495 - CTRL_COM - INFO - 收到机器人服务器数据: 'executing'
2025-12-23 18:29:29,501 - CTRL_COM - INFO - 成功发送数据到机器人服务器: '0 45.45454545454545 13.34728746430969 13.636363636363637 #'
2025-12-23 18:29:30,491 - CTRL_COM - INFO - 收到机器人服务器数据: 'executing'
2025-12-23 18:29:30,503 - CTRL_COM - INFO - 成功发送数据到机器人服务器: '0 45.45454545454545 12.80085743188904 13.636363636363637 #'
2025-12-23 18:29:31,489 - CTRL_COM - INFO - 收到机器人服务器数据: 'executing'
2025-12-23 18:29:31,498 - CTRL_COM - INFO - 成功发送数据到机器人服务器: '0 18.18181818181818 11.466712510647838 13.636363636363637 #'
2025-12-23 18:29:32,497 - CTRL_COM - INFO - 收到机器人服务器数据: 'executing'
2025-12-23 18:29:32,513 - CTRL_COM - INFO - 成功发送数据到机器人服务器: '0 45.45454545454545 14.005019623351487 13.636363636363637 #'
2025-12-23 18:29:33,488 - CTRL_COM - INFO - 收到机器人服务器数据: 'executing'
2025-12-23 18:29:33,505 - CTRL_COM - INFO - 成功发送数据到机器人服务器: '0 45.45454545454545 12.994450868146536 13.636363636363637 #'
2025-12-23 18:29:34,494 - CTRL_COM - INFO - 收到机器人服务器数据: 'executing'
2025-12-23 18:29:34,499 - CTRL_COM - INFO - 成功发送数据到机器人服务器: '0 18.18181818181818 8.015789932621253 13.636363636363637 #'
2025-12-23 18:29:35,494 - CTRL_COM - INFO - 收到机器人服务器数据: 'executing'
2025-12-23 18:29:35,501 - CTRL_COM - INFO - 成功发送数据到机器人服务器: '0 18.18181818181818 10.835450468800389 13.636363636363637 #'
2025-12-23 18:29:36,502 - CTRL_COM - INFO - 收到机器人服务器数据: 'executing'
2025-12-23 18:29:36,509 - CTRL_COM - INFO - 成功发送数据到机器人服务器: '0 18.18181818181818 8.006492072214034 13.636363636363637 #'
2025-12-23 18:29:37,501 - CTRL_COM - INFO - 收到机器人服务器数据: 'executing'
2025-12-23 18:29:37,523 - CTRL_COM - INFO - 成功发送数据到机器人服务器: '0 45.45454545454545 13.642360955977468 13.636363636363637 #'
2025-12-23 18:29:38,499 - CTRL_COM - INFO - 收到机器人服务器数据: 'executing'
2025-12-23 18:29:38,506 - CTRL_COM - INFO - 成功发送数据到机器人服务器: '0 45.45454545454545 14.074030628763643 13.636363636363637 #'
2025-12-23 18:29:39,489 - CTRL_COM - INFO - 收到机器人服务器数据: 'executing'
2025-12-23 18:29:39,497 - CTRL_COM - INFO - 成功发送数据到机器人服务器: '0 18.18181818181818 8.862641213115802 13.636363636363637 #'
2025-12-23 18:29:40,501 - CTRL_COM - INFO - 收到机器人服务器数据: 'executing'
2025-12-23 18:29:40,509 - CTRL_COM - INFO - 成功发送数据到机器人服务器: '0 45.45454545454545 13.119525741082105 13.636363636363637 #'
2025-12-23 18:29:41,493 - CTRL_COM - INFO - 收到机器人服务器数据: 'executing'
2025-12-23 18:29:41,508 - CTRL_COM - INFO - 成功发送数据到机器人服务器: '0 45.45454545454545 14.884517834977897 13.636363636363637 #'
2025-12-23 18:29:42,494 - CTRL_COM - INFO - 收到机器人服务器数据: 'executing'
2025-12-23 18:29:42,500 - CTRL_COM - INFO - 成功发送数据到机器人服务器: '0 45.45454545454545 13.416509268271158 13.636363636363637 #'
2025-12-23 18:29:43,498 - CTRL_COM - INFO - 收到机器人服务器数据: 'executing'
2025-12-23 18:29:43,508 - CTRL_COM - INFO - 成功发送数据到机器人服务器: '0 45.45454545454545 13.34329311475341 13.636363636363637 #'
2025-12-23 18:29:44,495 - CTRL_COM - INFO - 收到机器人服务器数据: 'executing'
2025-12-23 18:29:44,505 - CTRL_COM - INFO - 成功发送数据到机器人服务器: '0 45.45454545454545 14.58156962913875 13.636363636363637 #'
2025-12-23 18:29:45,490 - CTRL_COM - INFO - 收到机器人服务器数据: 'executing'
2025-12-23 18:29:45,503 - CTRL_COM - INFO - 成功发送数据到机器人服务器: '0 45.45454545454545 6.832534739677194 13.636363636363637 #'
2025-12-23 18:29:46,493 - CTRL_COM - INFO - 收到机器人服务器数据: 'executing'
2025-12-23 18:29:46,500 - CTRL_COM - INFO - 成功发送数据到机器人服务器: '0 45.45454545454545 13.764951701053318 13.636363636363637 #'
2025-12-23 18:29:47,494 - CTRL_COM - INFO - 收到机器人服务器数据: 'executing'
2025-12-23 18:29:47,503 - CTRL_COM - INFO - 成功发送数据到机器人服务器: '0 18.18181818181818 8.621198419537341 13.636363636363637 #'
2025-12-23 18:29:48,492 - CTRL_COM - INFO - 收到机器人服务器数据: 'executing'
2025-12-23 18:29:48,503 - CTRL_COM - INFO - 成功发送数据到机器人服务器: '0 18.18181818181818 11.394720085895942 13.636363636363637 #'
2025-12-23 18:29:49,493 - CTRL_COM - INFO - 收到机器人服务器数据: 'executing'
2025-12-23 18:29:49,508 - CTRL_COM - INFO - 成功发送数据到机器人服务器: '0 45.45454545454545 6.646547447201641 13.636363636363637 #'
2025-12-23 18:29:50,502 - CTRL_COM - INFO - 收到机器人服务器数据: 'executing'
2025-12-23 18:29:50,511 - CTRL_COM - INFO - 成功发送数据到机器人服务器: '0 45.45454545454545 7.10526937387069 13.636363636363637 #'
2025-12-23 18:29:51,499 - CTRL_COM - INFO - 收到机器人服务器数据: 'executing'
2025-12-23 18:29:51,507 - CTRL_COM - INFO - 成功发送数据到机器人服务器: '0 18.18181818181818 11.029214020094074 13.636363636363637 #'
2025-12-23 18:29:52,495 - CTRL_COM - INFO - 收到机器人服务器数据: 'executing'
2025-12-23 18:29:52,501 - CTRL_COM - INFO - 成功发送数据到机器人服务器: '0 45.45454545454545 7.157084009721726 13.636363636363637 #'
2025-12-23 18:29:53,488 - CTRL_COM - INFO - 收到机器人服务器数据: 'executing'
2025-12-23 18:29:53,498 - CTRL_COM - INFO - 成功发送数据到机器人服务器: '0 45.45454545454545 6.5617068627079895 13.636363636363637 #'
2025-12-23 18:29:54,503 - CTRL_COM - INFO - 收到机器人服务器数据: 'executing'
2025-12-23 18:29:54,509 - CTRL_COM - INFO - 成功发送数据到机器人服务器: '0 45.45454545454545 5.617647682958148 13.636363636363637 #'
2025-12-23 18:29:55,504 - CTRL_COM - INFO - 收到机器人服务器数据: 'executing'
2025-12-23 18:29:55,511 - CTRL_COM - INFO - 成功发送数据到机器人服务器: '0 45.45454545454545 13.020650311659159 13.636363636363637 #'
2025-12-23 18:29:56,500 - CTRL_COM - INFO - 收到机器人服务器数据: 'executing'
2025-12-23 18:29:56,506 - CTRL_COM - INFO - 成功发送数据到机器人服务器: '0 45.45454545454545 7.864124276718275 13.636363636363637 #'
2025-12-23 18:29:57,498 - CTRL_COM - INFO - 收到机器人服务器数据: 'executing'
2025-12-23 18:29:57,503 - CTRL_COM - INFO - 成功发送数据到机器人服务器: '0 18.18181818181818 10.61141339682507 13.636363636363637 #'
2025-12-23 18:29:58,495 - CTRL_COM - INFO - 收到机器人服务器数据: 'executing'
2025-12-23 18:29:58,511 - CTRL_COM - INFO - 成功发送数据到机器人服务器: '0 45.45454545454545 13.942738887481465 13.636363636363637 #'
2025-12-23 18:29:59,487 - CTRL_COM - INFO - 收到机器人服务器数据: 'executing'
2025-12-23 18:29:59,495 - CTRL_COM - INFO - 成功发送数据到机器人服务器: '0 45.45454545454545 12.04359873489632 13.636363636363637 #'
2025-12-23 18:30:00,495 - CTRL_COM - INFO - 收到机器人服务器数据: 'executing'
2025-12-23 18:30:00,505 - CTRL_COM - INFO - 成功发送数据到机器人服务器: '0 18.18181818181818 11.685309630143964 13.636363636363637 #'
2025-12-23 18:30:01,498 - CTRL_COM - INFO - 收到机器人服务器数据: 'executing'
2025-12-23 18:30:01,507 - CTRL_COM - INFO - 成功发送数据到机器人服务器: '0 4.545454545454545 9.841948495291776 13.636363636363637 #'
2025-12-23 18:30:02,503 - CTRL_COM - INFO - 收到机器人服务器数据: 'executing'
2025-12-23 18:30:02,514 - CTRL_COM - INFO - 成功发送数据到机器人服务器: '0 18.18181818181818 11.179982148348083 13.636363636363637 #'
2025-12-23 18:30:03,501 - CTRL_COM - INFO - 收到机器人服务器数据: 'executing'
2025-12-23 18:30:03,510 - CTRL_COM - INFO - 成功发送数据到机器人服务器: '0 18.18181818181818 8.988804346990484 13.636363636363637 #'
2025-12-23 18:30:04,495 - CTRL_COM - INFO - 收到机器人服务器数据: 'executing'
2025-12-23 18:30:04,500 - CTRL_COM - INFO - 成功发送数据到机器人服务器: '0 45.45454545454545 14.668444034216225 13.636363636363637 #'
2025-12-23 18:30:05,503 - CTRL_COM - INFO - 收到机器人服务器数据: 'executing'
2025-12-23 18:30:05,547 - CTRL_COM - INFO - 成功发送数据到机器人服务器: '0 45.45454545454545 6.510659702789581 13.636363636363637 #'
2025-12-23 18:30:06,501 - CTRL_COM - INFO - 收到机器人服务器数据: 'executing'
2025-12-23 18:30:06,506 - CTRL_COM - INFO - 成功发送数据到机器人服务器: '0 45.45454545454545 6.039025631989583 13.636363636363637 #'
2025-12-23 18:30:07,494 - CTRL_COM - INFO - 收到机器人服务器数据: 'executing'
2025-12-23 18:30:07,502 - CTRL_COM - INFO - 成功发送数据到机器人服务器: '0 45.45454545454545 6.498311083569729 13.636363636363637 #'
2025-12-23 18:30:08,502 - CTRL_COM - INFO - 收到机器人服务器数据: 'executing'
2025-12-23 18:30:08,507 - CTRL_COM - INFO - 成功发送数据到机器人服务器: '0 18.18181818181818 8.710232967302677 13.636363636363637 #'
2025-12-23 18:30:09,491 - CTRL_COM - INFO - 收到机器人服务器数据: 'executing'
2025-12-23 18:30:09,501 - CTRL_COM - INFO - 成功发送数据到机器人服务器: '0 45.45454545454545 14.778066918533378 13.636363636363637 #'
2025-12-23 18:30:10,496 - CTRL_COM - INFO - 收到机器人服务器数据: 'executing'
2025-12-23 18:30:10,500 - CTRL_COM - INFO - 成功发送数据到机器人服务器: '0 45.45454545454545 7.447312289339188 13.636363636363637 #'
2025-12-23 18:30:11,492 - CTRL_COM - INFO - 收到机器人服务器数据: 'executing'
2025-12-23 18:30:11,497 - CTRL_COM - INFO - 成功发送数据到机器人服务器: '0 18.18181818181818 10.676382194604335 13.636363636363637 #'
2025-12-23 18:30:12,492 - CTRL_COM - INFO - 收到机器人服务器数据: 'executing'
2025-12-23 18:30:12,501 - CTRL_COM - INFO - 成功发送数据到机器人服务器: '0 4.545454545454545 9.508905816675743 13.636363636363637 #'
2025-12-23 18:30:13,488 - CTRL_COM - INFO - 收到机器人服务器数据: 'executing'
2025-12-23 18:30:13,498 - CTRL_COM - INFO - 成功发送数据到机器人服务器: '0 45.45454545454545 6.735208659271707 13.636363636363637 #'
2025-12-23 18:30:14,489 - CTRL_COM - INFO - 收到机器人服务器数据: 'executing'
2025-12-23 18:30:14,496 - CTRL_COM - INFO - 成功发送数据到机器人服务器: '0 18.18181818181818 8.979598012195162 13.636363636363637 #'
2025-12-23 18:30:15,501 - CTRL_COM - INFO - 收到机器人服务器数据: 'executing'
2025-12-23 18:30:15,508 - CTRL_COM - INFO - 成功发送数据到机器人服务器: '0 4.545454545454545 9.612686677489123 13.636363636363637 #'
2025-12-23 18:30:16,498 - CTRL_COM - INFO - 收到机器人服务器数据: 'executing'
2025-12-23 18:30:16,501 - CTRL_COM - INFO - 成功发送数据到机器人服务器: '0 45.45454545454545 7.257468616755665 13.636363636363637 #'
2025-12-23 18:30:17,492 - CTRL_COM - INFO - 收到机器人服务器数据: 'executing'
2025-12-23 18:30:17,496 - CTRL_COM - INFO - 成功发送数据到机器人服务器: '0 18.18181818181818 8.159263120498736 13.636363636363637 #'
2025-12-23 18:30:18,501 - CTRL_COM - INFO - 收到机器人服务器数据: 'executing'
2025-12-23 18:30:18,507 - CTRL_COM - INFO - 成功发送数据到机器人服务器: '0 45.45454545454545 7.196316537874491 13.636363636363637 #'
2025-12-23 18:30:19,496 - CTRL_COM - INFO - 收到机器人服务器数据: 'executing'
2025-12-23 18:30:19,506 - CTRL_COM - INFO - 成功发送数据到机器人服务器: '0 45.45454545454545 6.519286824123518 13.636363636363637 #'
2025-12-23 18:30:20,491 - CTRL_COM - INFO - 收到机器人服务器数据: 'executing'
2025-12-23 18:30:20,496 - CTRL_COM - INFO - 成功发送数据到机器人服务器: '0 45.45454545454545 6.421744371933257 13.636363636363637 #'
2025-12-23 18:30:21,499 - CTRL_COM - INFO - 收到机器人服务器数据: 'executing'
2025-12-23 18:30:21,507 - CTRL_COM - INFO - 成功发送数据到机器人服务器: '0 4.545454545454545 9.867055328349966 13.636363636363637 #'
2025-12-23 18:30:22,494 - CTRL_COM - INFO - 收到机器人服务器数据: 'executing'
2025-12-23 18:30:22,501 - CTRL_COM - INFO - 成功发送数据到机器人服务器: '0 45.45454545454545 13.866817373725613 13.636363636363637 #'
2025-12-23 18:30:23,500 - CTRL_COM - INFO - 收到机器人服务器数据: 'executing'
2025-12-23 18:30:23,508 - CTRL_COM - INFO - 成功发送数据到机器人服务器: '0 45.45454545454545 6.375355028008397 13.636363636363637 #'
2025-12-23 18:30:24,496 - CTRL_COM - INFO - 收到机器人服务器数据: 'executing'
2025-12-23 18:30:24,506 - CTRL_COM - INFO - 成功发送数据到机器人服务器: '0 18.18181818181818 11.054982379709159 13.636363636363637 #'
2025-12-23 18:30:25,496 - CTRL_COM - INFO - 收到机器人服务器数据: 'executing'
2025-12-23 18:30:25,512 - CTRL_COM - INFO - 成功发送数据到机器人服务器: '0 18.18181818181818 8.895003612615355 13.636363636363637 #'
2025-12-23 18:30:26,490 - CTRL_COM - INFO - 收到机器人服务器数据: 'executing'
2025-12-23 18:30:26,497 - CTRL_COM - INFO - 成功发送数据到机器人服务器: '0 18.18181818181818 8.242720365091445 13.636363636363637 #'
2025-12-23 18:30:27,490 - CTRL_COM - INFO - 收到机器人服务器数据: 'executing'
2025-12-23 18:30:27,498 - CTRL_COM - INFO - 成功发送数据到机器人服务器: '0 18.18181818181818 10.846545572997236 13.636363636363637 #'
2025-12-23 18:30:28,491 - CTRL_COM - INFO - 收到机器人服务器数据: 'executing'
2025-12-23 18:30:28,497 - CTRL_COM - INFO - 成功发送数据到机器人服务器: '0 45.45454545454545 13.370240545745713 13.636363636363637 #'
2025-12-23 18:30:29,488 - CTRL_COM - INFO - 收到机器人服务器数据: 'executing'
2025-12-23 18:30:29,493 - CTRL_COM - INFO - 成功发送数据到机器人服务器: '0 45.45454545454545 12.779643410877195 13.636363636363637 #'
2025-12-23 18:30:30,503 - CTRL_COM - INFO - 收到机器人服务器数据: 'executing'
2025-12-23 18:30:30,513 - CTRL_COM - INFO - 成功发送数据到机器人服务器: '0 18.18181818181818 11.562356394694003 13.636363636363637 #'
2025-12-23 18:30:31,502 - CTRL_COM - INFO - 收到机器人服务器数据: 'executing'
2025-12-23 18:30:31,507 - CTRL_COM - INFO - 成功发送数据到机器人服务器: '0 4.545454545454545 9.809035196215213 13.636363636363637 #'
2025-12-23 18:30:32,489 - CTRL_COM - INFO - 收到机器人服务器数据: 'executing'
2025-12-23 18:30:32,495 - CTRL_COM - INFO - 成功发送数据到机器人服务器: '0 45.45454545454545 7.685745425126918 13.636363636363637 #'
2025-12-23 18:30:33,490 - CTRL_COM - INFO - 收到机器人服务器数据: 'executing'
2025-12-23 18:30:33,497 - CTRL_COM - INFO - 成功发送数据到机器人服务器: '0 45.45454545454545 7.6615979868116195 13.636363636363637 #'
2025-12-23 18:30:34,503 - CTRL_COM - INFO - 收到机器人服务器数据: 'executing'
2025-12-23 18:30:34,515 - CTRL_COM - INFO - 成功发送数据到机器人服务器: '0 18.18181818181818 10.61629513138347 13.636363636363637 #'
2025-12-23 18:30:35,520 - CTRL_COM - INFO - 收到机器人服务器数据: 'executing'
2025-12-23 18:30:35,527 - CTRL_COM - INFO - 成功发送数据到机器人服务器: '0 18.18181818181818 9.300865081837502 13.636363636363637 #'
2025-12-23 18:30:36,511 - CTRL_COM - INFO - 收到机器人服务器数据: 'executing'
2025-12-23 18:30:36,521 - CTRL_COM - INFO - 成功发送数据到机器人服务器: '0 45.45454545454545 13.51351052889494 13.636363636363637 #'
2025-12-23 18:30:37,507 - CTRL_COM - INFO - 收到机器人服务器数据: 'executing'
2025-12-23 18:30:37,516 - CTRL_COM - INFO - 成功发送数据到机器人服务器: '0 45.45454545454545 6.0921945007894145 13.636363636363637 #'
2025-12-23 18:30:38,515 - CTRL_COM - INFO - 收到机器人服务器数据: 'executing'
2025-12-23 18:30:38,531 - CTRL_COM - INFO - 成功发送数据到机器人服务器: '0 45.45454545454545 14.718451341664698 13.636363636363637 #'
2025-12-23 18:30:39,512 - CTRL_COM - INFO - 收到机器人服务器数据: 'executing'
2025-12-23 18:30:39,532 - CTRL_COM - INFO - 成功发送数据到机器人服务器: '0 45.45454545454545 7.679993961250133 13.636363636363637 #'
2025-12-23 18:30:40,509 - CTRL_COM - INFO - 收到机器人服务器数据: 'executing'
2025-12-23 18:30:40,518 - CTRL_COM - INFO - 成功发送数据到机器人服务器: '0 18.18181818181818 10.574631896643574 13.636363636363637 #'
2025-12-23 18:30:41,508 - CTRL_COM - INFO - 收到机器人服务器数据: 'executing'
2025-12-23 18:30:41,517 - CTRL_COM - INFO - 成功发送数据到机器人服务器: '0 45.45454545454545 13.106648542407031 13.636363636363637 #'
2025-12-23 18:30:42,513 - CTRL_COM - INFO - 收到机器人服务器数据: 'executing'
2025-12-23 18:30:42,528 - CTRL_COM - INFO - 成功发送数据到机器人服务器: '0 45.45454545454545 12.652184440904295 13.636363636363637 #'
2025-12-23 18:30:43,518 - CTRL_COM - INFO - 收到机器人服务器数据: 'executing'
2025-12-23 18:30:43,526 - CTRL_COM - INFO - 成功发送数据到机器人服务器: '0 18.18181818181818 11.888584937075663 13.636363636363637 #'
2025-12-23 18:30:44,504 - CTRL_COM - INFO - 收到机器人服务器数据: 'executing'
2025-12-23 18:30:44,513 - CTRL_COM - INFO - 成功发送数据到机器人服务器: '0 45.45454545454545 6.676821146666802 13.636363636363637 #'
2025-12-23 18:30:45,504 - CTRL_COM - INFO - 收到机器人服务器数据: 'executing'
2025-12-23 18:30:45,512 - CTRL_COM - INFO - 成功发送数据到机器人服务器: '0 45.45454545454545 14.87644479657122 13.636363636363637 #'
2025-12-23 18:30:46,510 - CTRL_COM - INFO - 收到机器人服务器数据: 'executing'
2025-12-23 18:30:46,526 - CTRL_COM - INFO - 成功发送数据到机器人服务器: '0 18.18181818181818 10.74488415068041 13.636363636363637 #'
2025-12-23 18:30:47,514 - CTRL_COM - INFO - 收到机器人服务器数据: 'executing'
2025-12-23 18:30:47,523 - CTRL_COM - INFO - 成功发送数据到机器人服务器: '0 45.45454545454545 13.615425808767839 13.636363636363637 #'
2025-12-23 18:30:48,516 - CTRL_COM - INFO - 收到机器人服务器数据: 'executing'
2025-12-23 18:30:48,527 - CTRL_COM - INFO - 成功发送数据到机器人服务器: '0 45.45454545454545 5.96623304271357 13.636363636363637 #'
2025-12-23 18:30:49,517 - CTRL_COM - INFO - 收到机器人服务器数据: 'executing'
2025-12-23 18:30:49,530 - CTRL_COM - INFO - 成功发送数据到机器人服务器: '0 45.45454545454545 12.223396394300776 13.636363636363637 #'
2025-12-23 18:30:50,506 - CTRL_COM - INFO - 收到机器人服务器数据: 'executing'
2025-12-23 18:30:50,514 - CTRL_COM - INFO - 成功发送数据到机器人服务器: '0 18.18181818181818 11.490991115214676 13.636363636363637 #'
2025-12-23 18:30:51,515 - CTRL_COM - INFO - 收到机器人服务器数据: 'executing'
2025-12-23 18:30:51,525 - CTRL_COM - INFO - 成功发送数据到机器人服务器: '0 18.18181818181818 8.145290712008542 13.636363636363637 #'
2025-12-23 18:30:52,507 - CTRL_COM - INFO - 收到机器人服务器数据: 'executing'
2025-12-23 18:30:52,514 - CTRL_COM - INFO - 成功发送数据到机器人服务器: '0 45.45454545454545 7.84910445467503 13.636363636363637 #'
2025-12-23 18:30:53,509 - CTRL_COM - INFO - 收到机器人服务器数据: 'executing'
2025-12-23 18:30:53,515 - CTRL_COM - INFO - 成功发送数据到机器人服务器: '0 18.18181818181818 11.820183976451766 13.636363636363637 #'
2025-12-23 18:30:54,518 - CTRL_COM - INFO - 收到机器人服务器数据: 'executing'
2025-12-23 18:30:54,539 - CTRL_COM - INFO - 成功发送数据到机器人服务器: '0 4.545454545454545 10.322400123408016 13.636363636363637 #'
2025-12-23 18:30:55,508 - CTRL_COM - INFO - 收到机器人服务器数据: 'executing'
2025-12-23 18:30:55,514 - CTRL_COM - INFO - 成功发送数据到机器人服务器: '0 45.45454545454545 6.916943109741753 13.636363636363637 #'
2025-12-23 18:30:56,504 - CTRL_COM - INFO - 收到机器人服务器数据: 'executing'
2025-12-23 18:30:56,512 - CTRL_COM - INFO - 成功发送数据到机器人服务器: '0 45.45454545454545 12.465676594417332 13.636363636363637 #'
2025-12-23 18:30:57,517 - CTRL_COM - INFO - 收到机器人服务器数据: 'executing'
2025-12-23 18:30:57,526 - CTRL_COM - INFO - 成功发送数据到机器人服务器: '0 45.45454545454545 7.965419772559529 13.636363636363637 #'
2025-12-23 18:30:58,507 - CTRL_COM - INFO - 收到机器人服务器数据: 'executing'
2025-12-23 18:30:58,523 - CTRL_COM - INFO - 成功发送数据到机器人服务器: '0 45.45454545454545 13.647558936125254 13.636363636363637 #'
2025-12-23 18:30:59,507 - CTRL_COM - INFO - 收到机器人服务器数据: 'executing'
2025-12-23 18:30:59,515 - CTRL_COM - INFO - 成功发送数据到机器人服务器: '0 45.45454545454545 5.263263016398426 13.636363636363637 #'
2025-12-23 18:31:00,515 - CTRL_COM - INFO - 收到机器人服务器数据: 'executing'
2025-12-23 18:31:00,522 - CTRL_COM - INFO - 成功发送数据到机器人服务器: '0 45.45454545454545 5.997250232274007 13.636363636363637 #'
2025-12-23 18:31:01,510 - CTRL_COM - INFO - 收到机器人服务器数据: 'executing'
2025-12-23 18:31:01,518 - CTRL_COM - INFO - 成功发送数据到机器人服务器: '0 45.45454545454545 5.155063514682058 13.636363636363637 #'
2025-12-23 18:31:02,508 - CTRL_COM - INFO - 收到机器人服务器数据: 'executing'
2025-12-23 18:31:02,516 - CTRL_COM - INFO - 成功发送数据到机器人服务器: '0 45.45454545454545 6.9995430209590666 13.636363636363637 #'
2025-12-23 18:31:03,509 - CTRL_COM - INFO - 收到机器人服务器数据: 'executing'
2025-12-23 18:31:03,515 - CTRL_COM - INFO - 成功发送数据到机器人服务器: '0 45.45454545454545 5.361620278940111 13.636363636363637 #'
2025-12-23 18:31:04,504 - CTRL_COM - INFO - 收到机器人服务器数据: 'executing'
2025-12-23 18:31:04,514 - CTRL_COM - INFO - 成功发送数据到机器人服务器: '0 45.45454545454545 14.163466506143736 13.636363636363637 #'
2025-12-23 18:31:05,508 - CTRL_COM - INFO - 收到机器人服务器数据: 'executing'
2025-12-23 18:31:05,522 - CTRL_COM - INFO - 成功发送数据到机器人服务器: '0 18.18181818181818 8.35351568165309 13.636363636363637 #'
2025-12-23 18:31:06,521 - CTRL_COM - INFO - 收到机器人服务器数据: 'executing'
2025-12-23 18:31:06,530 - CTRL_COM - INFO - 成功发送数据到机器人服务器: '0 45.45454545454545 13.585713223178667 13.636363636363637 #'
2025-12-23 18:31:07,505 - CTRL_COM - INFO - 收到机器人服务器数据: 'executing'
2025-12-23 18:31:07,512 - CTRL_COM - INFO - 成功发送数据到机器人服务器: '0 45.45454545454545 5.33079374260916 13.636363636363637 #'
2025-12-23 18:31:08,504 - CTRL_COM - INFO - 收到机器人服务器数据: 'executing'
2025-12-23 18:31:08,513 - CTRL_COM - INFO - 成功发送数据到机器人服务器: '0 45.45454545454545 5.642417112409537 13.636363636363637 #'
2025-12-23 18:31:09,513 - CTRL_COM - INFO - 收到机器人服务器数据: 'executing'
2025-12-23 18:31:09,523 - CTRL_COM - INFO - 成功发送数据到机器人服务器: '0 45.45454545454545 14.983470929898456 13.636363636363637 #'
2025-12-23 18:31:10,512 - CTRL_COM - INFO - 收到机器人服务器数据: 'executing'
2025-12-23 18:31:10,527 - CTRL_COM - INFO - 成功发送数据到机器人服务器: '0 45.45454545454545 12.612426869871086 13.636363636363637 #'
2025-12-23 18:31:11,513 - CTRL_COM - INFO - 收到机器人服务器数据: 'executing'
2025-12-23 18:31:11,523 - CTRL_COM - INFO - 成功发送数据到机器人服务器: '0 18.18181818181818 8.114697137325058 13.636363636363637 #'
2025-12-23 18:31:12,512 - CTRL_COM - INFO - 收到机器人服务器数据: 'executing'
2025-12-23 18:31:12,523 - CTRL_COM - INFO - 成功发送数据到机器人服务器: '0 4.545454545454545 10.342815582800641 13.636363636363637 #'
2025-12-23 18:31:13,516 - CTRL_COM - INFO - 收到机器人服务器数据: 'executing'
2025-12-23 18:31:13,525 - CTRL_COM - INFO - 成功发送数据到机器人服务器: '0 45.45454545454545 13.233853593745387 13.636363636363637 #'
2025-12-23 18:31:14,516 - CTRL_COM - INFO - 收到机器人服务器数据: 'executing'
2025-12-23 18:31:14,568 - CTRL_COM - INFO - 成功发送数据到机器人服务器: '0 18.18181818181818 8.272188498831682 13.636363636363637 #'
2025-12-23 18:31:15,506 - CTRL_COM - INFO - 收到机器人服务器数据: 'executing'
2025-12-23 18:31:15,515 - CTRL_COM - INFO - 成功发送数据到机器人服务器: '0 45.45454545454545 5.417630941645738 13.636363636363637 #'
2025-12-23 18:31:16,507 - CTRL_COM - INFO - 收到机器人服务器数据: 'executing'
2025-12-23 18:31:16,516 - CTRL_COM - INFO - 成功发送数据到机器人服务器: '0 18.18181818181818 11.960367006902384 13.636363636363637 #'
2025-12-23 18:31:17,516 - CTRL_COM - INFO - 收到机器人服务器数据: 'executing'
2025-12-23 18:31:17,526 - CTRL_COM - INFO - 成功发送数据到机器人服务器: '0 45.45454545454545 14.409615477384298 13.636363636363637 #'
2025-12-23 18:31:18,515 - CTRL_COM - INFO - 收到机器人服务器数据: 'executing'
2025-12-23 18:31:18,530 - CTRL_COM - INFO - 成功发送数据到机器人服务器: '0 45.45454545454545 12.800149723554007 13.636363636363637 #'
2025-12-23 18:31:19,520 - CTRL_COM - INFO - 收到机器人服务器数据: 'executing'
2025-12-23 18:31:19,553 - CTRL_COM - INFO - 成功发送数据到机器人服务器: '0 45.45454545454545 12.462479394655482 13.636363636363637 #'
2025-12-23 18:31:20,521 - CTRL_COM - INFO - 收到机器人服务器数据: 'executing'
2025-12-23 18:31:20,530 - CTRL_COM - INFO - 成功发送数据到机器人服务器: '0 18.18181818181818 9.33315716709512 13.636363636363637 #'
2025-12-23 18:31:21,519 - CTRL_COM - INFO - 收到机器人服务器数据: 'executing'
2025-12-23 18:31:21,539 - CTRL_COM - INFO - 成功发送数据到机器人服务器: '0 18.18181818181818 9.314821233481986 13.636363636363637 #'
2025-12-23 18:31:22,518 - CTRL_COM - INFO - 收到机器人服务器数据: 'executing'
2025-12-23 18:31:22,526 - CTRL_COM - INFO - 成功发送数据到机器人服务器: '0 45.45454545454545 13.120438882981396 13.636363636363637 #'
2025-12-23 18:31:23,514 - CTRL_COM - INFO - 收到机器人服务器数据: 'executing'
2025-12-23 18:31:23,522 - CTRL_COM - INFO - 成功发送数据到机器人服务器: '0 45.45454545454545 5.63777617969029 13.636363636363637 #'
2025-12-23 18:31:24,519 - CTRL_COM - INFO - 收到机器人服务器数据: 'executing'
2025-12-23 18:31:24,530 - CTRL_COM - INFO - 成功发送数据到机器人服务器: '0 18.18181818181818 8.838150492616158 13.636363636363637 #'
2025-12-23 18:31:25,504 - CTRL_COM - INFO - 收到机器人服务器数据: 'executing'
2025-12-23 18:31:25,528 - CTRL_COM - INFO - 成功发送数据到机器人服务器: '0 18.18181818181818 9.073718144002834 13.636363636363637 #'
2025-12-23 18:31:26,521 - CTRL_COM - INFO - 收到机器人服务器数据: 'executing'
2025-12-23 18:31:26,530 - CTRL_COM - INFO - 成功发送数据到机器人服务器: '0 45.45454545454545 14.018247172118823 13.636363636363637 #'
2025-12-23 18:31:27,530 - CTRL_COM - INFO - 收到机器人服务器数据: 'executing'
2025-12-23 18:31:27,538 - CTRL_COM - INFO - 成功发送数据到机器人服务器: '0 45.45454545454545 5.743346690196935 13.636363636363637 #'
2025-12-23 18:31:28,533 - CTRL_COM - INFO - 收到机器人服务器数据: 'executing'
2025-12-23 18:31:28,541 - CTRL_COM - INFO - 成功发送数据到机器人服务器: '0 45.45454545454545 5.245336189121962 13.636363636363637 #'
2025-12-23 18:31:29,524 - CTRL_COM - INFO - 收到机器人服务器数据: 'executing'
2025-12-23 18:31:29,574 - CTRL_COM - INFO - 成功发送数据到机器人服务器: '0 45.45454545454545 6.576839263852526 13.636363636363637 #'
2025-12-23 18:31:30,527 - CTRL_COM - INFO - 收到机器人服务器数据: 'executing'
2025-12-23 18:31:30,536 - CTRL_COM - INFO - 成功发送数据到机器人服务器: '0 18.18181818181818 8.186596393105349 13.636363636363637 #'
2025-12-23 18:31:31,526 - CTRL_COM - INFO - 收到机器人服务器数据: 'executing'
2025-12-23 18:31:31,537 - CTRL_COM - INFO - 成功发送数据到机器人服务器: '0 45.45454545454545 12.588393049640604 13.636363636363637 #'
2025-12-23 18:31:32,523 - CTRL_COM - INFO - 收到机器人服务器数据: 'executing'
2025-12-23 18:31:32,531 - CTRL_COM - INFO - 成功发送数据到机器人服务器: '0 45.45454545454545 13.067812176619709 13.636363636363637 #'
2025-12-23 18:31:33,534 - CTRL_COM - INFO - 收到机器人服务器数据: 'executing'
2025-12-23 18:31:33,562 - CTRL_COM - INFO - 成功发送数据到机器人服务器: '0 18.18181818181818 9.220197325006001 13.636363636363637 #'
2025-12-23 18:31:34,522 - CTRL_COM - INFO - 收到机器人服务器数据: 'executing'
2025-12-23 18:31:34,530 - CTRL_COM - INFO - 成功发送数据到机器人服务器: '0 18.18181818181818 11.29644096979731 13.636363636363637 #'
2025-12-23 18:31:35,526 - CTRL_COM - INFO - 收到机器人服务器数据: 'executing'
2025-12-23 18:31:35,539 - CTRL_COM - INFO - 成功发送数据到机器人服务器: '0 18.18181818181818 11.134249511670443 13.636363636363637 #'
2025-12-23 18:31:36,529 - CTRL_COM - INFO - 收到机器人服务器数据: 'executing'
2025-12-23 18:31:36,538 - CTRL_COM - INFO - 成功发送数据到机器人服务器: '0 45.45454545454545 14.571870271306846 13.636363636363637 #'
2025-12-23 18:31:37,533 - CTRL_COM - INFO - 收到机器人服务器数据: 'executing'
2025-12-23 18:31:37,549 - CTRL_COM - INFO - 成功发送数据到机器人服务器: '0 18.18181818181818 8.135146518113652 13.636363636363637 #'
2025-12-23 18:31:38,529 - CTRL_COM - INFO - 收到机器人服务器数据: 'executing'
2025-12-23 18:31:38,538 - CTRL_COM - INFO - 成功发送数据到机器人服务器: '0 45.45454545454545 7.099953388280861 13.636363636363637 #'
2025-12-23 18:31:39,533 - CTRL_COM - INFO - 收到机器人服务器数据: 'executing'
2025-12-23 18:31:39,562 - CTRL_COM - INFO - 成功发送数据到机器人服务器: '0 18.18181818181818 11.36172291018702 13.636363636363637 #'
2025-12-23 18:31:40,521 - CTRL_COM - INFO - 收到机器人服务器数据: 'executing'
2025-12-23 18:31:40,527 - CTRL_COM - INFO - 成功发送数据到机器人服务器: '0 45.45454545454545 13.556733937382102 13.636363636363637 #'
2025-12-23 18:31:41,532 - CTRL_COM - INFO - 收到机器人服务器数据: 'executing'
2025-12-23 18:31:41,544 - CTRL_COM - INFO - 成功发送数据到机器人服务器: '0 45.45454545454545 12.051319655930481 13.636363636363637 #'
2025-12-23 18:31:42,526 - CTRL_COM - INFO - 收到机器人服务器数据: 'executing'
2025-12-23 18:31:42,537 - CTRL_COM - INFO - 成功发送数据到机器人服务器: '0 18.18181818181818 8.097395926791284 13.636363636363637 #'
2025-12-23 18:31:43,521 - CTRL_COM - INFO - 收到机器人服务器数据: 'executing'
2025-12-23 18:31:43,533 - CTRL_COM - INFO - 成功发送数据到机器人服务器: '0 45.45454545454545 5.370012319365406 13.636363636363637 #'
2025-12-23 18:31:44,524 - CTRL_COM - INFO - 收到机器人服务器数据: 'executing'
2025-12-23 18:31:44,532 - CTRL_COM - INFO - 成功发送数据到机器人服务器: '0 45.45454545454545 12.299628704260817 13.636363636363637 #'
2025-12-23 18:31:45,525 - CTRL_COM - INFO - 收到机器人服务器数据: 'executing'
2025-12-23 18:31:45,536 - CTRL_COM - INFO - 成功发送数据到机器人服务器: '0 4.545454545454545 9.900284445841777 13.636363636363637 #'
2025-12-23 18:31:46,528 - CTRL_COM - INFO - 收到机器人服务器数据: 'executing'
2025-12-23 18:31:46,539 - CTRL_COM - INFO - 成功发送数据到机器人服务器: '0 18.18181818181818 8.609276805493245 13.636363636363637 #'
2025-12-23 18:31:47,531 - CTRL_COM - INFO - 收到机器人服务器数据: 'executing'
2025-12-23 18:31:47,541 - CTRL_COM - INFO - 成功发送数据到机器人服务器: '0 45.45454545454545 6.856896099166181 13.636363636363637 #'
2025-12-23 18:31:48,521 - CTRL_COM - INFO - 收到机器人服务器数据: 'executing'
2025-12-23 18:31:48,528 - CTRL_COM - INFO - 成功发送数据到机器人服务器: '0 45.45454545454545 14.177075264818395 13.636363636363637 #'
2025-12-23 18:31:49,520 - CTRL_COM - INFO - 收到机器人服务器数据: 'executing'
2025-12-23 18:31:49,536 - CTRL_COM - INFO - 成功发送数据到机器人服务器: '0 18.18181818181818 8.487535685084232 13.636363636363637 #'
2025-12-23 18:31:50,527 - CTRL_COM - INFO - 收到机器人服务器数据: 'executing'
2025-12-23 18:31:50,540 - CTRL_COM - INFO - 成功发送数据到机器人服务器: '0 45.45454545454545 6.485068739952579 13.636363636363637 #'
2025-12-23 18:31:51,529 - CTRL_COM - INFO - 收到机器人服务器数据: 'executing'
2025-12-23 18:31:51,542 - CTRL_COM - INFO - 成功发送数据到机器人服务器: '0 45.45454545454545 12.183717066083862 13.636363636363637 #'
2025-12-23 18:31:52,525 - CTRL_COM - INFO - 收到机器人服务器数据: 'executing'
2025-12-23 18:31:52,545 - CTRL_COM - INFO - 成功发送数据到机器人服务器: '0 4.545454545454545 9.826444177963998 13.636363636363637 #'
2025-12-23 18:31:53,525 - CTRL_COM - INFO - 收到机器人服务器数据: 'executing'
2025-12-23 18:31:53,536 - CTRL_COM - INFO - 成功发送数据到机器人服务器: '0 45.45454545454545 6.171168198523937 13.636363636363637 #'
2025-12-23 18:31:54,530 - CTRL_COM - INFO - 收到机器人服务器数据: 'executing'
2025-12-23 18:31:54,540 - CTRL_COM - INFO - 成功发送数据到机器人服务器: '0 18.18181818181818 10.915736804273928 13.636363636363637 #'
2025-12-23 18:31:55,529 - CTRL_COM - INFO - 收到机器人服务器数据: 'executing'
2025-12-23 18:31:55,538 - CTRL_COM - INFO - 成功发送数据到机器人服务器: '0 45.45454545454545 12.914732641238512 13.636363636363637 #'
2025-12-23 18:31:56,531 - CTRL_COM - INFO - 收到机器人服务器数据: 'executing'
2025-12-23 18:31:56,538 - CTRL_COM - INFO - 成功发送数据到机器人服务器: '0 45.45454545454545 7.4346417361245765 13.636363636363637 #'
2025-12-23 18:31:57,522 - CTRL_COM - INFO - 收到机器人服务器数据: 'executing'
2025-12-23 18:31:57,528 - CTRL_COM - INFO - 成功发送数据到机器人服务器: '0 4.545454545454545 10.229017228204668 13.636363636363637 #'
2025-12-23 18:31:58,531 - CTRL_COM - INFO - 收到机器人服务器数据: 'executing'
2025-12-23 18:31:58,541 - CTRL_COM - INFO - 成功发送数据到机器人服务器: '0 4.545454545454545 9.743495953651584 13.636363636363637 #'
2025-12-23 18:31:59,523 - CTRL_COM - INFO - 收到机器人服务器数据: 'executing'
2025-12-23 18:31:59,539 - CTRL_COM - INFO - 成功发送数据到机器人服务器: '0 45.45454545454545 12.651950583984288 13.636363636363637 #'
2025-12-23 18:32:00,526 - CTRL_COM - INFO - 收到机器人服务器数据: 'executing'
2025-12-23 18:32:00,561 - CTRL_COM - INFO - 成功发送数据到机器人服务器: '0 45.45454545454545 14.956821980543268 13.636363636363637 #'
2025-12-23 18:32:01,523 - CTRL_COM - INFO - 收到机器人服务器数据: 'executing'
2025-12-23 18:32:01,528 - CTRL_COM - INFO - 成功发送数据到机器人服务器: '0 45.45454545454545 14.366505282010836 13.636363636363637 #'
2025-12-23 18:32:02,523 - CTRL_COM - INFO - 收到机器人服务器数据: 'executing'
2025-12-23 18:32:02,531 - CTRL_COM - INFO - 成功发送数据到机器人服务器: '0 45.45454545454545 6.948005948127411 13.636363636363637 #'
2025-12-23 18:32:03,526 - CTRL_COM - INFO - 收到机器人服务器数据: 'executing'
2025-12-23 18:32:03,542 - CTRL_COM - INFO - 成功发送数据到机器人服务器: '0 45.45454545454545 14.18359746530979 13.636363636363637 #'
2025-12-23 18:32:04,526 - CTRL_COM - INFO - 收到机器人服务器数据: 'executing'
2025-12-23 18:32:04,536 - CTRL_COM - INFO - 成功发送数据到机器人服务器: '0 18.18181818181818 11.052258208915212 13.636363636363637 #'
2025-12-23 18:32:05,521 - CTRL_COM - INFO - 收到机器人服务器数据: 'executing'
2025-12-23 18:32:05,526 - CTRL_COM - INFO - 成功发送数据到机器人服务器: '0 45.45454545454545 12.850764444480603 13.636363636363637 #'
2025-12-23 18:32:06,525 - CTRL_COM - INFO - 收到机器人服务器数据: 'executing'
2025-12-23 18:32:06,531 - CTRL_COM - INFO - 成功发送数据到机器人服务器: '0 18.18181818181818 11.20912993623755 13.636363636363637 #'
2025-12-23 18:32:07,523 - CTRL_COM - INFO - 收到机器人服务器数据: 'executing'
2025-12-23 18:32:07,531 - CTRL_COM - INFO - 成功发送数据到机器人服务器: '0 45.45454545454545 13.416053229323218 13.636363636363637 #'
2025-12-23 18:32:08,525 - CTRL_COM - INFO - 收到机器人服务器数据: 'executing'
2025-12-23 18:32:08,531 - CTRL_COM - INFO - 成功发送数据到机器人服务器: '0 4.545454545454545 10.393850218662148 13.636363636363637 #'
2025-12-23 18:32:09,530 - CTRL_COM - INFO - 收到机器人服务器数据: 'executing'
2025-12-23 18:32:09,561 - CTRL_COM - INFO - 成功发送数据到机器人服务器: '0 45.45454545454545 5.052942249314399 13.636363636363637 #'
2025-12-23 18:32:10,532 - CTRL_COM - INFO - 收到机器人服务器数据: 'executing'
2025-12-23 18:32:10,540 - CTRL_COM - INFO - 成功发送数据到机器人服务器: '0 4.545454545454545 10.291901375622142 13.636363636363637 #'
2025-12-23 18:32:11,530 - CTRL_COM - INFO - 收到机器人服务器数据: 'executing'
2025-12-23 18:32:11,542 - CTRL_COM - INFO - 成功发送数据到机器人服务器: '0 18.18181818181818 11.394063307598271 13.636363636363637 #'
2025-12-23 18:32:12,521 - CTRL_COM - INFO - 收到机器人服务器数据: 'executing'
2025-12-23 18:32:12,527 - CTRL_COM - INFO - 成功发送数据到机器人服务器: '0 45.45454545454545 14.92284213578994 13.636363636363637 #'
2025-12-23 18:32:13,523 - CTRL_COM - INFO - 收到机器人服务器数据: 'executing'
2025-12-23 18:32:13,529 - CTRL_COM - INFO - 成功发送数据到机器人服务器: '0 18.18181818181818 8.574488405647783 13.636363636363637 #'
2025-12-23 18:32:14,521 - CTRL_COM - INFO - 收到机器人服务器数据: 'executing'
2025-12-23 18:32:14,528 - CTRL_COM - INFO - 成功发送数据到机器人服务器: '0 45.45454545454545 12.932789507968685 13.636363636363637 #'
2025-12-23 18:32:15,519 - CTRL_COM - INFO - 收到机器人服务器数据: 'executing'
2025-12-23 18:32:15,532 - CTRL_COM - INFO - 成功发送数据到机器人服务器: '0 45.45454545454545 13.39314668013739 13.636363636363637 #'
2025-12-23 18:32:16,523 - CTRL_COM - INFO - 收到机器人服务器数据: 'executing'
2025-12-23 18:32:16,533 - CTRL_COM - INFO - 成功发送数据到机器人服务器: '0 18.18181818181818 11.22779338255784 13.636363636363637 #'
2025-12-23 18:32:17,531 - CTRL_COM - INFO - 收到机器人服务器数据: 'executing'
2025-12-23 18:32:17,539 - CTRL_COM - INFO - 成功发送数据到机器人服务器: '0 45.45454545454545 13.58411026842991 13.636363636363637 #'
2025-12-23 18:32:18,529 - CTRL_COM - INFO - 收到机器人服务器数据: 'executing'
2025-12-23 18:32:18,535 - CTRL_COM - INFO - 成功发送数据到机器人服务器: '0 45.45454545454545 7.987265775192661 13.636363636363637 #'
2025-12-23 18:32:19,534 - CTRL_COM - INFO - 收到机器人服务器数据: 'executing'
2025-12-23 18:32:19,569 - CTRL_COM - INFO - 成功发送数据到机器人服务器: '0 18.18181818181818 8.053212830577273 13.636363636363637 #'
2025-12-23 18:32:20,527 - CTRL_COM - INFO - 收到机器人服务器数据: 'executing'
2025-12-23 18:32:20,534 - CTRL_COM - INFO - 成功发送数据到机器人服务器: '0 18.18181818181818 8.766913444478813 13.636363636363637 #'
2025-12-23 18:32:21,522 - CTRL_COM - INFO - 收到机器人服务器数据: 'executing'
2025-12-23 18:32:21,529 - CTRL_COM - INFO - 成功发送数据到机器人服务器: '0 18.18181818181818 8.088004967677264 13.636363636363637 #'
2025-12-23 18:32:22,522 - CTRL_COM - INFO - 收到机器人服务器数据: 'executing'
2025-12-23 18:32:22,529 - CTRL_COM - INFO - 成功发送数据到机器人服务器: '0 18.18181818181818 11.531927269737093 13.636363636363637 #'
2025-12-23 18:32:23,520 - CTRL_COM - INFO - 收到机器人服务器数据: 'executing'
2025-12-23 18:32:23,530 - CTRL_COM - INFO - 成功发送数据到机器人服务器: '0 4.545454545454545 9.920198807326347 13.636363636363637 #'
2025-12-23 18:32:24,533 - CTRL_COM - INFO - 收到机器人服务器数据: 'executing'
2025-12-23 18:32:24,541 - CTRL_COM - INFO - 成功发送数据到机器人服务器: '0 18.18181818181818 11.015479886274058 13.636363636363637 #'
2025-12-23 18:32:25,534 - CTRL_COM - INFO - 收到机器人服务器数据: 'executing'
2025-12-23 18:32:25,540 - CTRL_COM - INFO - 成功发送数据到机器人服务器: '0 45.45454545454545 13.035891897150647 13.636363636363637 #'
2025-12-23 18:32:26,525 - CTRL_COM - INFO - 收到机器人服务器数据: 'executing'
2025-12-23 18:32:26,534 - CTRL_COM - INFO - 成功发送数据到机器人服务器: '0 18.18181818181818 11.712728180533155 13.636363636363637 #'
2025-12-23 18:32:27,522 - CTRL_COM - INFO - 收到机器人服务器数据: 'executing'
2025-12-23 18:32:27,540 - CTRL_COM - INFO - 成功发送数据到机器人服务器: '0 45.45454545454545 12.35986886827671 13.636363636363637 #'
2025-12-23 18:32:28,519 - CTRL_COM - INFO - 收到机器人服务器数据: 'executing'
2025-12-23 18:32:28,529 - CTRL_COM - INFO - 成功发送数据到机器人服务器: '0 18.18181818181818 10.559353433931523 13.636363636363637 #'
2025-12-23 18:32:29,531 - CTRL_COM - INFO - 收到机器人服务器数据: 'executing'
2025-12-23 18:32:29,543 - CTRL_COM - INFO - 成功发送数据到机器人服务器: '0 45.45454545454545 14.491172618937522 13.636363636363637 #'
2025-12-23 18:32:30,529 - CTRL_COM - INFO - 收到机器人服务器数据: 'executing'
2025-12-23 18:32:30,536 - CTRL_COM - INFO - 成功发送数据到机器人服务器: '0 45.45454545454545 14.574719356932253 13.636363636363637 #'
2025-12-23 18:32:31,529 - CTRL_COM - INFO - 收到机器人服务器数据: 'executing'
2025-12-23 18:32:31,539 - CTRL_COM - INFO - 成功发送数据到机器人服务器: '0 18.18181818181818 8.899322265593389 13.636363636363637 #'
2025-12-23 18:32:32,523 - CTRL_COM - INFO - 收到机器人服务器数据: 'executing'
2025-12-23 18:32:32,528 - CTRL_COM - INFO - 成功发送数据到机器人服务器: '0 18.18181818181818 8.136090761651928 13.636363636363637 #'
2025-12-23 18:32:33,524 - CTRL_COM - INFO - 收到机器人服务器数据: 'executing'
2025-12-23 18:32:33,533 - CTRL_COM - INFO - 成功发送数据到机器人服务器: '0 45.45454545454545 13.19179207773023 13.636363636363637 #'
2025-12-23 18:32:34,534 - CTRL_COM - INFO - 收到机器人服务器数据: 'executing'
2025-12-23 18:32:34,538 - CTRL_COM - INFO - 成功发送数据到机器人服务器: '0 45.45454545454545 13.598757856446094 13.636363636363637 #'
2025-12-23 18:32:35,529 - CTRL_COM - INFO - 收到机器人服务器数据: 'executing'
2025-12-23 18:32:35,542 - CTRL_COM - INFO - 成功发送数据到机器人服务器: '0 45.45454545454545 13.224465640920673 13.636363636363637 #'
2025-12-23 18:32:36,524 - CTRL_COM - INFO - 收到机器人服务器数据: 'executing'
2025-12-23 18:32:36,533 - CTRL_COM - INFO - 成功发送数据到机器人服务器: '0 4.545454545454545 10.433919899762891 13.636363636363637 #'
2025-12-23 18:32:37,528 - CTRL_COM - INFO - 收到机器人服务器数据: 'executing'
2025-12-23 18:32:37,535 - CTRL_COM - INFO - 成功发送数据到机器人服务器: '0 4.545454545454545 10.452247278485569 13.636363636363637 #'
2025-12-23 18:32:38,520 - CTRL_COM - INFO - 收到机器人服务器数据: 'executing'
2025-12-23 18:32:38,541 - CTRL_COM - INFO - 成功发送数据到机器人服务器: '0 18.18181818181818 11.260176697013005 13.636363636363637 #'
2025-12-23 18:32:39,526 - CTRL_COM - INFO - 收到机器人服务器数据: 'executing'
2025-12-23 18:32:39,560 - CTRL_COM - INFO - 成功发送数据到机器人服务器: '0 45.45454545454545 5.349450885833033 13.636363636363637 #'
2025-12-23 18:32:40,521 - CTRL_COM - INFO - 收到机器人服务器数据: 'executing'
2025-12-23 18:32:40,528 - CTRL_COM - INFO - 成功发送数据到机器人服务器: '0 45.45454545454545 14.930087559715574 13.636363636363637 #'
2025-12-23 18:32:41,525 - CTRL_COM - INFO - 收到机器人服务器数据: 'executing'
2025-12-23 18:32:41,537 - CTRL_COM - INFO - 成功发送数据到机器人服务器: '0 18.18181818181818 10.730709696379629 13.636363636363637 #'
2025-12-23 18:32:42,535 - CTRL_COM - INFO - 收到机器人服务器数据: 'executing'
2025-12-23 18:32:42,548 - CTRL_COM - INFO - 成功发送数据到机器人服务器: '0 18.18181818181818 11.02294221822893 13.636363636363637 #'
2025-12-23 18:32:43,532 - CTRL_COM - INFO - 收到机器人服务器数据: 'executing'
2025-12-23 18:32:43,542 - CTRL_COM - INFO - 成功发送数据到机器人服务器: '0 18.18181818181818 11.405591984365671 13.636363636363637 #'
2025-12-23 18:32:44,527 - CTRL_COM - INFO - 收到机器人服务器数据: 'executing'
2025-12-23 18:32:44,531 - CTRL_COM - INFO - 成功发送数据到机器人服务器: '0 45.45454545454545 12.96091515303546 13.636363636363637 #'
2025-12-23 18:32:45,531 - CTRL_COM - INFO - 收到机器人服务器数据: 'executing'
2025-12-23 18:32:45,543 - CTRL_COM - INFO - 成功发送数据到机器人服务器: '0 45.45454545454545 14.553707258474875 13.636363636363637 #'
2025-12-23 18:32:46,532 - CTRL_COM - INFO - 收到机器人服务器数据: 'executing'
2025-12-23 18:32:46,542 - CTRL_COM - INFO - 成功发送数据到机器人服务器: '0 45.45454545454545 12.973673837705945 13.636363636363637 #'
2025-12-23 18:32:47,530 - CTRL_COM - INFO - 收到机器人服务器数据: 'executing'
2025-12-23 18:32:47,559 - CTRL_COM - INFO - 成功发送数据到机器人服务器: '0 45.45454545454545 6.848140492706566 13.636363636363637 #'
2025-12-23 18:32:48,520 - CTRL_COM - INFO - 收到机器人服务器数据: 'executing'
2025-12-23 18:32:48,531 - CTRL_COM - INFO - 成功发送数据到机器人服务器: '0 18.18181818181818 9.098086345549776 13.636363636363637 #'
2025-12-23 18:32:49,526 - CTRL_COM - INFO - 收到机器人服务器数据: 'executing'
2025-12-23 18:32:49,551 - CTRL_COM - INFO - 成功发送数据到机器人服务器: '0 18.18181818181818 11.59069190896798 13.636363636363637 #'
2025-12-23 18:32:50,522 - CTRL_COM - INFO - 收到机器人服务器数据: 'executing'
2025-12-23 18:32:50,531 - CTRL_COM - INFO - 成功发送数据到机器人服务器: '0 4.545454545454545 10.253511948914376 13.636363636363637 #'
2025-12-23 18:32:51,519 - CTRL_COM - INFO - 收到机器人服务器数据: 'executing'
2025-12-23 18:32:51,525 - CTRL_COM - INFO - 成功发送数据到机器人服务器: '0 18.18181818181818 9.178989649172571 13.636363636363637 #'
2025-12-23 18:32:52,533 - CTRL_COM - INFO - 收到机器人服务器数据: 'executing'
2025-12-23 18:32:52,539 - CTRL_COM - INFO - 成功发送数据到机器人服务器: '0 45.45454545454545 12.05927895687832 13.636363636363637 #'
2025-12-23 18:32:53,530 - CTRL_COM - INFO - 收到机器人服务器数据: 'executing'
2025-12-23 18:32:53,535 - CTRL_COM - INFO - 成功发送数据到机器人服务器: '0 18.18181818181818 8.548604307789278 13.636363636363637 #'
2025-12-23 18:32:54,519 - CTRL_COM - INFO - 收到机器人服务器数据: 'executing'
2025-12-23 18:32:54,523 - CTRL_COM - INFO - 成功发送数据到机器人服务器: '0 45.45454545454545 5.970127375655995 13.636363636363637 #'
2025-12-23 18:32:55,525 - CTRL_COM - INFO - 收到机器人服务器数据: 'executing'
2025-12-23 18:32:55,538 - CTRL_COM - INFO - 成功发送数据到机器人服务器: '0 18.18181818181818 10.876840062886235 13.636363636363637 #'
2025-12-23 18:32:56,526 - CTRL_COM - INFO - 收到机器人服务器数据: 'executing'
2025-12-23 18:32:56,542 - CTRL_COM - INFO - 成功发送数据到机器人服务器: '0 18.18181818181818 10.698750357730157 13.636363636363637 #'
2025-12-23 18:32:57,524 - CTRL_COM - INFO - 收到机器人服务器数据: 'executing'
2025-12-23 18:32:57,534 - CTRL_COM - INFO - 成功发送数据到机器人服务器: '0 45.45454545454545 6.92083400658756 13.636363636363637 #'
2025-12-23 18:32:58,523 - CTRL_COM - INFO - 收到机器人服务器数据: 'executing'
2025-12-23 18:32:58,529 - CTRL_COM - INFO - 成功发送数据到机器人服务器: '0 45.45454545454545 14.64399714468065 13.636363636363637 #'
2025-12-23 18:32:59,521 - CTRL_COM - INFO - 收到机器人服务器数据: 'executing'
2025-12-23 18:32:59,526 - CTRL_COM - INFO - 成功发送数据到机器人服务器: '0 45.45454545454545 14.050864807804825 13.636363636363637 #'
2025-12-23 18:33:00,528 - CTRL_COM - INFO - 收到机器人服务器数据: 'executing'
2025-12-23 18:33:00,536 - CTRL_COM - INFO - 成功发送数据到机器人服务器: '0 45.45454545454545 7.037232122858229 13.636363636363637 #'
2025-12-23 18:33:01,529 - CTRL_COM - INFO - 收到机器人服务器数据: 'executing'
2025-12-23 18:33:01,538 - CTRL_COM - INFO - 成功发送数据到机器人服务器: '0 45.45454545454545 12.829768539149386 13.636363636363637 #'
2025-12-23 18:33:02,525 - CTRL_COM - INFO - 收到机器人服务器数据: 'executing'
2025-12-23 18:33:02,529 - CTRL_COM - INFO - 成功发送数据到机器人服务器: '0 18.18181818181818 8.308335645548308 13.636363636363637 #'
2025-12-23 18:33:03,529 - CTRL_COM - INFO - 收到机器人服务器数据: 'executing'
2025-12-23 18:33:03,537 - CTRL_COM - INFO - 成功发送数据到机器人服务器: '0 45.45454545454545 12.965491787486389 13.636363636363637 #'
2025-12-23 18:33:04,525 - CTRL_COM - INFO - 收到机器人服务器数据: 'executing'
2025-12-23 18:33:04,530 - CTRL_COM - INFO - 成功发送数据到机器人服务器: '0 45.45454545454545 7.222633224033165 13.636363636363637 #'
2025-12-23 18:33:05,524 - CTRL_COM - INFO - 收到机器人服务器数据: 'executing'
2025-12-23 18:33:05,530 - CTRL_COM - INFO - 成功发送数据到机器人服务器: '0 4.545454545454545 9.722399203200286 13.636363636363637 #'
2025-12-23 18:33:06,529 - CTRL_COM - INFO - 收到机器人服务器数据: 'executing'
2025-12-23 18:33:06,532 - CTRL_COM - INFO - 成功发送数据到机器人服务器: '0 45.45454545454545 7.542990204612926 13.636363636363637 #'
2025-12-23 18:33:07,519 - CTRL_COM - INFO - 收到机器人服务器数据: 'executing'
2025-12-23 18:33:07,524 - CTRL_COM - INFO - 成功发送数据到机器人服务器: '0 18.18181818181818 10.857303636015363 13.636363636363637 #'
2025-12-23 18:33:08,523 - CTRL_COM - INFO - 收到机器人服务器数据: 'executing'
2025-12-23 18:33:08,545 - CTRL_COM - INFO - 成功发送数据到机器人服务器: '0 4.545454545454545 10.076066708541067 13.636363636363637 #'
2025-12-23 18:33:09,536 - CTRL_COM - INFO - 收到机器人服务器数据: 'executing'
2025-12-23 18:33:09,576 - CTRL_COM - INFO - 成功发送数据到机器人服务器: '0 45.45454545454545 14.004721529637846 13.636363636363637 #'
2025-12-23 18:33:10,520 - CTRL_COM - INFO - 收到机器人服务器数据: 'executing'
2025-12-23 18:33:10,525 - CTRL_COM - INFO - 成功发送数据到机器人服务器: '0 45.45454545454545 12.661818220465998 13.636363636363637 #'
2025-12-23 18:33:11,530 - CTRL_COM - INFO - 收到机器人服务器数据: 'executing'
2025-12-23 18:33:11,537 - CTRL_COM - INFO - 成功发送数据到机器人服务器: '0 45.45454545454545 14.2000285103533 13.636363636363637 #'
2025-12-23 18:33:12,523 - CTRL_COM - INFO - 收到机器人服务器数据: 'executing'
2025-12-23 18:33:12,526 - CTRL_COM - INFO - 成功发送数据到机器人服务器: '0 18.18181818181818 11.39187757283645 13.636363636363637 #'
2025-12-23 18:33:13,526 - CTRL_COM - INFO - 收到机器人服务器数据: 'executing'
2025-12-23 18:33:13,533 - CTRL_COM - INFO - 成功发送数据到机器人服务器: '0 4.545454545454545 10.41403584463918 13.636363636363637 #'
2025-12-23 18:33:14,523 - CTRL_COM - INFO - 收到机器人服务器数据: 'executing'
2025-12-23 18:33:14,529 - CTRL_COM - INFO - 成功发送数据到机器人服务器: '0 18.18181818181818 11.855852629275908 13.636363636363637 #'
2025-12-23 18:33:15,519 - CTRL_COM - INFO - 收到机器人服务器数据: 'executing'
2025-12-23 18:33:15,525 - CTRL_COM - INFO - 成功发送数据到机器人服务器: '0 45.45454545454545 7.018274557745851 13.636363636363637 #'
2025-12-23 18:33:16,520 - CTRL_COM - INFO - 收到机器人服务器数据: 'executing'
2025-12-23 18:33:16,528 - CTRL_COM - INFO - 成功发送数据到机器人服务器: '0 45.45454545454545 13.352417292089822 13.636363636363637 #'
2025-12-23 18:33:17,525 - CTRL_COM - INFO - 收到机器人服务器数据: 'executing'
2025-12-23 18:33:17,531 - CTRL_COM - INFO - 成功发送数据到机器人服务器: '0 18.18181818181818 11.481747762569743 13.636363636363637 #'
2025-12-23 18:33:17,558 - CTRL_COM - ERROR - 接收数据时发生socket错误: [WinError 10038] 在一个非套接字上尝试了一个操作。
2025-12-23 18:33:17,559 - CTRL_COM - INFO - 已断开与机器人服务器的连接: 192.168.125.1:1023
