2025-12-23 17:16:47,859 - CTRL_COM - INFO - 正在连接到机器人服务器: 192.168.125.1:1023
2025-12-23 17:16:49,885 - CTRL_COM - ERROR - 机器人服务器拒绝连接: 192.168.125.1:1023
2025-12-23 17:16:49,924 - CTRL_COM - INFO - 正在连接到机器人服务器: 192.168.125.1:1023
2025-12-23 17:16:51,951 - CTRL_COM - ERROR - 机器人服务器拒绝连接: 192.168.125.1:1023
2025-12-23 17:16:51,996 - CTRL_COM - INFO - 正在连接到机器人服务器: 192.168.125.1:1023
2025-12-23 17:16:54,040 - CTRL_COM - ERROR - 机器人服务器拒绝连接: 192.168.125.1:1023
2025-12-23 17:17:06,131 - CTRL_COM - INFO - 正在连接到机器人服务器: 192.168.125.1:1023
2025-12-23 17:17:08,150 - CTRL_COM - ERROR - 机器人服务器拒绝连接: 192.168.125.1:1023
2025-12-23 17:17:27,925 - CTRL_COM - INFO - 正在连接到机器人服务器: 192.168.125.1:1023
2025-12-23 17:17:27,926 - CTRL_COM - INFO - 成功连接到机器人服务器: 192.168.125.1:1023
2025-12-23 17:17:37,101 - CTRL_COM - INFO - 收到机器人服务器数据: 'new_target'
2025-12-23 17:17:37,115 - CTRL_COM - INFO - 成功发送数据到机器人服务器: '10.0 18.18181818181818 11.625030891999817 13.636363636363637 #'
2025-12-23 17:17:38,107 - CTRL_COM - INFO - 收到机器人服务器数据: 'executing'
2025-12-23 17:17:38,115 - CTRL_COM - INFO - 成功发送数据到机器人服务器: '0 18.18181818181818 11.752688547698904 13.636363636363637 #'
2025-12-23 17:17:39,106 - CTRL_COM - INFO - 收到机器人服务器数据: 'executing'
2025-12-23 17:17:39,112 - CTRL_COM - INFO - 成功发送数据到机器人服务器: '0 45.45454545454545 13.831707429163057 13.636363636363637 #'
2025-12-23 17:17:40,098 - CTRL_COM - INFO - 收到机器人服务器数据: 'executing'
2025-12-23 17:17:40,101 - CTRL_COM - INFO - 成功发送数据到机器人服务器: '0 45.45454545454545 6.005448875219436 13.636363636363637 #'
2025-12-23 17:17:41,104 - CTRL_COM - INFO - 收到机器人服务器数据: 'executing'
2025-12-23 17:17:41,107 - CTRL_COM - INFO - 成功发送数据到机器人服务器: '0 45.45454545454545 7.291401054261674 13.636363636363637 #'
2025-12-23 17:17:42,111 - CTRL_COM - INFO - 收到机器人服务器数据: 'executing'
2025-12-23 17:17:42,118 - CTRL_COM - INFO - 成功发送数据到机器人服务器: '0 18.18181818181818 8.749014357454467 13.636363636363637 #'
2025-12-23 17:17:43,101 - CTRL_COM - INFO - 收到机器人服务器数据: 'executing'
2025-12-23 17:17:43,104 - CTRL_COM - INFO - 成功发送数据到机器人服务器: '0 18.18181818181818 10.90830589847516 13.636363636363637 #'
2025-12-23 17:17:44,100 - CTRL_COM - INFO - 收到机器人服务器数据: 'executing'
2025-12-23 17:17:44,104 - CTRL_COM - INFO - 成功发送数据到机器人服务器: '0 18.18181818181818 9.221430258175904 13.636363636363637 #'
2025-12-23 17:17:45,110 - CTRL_COM - INFO - 收到机器人服务器数据: 'executing'
2025-12-23 17:17:45,117 - CTRL_COM - INFO - 成功发送数据到机器人服务器: '0 18.18181818181818 11.93690007189645 13.636363636363637 #'
2025-12-23 17:17:46,108 - CTRL_COM - INFO - 收到机器人服务器数据: 'executing'
2025-12-23 17:17:46,118 - CTRL_COM - INFO - 成功发送数据到机器人服务器: '0 18.18181818181818 11.601058428818554 13.636363636363637 #'
2025-12-23 17:17:47,107 - CTRL_COM - INFO - 收到机器人服务器数据: 'executing'
2025-12-23 17:17:47,120 - CTRL_COM - INFO - 成功发送数据到机器人服务器: '0 45.45454545454545 7.83115266568505 13.636363636363637 #'
2025-12-23 17:17:48,101 - CTRL_COM - INFO - 收到机器人服务器数据: 'executing'
2025-12-23 17:17:48,106 - CTRL_COM - INFO - 成功发送数据到机器人服务器: '0 18.18181818181818 11.70934657096916 13.636363636363637 #'
2025-12-23 17:17:49,103 - CTRL_COM - INFO - 收到机器人服务器数据: 'executing'
2025-12-23 17:17:49,112 - CTRL_COM - INFO - 成功发送数据到机器人服务器: '0 18.18181818181818 10.710345839731392 13.636363636363637 #'
2025-12-23 17:17:50,097 - CTRL_COM - INFO - 收到机器人服务器数据: 'executing'
2025-12-23 17:17:50,104 - CTRL_COM - INFO - 成功发送数据到机器人服务器: '0 45.45454545454545 12.870367443073018 13.636363636363637 #'
2025-12-23 17:17:51,100 - CTRL_COM - INFO - 收到机器人服务器数据: 'executing'
2025-12-23 17:17:51,104 - CTRL_COM - INFO - 成功发送数据到机器人服务器: '0 45.45454545454545 6.547024713082937 13.636363636363637 #'
2025-12-23 17:17:52,102 - CTRL_COM - INFO - 收到机器人服务器数据: 'executing'
2025-12-23 17:17:52,109 - CTRL_COM - INFO - 成功发送数据到机器人服务器: '0 45.45454545454545 5.911026847982944 13.636363636363637 #'
2025-12-23 17:17:53,113 - CTRL_COM - INFO - 收到机器人服务器数据: 'executing'
2025-12-23 17:17:53,119 - CTRL_COM - INFO - 成功发送数据到机器人服务器: '0 45.45454545454545 13.65761136206999 13.636363636363637 #'
2025-12-23 17:17:54,113 - CTRL_COM - INFO - 收到机器人服务器数据: 'executing'
2025-12-23 17:17:54,117 - CTRL_COM - INFO - 成功发送数据到机器人服务器: '0 45.45454545454545 5.050948253113229 13.636363636363637 #'
2025-12-23 17:17:55,123 - CTRL_COM - INFO - 收到机器人服务器数据: 'executing'
2025-12-23 17:17:55,129 - CTRL_COM - INFO - 成功发送数据到机器人服务器: '0 18.18181818181818 11.717724877560567 13.636363636363637 #'
2025-12-23 17:17:56,119 - CTRL_COM - INFO - 收到机器人服务器数据: 'executing'
2025-12-23 17:17:56,127 - CTRL_COM - INFO - 成功发送数据到机器人服务器: '0 45.45454545454545 6.040366290339096 13.636363636363637 #'
2025-12-23 17:17:57,120 - CTRL_COM - INFO - 收到机器人服务器数据: 'executing'
2025-12-23 17:17:57,128 - CTRL_COM - INFO - 成功发送数据到机器人服务器: '0 45.45454545454545 14.067312241339833 13.636363636363637 #'
2025-12-23 17:17:58,114 - CTRL_COM - INFO - 收到机器人服务器数据: 'executing'
2025-12-23 17:17:58,119 - CTRL_COM - INFO - 成功发送数据到机器人服务器: '0 45.45454545454545 12.39212511879057 13.636363636363637 #'
2025-12-23 17:17:59,126 - CTRL_COM - INFO - 收到机器人服务器数据: 'executing'
2025-12-23 17:17:59,135 - CTRL_COM - INFO - 成功发送数据到机器人服务器: '0 18.18181818181818 11.608154932975896 13.636363636363637 #'
2025-12-23 17:18:00,117 - CTRL_COM - INFO - 收到机器人服务器数据: 'executing'
2025-12-23 17:18:00,122 - CTRL_COM - INFO - 成功发送数据到机器人服务器: '0 45.45454545454545 6.95783678307988 13.636363636363637 #'
2025-12-23 17:18:01,124 - CTRL_COM - INFO - 收到机器人服务器数据: 'executing'
2025-12-23 17:18:01,131 - CTRL_COM - INFO - 成功发送数据到机器人服务器: '0 45.45454545454545 5.845939746344523 13.636363636363637 #'
2025-12-23 17:18:02,124 - CTRL_COM - INFO - 收到机器人服务器数据: 'executing'
2025-12-23 17:18:02,128 - CTRL_COM - INFO - 成功发送数据到机器人服务器: '0 45.45454545454545 13.937184560302455 13.636363636363637 #'
2025-12-23 17:18:03,126 - CTRL_COM - INFO - 收到机器人服务器数据: 'executing'
2025-12-23 17:18:03,137 - CTRL_COM - INFO - 成功发送数据到机器人服务器: '0 18.18181818181818 8.249419061324128 13.636363636363637 #'
2025-12-23 17:18:04,125 - CTRL_COM - INFO - 收到机器人服务器数据: 'executing'
2025-12-23 17:18:04,131 - CTRL_COM - INFO - 成功发送数据到机器人服务器: '0 4.545454545454545 10.472992828622683 13.636363636363637 #'
2025-12-23 17:18:05,119 - CTRL_COM - INFO - 收到机器人服务器数据: 'executing'
2025-12-23 17:18:05,124 - CTRL_COM - INFO - 成功发送数据到机器人服务器: '0 18.18181818181818 11.521219215645115 13.636363636363637 #'
2025-12-23 17:18:06,119 - CTRL_COM - INFO - 收到机器人服务器数据: 'executing'
2025-12-23 17:18:06,124 - CTRL_COM - INFO - 成功发送数据到机器人服务器: '0 45.45454545454545 14.906506808105453 13.636363636363637 #'
2025-12-23 17:18:07,119 - CTRL_COM - INFO - 收到机器人服务器数据: 'executing'
2025-12-23 17:18:07,124 - CTRL_COM - INFO - 成功发送数据到机器人服务器: '0 45.45454545454545 6.431236373725058 13.636363636363637 #'
2025-12-23 17:18:08,115 - CTRL_COM - INFO - 收到机器人服务器数据: 'executing'
2025-12-23 17:18:08,120 - CTRL_COM - INFO - 成功发送数据到机器人服务器: '0 45.45454545454545 6.115915283154287 13.636363636363637 #'
2025-12-23 17:18:09,129 - CTRL_COM - INFO - 收到机器人服务器数据: 'executing'
2025-12-23 17:18:09,134 - CTRL_COM - INFO - 成功发送数据到机器人服务器: '0 45.45454545454545 6.5837181242507805 13.636363636363637 #'
2025-12-23 17:18:10,141 - CTRL_COM - INFO - 收到机器人服务器数据: 'executing'
2025-12-23 17:18:10,147 - CTRL_COM - INFO - 成功发送数据到机器人服务器: '0 45.45454545454545 12.455947119422138 13.636363636363637 #'
2025-12-23 17:18:11,143 - CTRL_COM - INFO - 收到机器人服务器数据: 'executing'
2025-12-23 17:18:11,153 - CTRL_COM - INFO - 成功发送数据到机器人服务器: '0 18.18181818181818 10.910362680322567 13.636363636363637 #'
2025-12-23 17:18:12,137 - CTRL_COM - INFO - 收到机器人服务器数据: 'executing'
2025-12-23 17:18:12,146 - CTRL_COM - INFO - 成功发送数据到机器人服务器: '0 45.45454545454545 13.616303816624027 13.636363636363637 #'
2025-12-23 17:18:13,131 - CTRL_COM - INFO - 收到机器人服务器数据: 'executing'
2025-12-23 17:18:13,136 - CTRL_COM - INFO - 成功发送数据到机器人服务器: '0 45.45454545454545 6.775519435906662 13.636363636363637 #'
2025-12-23 17:18:14,141 - CTRL_COM - INFO - 收到机器人服务器数据: 'executing'
2025-12-23 17:18:14,151 - CTRL_COM - INFO - 成功发送数据到机器人服务器: '0 45.45454545454545 13.663559893740626 13.636363636363637 #'
2025-12-23 17:18:15,138 - CTRL_COM - INFO - 收到机器人服务器数据: 'executing'
2025-12-23 17:18:15,146 - CTRL_COM - INFO - 成功发送数据到机器人服务器: '0 45.45454545454545 12.854542380351415 13.636363636363637 #'
2025-12-23 17:18:16,138 - CTRL_COM - INFO - 收到机器人服务器数据: 'executing'
2025-12-23 17:18:16,144 - CTRL_COM - INFO - 成功发送数据到机器人服务器: '0 18.18181818181818 8.077053007230568 13.636363636363637 #'
2025-12-23 17:18:17,135 - CTRL_COM - INFO - 收到机器人服务器数据: 'executing'
2025-12-23 17:18:17,141 - CTRL_COM - INFO - 成功发送数据到机器人服务器: '0 45.45454545454545 6.695881073588365 13.636363636363637 #'
2025-12-23 17:18:18,129 - CTRL_COM - INFO - 收到机器人服务器数据: 'executing'
2025-12-23 17:18:18,138 - CTRL_COM - INFO - 成功发送数据到机器人服务器: '0 45.45454545454545 12.342786564339232 13.636363636363637 #'
2025-12-23 17:18:19,140 - CTRL_COM - INFO - 收到机器人服务器数据: 'executing'
2025-12-23 17:18:19,148 - CTRL_COM - INFO - 成功发送数据到机器人服务器: '0 45.45454545454545 6.74250992209574 13.636363636363637 #'
2025-12-23 17:18:20,137 - CTRL_COM - INFO - 收到机器人服务器数据: 'executing'
2025-12-23 17:18:20,146 - CTRL_COM - INFO - 成功发送数据到机器人服务器: '0 18.18181818181818 11.591343291701545 13.636363636363637 #'
2025-12-23 17:18:21,142 - CTRL_COM - INFO - 收到机器人服务器数据: 'executing'
2025-12-23 17:18:21,153 - CTRL_COM - INFO - 成功发送数据到机器人服务器: '0 18.18181818181818 11.308728713159073 13.636363636363637 #'
2025-12-23 17:18:22,137 - CTRL_COM - INFO - 收到机器人服务器数据: 'executing'
2025-12-23 17:18:22,143 - CTRL_COM - INFO - 成功发送数据到机器人服务器: '0 45.45454545454545 5.269817938970533 13.636363636363637 #'
2025-12-23 17:18:23,129 - CTRL_COM - INFO - 收到机器人服务器数据: 'executing'
2025-12-23 17:18:23,141 - CTRL_COM - INFO - 成功发送数据到机器人服务器: '0 18.18181818181818 8.28596552294869 13.636363636363637 #'
2025-12-23 17:18:24,142 - CTRL_COM - INFO - 收到机器人服务器数据: 'executing'
2025-12-23 17:18:24,150 - CTRL_COM - INFO - 成功发送数据到机器人服务器: '0 45.45454545454545 14.904116195190214 13.636363636363637 #'
2025-12-23 17:18:25,138 - CTRL_COM - INFO - 收到机器人服务器数据: 'executing'
2025-12-23 17:18:25,142 - CTRL_COM - INFO - 成功发送数据到机器人服务器: '0 4.545454545454545 9.765371417334368 13.636363636363637 #'
2025-12-23 17:18:26,137 - CTRL_COM - INFO - 收到机器人服务器数据: 'executing'
2025-12-23 17:18:26,143 - CTRL_COM - INFO - 成功发送数据到机器人服务器: '0 18.18181818181818 11.467270485926822 13.636363636363637 #'
2025-12-23 17:18:27,141 - CTRL_COM - INFO - 收到机器人服务器数据: 'executing'
2025-12-23 17:18:27,144 - CTRL_COM - INFO - 成功发送数据到机器人服务器: '0 45.45454545454545 12.553065520856313 13.636363636363637 #'
2025-12-23 17:18:28,134 - CTRL_COM - INFO - 收到机器人服务器数据: 'executing'
2025-12-23 17:18:28,140 - CTRL_COM - INFO - 成功发送数据到机器人服务器: '0 45.45454545454545 5.533082072990945 13.636363636363637 #'
2025-12-23 17:18:28,723 - CTRL_COM - WARNING - 机器人服务器连接已关闭
2025-12-23 17:18:29,548 - CTRL_COM - INFO - 正在连接到机器人服务器: 192.168.125.1:1023
2025-12-23 17:18:29,549 - CTRL_COM - INFO - 成功连接到机器人服务器: 192.168.125.1:1023
2025-12-23 17:18:30,657 - CTRL_COM - INFO - 已断开与机器人服务器的连接: 192.168.125.1:1023
2025-12-23 17:18:30,658 - CTRL_COM - ERROR - 接收数据时发生socket错误: [WinError 10038] 在一个非套接字上尝试了一个操作。
