2025-12-23 17:17:29,202 - DATA_COM - INFO - 正在连接到机器人服务器: 192.168.125.1:1025
2025-12-23 17:17:29,219 - DATA_COM - INFO - 成功连接到机器人服务器: 192.168.125.1:1025
2025-12-23 17:17:37,100 - DATA_COM - INFO - 成功发送数据到机器人服务器: 'request_weight'
2025-12-23 17:17:37,100 - DATA_COM - INFO - 收到机器人服务器数据: '9 9 9'
2025-12-23 17:17:38,107 - DATA_COM - INFO - 成功发送数据到机器人服务器: 'request_weight'
2025-12-23 17:17:38,107 - DATA_COM - INFO - 收到机器人服务器数据: '9 9 9'
2025-12-23 17:17:39,105 - DATA_COM - INFO - 成功发送数据到机器人服务器: 'request_weight'
2025-12-23 17:17:39,105 - DATA_COM - INFO - 收到机器人服务器数据: '9 9 9'
2025-12-23 17:17:40,097 - DATA_COM - INFO - 成功发送数据到机器人服务器: 'request_weight'
2025-12-23 17:17:40,098 - DATA_COM - INFO - 收到机器人服务器数据: '9 9 9'
2025-12-23 17:17:41,101 - DATA_COM - INFO - 成功发送数据到机器人服务器: 'request_weight'
2025-12-23 17:17:41,101 - DATA_COM - INFO - 收到机器人服务器数据: '9 9 9'
2025-12-23 17:17:42,109 - DATA_COM - INFO - 成功发送数据到机器人服务器: 'request_weight'
2025-12-23 17:17:42,109 - DATA_COM - INFO - 收到机器人服务器数据: '9 9 9'
2025-12-23 17:17:43,100 - DATA_COM - INFO - 成功发送数据到机器人服务器: 'request_weight'
2025-12-23 17:17:43,101 - DATA_COM - INFO - 收到机器人服务器数据: '9 9 9'
2025-12-23 17:17:44,100 - DATA_COM - INFO - 成功发送数据到机器人服务器: 'request_weight'
2025-12-23 17:17:44,100 - DATA_COM - INFO - 收到机器人服务器数据: '9 9 9'
2025-12-23 17:17:45,109 - DATA_COM - INFO - 成功发送数据到机器人服务器: 'request_weight'
2025-12-23 17:17:45,110 - DATA_COM - INFO - 收到机器人服务器数据: '9 9 9'
2025-12-23 17:17:46,108 - DATA_COM - INFO - 成功发送数据到机器人服务器: 'request_weight'
2025-12-23 17:17:46,108 - DATA_COM - INFO - 收到机器人服务器数据: '9 9 9'
2025-12-23 17:17:47,105 - DATA_COM - INFO - 成功发送数据到机器人服务器: 'request_weight'
2025-12-23 17:17:47,107 - DATA_COM - INFO - 收到机器人服务器数据: '9 9 9'
2025-12-23 17:17:48,100 - DATA_COM - INFO - 成功发送数据到机器人服务器: 'request_weight'
2025-12-23 17:17:48,101 - DATA_COM - INFO - 收到机器人服务器数据: '9 9 9'
2025-12-23 17:17:49,102 - DATA_COM - INFO - 成功发送数据到机器人服务器: 'request_weight'
2025-12-23 17:17:49,103 - DATA_COM - INFO - 收到机器人服务器数据: '9 9 9'
2025-12-23 17:17:50,096 - DATA_COM - INFO - 成功发送数据到机器人服务器: 'request_weight'
2025-12-23 17:17:50,097 - DATA_COM - INFO - 收到机器人服务器数据: '9 9 9'
2025-12-23 17:17:51,098 - DATA_COM - INFO - 成功发送数据到机器人服务器: 'request_weight'
2025-12-23 17:17:51,100 - DATA_COM - INFO - 收到机器人服务器数据: '9 9 9'
2025-12-23 17:17:52,101 - DATA_COM - INFO - 成功发送数据到机器人服务器: 'request_weight'
2025-12-23 17:17:52,102 - DATA_COM - INFO - 收到机器人服务器数据: '9 9 9'
2025-12-23 17:17:53,112 - DATA_COM - INFO - 成功发送数据到机器人服务器: 'request_weight'
2025-12-23 17:17:53,113 - DATA_COM - INFO - 收到机器人服务器数据: '9 9 9'
2025-12-23 17:17:54,112 - DATA_COM - INFO - 成功发送数据到机器人服务器: 'request_weight'
2025-12-23 17:17:54,113 - DATA_COM - INFO - 收到机器人服务器数据: '9 9 9'
2025-12-23 17:17:55,123 - DATA_COM - INFO - 成功发送数据到机器人服务器: 'request_weight'
2025-12-23 17:17:55,123 - DATA_COM - INFO - 收到机器人服务器数据: '9 9 9'
2025-12-23 17:17:56,119 - DATA_COM - INFO - 成功发送数据到机器人服务器: 'request_weight'
2025-12-23 17:17:56,119 - DATA_COM - INFO - 收到机器人服务器数据: '9 9 9'
2025-12-23 17:17:57,120 - DATA_COM - INFO - 成功发送数据到机器人服务器: 'request_weight'
2025-12-23 17:17:57,120 - DATA_COM - INFO - 收到机器人服务器数据: '9 9 9'
2025-12-23 17:17:58,113 - DATA_COM - INFO - 成功发送数据到机器人服务器: 'request_weight'
2025-12-23 17:17:58,113 - DATA_COM - INFO - 收到机器人服务器数据: '9 9 9'
2025-12-23 17:17:59,125 - DATA_COM - INFO - 成功发送数据到机器人服务器: 'request_weight'
2025-12-23 17:17:59,125 - DATA_COM - INFO - 收到机器人服务器数据: '9 9 9'
2025-12-23 17:18:00,114 - DATA_COM - INFO - 成功发送数据到机器人服务器: 'request_weight'
2025-12-23 17:18:00,115 - DATA_COM - INFO - 收到机器人服务器数据: '9 9 9'
2025-12-23 17:18:01,123 - DATA_COM - INFO - 成功发送数据到机器人服务器: 'request_weight'
2025-12-23 17:18:01,124 - DATA_COM - INFO - 收到机器人服务器数据: '9 9 9'
2025-12-23 17:18:02,123 - DATA_COM - INFO - 成功发送数据到机器人服务器: 'request_weight'
2025-12-23 17:18:02,124 - DATA_COM - INFO - 收到机器人服务器数据: '9 9 9'
2025-12-23 17:18:03,125 - DATA_COM - INFO - 成功发送数据到机器人服务器: 'request_weight'
2025-12-23 17:18:03,125 - DATA_COM - INFO - 收到机器人服务器数据: '9 9 9'
2025-12-23 17:18:04,123 - DATA_COM - INFO - 成功发送数据到机器人服务器: 'request_weight'
2025-12-23 17:18:04,125 - DATA_COM - INFO - 收到机器人服务器数据: '9 9 9'
2025-12-23 17:18:05,119 - DATA_COM - INFO - 成功发送数据到机器人服务器: 'request_weight'
2025-12-23 17:18:05,119 - DATA_COM - INFO - 收到机器人服务器数据: '9 9 9'
2025-12-23 17:18:06,118 - DATA_COM - INFO - 成功发送数据到机器人服务器: 'request_weight'
2025-12-23 17:18:06,119 - DATA_COM - INFO - 收到机器人服务器数据: '9 9 9'
2025-12-23 17:18:07,117 - DATA_COM - INFO - 成功发送数据到机器人服务器: 'request_weight'
2025-12-23 17:18:07,119 - DATA_COM - INFO - 收到机器人服务器数据: '9 9 9'
2025-12-23 17:18:08,113 - DATA_COM - INFO - 成功发送数据到机器人服务器: 'request_weight'
2025-12-23 17:18:08,115 - DATA_COM - INFO - 收到机器人服务器数据: '9 9 9'
2025-12-23 17:18:09,128 - DATA_COM - INFO - 成功发送数据到机器人服务器: 'request_weight'
2025-12-23 17:18:09,128 - DATA_COM - INFO - 收到机器人服务器数据: '9 9 9'
2025-12-23 17:18:10,139 - DATA_COM - INFO - 成功发送数据到机器人服务器: 'request_weight'
2025-12-23 17:18:10,141 - DATA_COM - INFO - 收到机器人服务器数据: '9 9 9'
2025-12-23 17:18:11,141 - DATA_COM - INFO - 成功发送数据到机器人服务器: 'request_weight'
2025-12-23 17:18:11,143 - DATA_COM - INFO - 收到机器人服务器数据: '9 9 9'
2025-12-23 17:18:12,136 - DATA_COM - INFO - 成功发送数据到机器人服务器: 'request_weight'
2025-12-23 17:18:12,137 - DATA_COM - INFO - 收到机器人服务器数据: '9 9 9'
2025-12-23 17:18:13,129 - DATA_COM - INFO - 成功发送数据到机器人服务器: 'request_weight'
2025-12-23 17:18:13,131 - DATA_COM - INFO - 收到机器人服务器数据: '9 9 9'
2025-12-23 17:18:14,140 - DATA_COM - INFO - 成功发送数据到机器人服务器: 'request_weight'
2025-12-23 17:18:14,141 - DATA_COM - INFO - 收到机器人服务器数据: '9 9 9'
2025-12-23 17:18:15,138 - DATA_COM - INFO - 成功发送数据到机器人服务器: 'request_weight'
2025-12-23 17:18:15,138 - DATA_COM - INFO - 收到机器人服务器数据: '9 9 9'
2025-12-23 17:18:16,136 - DATA_COM - INFO - 成功发送数据到机器人服务器: 'request_weight'
2025-12-23 17:18:16,137 - DATA_COM - INFO - 收到机器人服务器数据: '9 9 9'
2025-12-23 17:18:17,134 - DATA_COM - INFO - 成功发送数据到机器人服务器: 'request_weight'
2025-12-23 17:18:17,135 - DATA_COM - INFO - 收到机器人服务器数据: '9 9 9'
2025-12-23 17:18:18,129 - DATA_COM - INFO - 成功发送数据到机器人服务器: 'request_weight'
2025-12-23 17:18:18,129 - DATA_COM - INFO - 收到机器人服务器数据: '9 9 9'
2025-12-23 17:18:19,140 - DATA_COM - INFO - 成功发送数据到机器人服务器: 'request_weight'
2025-12-23 17:18:19,140 - DATA_COM - INFO - 收到机器人服务器数据: '9 9 9'
2025-12-23 17:18:20,135 - DATA_COM - INFO - 成功发送数据到机器人服务器: 'request_weight'
2025-12-23 17:18:20,137 - DATA_COM - INFO - 收到机器人服务器数据: '9 9 9'
2025-12-23 17:18:21,142 - DATA_COM - INFO - 成功发送数据到机器人服务器: 'request_weight'
2025-12-23 17:18:21,142 - DATA_COM - INFO - 收到机器人服务器数据: '9 9 9'
2025-12-23 17:18:22,134 - DATA_COM - INFO - 成功发送数据到机器人服务器: 'request_weight'
2025-12-23 17:18:22,136 - DATA_COM - INFO - 收到机器人服务器数据: '9 9 9'
2025-12-23 17:18:23,128 - DATA_COM - INFO - 成功发送数据到机器人服务器: 'request_weight'
2025-12-23 17:18:23,129 - DATA_COM - INFO - 收到机器人服务器数据: '9 9 9'
2025-12-23 17:18:24,141 - DATA_COM - INFO - 成功发送数据到机器人服务器: 'request_weight'
2025-12-23 17:18:24,142 - DATA_COM - INFO - 收到机器人服务器数据: '9 9 9'
2025-12-23 17:18:25,136 - DATA_COM - INFO - 成功发送数据到机器人服务器: 'request_weight'
2025-12-23 17:18:25,138 - DATA_COM - INFO - 收到机器人服务器数据: '9 9 9'
2025-12-23 17:18:26,137 - DATA_COM - INFO - 成功发送数据到机器人服务器: 'request_weight'
2025-12-23 17:18:26,137 - DATA_COM - INFO - 收到机器人服务器数据: '9 9 9'
2025-12-23 17:18:27,141 - DATA_COM - INFO - 成功发送数据到机器人服务器: 'request_weight'
2025-12-23 17:18:27,141 - DATA_COM - INFO - 收到机器人服务器数据: '9 9 9'
2025-12-23 17:18:28,133 - DATA_COM - INFO - 成功发送数据到机器人服务器: 'request_weight'
2025-12-23 17:18:28,134 - DATA_COM - INFO - 收到机器人服务器数据: '9 9 9'
2025-12-23 17:18:28,721 - DATA_COM - ERROR - 接收数据时发生socket错误: [WinError 10038] 在一个非套接字上尝试了一个操作。
2025-12-23 17:18:28,721 - DATA_COM - INFO - 已断开与机器人服务器的连接: 192.168.125.1:1025
2025-12-23 17:18:29,144 - DATA_COM - ERROR - 发送数据失败: 未连接到机器人服务器
2025-12-23 17:18:30,154 - DATA_COM - ERROR - 发送数据失败: 未连接到机器人服务器
2025-12-23 17:18:31,144 - DATA_COM - ERROR - 发送数据失败: 未连接到机器人服务器
2025-12-23 17:18:32,149 - DATA_COM - ERROR - 发送数据失败: 未连接到机器人服务器
2025-12-23 17:18:33,144 - DATA_COM - ERROR - 发送数据失败: 未连接到机器人服务器
2025-12-23 17:18:34,144 - DATA_COM - ERROR - 发送数据失败: 未连接到机器人服务器
2025-12-23 17:18:35,155 - DATA_COM - ERROR - 发送数据失败: 未连接到机器人服务器
2025-12-23 17:18:36,151 - DATA_COM - ERROR - 发送数据失败: 未连接到机器人服务器
2025-12-23 17:18:37,147 - DATA_COM - ERROR - 发送数据失败: 未连接到机器人服务器
2025-12-23 17:18:38,144 - DATA_COM - ERROR - 发送数据失败: 未连接到机器人服务器
2025-12-23 17:18:39,150 - DATA_COM - ERROR - 发送数据失败: 未连接到机器人服务器
2025-12-23 17:18:40,146 - DATA_COM - ERROR - 发送数据失败: 未连接到机器人服务器
2025-12-23 17:18:41,147 - DATA_COM - ERROR - 发送数据失败: 未连接到机器人服务器
2025-12-23 17:18:42,144 - DATA_COM - ERROR - 发送数据失败: 未连接到机器人服务器
2025-12-23 17:18:43,153 - DATA_COM - ERROR - 发送数据失败: 未连接到机器人服务器
2025-12-23 17:18:44,159 - DATA_COM - ERROR - 发送数据失败: 未连接到机器人服务器
2025-12-23 17:18:45,143 - DATA_COM - ERROR - 发送数据失败: 未连接到机器人服务器
2025-12-23 17:18:46,149 - DATA_COM - ERROR - 发送数据失败: 未连接到机器人服务器
2025-12-23 17:18:47,147 - DATA_COM - ERROR - 发送数据失败: 未连接到机器人服务器
2025-12-23 17:18:48,149 - DATA_COM - ERROR - 发送数据失败: 未连接到机器人服务器
2025-12-23 17:18:49,144 - DATA_COM - ERROR - 发送数据失败: 未连接到机器人服务器
2025-12-23 17:18:50,145 - DATA_COM - ERROR - 发送数据失败: 未连接到机器人服务器
2025-12-23 17:18:51,151 - DATA_COM - ERROR - 发送数据失败: 未连接到机器人服务器
2025-12-23 17:18:52,151 - DATA_COM - ERROR - 发送数据失败: 未连接到机器人服务器
2025-12-23 17:18:53,149 - DATA_COM - ERROR - 发送数据失败: 未连接到机器人服务器
2025-12-23 17:18:54,147 - DATA_COM - ERROR - 发送数据失败: 未连接到机器人服务器
2025-12-23 17:18:55,157 - DATA_COM - ERROR - 发送数据失败: 未连接到机器人服务器
2025-12-23 17:18:56,151 - DATA_COM - ERROR - 发送数据失败: 未连接到机器人服务器
2025-12-23 17:18:57,145 - DATA_COM - ERROR - 发送数据失败: 未连接到机器人服务器
2025-12-23 17:18:58,144 - DATA_COM - ERROR - 发送数据失败: 未连接到机器人服务器
2025-12-23 17:18:59,156 - DATA_COM - ERROR - 发送数据失败: 未连接到机器人服务器
2025-12-23 17:19:00,142 - DATA_COM - ERROR - 发送数据失败: 未连接到机器人服务器
2025-12-23 17:19:01,149 - DATA_COM - ERROR - 发送数据失败: 未连接到机器人服务器
2025-12-23 17:19:02,146 - DATA_COM - ERROR - 发送数据失败: 未连接到机器人服务器
2025-12-23 17:19:03,144 - DATA_COM - ERROR - 发送数据失败: 未连接到机器人服务器
2025-12-23 17:19:04,145 - DATA_COM - ERROR - 发送数据失败: 未连接到机器人服务器
2025-12-23 17:19:05,144 - DATA_COM - ERROR - 发送数据失败: 未连接到机器人服务器
2025-12-23 17:19:06,156 - DATA_COM - ERROR - 发送数据失败: 未连接到机器人服务器
2025-12-23 17:19:07,154 - DATA_COM - ERROR - 发送数据失败: 未连接到机器人服务器
2025-12-23 17:19:08,144 - DATA_COM - ERROR - 发送数据失败: 未连接到机器人服务器
2025-12-23 17:19:09,149 - DATA_COM - ERROR - 发送数据失败: 未连接到机器人服务器
2025-12-23 17:19:10,149 - DATA_COM - ERROR - 发送数据失败: 未连接到机器人服务器
2025-12-23 17:19:11,150 - DATA_COM - ERROR - 发送数据失败: 未连接到机器人服务器
2025-12-23 17:19:12,155 - DATA_COM - ERROR - 发送数据失败: 未连接到机器人服务器
2025-12-23 17:19:13,147 - DATA_COM - ERROR - 发送数据失败: 未连接到机器人服务器
2025-12-23 17:19:14,144 - DATA_COM - ERROR - 发送数据失败: 未连接到机器人服务器
2025-12-23 17:19:15,149 - DATA_COM - ERROR - 发送数据失败: 未连接到机器人服务器
2025-12-23 17:19:16,148 - DATA_COM - ERROR - 发送数据失败: 未连接到机器人服务器
2025-12-23 17:19:17,153 - DATA_COM - ERROR - 发送数据失败: 未连接到机器人服务器
2025-12-23 17:19:18,153 - DATA_COM - ERROR - 发送数据失败: 未连接到机器人服务器
2025-12-23 17:19:19,149 - DATA_COM - ERROR - 发送数据失败: 未连接到机器人服务器
2025-12-23 17:19:20,156 - DATA_COM - ERROR - 发送数据失败: 未连接到机器人服务器
2025-12-23 17:19:21,148 - DATA_COM - ERROR - 发送数据失败: 未连接到机器人服务器
2025-12-23 17:19:22,158 - DATA_COM - ERROR - 发送数据失败: 未连接到机器人服务器
2025-12-23 17:19:23,150 - DATA_COM - ERROR - 发送数据失败: 未连接到机器人服务器
2025-12-23 17:19:24,157 - DATA_COM - ERROR - 发送数据失败: 未连接到机器人服务器
2025-12-23 17:19:25,144 - DATA_COM - ERROR - 发送数据失败: 未连接到机器人服务器
2025-12-23 17:19:26,144 - DATA_COM - ERROR - 发送数据失败: 未连接到机器人服务器
2025-12-23 17:19:27,150 - DATA_COM - ERROR - 发送数据失败: 未连接到机器人服务器
2025-12-23 17:19:28,152 - DATA_COM - ERROR - 发送数据失败: 未连接到机器人服务器
2025-12-23 17:19:29,146 - DATA_COM - ERROR - 发送数据失败: 未连接到机器人服务器
2025-12-23 17:19:30,146 - DATA_COM - ERROR - 发送数据失败: 未连接到机器人服务器
2025-12-23 17:19:31,147 - DATA_COM - ERROR - 发送数据失败: 未连接到机器人服务器
2025-12-23 17:19:32,150 - DATA_COM - ERROR - 发送数据失败: 未连接到机器人服务器
2025-12-23 17:19:33,150 - DATA_COM - ERROR - 发送数据失败: 未连接到机器人服务器
2025-12-23 17:19:34,143 - DATA_COM - ERROR - 发送数据失败: 未连接到机器人服务器
2025-12-23 17:19:35,148 - DATA_COM - ERROR - 发送数据失败: 未连接到机器人服务器
2025-12-23 17:19:36,160 - DATA_COM - ERROR - 发送数据失败: 未连接到机器人服务器
2025-12-23 17:19:37,173 - DATA_COM - ERROR - 发送数据失败: 未连接到机器人服务器
2025-12-23 17:19:38,172 - DATA_COM - ERROR - 发送数据失败: 未连接到机器人服务器
2025-12-23 17:19:39,162 - DATA_COM - ERROR - 发送数据失败: 未连接到机器人服务器
2025-12-23 17:19:40,171 - DATA_COM - ERROR - 发送数据失败: 未连接到机器人服务器
2025-12-23 17:19:41,171 - DATA_COM - ERROR - 发送数据失败: 未连接到机器人服务器
2025-12-23 17:19:42,163 - DATA_COM - ERROR - 发送数据失败: 未连接到机器人服务器
2025-12-23 17:19:43,163 - DATA_COM - ERROR - 发送数据失败: 未连接到机器人服务器
2025-12-23 17:19:44,172 - DATA_COM - ERROR - 发送数据失败: 未连接到机器人服务器
2025-12-23 17:19:45,160 - DATA_COM - ERROR - 发送数据失败: 未连接到机器人服务器
2025-12-23 17:19:46,160 - DATA_COM - ERROR - 发送数据失败: 未连接到机器人服务器
2025-12-23 17:19:47,159 - DATA_COM - ERROR - 发送数据失败: 未连接到机器人服务器
2025-12-23 17:19:48,169 - DATA_COM - ERROR - 发送数据失败: 未连接到机器人服务器
2025-12-23 17:19:49,167 - DATA_COM - ERROR - 发送数据失败: 未连接到机器人服务器
2025-12-23 17:19:50,164 - DATA_COM - ERROR - 发送数据失败: 未连接到机器人服务器
2025-12-23 17:19:51,167 - DATA_COM - ERROR - 发送数据失败: 未连接到机器人服务器
2025-12-23 17:19:52,163 - DATA_COM - ERROR - 发送数据失败: 未连接到机器人服务器
2025-12-23 17:19:53,166 - DATA_COM - ERROR - 发送数据失败: 未连接到机器人服务器
2025-12-23 17:19:54,170 - DATA_COM - ERROR - 发送数据失败: 未连接到机器人服务器
2025-12-23 17:19:55,164 - DATA_COM - ERROR - 发送数据失败: 未连接到机器人服务器
2025-12-23 17:19:56,158 - DATA_COM - ERROR - 发送数据失败: 未连接到机器人服务器
2025-12-23 17:19:57,165 - DATA_COM - ERROR - 发送数据失败: 未连接到机器人服务器
2025-12-23 17:19:58,165 - DATA_COM - ERROR - 发送数据失败: 未连接到机器人服务器
2025-12-23 17:19:59,170 - DATA_COM - ERROR - 发送数据失败: 未连接到机器人服务器
2025-12-23 17:20:00,168 - DATA_COM - ERROR - 发送数据失败: 未连接到机器人服务器
2025-12-23 17:20:01,172 - DATA_COM - ERROR - 发送数据失败: 未连接到机器人服务器
2025-12-23 17:20:02,158 - DATA_COM - ERROR - 发送数据失败: 未连接到机器人服务器
2025-12-23 17:20:03,165 - DATA_COM - ERROR - 发送数据失败: 未连接到机器人服务器
2025-12-23 17:20:04,162 - DATA_COM - ERROR - 发送数据失败: 未连接到机器人服务器
2025-12-23 17:20:05,170 - DATA_COM - ERROR - 发送数据失败: 未连接到机器人服务器
2025-12-23 17:20:06,159 - DATA_COM - ERROR - 发送数据失败: 未连接到机器人服务器
2025-12-23 17:20:07,165 - DATA_COM - ERROR - 发送数据失败: 未连接到机器人服务器
2025-12-23 17:20:08,162 - DATA_COM - ERROR - 发送数据失败: 未连接到机器人服务器
2025-12-23 17:20:09,170 - DATA_COM - ERROR - 发送数据失败: 未连接到机器人服务器
2025-12-23 17:20:10,159 - DATA_COM - ERROR - 发送数据失败: 未连接到机器人服务器
2025-12-23 17:20:11,160 - DATA_COM - ERROR - 发送数据失败: 未连接到机器人服务器
2025-12-23 17:20:12,165 - DATA_COM - ERROR - 发送数据失败: 未连接到机器人服务器
2025-12-23 17:20:13,164 - DATA_COM - ERROR - 发送数据失败: 未连接到机器人服务器
2025-12-23 17:20:14,159 - DATA_COM - ERROR - 发送数据失败: 未连接到机器人服务器
2025-12-23 17:20:15,168 - DATA_COM - ERROR - 发送数据失败: 未连接到机器人服务器
2025-12-23 17:20:16,161 - DATA_COM - ERROR - 发送数据失败: 未连接到机器人服务器
2025-12-23 17:20:17,161 - DATA_COM - ERROR - 发送数据失败: 未连接到机器人服务器
2025-12-23 17:20:18,158 - DATA_COM - ERROR - 发送数据失败: 未连接到机器人服务器
2025-12-23 17:20:19,171 - DATA_COM - ERROR - 发送数据失败: 未连接到机器人服务器
2025-12-23 17:20:20,163 - DATA_COM - ERROR - 发送数据失败: 未连接到机器人服务器
2025-12-23 17:20:21,159 - DATA_COM - ERROR - 发送数据失败: 未连接到机器人服务器
2025-12-23 17:20:22,168 - DATA_COM - ERROR - 发送数据失败: 未连接到机器人服务器
2025-12-23 17:20:23,171 - DATA_COM - ERROR - 发送数据失败: 未连接到机器人服务器
2025-12-23 17:20:24,169 - DATA_COM - ERROR - 发送数据失败: 未连接到机器人服务器
2025-12-23 17:20:25,161 - DATA_COM - ERROR - 发送数据失败: 未连接到机器人服务器
2025-12-23 17:20:26,162 - DATA_COM - ERROR - 发送数据失败: 未连接到机器人服务器
2025-12-23 17:20:27,159 - DATA_COM - ERROR - 发送数据失败: 未连接到机器人服务器
2025-12-23 17:20:28,159 - DATA_COM - ERROR - 发送数据失败: 未连接到机器人服务器
2025-12-23 17:20:29,161 - DATA_COM - ERROR - 发送数据失败: 未连接到机器人服务器
2025-12-23 17:20:30,164 - DATA_COM - ERROR - 发送数据失败: 未连接到机器人服务器
2025-12-23 17:20:31,158 - DATA_COM - ERROR - 发送数据失败: 未连接到机器人服务器
2025-12-23 17:20:32,163 - DATA_COM - ERROR - 发送数据失败: 未连接到机器人服务器
2025-12-23 17:20:33,169 - DATA_COM - ERROR - 发送数据失败: 未连接到机器人服务器
2025-12-23 17:20:34,162 - DATA_COM - ERROR - 发送数据失败: 未连接到机器人服务器
2025-12-23 17:20:35,163 - DATA_COM - ERROR - 发送数据失败: 未连接到机器人服务器
2025-12-23 17:20:36,162 - DATA_COM - ERROR - 发送数据失败: 未连接到机器人服务器
2025-12-23 17:20:37,167 - DATA_COM - ERROR - 发送数据失败: 未连接到机器人服务器
2025-12-23 17:20:38,171 - DATA_COM - ERROR - 发送数据失败: 未连接到机器人服务器
2025-12-23 17:20:39,160 - DATA_COM - ERROR - 发送数据失败: 未连接到机器人服务器
2025-12-23 17:20:40,171 - DATA_COM - ERROR - 发送数据失败: 未连接到机器人服务器
2025-12-23 17:20:41,172 - DATA_COM - ERROR - 发送数据失败: 未连接到机器人服务器
2025-12-23 17:20:42,173 - DATA_COM - ERROR - 发送数据失败: 未连接到机器人服务器
2025-12-23 17:20:43,162 - DATA_COM - ERROR - 发送数据失败: 未连接到机器人服务器
2025-12-23 17:20:44,160 - DATA_COM - ERROR - 发送数据失败: 未连接到机器人服务器
2025-12-23 17:20:45,166 - DATA_COM - ERROR - 发送数据失败: 未连接到机器人服务器
2025-12-23 17:20:46,163 - DATA_COM - ERROR - 发送数据失败: 未连接到机器人服务器
2025-12-23 17:20:47,163 - DATA_COM - ERROR - 发送数据失败: 未连接到机器人服务器
2025-12-23 17:20:48,160 - DATA_COM - ERROR - 发送数据失败: 未连接到机器人服务器
2025-12-23 17:20:49,167 - DATA_COM - ERROR - 发送数据失败: 未连接到机器人服务器
2025-12-23 17:20:50,159 - DATA_COM - ERROR - 发送数据失败: 未连接到机器人服务器
2025-12-23 17:20:51,165 - DATA_COM - ERROR - 发送数据失败: 未连接到机器人服务器
2025-12-23 17:20:52,162 - DATA_COM - ERROR - 发送数据失败: 未连接到机器人服务器
2025-12-23 17:20:53,160 - DATA_COM - ERROR - 发送数据失败: 未连接到机器人服务器
2025-12-23 17:20:54,159 - DATA_COM - ERROR - 发送数据失败: 未连接到机器人服务器
2025-12-23 17:20:55,161 - DATA_COM - ERROR - 发送数据失败: 未连接到机器人服务器
2025-12-23 17:20:56,160 - DATA_COM - ERROR - 发送数据失败: 未连接到机器人服务器
2025-12-23 17:20:57,173 - DATA_COM - ERROR - 发送数据失败: 未连接到机器人服务器
2025-12-23 17:20:58,171 - DATA_COM - ERROR - 发送数据失败: 未连接到机器人服务器
2025-12-23 17:20:59,169 - DATA_COM - ERROR - 发送数据失败: 未连接到机器人服务器
2025-12-23 17:21:00,163 - DATA_COM - ERROR - 发送数据失败: 未连接到机器人服务器
2025-12-23 17:21:01,160 - DATA_COM - ERROR - 发送数据失败: 未连接到机器人服务器
2025-12-23 17:21:02,170 - DATA_COM - ERROR - 发送数据失败: 未连接到机器人服务器
2025-12-23 17:21:03,163 - DATA_COM - ERROR - 发送数据失败: 未连接到机器人服务器
2025-12-23 17:21:04,169 - DATA_COM - ERROR - 发送数据失败: 未连接到机器人服务器
2025-12-23 17:21:05,160 - DATA_COM - ERROR - 发送数据失败: 未连接到机器人服务器
2025-12-23 17:21:06,171 - DATA_COM - ERROR - 发送数据失败: 未连接到机器人服务器
2025-12-23 17:21:07,176 - DATA_COM - ERROR - 发送数据失败: 未连接到机器人服务器
2025-12-23 17:21:08,185 - DATA_COM - ERROR - 发送数据失败: 未连接到机器人服务器
2025-12-23 17:21:09,187 - DATA_COM - ERROR - 发送数据失败: 未连接到机器人服务器
2025-12-23 17:21:10,185 - DATA_COM - ERROR - 发送数据失败: 未连接到机器人服务器
2025-12-23 17:21:11,177 - DATA_COM - ERROR - 发送数据失败: 未连接到机器人服务器
2025-12-23 17:21:12,190 - DATA_COM - ERROR - 发送数据失败: 未连接到机器人服务器
2025-12-23 17:21:13,194 - DATA_COM - ERROR - 发送数据失败: 未连接到机器人服务器
2025-12-23 17:21:14,195 - DATA_COM - ERROR - 发送数据失败: 未连接到机器人服务器
2025-12-23 17:21:15,198 - DATA_COM - ERROR - 发送数据失败: 未连接到机器人服务器
2025-12-23 17:21:16,193 - DATA_COM - ERROR - 发送数据失败: 未连接到机器人服务器
2025-12-23 17:21:17,193 - DATA_COM - ERROR - 发送数据失败: 未连接到机器人服务器
2025-12-23 17:21:18,193 - DATA_COM - ERROR - 发送数据失败: 未连接到机器人服务器
2025-12-23 17:21:19,191 - DATA_COM - ERROR - 发送数据失败: 未连接到机器人服务器
2025-12-23 17:21:20,192 - DATA_COM - ERROR - 发送数据失败: 未连接到机器人服务器
2025-12-23 17:21:21,197 - DATA_COM - ERROR - 发送数据失败: 未连接到机器人服务器
2025-12-23 17:21:22,190 - DATA_COM - ERROR - 发送数据失败: 未连接到机器人服务器
2025-12-23 17:21:23,200 - DATA_COM - ERROR - 发送数据失败: 未连接到机器人服务器
2025-12-23 17:21:24,193 - DATA_COM - ERROR - 发送数据失败: 未连接到机器人服务器
2025-12-23 17:21:25,192 - DATA_COM - ERROR - 发送数据失败: 未连接到机器人服务器
2025-12-23 17:21:26,190 - DATA_COM - ERROR - 发送数据失败: 未连接到机器人服务器
2025-12-23 17:21:27,199 - DATA_COM - ERROR - 发送数据失败: 未连接到机器人服务器
2025-12-23 17:21:28,203 - DATA_COM - ERROR - 发送数据失败: 未连接到机器人服务器
2025-12-23 17:21:29,200 - DATA_COM - ERROR - 发送数据失败: 未连接到机器人服务器
2025-12-23 17:21:30,191 - DATA_COM - ERROR - 发送数据失败: 未连接到机器人服务器
2025-12-23 17:21:31,192 - DATA_COM - ERROR - 发送数据失败: 未连接到机器人服务器
2025-12-23 17:21:32,193 - DATA_COM - ERROR - 发送数据失败: 未连接到机器人服务器
2025-12-23 17:21:33,193 - DATA_COM - ERROR - 发送数据失败: 未连接到机器人服务器
2025-12-23 17:21:34,201 - DATA_COM - ERROR - 发送数据失败: 未连接到机器人服务器
2025-12-23 17:21:35,195 - DATA_COM - ERROR - 发送数据失败: 未连接到机器人服务器
2025-12-23 17:21:36,191 - DATA_COM - ERROR - 发送数据失败: 未连接到机器人服务器
2025-12-23 17:21:37,192 - DATA_COM - ERROR - 发送数据失败: 未连接到机器人服务器
2025-12-23 17:21:38,191 - DATA_COM - ERROR - 发送数据失败: 未连接到机器人服务器
2025-12-23 17:21:39,206 - DATA_COM - ERROR - 发送数据失败: 未连接到机器人服务器
2025-12-23 17:21:40,219 - DATA_COM - ERROR - 发送数据失败: 未连接到机器人服务器
2025-12-23 17:21:41,213 - DATA_COM - ERROR - 发送数据失败: 未连接到机器人服务器
2025-12-23 17:21:42,207 - DATA_COM - ERROR - 发送数据失败: 未连接到机器人服务器
2025-12-23 17:21:43,221 - DATA_COM - ERROR - 发送数据失败: 未连接到机器人服务器
2025-12-23 17:21:44,213 - DATA_COM - ERROR - 发送数据失败: 未连接到机器人服务器
2025-12-23 17:21:45,209 - DATA_COM - ERROR - 发送数据失败: 未连接到机器人服务器
2025-12-23 17:21:46,217 - DATA_COM - ERROR - 发送数据失败: 未连接到机器人服务器
2025-12-23 17:21:47,221 - DATA_COM - ERROR - 发送数据失败: 未连接到机器人服务器
2025-12-23 17:21:48,211 - DATA_COM - ERROR - 发送数据失败: 未连接到机器人服务器
2025-12-23 17:21:49,212 - DATA_COM - ERROR - 发送数据失败: 未连接到机器人服务器
2025-12-23 17:21:50,208 - DATA_COM - ERROR - 发送数据失败: 未连接到机器人服务器
2025-12-23 17:21:51,219 - DATA_COM - ERROR - 发送数据失败: 未连接到机器人服务器
2025-12-23 17:21:52,206 - DATA_COM - ERROR - 发送数据失败: 未连接到机器人服务器
2025-12-23 17:21:53,217 - DATA_COM - ERROR - 发送数据失败: 未连接到机器人服务器
2025-12-23 17:21:54,207 - DATA_COM - ERROR - 发送数据失败: 未连接到机器人服务器
2025-12-23 17:21:55,209 - DATA_COM - ERROR - 发送数据失败: 未连接到机器人服务器
2025-12-23 17:21:56,207 - DATA_COM - ERROR - 发送数据失败: 未连接到机器人服务器
2025-12-23 17:21:57,213 - DATA_COM - ERROR - 发送数据失败: 未连接到机器人服务器
2025-12-23 17:21:58,210 - DATA_COM - ERROR - 发送数据失败: 未连接到机器人服务器
2025-12-23 17:21:59,216 - DATA_COM - ERROR - 发送数据失败: 未连接到机器人服务器
2025-12-23 17:22:00,212 - DATA_COM - ERROR - 发送数据失败: 未连接到机器人服务器
2025-12-23 17:22:01,212 - DATA_COM - ERROR - 发送数据失败: 未连接到机器人服务器
2025-12-23 17:22:02,208 - DATA_COM - ERROR - 发送数据失败: 未连接到机器人服务器
2025-12-23 17:22:03,210 - DATA_COM - ERROR - 发送数据失败: 未连接到机器人服务器
2025-12-23 17:22:04,208 - DATA_COM - ERROR - 发送数据失败: 未连接到机器人服务器
2025-12-23 17:22:05,220 - DATA_COM - ERROR - 发送数据失败: 未连接到机器人服务器
2025-12-23 17:22:06,208 - DATA_COM - ERROR - 发送数据失败: 未连接到机器人服务器
2025-12-23 17:22:07,208 - DATA_COM - ERROR - 发送数据失败: 未连接到机器人服务器
2025-12-23 17:22:08,217 - DATA_COM - ERROR - 发送数据失败: 未连接到机器人服务器
2025-12-23 17:22:09,206 - DATA_COM - ERROR - 发送数据失败: 未连接到机器人服务器
2025-12-23 17:22:10,207 - DATA_COM - ERROR - 发送数据失败: 未连接到机器人服务器
2025-12-23 17:22:11,219 - DATA_COM - ERROR - 发送数据失败: 未连接到机器人服务器
2025-12-23 17:22:12,217 - DATA_COM - ERROR - 发送数据失败: 未连接到机器人服务器
2025-12-23 17:22:13,221 - DATA_COM - ERROR - 发送数据失败: 未连接到机器人服务器
2025-12-23 17:22:14,210 - DATA_COM - ERROR - 发送数据失败: 未连接到机器人服务器
2025-12-23 17:22:15,207 - DATA_COM - ERROR - 发送数据失败: 未连接到机器人服务器
2025-12-23 17:22:16,215 - DATA_COM - ERROR - 发送数据失败: 未连接到机器人服务器
2025-12-23 17:22:17,211 - DATA_COM - ERROR - 发送数据失败: 未连接到机器人服务器
2025-12-23 17:22:18,217 - DATA_COM - ERROR - 发送数据失败: 未连接到机器人服务器
2025-12-23 17:22:19,214 - DATA_COM - ERROR - 发送数据失败: 未连接到机器人服务器
2025-12-23 17:22:20,206 - DATA_COM - ERROR - 发送数据失败: 未连接到机器人服务器
2025-12-23 17:22:21,210 - DATA_COM - ERROR - 发送数据失败: 未连接到机器人服务器
2025-12-23 17:22:22,220 - DATA_COM - ERROR - 发送数据失败: 未连接到机器人服务器
2025-12-23 17:22:23,207 - DATA_COM - ERROR - 发送数据失败: 未连接到机器人服务器
2025-12-23 17:22:24,218 - DATA_COM - ERROR - 发送数据失败: 未连接到机器人服务器
2025-12-23 17:22:25,209 - DATA_COM - ERROR - 发送数据失败: 未连接到机器人服务器
2025-12-23 17:22:26,218 - DATA_COM - ERROR - 发送数据失败: 未连接到机器人服务器
2025-12-23 17:22:27,218 - DATA_COM - ERROR - 发送数据失败: 未连接到机器人服务器
2025-12-23 17:22:28,213 - DATA_COM - ERROR - 发送数据失败: 未连接到机器人服务器
2025-12-23 17:22:29,215 - DATA_COM - ERROR - 发送数据失败: 未连接到机器人服务器
2025-12-23 17:22:30,212 - DATA_COM - ERROR - 发送数据失败: 未连接到机器人服务器
2025-12-23 17:22:31,217 - DATA_COM - ERROR - 发送数据失败: 未连接到机器人服务器
2025-12-23 17:22:32,211 - DATA_COM - ERROR - 发送数据失败: 未连接到机器人服务器
2025-12-23 17:22:33,208 - DATA_COM - ERROR - 发送数据失败: 未连接到机器人服务器
2025-12-23 17:22:34,222 - DATA_COM - ERROR - 发送数据失败: 未连接到机器人服务器
2025-12-23 17:22:35,217 - DATA_COM - ERROR - 发送数据失败: 未连接到机器人服务器
2025-12-23 17:22:36,216 - DATA_COM - ERROR - 发送数据失败: 未连接到机器人服务器
2025-12-23 17:22:37,218 - DATA_COM - ERROR - 发送数据失败: 未连接到机器人服务器
2025-12-23 17:22:38,221 - DATA_COM - ERROR - 发送数据失败: 未连接到机器人服务器
2025-12-23 17:22:39,215 - DATA_COM - ERROR - 发送数据失败: 未连接到机器人服务器
2025-12-23 17:22:40,212 - DATA_COM - ERROR - 发送数据失败: 未连接到机器人服务器
2025-12-23 17:22:41,215 - DATA_COM - ERROR - 发送数据失败: 未连接到机器人服务器
2025-12-23 17:22:42,213 - DATA_COM - ERROR - 发送数据失败: 未连接到机器人服务器
2025-12-23 17:22:43,214 - DATA_COM - ERROR - 发送数据失败: 未连接到机器人服务器
2025-12-23 17:22:44,208 - DATA_COM - ERROR - 发送数据失败: 未连接到机器人服务器
2025-12-23 17:22:45,212 - DATA_COM - ERROR - 发送数据失败: 未连接到机器人服务器
2025-12-23 17:22:46,208 - DATA_COM - ERROR - 发送数据失败: 未连接到机器人服务器
2025-12-23 17:22:47,219 - DATA_COM - ERROR - 发送数据失败: 未连接到机器人服务器
2025-12-23 17:22:48,214 - DATA_COM - ERROR - 发送数据失败: 未连接到机器人服务器
2025-12-23 17:22:49,205 - DATA_COM - ERROR - 发送数据失败: 未连接到机器人服务器
2025-12-23 17:22:50,216 - DATA_COM - ERROR - 发送数据失败: 未连接到机器人服务器
2025-12-23 17:22:51,207 - DATA_COM - ERROR - 发送数据失败: 未连接到机器人服务器
2025-12-23 17:22:52,209 - DATA_COM - ERROR - 发送数据失败: 未连接到机器人服务器
2025-12-23 17:22:53,206 - DATA_COM - ERROR - 发送数据失败: 未连接到机器人服务器
2025-12-23 17:22:54,218 - DATA_COM - ERROR - 发送数据失败: 未连接到机器人服务器
2025-12-23 17:22:55,221 - DATA_COM - ERROR - 发送数据失败: 未连接到机器人服务器
2025-12-23 17:22:56,214 - DATA_COM - ERROR - 发送数据失败: 未连接到机器人服务器
2025-12-23 17:22:57,217 - DATA_COM - ERROR - 发送数据失败: 未连接到机器人服务器
2025-12-23 17:22:58,216 - DATA_COM - ERROR - 发送数据失败: 未连接到机器人服务器
2025-12-23 17:22:59,220 - DATA_COM - ERROR - 发送数据失败: 未连接到机器人服务器
2025-12-23 17:23:00,207 - DATA_COM - ERROR - 发送数据失败: 未连接到机器人服务器
2025-12-23 17:23:01,206 - DATA_COM - ERROR - 发送数据失败: 未连接到机器人服务器
2025-12-23 17:23:02,212 - DATA_COM - ERROR - 发送数据失败: 未连接到机器人服务器
2025-12-23 17:23:03,212 - DATA_COM - ERROR - 发送数据失败: 未连接到机器人服务器
2025-12-23 17:23:04,213 - DATA_COM - ERROR - 发送数据失败: 未连接到机器人服务器
2025-12-23 17:23:05,211 - DATA_COM - ERROR - 发送数据失败: 未连接到机器人服务器
2025-12-23 17:23:06,218 - DATA_COM - ERROR - 发送数据失败: 未连接到机器人服务器
2025-12-23 17:23:07,216 - DATA_COM - ERROR - 发送数据失败: 未连接到机器人服务器
2025-12-23 17:23:08,209 - DATA_COM - ERROR - 发送数据失败: 未连接到机器人服务器
2025-12-23 17:23:09,212 - DATA_COM - ERROR - 发送数据失败: 未连接到机器人服务器
2025-12-23 17:23:10,217 - DATA_COM - ERROR - 发送数据失败: 未连接到机器人服务器
2025-12-23 17:23:11,213 - DATA_COM - ERROR - 发送数据失败: 未连接到机器人服务器
2025-12-23 17:23:12,213 - DATA_COM - ERROR - 发送数据失败: 未连接到机器人服务器
2025-12-23 17:23:13,218 - DATA_COM - ERROR - 发送数据失败: 未连接到机器人服务器
2025-12-23 17:23:14,208 - DATA_COM - ERROR - 发送数据失败: 未连接到机器人服务器
2025-12-23 17:23:15,206 - DATA_COM - ERROR - 发送数据失败: 未连接到机器人服务器
2025-12-23 17:23:16,208 - DATA_COM - ERROR - 发送数据失败: 未连接到机器人服务器
2025-12-23 17:23:17,207 - DATA_COM - ERROR - 发送数据失败: 未连接到机器人服务器
2025-12-23 17:23:18,207 - DATA_COM - ERROR - 发送数据失败: 未连接到机器人服务器
2025-12-23 17:23:19,207 - DATA_COM - ERROR - 发送数据失败: 未连接到机器人服务器
2025-12-23 17:23:20,219 - DATA_COM - ERROR - 发送数据失败: 未连接到机器人服务器
2025-12-23 17:23:21,214 - DATA_COM - ERROR - 发送数据失败: 未连接到机器人服务器
2025-12-23 17:23:22,216 - DATA_COM - ERROR - 发送数据失败: 未连接到机器人服务器
2025-12-23 17:23:23,217 - DATA_COM - ERROR - 发送数据失败: 未连接到机器人服务器
2025-12-23 17:23:24,214 - DATA_COM - ERROR - 发送数据失败: 未连接到机器人服务器
2025-12-23 17:23:25,207 - DATA_COM - ERROR - 发送数据失败: 未连接到机器人服务器
2025-12-23 17:23:26,214 - DATA_COM - ERROR - 发送数据失败: 未连接到机器人服务器
2025-12-23 17:23:27,209 - DATA_COM - ERROR - 发送数据失败: 未连接到机器人服务器
2025-12-23 17:23:28,209 - DATA_COM - ERROR - 发送数据失败: 未连接到机器人服务器
2025-12-23 17:23:29,222 - DATA_COM - ERROR - 发送数据失败: 未连接到机器人服务器
2025-12-23 17:23:30,234 - DATA_COM - ERROR - 发送数据失败: 未连接到机器人服务器
2025-12-23 17:23:31,230 - DATA_COM - ERROR - 发送数据失败: 未连接到机器人服务器
2025-12-23 17:23:32,232 - DATA_COM - ERROR - 发送数据失败: 未连接到机器人服务器
2025-12-23 17:23:33,227 - DATA_COM - ERROR - 发送数据失败: 未连接到机器人服务器
2025-12-23 17:23:34,224 - DATA_COM - ERROR - 发送数据失败: 未连接到机器人服务器
2025-12-23 17:23:35,226 - DATA_COM - ERROR - 发送数据失败: 未连接到机器人服务器
2025-12-23 17:23:36,224 - DATA_COM - ERROR - 发送数据失败: 未连接到机器人服务器
2025-12-23 17:23:37,221 - DATA_COM - ERROR - 发送数据失败: 未连接到机器人服务器
2025-12-23 17:23:38,234 - DATA_COM - ERROR - 发送数据失败: 未连接到机器人服务器
2025-12-23 17:23:39,233 - DATA_COM - ERROR - 发送数据失败: 未连接到机器人服务器
2025-12-23 17:23:40,231 - DATA_COM - ERROR - 发送数据失败: 未连接到机器人服务器
2025-12-23 17:23:41,228 - DATA_COM - ERROR - 发送数据失败: 未连接到机器人服务器
2025-12-23 17:23:42,227 - DATA_COM - ERROR - 发送数据失败: 未连接到机器人服务器
2025-12-23 17:23:43,227 - DATA_COM - ERROR - 发送数据失败: 未连接到机器人服务器
2025-12-23 17:23:44,222 - DATA_COM - ERROR - 发送数据失败: 未连接到机器人服务器
2025-12-23 17:23:45,222 - DATA_COM - ERROR - 发送数据失败: 未连接到机器人服务器
2025-12-23 17:23:46,221 - DATA_COM - ERROR - 发送数据失败: 未连接到机器人服务器
2025-12-23 17:23:47,224 - DATA_COM - ERROR - 发送数据失败: 未连接到机器人服务器
2025-12-23 17:23:48,222 - DATA_COM - ERROR - 发送数据失败: 未连接到机器人服务器
2025-12-23 17:23:49,232 - DATA_COM - ERROR - 发送数据失败: 未连接到机器人服务器
2025-12-23 17:23:50,227 - DATA_COM - ERROR - 发送数据失败: 未连接到机器人服务器
2025-12-23 17:23:51,227 - DATA_COM - ERROR - 发送数据失败: 未连接到机器人服务器
2025-12-23 17:23:52,232 - DATA_COM - ERROR - 发送数据失败: 未连接到机器人服务器
2025-12-23 17:23:53,226 - DATA_COM - ERROR - 发送数据失败: 未连接到机器人服务器
2025-12-23 17:23:54,223 - DATA_COM - ERROR - 发送数据失败: 未连接到机器人服务器
2025-12-23 17:23:55,222 - DATA_COM - ERROR - 发送数据失败: 未连接到机器人服务器
2025-12-23 17:23:56,230 - DATA_COM - ERROR - 发送数据失败: 未连接到机器人服务器
2025-12-23 17:23:57,225 - DATA_COM - ERROR - 发送数据失败: 未连接到机器人服务器
2025-12-23 17:23:58,233 - DATA_COM - ERROR - 发送数据失败: 未连接到机器人服务器
2025-12-23 17:23:59,222 - DATA_COM - ERROR - 发送数据失败: 未连接到机器人服务器
2025-12-23 17:24:00,233 - DATA_COM - ERROR - 发送数据失败: 未连接到机器人服务器
2025-12-23 17:24:01,227 - DATA_COM - ERROR - 发送数据失败: 未连接到机器人服务器
2025-12-23 17:24:02,222 - DATA_COM - ERROR - 发送数据失败: 未连接到机器人服务器
2025-12-23 17:24:03,228 - DATA_COM - ERROR - 发送数据失败: 未连接到机器人服务器
2025-12-23 17:24:04,234 - DATA_COM - ERROR - 发送数据失败: 未连接到机器人服务器
