2025-12-23 17:01:31,552 - DATA_COM - INFO - 正在连接到机器人服务器: 127.0.0.1:1025
2025-12-23 17:01:31,552 - DATA_COM - INFO - 成功连接到机器人服务器: 127.0.0.1:1025
2025-12-23 17:01:32,035 - DATA_COM - INFO - 收到机器人服务器数据: '1 1 1 1 #'
2025-12-23 17:01:33,035 - DATA_COM - INFO - 收到机器人服务器数据: '1 1 1 1 #'
2025-12-23 17:01:34,030 - DATA_COM - INFO - 收到机器人服务器数据: '1 1 1 1 #'
2025-12-23 17:01:35,043 - DATA_COM - INFO - 收到机器人服务器数据: '1 1 1 1 #'
2025-12-23 17:01:36,022 - DATA_COM - INFO - 收到机器人服务器数据: '1 1 1 1 #'
2025-12-23 17:01:37,033 - DATA_COM - INFO - 收到机器人服务器数据: '1 1 1 1 #'
2025-12-23 17:01:38,030 - DATA_COM - INFO - 收到机器人服务器数据: '1 1 1 1 #'
2025-12-23 17:01:39,024 - DATA_COM - INFO - 收到机器人服务器数据: '1 1 1 1 #'
2025-12-23 17:01:40,040 - DATA_COM - INFO - 收到机器人服务器数据: '1 1 1 1 #'
2025-12-23 17:01:41,041 - DATA_COM - INFO - 收到机器人服务器数据: '1 1 1 1 #'
2025-12-23 17:01:42,034 - DATA_COM - INFO - 收到机器人服务器数据: '1 1 1 1 #'
2025-12-23 17:01:42,334 - DATA_COM - INFO - 成功发送数据到机器人服务器: 'request_weight'
2025-12-23 17:01:43,028 - DATA_COM - INFO - 收到机器人服务器数据: '1 1 1 1 #'
2025-12-23 17:01:43,331 - DATA_COM - INFO - 成功发送数据到机器人服务器: 'request_weight'
2025-12-23 17:01:44,041 - DATA_COM - INFO - 收到机器人服务器数据: '1 1 1 1 #'
2025-12-23 17:01:44,339 - DATA_COM - INFO - 成功发送数据到机器人服务器: 'request_weight'
2025-12-23 17:01:45,035 - DATA_COM - INFO - 收到机器人服务器数据: '1 1 1 1 #'
2025-12-23 17:01:45,339 - DATA_COM - INFO - 成功发送数据到机器人服务器: 'request_weight'
2025-12-23 17:01:46,034 - DATA_COM - INFO - 收到机器人服务器数据: '1 1 1 1 #'
2025-12-23 17:01:46,338 - DATA_COM - INFO - 成功发送数据到机器人服务器: 'request_weight'
2025-12-23 17:01:47,027 - DATA_COM - INFO - 收到机器人服务器数据: '1 1 1 1 #'
2025-12-23 17:01:47,345 - DATA_COM - INFO - 成功发送数据到机器人服务器: 'request_weight'
2025-12-23 17:01:48,040 - DATA_COM - INFO - 收到机器人服务器数据: '1 1 1 1 #'
2025-12-23 17:01:48,339 - DATA_COM - INFO - 成功发送数据到机器人服务器: 'request_weight'
2025-12-23 17:01:49,035 - DATA_COM - INFO - 收到机器人服务器数据: '1 1 1 1 #'
2025-12-23 17:01:49,336 - DATA_COM - INFO - 成功发送数据到机器人服务器: 'request_weight'
2025-12-23 17:01:50,029 - DATA_COM - INFO - 收到机器人服务器数据: '1 1 1 1 #'
2025-12-23 17:01:50,334 - DATA_COM - INFO - 成功发送数据到机器人服务器: 'request_weight'
2025-12-23 17:01:51,031 - DATA_COM - INFO - 收到机器人服务器数据: '1 1 1 1 #'
2025-12-23 17:01:51,331 - DATA_COM - INFO - 成功发送数据到机器人服务器: 'request_weight'
2025-12-23 17:01:52,030 - DATA_COM - INFO - 收到机器人服务器数据: '1 1 1 1 #'
2025-12-23 17:01:52,333 - DATA_COM - INFO - 成功发送数据到机器人服务器: 'request_weight'
2025-12-23 17:01:53,028 - DATA_COM - INFO - 收到机器人服务器数据: '1 1 1 1 #'
2025-12-23 17:01:53,332 - DATA_COM - INFO - 成功发送数据到机器人服务器: 'request_weight'
2025-12-23 17:01:54,025 - DATA_COM - INFO - 收到机器人服务器数据: '1 1 1 1 #'
2025-12-23 17:01:54,341 - DATA_COM - INFO - 成功发送数据到机器人服务器: 'request_weight'
2025-12-23 17:01:55,028 - DATA_COM - INFO - 收到机器人服务器数据: '1 1 1 1 #'
2025-12-23 17:01:55,330 - DATA_COM - INFO - 成功发送数据到机器人服务器: 'request_weight'
2025-12-23 17:01:56,035 - DATA_COM - INFO - 收到机器人服务器数据: '1 1 1 1 #'
2025-12-23 17:01:56,336 - DATA_COM - INFO - 成功发送数据到机器人服务器: 'request_weight'
2025-12-23 17:01:57,032 - DATA_COM - INFO - 收到机器人服务器数据: '1 1 1 1 #'
2025-12-23 17:01:57,334 - DATA_COM - INFO - 成功发送数据到机器人服务器: 'request_weight'
2025-12-23 17:01:58,026 - DATA_COM - INFO - 收到机器人服务器数据: '1 1 1 1 #'
2025-12-23 17:01:58,342 - DATA_COM - INFO - 成功发送数据到机器人服务器: 'request_weight'
2025-12-23 17:01:59,038 - DATA_COM - INFO - 收到机器人服务器数据: '1 1 1 1 #'
2025-12-23 17:01:59,338 - DATA_COM - INFO - 成功发送数据到机器人服务器: 'request_weight'
2025-12-23 17:02:00,035 - DATA_COM - INFO - 收到机器人服务器数据: '1 1 1 1 #'
2025-12-23 17:02:00,337 - DATA_COM - INFO - 成功发送数据到机器人服务器: 'request_weight'
2025-12-23 17:02:01,029 - DATA_COM - INFO - 收到机器人服务器数据: '1 1 1 1 #'
2025-12-23 17:02:01,332 - DATA_COM - INFO - 成功发送数据到机器人服务器: 'request_weight'
2025-12-23 17:02:02,026 - DATA_COM - INFO - 收到机器人服务器数据: '1 1 1 1 #'
2025-12-23 17:02:02,335 - DATA_COM - INFO - 成功发送数据到机器人服务器: 'request_weight'
2025-12-23 17:02:03,035 - DATA_COM - INFO - 收到机器人服务器数据: '1 1 1 1 #'
2025-12-23 17:02:03,335 - DATA_COM - INFO - 成功发送数据到机器人服务器: 'request_weight'
2025-12-23 17:02:04,044 - DATA_COM - INFO - 收到机器人服务器数据: '1 1 1 1 #'
2025-12-23 17:02:04,343 - DATA_COM - INFO - 成功发送数据到机器人服务器: 'request_weight'
2025-12-23 17:02:05,027 - DATA_COM - INFO - 收到机器人服务器数据: '1 1 1 1 #'
2025-12-23 17:02:05,331 - DATA_COM - INFO - 成功发送数据到机器人服务器: 'request_weight'
2025-12-23 17:02:06,029 - DATA_COM - INFO - 收到机器人服务器数据: '1 1 1 1 #'
2025-12-23 17:02:06,334 - DATA_COM - INFO - 成功发送数据到机器人服务器: 'request_weight'
2025-12-23 17:02:07,037 - DATA_COM - INFO - 收到机器人服务器数据: '1 1 1 1 #'
2025-12-23 17:02:07,336 - DATA_COM - INFO - 成功发送数据到机器人服务器: 'request_weight'
2025-12-23 17:02:08,034 - DATA_COM - INFO - 收到机器人服务器数据: '1 1 1 1 #'
2025-12-23 17:02:08,334 - DATA_COM - INFO - 成功发送数据到机器人服务器: 'request_weight'
2025-12-23 17:02:09,033 - DATA_COM - INFO - 收到机器人服务器数据: '1 1 1 1 #'
2025-12-23 17:02:09,331 - DATA_COM - INFO - 成功发送数据到机器人服务器: 'request_weight'
2025-12-23 17:02:10,028 - DATA_COM - INFO - 收到机器人服务器数据: '1 1 1 1 #'
2025-12-23 17:02:10,345 - DATA_COM - INFO - 成功发送数据到机器人服务器: 'request_weight'
2025-12-23 17:02:11,025 - DATA_COM - INFO - 收到机器人服务器数据: '1 1 1 1 #'
2025-12-23 17:02:11,339 - DATA_COM - INFO - 成功发送数据到机器人服务器: 'request_weight'
2025-12-23 17:02:12,036 - DATA_COM - INFO - 收到机器人服务器数据: '1 1 1 1 #'
2025-12-23 17:02:12,341 - DATA_COM - INFO - 成功发送数据到机器人服务器: 'request_weight'
2025-12-23 17:02:13,028 - DATA_COM - INFO - 收到机器人服务器数据: '1 1 1 1 #'
2025-12-23 17:02:13,344 - DATA_COM - INFO - 成功发送数据到机器人服务器: 'request_weight'
2025-12-23 17:02:14,022 - DATA_COM - INFO - 收到机器人服务器数据: '1 1 1 1 #'
2025-12-23 17:02:14,334 - DATA_COM - INFO - 成功发送数据到机器人服务器: 'request_weight'
2025-12-23 17:02:15,031 - DATA_COM - INFO - 收到机器人服务器数据: '1 1 1 1 #'
2025-12-23 17:02:15,346 - DATA_COM - INFO - 成功发送数据到机器人服务器: 'request_weight'
2025-12-23 17:02:16,043 - DATA_COM - INFO - 收到机器人服务器数据: '1 1 1 1 #'
2025-12-23 17:02:16,343 - DATA_COM - INFO - 成功发送数据到机器人服务器: 'request_weight'
2025-12-23 17:02:17,036 - DATA_COM - INFO - 收到机器人服务器数据: '1 1 1 1 #'
2025-12-23 17:02:17,336 - DATA_COM - INFO - 成功发送数据到机器人服务器: 'request_weight'
2025-12-23 17:02:18,034 - DATA_COM - INFO - 收到机器人服务器数据: '1 1 1 1 #'
2025-12-23 17:02:18,332 - DATA_COM - INFO - 成功发送数据到机器人服务器: 'request_weight'
2025-12-23 17:02:19,026 - DATA_COM - INFO - 收到机器人服务器数据: '1 1 1 1 #'
2025-12-23 17:02:19,344 - DATA_COM - INFO - 成功发送数据到机器人服务器: 'request_weight'
2025-12-23 17:02:20,022 - DATA_COM - INFO - 收到机器人服务器数据: '1 1 1 1 #'
2025-12-23 17:02:20,340 - DATA_COM - INFO - 成功发送数据到机器人服务器: 'request_weight'
2025-12-23 17:02:21,039 - DATA_COM - INFO - 收到机器人服务器数据: '1 1 1 1 #'
2025-12-23 17:02:21,337 - DATA_COM - INFO - 成功发送数据到机器人服务器: 'request_weight'
2025-12-23 17:02:22,046 - DATA_COM - INFO - 收到机器人服务器数据: '1 1 1 1 #'
2025-12-23 17:02:22,334 - DATA_COM - INFO - 成功发送数据到机器人服务器: 'request_weight'
2025-12-23 17:02:23,029 - DATA_COM - INFO - 收到机器人服务器数据: '1 1 1 1 #'
2025-12-23 17:02:23,334 - DATA_COM - INFO - 成功发送数据到机器人服务器: 'request_weight'
2025-12-23 17:02:24,032 - DATA_COM - INFO - 收到机器人服务器数据: '1 1 1 1 #'
2025-12-23 17:02:24,331 - DATA_COM - INFO - 成功发送数据到机器人服务器: 'request_weight'
2025-12-23 17:02:25,024 - DATA_COM - INFO - 收到机器人服务器数据: '1 1 1 1 #'
2025-12-23 17:02:25,339 - DATA_COM - INFO - 成功发送数据到机器人服务器: 'request_weight'
2025-12-23 17:02:26,031 - DATA_COM - INFO - 收到机器人服务器数据: '1 1 1 1 #'
2025-12-23 17:02:26,332 - DATA_COM - INFO - 成功发送数据到机器人服务器: 'request_weight'
2025-12-23 17:02:27,029 - DATA_COM - INFO - 收到机器人服务器数据: '1 1 1 1 #'
2025-12-23 17:02:27,332 - DATA_COM - INFO - 成功发送数据到机器人服务器: 'request_weight'
2025-12-23 17:02:28,027 - DATA_COM - INFO - 收到机器人服务器数据: '1 1 1 1 #'
2025-12-23 17:02:28,337 - DATA_COM - INFO - 成功发送数据到机器人服务器: 'request_weight'
2025-12-23 17:02:29,026 - DATA_COM - INFO - 收到机器人服务器数据: '1 1 1 1 #'
2025-12-23 17:02:29,344 - DATA_COM - INFO - 成功发送数据到机器人服务器: 'request_weight'
2025-12-23 17:02:30,041 - DATA_COM - INFO - 收到机器人服务器数据: '1 1 1 1 #'
2025-12-23 17:02:30,338 - DATA_COM - INFO - 成功发送数据到机器人服务器: 'request_weight'
2025-12-23 17:02:31,034 - DATA_COM - INFO - 收到机器人服务器数据: '1 1 1 1 #'
2025-12-23 17:02:31,332 - DATA_COM - INFO - 成功发送数据到机器人服务器: 'request_weight'
2025-12-23 17:02:32,028 - DATA_COM - INFO - 收到机器人服务器数据: '1 1 1 1 #'
2025-12-23 17:02:32,333 - DATA_COM - INFO - 成功发送数据到机器人服务器: 'request_weight'
2025-12-23 17:02:33,043 - DATA_COM - INFO - 收到机器人服务器数据: '1 1 1 1 #'
2025-12-23 17:02:33,333 - DATA_COM - INFO - 成功发送数据到机器人服务器: 'request_weight'
2025-12-23 17:02:34,026 - DATA_COM - INFO - 收到机器人服务器数据: '1 1 1 1 #'
2025-12-23 17:02:35,045 - DATA_COM - INFO - 收到机器人服务器数据: '1 1 1 1 #'
2025-12-23 17:02:36,023 - DATA_COM - INFO - 收到机器人服务器数据: '1 1 1 1 #'
2025-12-23 17:02:37,039 - DATA_COM - INFO - 收到机器人服务器数据: '1 1 1 1 #'
2025-12-23 17:02:38,045 - DATA_COM - INFO - 收到机器人服务器数据: '1 1 1 1 #'
2025-12-23 17:02:39,028 - DATA_COM - INFO - 收到机器人服务器数据: '1 1 1 1 #'
2025-12-23 17:02:40,029 - DATA_COM - INFO - 收到机器人服务器数据: '1 1 1 1 #'
2025-12-23 17:02:41,043 - DATA_COM - INFO - 收到机器人服务器数据: '1 1 1 1 #'
2025-12-23 17:02:42,033 - DATA_COM - INFO - 收到机器人服务器数据: '1 1 1 1 #'
2025-12-23 17:02:43,032 - DATA_COM - INFO - 收到机器人服务器数据: '1 1 1 1 #'
2025-12-23 17:02:44,031 - DATA_COM - INFO - 收到机器人服务器数据: '1 1 1 1 #'
2025-12-23 17:02:45,029 - DATA_COM - INFO - 收到机器人服务器数据: '1 1 1 1 #'
2025-12-23 17:02:46,037 - DATA_COM - INFO - 收到机器人服务器数据: '1 1 1 1 #'
2025-12-23 17:02:47,027 - DATA_COM - INFO - 收到机器人服务器数据: '1 1 1 1 #'
2025-12-23 17:02:48,039 - DATA_COM - INFO - 收到机器人服务器数据: '1 1 1 1 #'
2025-12-23 17:02:49,044 - DATA_COM - INFO - 收到机器人服务器数据: '1 1 1 1 #'
2025-12-23 17:02:50,017 - DATA_COM - INFO - 收到机器人服务器数据: '1 1 1 1 #'
2025-12-23 17:02:51,033 - DATA_COM - INFO - 收到机器人服务器数据: '1 1 1 1 #'
2025-12-23 17:02:52,029 - DATA_COM - INFO - 收到机器人服务器数据: '1 1 1 1 #'
2025-12-23 17:02:53,024 - DATA_COM - INFO - 收到机器人服务器数据: '1 1 1 1 #'
2025-12-23 17:02:54,039 - DATA_COM - INFO - 收到机器人服务器数据: '1 1 1 1 #'
2025-12-23 17:02:55,031 - DATA_COM - INFO - 收到机器人服务器数据: '1 1 1 1 #'
2025-12-23 17:02:56,026 - DATA_COM - INFO - 收到机器人服务器数据: '1 1 1 1 #'
2025-12-23 17:02:57,038 - DATA_COM - INFO - 收到机器人服务器数据: '1 1 1 1 #'
2025-12-23 17:02:58,034 - DATA_COM - INFO - 收到机器人服务器数据: '1 1 1 1 #'
2025-12-23 17:02:59,027 - DATA_COM - INFO - 收到机器人服务器数据: '1 1 1 1 #'
2025-12-23 17:02:59,839 - DATA_COM - INFO - 已断开与机器人服务器的连接: 127.0.0.1:1025
2025-12-23 17:02:59,839 - DATA_COM - ERROR - 接收数据时发生socket错误: [WinError 10038] 在一个非套接字上尝试了一个操作。
