2025-12-23 18:26:04,929 - DATA_COM - INFO - 正在连接到机器人服务器: 192.168.125.1:1025
2025-12-23 18:26:04,948 - DATA_COM - INFO - 成功连接到机器人服务器: 192.168.125.1:1025
2025-12-23 18:26:15,462 - DATA_COM - INFO - 成功发送数据到机器人服务器: 'request_weight'
2025-12-23 18:26:15,464 - DATA_COM - INFO - 收到机器人服务器数据: '9 9 9'
2025-12-23 18:26:16,460 - DATA_COM - INFO - 成功发送数据到机器人服务器: 'request_weight'
2025-12-23 18:26:16,461 - DATA_COM - INFO - 收到机器人服务器数据: '9 9 9'
2025-12-23 18:26:17,458 - DATA_COM - INFO - 成功发送数据到机器人服务器: 'request_weight'
2025-12-23 18:26:17,460 - DATA_COM - INFO - 收到机器人服务器数据: '9 9 9'
2025-12-23 18:26:18,468 - DATA_COM - INFO - 成功发送数据到机器人服务器: 'request_weight'
2025-12-23 18:26:18,470 - DATA_COM - INFO - 收到机器人服务器数据: '9 9 9'
2025-12-23 18:26:19,465 - DATA_COM - INFO - 成功发送数据到机器人服务器: 'request_weight'
2025-12-23 18:26:19,466 - DATA_COM - INFO - 收到机器人服务器数据: '9 9 9'
2025-12-23 18:26:20,458 - DATA_COM - INFO - 成功发送数据到机器人服务器: 'request_weight'
2025-12-23 18:26:20,459 - DATA_COM - INFO - 收到机器人服务器数据: '9 9 9'
2025-12-23 18:26:21,469 - DATA_COM - INFO - 成功发送数据到机器人服务器: 'request_weight'
2025-12-23 18:26:21,471 - DATA_COM - INFO - 收到机器人服务器数据: '9 9 9'
2025-12-23 18:26:22,469 - DATA_COM - INFO - 成功发送数据到机器人服务器: 'request_weight'
2025-12-23 18:26:22,470 - DATA_COM - INFO - 收到机器人服务器数据: '9 9 9'
2025-12-23 18:26:23,456 - DATA_COM - INFO - 成功发送数据到机器人服务器: 'request_weight'
2025-12-23 18:26:23,457 - DATA_COM - INFO - 收到机器人服务器数据: '9 9 9'
2025-12-23 18:26:24,455 - DATA_COM - INFO - 成功发送数据到机器人服务器: 'request_weight'
2025-12-23 18:26:24,456 - DATA_COM - INFO - 收到机器人服务器数据: '9 9 9'
2025-12-23 18:26:25,457 - DATA_COM - INFO - 成功发送数据到机器人服务器: 'request_weight'
2025-12-23 18:26:25,457 - DATA_COM - INFO - 收到机器人服务器数据: '9 9 9'
2025-12-23 18:26:26,462 - DATA_COM - INFO - 成功发送数据到机器人服务器: 'request_weight'
2025-12-23 18:26:26,463 - DATA_COM - INFO - 收到机器人服务器数据: '9 9 9'
2025-12-23 18:26:27,467 - DATA_COM - INFO - 成功发送数据到机器人服务器: 'request_weight'
2025-12-23 18:26:27,468 - DATA_COM - INFO - 收到机器人服务器数据: '9 9 9'
2025-12-23 18:26:28,458 - DATA_COM - INFO - 成功发送数据到机器人服务器: 'request_weight'
2025-12-23 18:26:28,459 - DATA_COM - INFO - 收到机器人服务器数据: '9 9 9'
2025-12-23 18:26:29,470 - DATA_COM - INFO - 成功发送数据到机器人服务器: 'request_weight'
2025-12-23 18:26:29,471 - DATA_COM - INFO - 收到机器人服务器数据: '9 9 9'
2025-12-23 18:26:30,460 - DATA_COM - INFO - 成功发送数据到机器人服务器: 'request_weight'
2025-12-23 18:26:30,461 - DATA_COM - INFO - 收到机器人服务器数据: '9 9 9'
2025-12-23 18:26:31,472 - DATA_COM - INFO - 成功发送数据到机器人服务器: 'request_weight'
2025-12-23 18:26:31,474 - DATA_COM - INFO - 收到机器人服务器数据: '9 9 9'
2025-12-23 18:26:32,471 - DATA_COM - INFO - 成功发送数据到机器人服务器: 'request_weight'
2025-12-23 18:26:32,473 - DATA_COM - INFO - 收到机器人服务器数据: '9 9 9'
2025-12-23 18:26:33,458 - DATA_COM - INFO - 成功发送数据到机器人服务器: 'request_weight'
2025-12-23 18:26:33,458 - DATA_COM - INFO - 收到机器人服务器数据: '9 9 9'
2025-12-23 18:26:34,468 - DATA_COM - INFO - 成功发送数据到机器人服务器: 'request_weight'
2025-12-23 18:26:34,469 - DATA_COM - INFO - 收到机器人服务器数据: '9 9 9'
2025-12-23 18:26:35,468 - DATA_COM - INFO - 成功发送数据到机器人服务器: 'request_weight'
2025-12-23 18:26:35,469 - DATA_COM - INFO - 收到机器人服务器数据: '9 9 9'
2025-12-23 18:26:36,464 - DATA_COM - INFO - 成功发送数据到机器人服务器: 'request_weight'
2025-12-23 18:26:36,465 - DATA_COM - INFO - 收到机器人服务器数据: '9 9 9'
2025-12-23 18:26:37,466 - DATA_COM - INFO - 成功发送数据到机器人服务器: 'request_weight'
2025-12-23 18:26:37,467 - DATA_COM - INFO - 收到机器人服务器数据: '9 9 9'
2025-12-23 18:26:38,462 - DATA_COM - INFO - 成功发送数据到机器人服务器: 'request_weight'
2025-12-23 18:26:38,464 - DATA_COM - INFO - 收到机器人服务器数据: '9 9 9'
2025-12-23 18:26:39,459 - DATA_COM - INFO - 成功发送数据到机器人服务器: 'request_weight'
2025-12-23 18:26:39,460 - DATA_COM - INFO - 收到机器人服务器数据: '9 9 9'
2025-12-23 18:26:40,466 - DATA_COM - INFO - 成功发送数据到机器人服务器: 'request_weight'
2025-12-23 18:26:40,468 - DATA_COM - INFO - 收到机器人服务器数据: '9 9 9'
2025-12-23 18:26:41,458 - DATA_COM - INFO - 成功发送数据到机器人服务器: 'request_weight'
2025-12-23 18:26:41,460 - DATA_COM - INFO - 收到机器人服务器数据: '9 9 9'
2025-12-23 18:26:42,461 - DATA_COM - INFO - 成功发送数据到机器人服务器: 'request_weight'
2025-12-23 18:26:42,461 - DATA_COM - INFO - 收到机器人服务器数据: '9 9 9'
2025-12-23 18:26:43,471 - DATA_COM - INFO - 成功发送数据到机器人服务器: 'request_weight'
2025-12-23 18:26:43,473 - DATA_COM - INFO - 收到机器人服务器数据: '9 9 9'
2025-12-23 18:26:44,471 - DATA_COM - INFO - 成功发送数据到机器人服务器: 'request_weight'
2025-12-23 18:26:44,472 - DATA_COM - INFO - 收到机器人服务器数据: '9 9 9'
2025-12-23 18:26:45,462 - DATA_COM - INFO - 成功发送数据到机器人服务器: 'request_weight'
2025-12-23 18:26:45,462 - DATA_COM - INFO - 收到机器人服务器数据: '9 9 9'
2025-12-23 18:26:46,462 - DATA_COM - INFO - 成功发送数据到机器人服务器: 'request_weight'
2025-12-23 18:26:46,464 - DATA_COM - INFO - 收到机器人服务器数据: '9 9 9'
2025-12-23 18:26:47,459 - DATA_COM - INFO - 成功发送数据到机器人服务器: 'request_weight'
2025-12-23 18:26:47,460 - DATA_COM - INFO - 收到机器人服务器数据: '9 9 9'
2025-12-23 18:26:48,468 - DATA_COM - INFO - 成功发送数据到机器人服务器: 'request_weight'
2025-12-23 18:26:48,468 - DATA_COM - INFO - 收到机器人服务器数据: '9 9 9'
2025-12-23 18:26:49,460 - DATA_COM - INFO - 成功发送数据到机器人服务器: 'request_weight'
2025-12-23 18:26:49,463 - DATA_COM - INFO - 收到机器人服务器数据: '9 9 9'
2025-12-23 18:26:50,460 - DATA_COM - INFO - 成功发送数据到机器人服务器: 'request_weight'
2025-12-23 18:26:50,460 - DATA_COM - INFO - 收到机器人服务器数据: '9 9 9'
2025-12-23 18:26:51,458 - DATA_COM - INFO - 成功发送数据到机器人服务器: 'request_weight'
2025-12-23 18:26:51,459 - DATA_COM - INFO - 收到机器人服务器数据: '9 9 9'
2025-12-23 18:26:52,467 - DATA_COM - INFO - 成功发送数据到机器人服务器: 'request_weight'
2025-12-23 18:26:52,470 - DATA_COM - INFO - 收到机器人服务器数据: '9 9 9'
2025-12-23 18:26:53,467 - DATA_COM - INFO - 成功发送数据到机器人服务器: 'request_weight'
2025-12-23 18:26:53,470 - DATA_COM - INFO - 收到机器人服务器数据: '9 9 9'
2025-12-23 18:26:54,461 - DATA_COM - INFO - 成功发送数据到机器人服务器: 'request_weight'
2025-12-23 18:26:54,462 - DATA_COM - INFO - 收到机器人服务器数据: '9 9 9'
2025-12-23 18:26:55,466 - DATA_COM - INFO - 成功发送数据到机器人服务器: 'request_weight'
2025-12-23 18:26:55,467 - DATA_COM - INFO - 收到机器人服务器数据: '9 9 9'
2025-12-23 18:26:56,458 - DATA_COM - INFO - 成功发送数据到机器人服务器: 'request_weight'
2025-12-23 18:26:56,459 - DATA_COM - INFO - 收到机器人服务器数据: '9 9 9'
2025-12-23 18:26:57,456 - DATA_COM - INFO - 成功发送数据到机器人服务器: 'request_weight'
2025-12-23 18:26:57,458 - DATA_COM - INFO - 收到机器人服务器数据: '9 9 9'
2025-12-23 18:26:58,457 - DATA_COM - INFO - 成功发送数据到机器人服务器: 'request_weight'
2025-12-23 18:26:58,458 - DATA_COM - INFO - 收到机器人服务器数据: '9 9 9'
2025-12-23 18:26:59,472 - DATA_COM - INFO - 成功发送数据到机器人服务器: 'request_weight'
2025-12-23 18:26:59,472 - DATA_COM - INFO - 收到机器人服务器数据: '9 9 9'
2025-12-23 18:27:00,463 - DATA_COM - INFO - 成功发送数据到机器人服务器: 'request_weight'
2025-12-23 18:27:00,465 - DATA_COM - INFO - 收到机器人服务器数据: '9 9 9'
2025-12-23 18:27:01,470 - DATA_COM - INFO - 成功发送数据到机器人服务器: 'request_weight'
2025-12-23 18:27:01,471 - DATA_COM - INFO - 收到机器人服务器数据: '9 9 9'
2025-12-23 18:27:02,460 - DATA_COM - INFO - 成功发送数据到机器人服务器: 'request_weight'
2025-12-23 18:27:02,462 - DATA_COM - INFO - 收到机器人服务器数据: '9 9 9'
2025-12-23 18:27:03,463 - DATA_COM - INFO - 成功发送数据到机器人服务器: 'request_weight'
2025-12-23 18:27:03,463 - DATA_COM - INFO - 收到机器人服务器数据: '9 9 9'
2025-12-23 18:27:04,464 - DATA_COM - INFO - 成功发送数据到机器人服务器: 'request_weight'
2025-12-23 18:27:04,465 - DATA_COM - INFO - 收到机器人服务器数据: '9 9 9'
2025-12-23 18:27:05,469 - DATA_COM - INFO - 成功发送数据到机器人服务器: 'request_weight'
2025-12-23 18:27:05,471 - DATA_COM - INFO - 收到机器人服务器数据: '9 9 9'
2025-12-23 18:27:06,468 - DATA_COM - INFO - 成功发送数据到机器人服务器: 'request_weight'
2025-12-23 18:27:06,469 - DATA_COM - INFO - 收到机器人服务器数据: '9 9 9'
2025-12-23 18:27:07,459 - DATA_COM - INFO - 成功发送数据到机器人服务器: 'request_weight'
2025-12-23 18:27:07,460 - DATA_COM - INFO - 收到机器人服务器数据: '9 9 9'
2025-12-23 18:27:08,459 - DATA_COM - INFO - 成功发送数据到机器人服务器: 'request_weight'
2025-12-23 18:27:08,460 - DATA_COM - INFO - 收到机器人服务器数据: '9 9 9'
2025-12-23 18:27:09,469 - DATA_COM - INFO - 成功发送数据到机器人服务器: 'request_weight'
2025-12-23 18:27:09,470 - DATA_COM - INFO - 收到机器人服务器数据: '9 9 9'
2025-12-23 18:27:10,462 - DATA_COM - INFO - 成功发送数据到机器人服务器: 'request_weight'
2025-12-23 18:27:10,463 - DATA_COM - INFO - 收到机器人服务器数据: '9 9 9'
2025-12-23 18:27:11,459 - DATA_COM - INFO - 成功发送数据到机器人服务器: 'request_weight'
2025-12-23 18:27:11,461 - DATA_COM - INFO - 收到机器人服务器数据: '9 9 9'
2025-12-23 18:27:12,462 - DATA_COM - INFO - 成功发送数据到机器人服务器: 'request_weight'
2025-12-23 18:27:12,462 - DATA_COM - INFO - 收到机器人服务器数据: '9 9 9'
2025-12-23 18:27:13,466 - DATA_COM - INFO - 成功发送数据到机器人服务器: 'request_weight'
2025-12-23 18:27:13,466 - DATA_COM - INFO - 收到机器人服务器数据: '9 9 9'
2025-12-23 18:27:14,472 - DATA_COM - INFO - 成功发送数据到机器人服务器: 'request_weight'
2025-12-23 18:27:14,472 - DATA_COM - INFO - 收到机器人服务器数据: '9 9 9'
2025-12-23 18:27:15,464 - DATA_COM - INFO - 成功发送数据到机器人服务器: 'request_weight'
2025-12-23 18:27:15,465 - DATA_COM - INFO - 收到机器人服务器数据: '9 9 9'
2025-12-23 18:27:16,455 - DATA_COM - INFO - 成功发送数据到机器人服务器: 'request_weight'
2025-12-23 18:27:16,457 - DATA_COM - INFO - 收到机器人服务器数据: '9 9 9'
2025-12-23 18:27:17,466 - DATA_COM - INFO - 成功发送数据到机器人服务器: 'request_weight'
2025-12-23 18:27:17,467 - DATA_COM - INFO - 收到机器人服务器数据: '9 9 9'
2025-12-23 18:27:18,459 - DATA_COM - INFO - 成功发送数据到机器人服务器: 'request_weight'
2025-12-23 18:27:18,460 - DATA_COM - INFO - 收到机器人服务器数据: '9 9 9'
2025-12-23 18:27:19,460 - DATA_COM - INFO - 成功发送数据到机器人服务器: 'request_weight'
2025-12-23 18:27:19,461 - DATA_COM - INFO - 收到机器人服务器数据: '9 9 9'
2025-12-23 18:27:20,466 - DATA_COM - INFO - 成功发送数据到机器人服务器: 'request_weight'
2025-12-23 18:27:20,466 - DATA_COM - INFO - 收到机器人服务器数据: '9 9 9'
2025-12-23 18:27:21,457 - DATA_COM - INFO - 成功发送数据到机器人服务器: 'request_weight'
2025-12-23 18:27:21,457 - DATA_COM - INFO - 收到机器人服务器数据: '9 9 9'
2025-12-23 18:27:22,465 - DATA_COM - INFO - 成功发送数据到机器人服务器: 'request_weight'
2025-12-23 18:27:22,465 - DATA_COM - INFO - 收到机器人服务器数据: '9 9 9'
2025-12-23 18:27:23,465 - DATA_COM - INFO - 成功发送数据到机器人服务器: 'request_weight'
2025-12-23 18:27:23,465 - DATA_COM - INFO - 收到机器人服务器数据: '9 9 9'
2025-12-23 18:27:24,461 - DATA_COM - INFO - 成功发送数据到机器人服务器: 'request_weight'
2025-12-23 18:27:24,463 - DATA_COM - INFO - 收到机器人服务器数据: '9 9 9'
2025-12-23 18:27:25,459 - DATA_COM - INFO - 成功发送数据到机器人服务器: 'request_weight'
2025-12-23 18:27:25,460 - DATA_COM - INFO - 收到机器人服务器数据: '9 9 9'
2025-12-23 18:27:26,465 - DATA_COM - INFO - 成功发送数据到机器人服务器: 'request_weight'
2025-12-23 18:27:26,466 - DATA_COM - INFO - 收到机器人服务器数据: '9 9 9'
2025-12-23 18:27:27,465 - DATA_COM - INFO - 成功发送数据到机器人服务器: 'request_weight'
2025-12-23 18:27:27,465 - DATA_COM - INFO - 收到机器人服务器数据: '9 9 9'
2025-12-23 18:27:28,462 - DATA_COM - INFO - 成功发送数据到机器人服务器: 'request_weight'
2025-12-23 18:27:28,464 - DATA_COM - INFO - 收到机器人服务器数据: '9 9 9'
2025-12-23 18:27:29,458 - DATA_COM - INFO - 成功发送数据到机器人服务器: 'request_weight'
2025-12-23 18:27:29,460 - DATA_COM - INFO - 收到机器人服务器数据: '9 9 9'
2025-12-23 18:27:30,457 - DATA_COM - INFO - 成功发送数据到机器人服务器: 'request_weight'
2025-12-23 18:27:30,457 - DATA_COM - INFO - 收到机器人服务器数据: '9 9 9'
2025-12-23 18:27:31,459 - DATA_COM - INFO - 成功发送数据到机器人服务器: 'request_weight'
2025-12-23 18:27:31,460 - DATA_COM - INFO - 收到机器人服务器数据: '9 9 9'
2025-12-23 18:27:32,462 - DATA_COM - INFO - 成功发送数据到机器人服务器: 'request_weight'
2025-12-23 18:27:32,462 - DATA_COM - INFO - 收到机器人服务器数据: '9 9 9'
2025-12-23 18:27:33,469 - DATA_COM - INFO - 成功发送数据到机器人服务器: 'request_weight'
2025-12-23 18:27:33,470 - DATA_COM - INFO - 收到机器人服务器数据: '9 9 9'
2025-12-23 18:27:34,461 - DATA_COM - INFO - 成功发送数据到机器人服务器: 'request_weight'
2025-12-23 18:27:34,462 - DATA_COM - INFO - 收到机器人服务器数据: '9 9 9'
2025-12-23 18:27:35,457 - DATA_COM - INFO - 成功发送数据到机器人服务器: 'request_weight'
2025-12-23 18:27:35,459 - DATA_COM - INFO - 收到机器人服务器数据: '9 9 9'
2025-12-23 18:27:36,458 - DATA_COM - INFO - 成功发送数据到机器人服务器: 'request_weight'
2025-12-23 18:27:36,459 - DATA_COM - INFO - 收到机器人服务器数据: '9 9 9'
2025-12-23 18:27:37,473 - DATA_COM - INFO - 成功发送数据到机器人服务器: 'request_weight'
2025-12-23 18:27:37,475 - DATA_COM - INFO - 收到机器人服务器数据: '9 9 9'
2025-12-23 18:27:38,474 - DATA_COM - INFO - 成功发送数据到机器人服务器: 'request_weight'
2025-12-23 18:27:38,476 - DATA_COM - INFO - 收到机器人服务器数据: '9 9 9'
2025-12-23 18:27:39,482 - DATA_COM - INFO - 成功发送数据到机器人服务器: 'request_weight'
2025-12-23 18:27:39,483 - DATA_COM - INFO - 收到机器人服务器数据: '9 9 9'
2025-12-23 18:27:40,474 - DATA_COM - INFO - 成功发送数据到机器人服务器: 'request_weight'
2025-12-23 18:27:40,474 - DATA_COM - INFO - 收到机器人服务器数据: '9 9 9'
2025-12-23 18:27:41,479 - DATA_COM - INFO - 成功发送数据到机器人服务器: 'request_weight'
2025-12-23 18:27:41,479 - DATA_COM - INFO - 收到机器人服务器数据: '9 9 9'
2025-12-23 18:27:42,486 - DATA_COM - INFO - 成功发送数据到机器人服务器: 'request_weight'
2025-12-23 18:27:42,487 - DATA_COM - INFO - 收到机器人服务器数据: '9 9 9'
2025-12-23 18:27:43,486 - DATA_COM - INFO - 成功发送数据到机器人服务器: 'request_weight'
2025-12-23 18:27:43,486 - DATA_COM - INFO - 收到机器人服务器数据: '9 9 9'
2025-12-23 18:27:44,475 - DATA_COM - INFO - 成功发送数据到机器人服务器: 'request_weight'
2025-12-23 18:27:44,476 - DATA_COM - INFO - 收到机器人服务器数据: '9 9 9'
2025-12-23 18:27:45,477 - DATA_COM - INFO - 成功发送数据到机器人服务器: 'request_weight'
2025-12-23 18:27:45,479 - DATA_COM - INFO - 收到机器人服务器数据: '9 9 9'
2025-12-23 18:27:46,478 - DATA_COM - INFO - 成功发送数据到机器人服务器: 'request_weight'
2025-12-23 18:27:46,479 - DATA_COM - INFO - 收到机器人服务器数据: '9 9 9'
2025-12-23 18:27:47,479 - DATA_COM - INFO - 成功发送数据到机器人服务器: 'request_weight'
2025-12-23 18:27:47,480 - DATA_COM - INFO - 收到机器人服务器数据: '9 9 9'
2025-12-23 18:27:48,477 - DATA_COM - INFO - 成功发送数据到机器人服务器: 'request_weight'
2025-12-23 18:27:48,477 - DATA_COM - INFO - 收到机器人服务器数据: '9 9 9'
2025-12-23 18:27:49,484 - DATA_COM - INFO - 成功发送数据到机器人服务器: 'request_weight'
2025-12-23 18:27:49,486 - DATA_COM - INFO - 收到机器人服务器数据: '9 9 9'
2025-12-23 18:27:50,477 - DATA_COM - INFO - 成功发送数据到机器人服务器: 'request_weight'
2025-12-23 18:27:50,478 - DATA_COM - INFO - 收到机器人服务器数据: '9 9 9'
2025-12-23 18:27:51,483 - DATA_COM - INFO - 成功发送数据到机器人服务器: 'request_weight'
2025-12-23 18:27:51,485 - DATA_COM - INFO - 收到机器人服务器数据: '9 9 9'
2025-12-23 18:27:52,475 - DATA_COM - INFO - 成功发送数据到机器人服务器: 'request_weight'
2025-12-23 18:27:52,475 - DATA_COM - INFO - 收到机器人服务器数据: '9 9 9'
2025-12-23 18:27:53,472 - DATA_COM - INFO - 成功发送数据到机器人服务器: 'request_weight'
2025-12-23 18:27:53,473 - DATA_COM - INFO - 收到机器人服务器数据: '9 9 9'
2025-12-23 18:27:54,478 - DATA_COM - INFO - 成功发送数据到机器人服务器: 'request_weight'
2025-12-23 18:27:54,479 - DATA_COM - INFO - 收到机器人服务器数据: '9 9 9'
2025-12-23 18:27:55,482 - DATA_COM - INFO - 成功发送数据到机器人服务器: 'request_weight'
2025-12-23 18:27:55,483 - DATA_COM - INFO - 收到机器人服务器数据: '9 9 9'
2025-12-23 18:27:56,472 - DATA_COM - INFO - 成功发送数据到机器人服务器: 'request_weight'
2025-12-23 18:27:56,473 - DATA_COM - INFO - 收到机器人服务器数据: '9 9 9'
2025-12-23 18:27:57,487 - DATA_COM - INFO - 成功发送数据到机器人服务器: 'request_weight'
2025-12-23 18:27:57,488 - DATA_COM - INFO - 收到机器人服务器数据: '9 9 9'
2025-12-23 18:27:58,479 - DATA_COM - INFO - 成功发送数据到机器人服务器: 'request_weight'
2025-12-23 18:27:58,480 - DATA_COM - INFO - 收到机器人服务器数据: '9 9 9'
2025-12-23 18:27:59,474 - DATA_COM - INFO - 成功发送数据到机器人服务器: 'request_weight'
2025-12-23 18:27:59,476 - DATA_COM - INFO - 收到机器人服务器数据: '9 9 9'
2025-12-23 18:28:00,474 - DATA_COM - INFO - 成功发送数据到机器人服务器: 'request_weight'
2025-12-23 18:28:00,475 - DATA_COM - INFO - 收到机器人服务器数据: '9 9 9'
2025-12-23 18:28:01,477 - DATA_COM - INFO - 成功发送数据到机器人服务器: 'request_weight'
2025-12-23 18:28:01,477 - DATA_COM - INFO - 收到机器人服务器数据: '9 9 9'
2025-12-23 18:28:02,475 - DATA_COM - INFO - 成功发送数据到机器人服务器: 'request_weight'
2025-12-23 18:28:02,476 - DATA_COM - INFO - 收到机器人服务器数据: '9 9 9'
2025-12-23 18:28:03,484 - DATA_COM - INFO - 成功发送数据到机器人服务器: 'request_weight'
2025-12-23 18:28:03,485 - DATA_COM - INFO - 收到机器人服务器数据: '9 9 9'
2025-12-23 18:28:04,473 - DATA_COM - INFO - 成功发送数据到机器人服务器: 'request_weight'
2025-12-23 18:28:04,476 - DATA_COM - INFO - 收到机器人服务器数据: '9 9 9'
2025-12-23 18:28:05,472 - DATA_COM - INFO - 成功发送数据到机器人服务器: 'request_weight'
2025-12-23 18:28:05,473 - DATA_COM - INFO - 收到机器人服务器数据: '9 9 9'
2025-12-23 18:28:06,485 - DATA_COM - INFO - 成功发送数据到机器人服务器: 'request_weight'
2025-12-23 18:28:06,486 - DATA_COM - INFO - 收到机器人服务器数据: '9 9 9'
2025-12-23 18:28:07,488 - DATA_COM - INFO - 成功发送数据到机器人服务器: 'request_weight'
2025-12-23 18:28:07,490 - DATA_COM - INFO - 收到机器人服务器数据: '9 9 9'
2025-12-23 18:28:08,495 - DATA_COM - INFO - 成功发送数据到机器人服务器: 'request_weight'
2025-12-23 18:28:08,496 - DATA_COM - INFO - 收到机器人服务器数据: '9 9 9'
2025-12-23 18:28:09,487 - DATA_COM - INFO - 成功发送数据到机器人服务器: 'request_weight'
2025-12-23 18:28:09,488 - DATA_COM - INFO - 收到机器人服务器数据: '9 9 9'
2025-12-23 18:28:10,490 - DATA_COM - INFO - 成功发送数据到机器人服务器: 'request_weight'
2025-12-23 18:28:10,491 - DATA_COM - INFO - 收到机器人服务器数据: '9 9 9'
2025-12-23 18:28:11,503 - DATA_COM - INFO - 成功发送数据到机器人服务器: 'request_weight'
2025-12-23 18:28:11,503 - DATA_COM - INFO - 收到机器人服务器数据: '9 9 9'
2025-12-23 18:28:12,503 - DATA_COM - INFO - 成功发送数据到机器人服务器: 'request_weight'
2025-12-23 18:28:12,504 - DATA_COM - INFO - 收到机器人服务器数据: '9 9 9'
2025-12-23 18:28:13,492 - DATA_COM - INFO - 成功发送数据到机器人服务器: 'request_weight'
2025-12-23 18:28:13,493 - DATA_COM - INFO - 收到机器人服务器数据: '9 9 9'
2025-12-23 18:28:14,493 - DATA_COM - INFO - 成功发送数据到机器人服务器: 'request_weight'
2025-12-23 18:28:14,494 - DATA_COM - INFO - 收到机器人服务器数据: '9 9 9'
2025-12-23 18:28:15,488 - DATA_COM - INFO - 成功发送数据到机器人服务器: 'request_weight'
2025-12-23 18:28:15,490 - DATA_COM - INFO - 收到机器人服务器数据: '9 9 9'
2025-12-23 18:28:16,487 - DATA_COM - INFO - 成功发送数据到机器人服务器: 'request_weight'
2025-12-23 18:28:16,489 - DATA_COM - INFO - 收到机器人服务器数据: '9 9 9'
2025-12-23 18:28:17,488 - DATA_COM - INFO - 成功发送数据到机器人服务器: 'request_weight'
2025-12-23 18:28:17,489 - DATA_COM - INFO - 收到机器人服务器数据: '9 9 9'
2025-12-23 18:28:18,501 - DATA_COM - INFO - 成功发送数据到机器人服务器: 'request_weight'
2025-12-23 18:28:18,501 - DATA_COM - INFO - 收到机器人服务器数据: '9 9 9'
2025-12-23 18:28:19,499 - DATA_COM - INFO - 成功发送数据到机器人服务器: 'request_weight'
2025-12-23 18:28:19,500 - DATA_COM - INFO - 收到机器人服务器数据: '9 9 9'
2025-12-23 18:28:20,489 - DATA_COM - INFO - 成功发送数据到机器人服务器: 'request_weight'
2025-12-23 18:28:20,491 - DATA_COM - INFO - 收到机器人服务器数据: '9 9 9'
2025-12-23 18:28:21,489 - DATA_COM - INFO - 成功发送数据到机器人服务器: 'request_weight'
2025-12-23 18:28:21,490 - DATA_COM - INFO - 收到机器人服务器数据: '9 9 9'
2025-12-23 18:28:22,500 - DATA_COM - INFO - 成功发送数据到机器人服务器: 'request_weight'
2025-12-23 18:28:22,501 - DATA_COM - INFO - 收到机器人服务器数据: '9 9 9'
2025-12-23 18:28:23,492 - DATA_COM - INFO - 成功发送数据到机器人服务器: 'request_weight'
2025-12-23 18:28:23,492 - DATA_COM - INFO - 收到机器人服务器数据: '9 9 9'
2025-12-23 18:28:24,496 - DATA_COM - INFO - 成功发送数据到机器人服务器: 'request_weight'
2025-12-23 18:28:24,497 - DATA_COM - INFO - 收到机器人服务器数据: '9 9 9'
2025-12-23 18:28:25,495 - DATA_COM - INFO - 成功发送数据到机器人服务器: 'request_weight'
2025-12-23 18:28:25,496 - DATA_COM - INFO - 收到机器人服务器数据: '9 9 9'
2025-12-23 18:28:26,493 - DATA_COM - INFO - 成功发送数据到机器人服务器: 'request_weight'
2025-12-23 18:28:26,493 - DATA_COM - INFO - 收到机器人服务器数据: '9 9 9'
2025-12-23 18:28:27,491 - DATA_COM - INFO - 成功发送数据到机器人服务器: 'request_weight'
2025-12-23 18:28:27,492 - DATA_COM - INFO - 收到机器人服务器数据: '9 9 9'
2025-12-23 18:28:28,495 - DATA_COM - INFO - 成功发送数据到机器人服务器: 'request_weight'
2025-12-23 18:28:28,496 - DATA_COM - INFO - 收到机器人服务器数据: '9 9 9'
2025-12-23 18:28:29,495 - DATA_COM - INFO - 成功发送数据到机器人服务器: 'request_weight'
2025-12-23 18:28:29,495 - DATA_COM - INFO - 收到机器人服务器数据: '9 9 9'
2025-12-23 18:28:30,498 - DATA_COM - INFO - 成功发送数据到机器人服务器: 'request_weight'
2025-12-23 18:28:30,500 - DATA_COM - INFO - 收到机器人服务器数据: '9 9 9'
2025-12-23 18:28:31,487 - DATA_COM - INFO - 成功发送数据到机器人服务器: 'request_weight'
2025-12-23 18:28:31,487 - DATA_COM - INFO - 收到机器人服务器数据: '9 9 9'
2025-12-23 18:28:32,492 - DATA_COM - INFO - 成功发送数据到机器人服务器: 'request_weight'
2025-12-23 18:28:32,494 - DATA_COM - INFO - 收到机器人服务器数据: '9 9 9'
2025-12-23 18:28:33,486 - DATA_COM - INFO - 成功发送数据到机器人服务器: 'request_weight'
2025-12-23 18:28:33,487 - DATA_COM - INFO - 收到机器人服务器数据: '9 9 9'
2025-12-23 18:28:34,489 - DATA_COM - INFO - 成功发送数据到机器人服务器: 'request_weight'
2025-12-23 18:28:34,490 - DATA_COM - INFO - 收到机器人服务器数据: '9 9 9'
2025-12-23 18:28:35,498 - DATA_COM - INFO - 成功发送数据到机器人服务器: 'request_weight'
2025-12-23 18:28:35,500 - DATA_COM - INFO - 收到机器人服务器数据: '9 9 9'
2025-12-23 18:28:36,499 - DATA_COM - INFO - 成功发送数据到机器人服务器: 'request_weight'
2025-12-23 18:28:36,500 - DATA_COM - INFO - 收到机器人服务器数据: '9 9 9'
2025-12-23 18:28:37,492 - DATA_COM - INFO - 成功发送数据到机器人服务器: 'request_weight'
2025-12-23 18:28:37,495 - DATA_COM - INFO - 收到机器人服务器数据: '9 9 9'
2025-12-23 18:28:38,488 - DATA_COM - INFO - 成功发送数据到机器人服务器: 'request_weight'
2025-12-23 18:28:38,490 - DATA_COM - INFO - 收到机器人服务器数据: '9 9 9'
2025-12-23 18:28:39,491 - DATA_COM - INFO - 成功发送数据到机器人服务器: 'request_weight'
2025-12-23 18:28:39,492 - DATA_COM - INFO - 收到机器人服务器数据: '9 9 9'
2025-12-23 18:28:40,491 - DATA_COM - INFO - 成功发送数据到机器人服务器: 'request_weight'
2025-12-23 18:28:40,491 - DATA_COM - INFO - 收到机器人服务器数据: '9 9 9'
2025-12-23 18:28:41,490 - DATA_COM - INFO - 成功发送数据到机器人服务器: 'request_weight'
2025-12-23 18:28:41,490 - DATA_COM - INFO - 收到机器人服务器数据: '9 9 9'
2025-12-23 18:28:42,493 - DATA_COM - INFO - 成功发送数据到机器人服务器: 'request_weight'
2025-12-23 18:28:42,493 - DATA_COM - INFO - 收到机器人服务器数据: '9 9 9'
2025-12-23 18:28:43,492 - DATA_COM - INFO - 成功发送数据到机器人服务器: 'request_weight'
2025-12-23 18:28:43,494 - DATA_COM - INFO - 收到机器人服务器数据: '9 9 9'
2025-12-23 18:28:44,499 - DATA_COM - INFO - 成功发送数据到机器人服务器: 'request_weight'
2025-12-23 18:28:44,502 - DATA_COM - INFO - 收到机器人服务器数据: '9 9 9'
2025-12-23 18:28:45,490 - DATA_COM - INFO - 成功发送数据到机器人服务器: 'request_weight'
2025-12-23 18:28:45,491 - DATA_COM - INFO - 收到机器人服务器数据: '9 9 9'
2025-12-23 18:28:46,491 - DATA_COM - INFO - 成功发送数据到机器人服务器: 'request_weight'
2025-12-23 18:28:46,492 - DATA_COM - INFO - 收到机器人服务器数据: '9 9 9'
2025-12-23 18:28:47,492 - DATA_COM - INFO - 成功发送数据到机器人服务器: 'request_weight'
2025-12-23 18:28:47,494 - DATA_COM - INFO - 收到机器人服务器数据: '9 9 9'
2025-12-23 18:28:48,489 - DATA_COM - INFO - 成功发送数据到机器人服务器: 'request_weight'
2025-12-23 18:28:48,490 - DATA_COM - INFO - 收到机器人服务器数据: '9 9 9'
2025-12-23 18:28:49,488 - DATA_COM - INFO - 成功发送数据到机器人服务器: 'request_weight'
2025-12-23 18:28:49,488 - DATA_COM - INFO - 收到机器人服务器数据: '9 9 9'
2025-12-23 18:28:50,488 - DATA_COM - INFO - 成功发送数据到机器人服务器: 'request_weight'
2025-12-23 18:28:50,489 - DATA_COM - INFO - 收到机器人服务器数据: '9 9 9'
2025-12-23 18:28:51,500 - DATA_COM - INFO - 成功发送数据到机器人服务器: 'request_weight'
2025-12-23 18:28:51,500 - DATA_COM - INFO - 收到机器人服务器数据: '9 9 9'
2025-12-23 18:28:52,498 - DATA_COM - INFO - 成功发送数据到机器人服务器: 'request_weight'
2025-12-23 18:28:52,499 - DATA_COM - INFO - 收到机器人服务器数据: '9 9 9'
2025-12-23 18:28:53,493 - DATA_COM - INFO - 成功发送数据到机器人服务器: 'request_weight'
2025-12-23 18:28:53,494 - DATA_COM - INFO - 收到机器人服务器数据: '9 9 9'
2025-12-23 18:28:54,495 - DATA_COM - INFO - 成功发送数据到机器人服务器: 'request_weight'
2025-12-23 18:28:54,495 - DATA_COM - INFO - 收到机器人服务器数据: '9 9 9'
2025-12-23 18:28:55,489 - DATA_COM - INFO - 成功发送数据到机器人服务器: 'request_weight'
2025-12-23 18:28:55,490 - DATA_COM - INFO - 收到机器人服务器数据: '9 9 9'
2025-12-23 18:28:56,500 - DATA_COM - INFO - 成功发送数据到机器人服务器: 'request_weight'
2025-12-23 18:28:56,502 - DATA_COM - INFO - 收到机器人服务器数据: '9 9 9'
2025-12-23 18:28:57,493 - DATA_COM - INFO - 成功发送数据到机器人服务器: 'request_weight'
2025-12-23 18:28:57,494 - DATA_COM - INFO - 收到机器人服务器数据: '9 9 9'
2025-12-23 18:28:58,488 - DATA_COM - INFO - 成功发送数据到机器人服务器: 'request_weight'
2025-12-23 18:28:58,488 - DATA_COM - INFO - 收到机器人服务器数据: '9 9 9'
2025-12-23 18:28:59,490 - DATA_COM - INFO - 成功发送数据到机器人服务器: 'request_weight'
2025-12-23 18:28:59,492 - DATA_COM - INFO - 收到机器人服务器数据: '9 9 9'
2025-12-23 18:29:00,497 - DATA_COM - INFO - 成功发送数据到机器人服务器: 'request_weight'
2025-12-23 18:29:00,497 - DATA_COM - INFO - 收到机器人服务器数据: '9 9 9'
2025-12-23 18:29:01,488 - DATA_COM - INFO - 成功发送数据到机器人服务器: 'request_weight'
2025-12-23 18:29:01,491 - DATA_COM - INFO - 收到机器人服务器数据: '9 9 9'
2025-12-23 18:29:02,497 - DATA_COM - INFO - 成功发送数据到机器人服务器: 'request_weight'
2025-12-23 18:29:02,499 - DATA_COM - INFO - 收到机器人服务器数据: '9 9 9'
2025-12-23 18:29:03,495 - DATA_COM - INFO - 成功发送数据到机器人服务器: 'request_weight'
2025-12-23 18:29:03,495 - DATA_COM - INFO - 收到机器人服务器数据: '9 9 9'
2025-12-23 18:29:04,493 - DATA_COM - INFO - 成功发送数据到机器人服务器: 'request_weight'
2025-12-23 18:29:04,495 - DATA_COM - INFO - 收到机器人服务器数据: '9 9 9'
2025-12-23 18:29:05,488 - DATA_COM - INFO - 成功发送数据到机器人服务器: 'request_weight'
2025-12-23 18:29:05,489 - DATA_COM - INFO - 收到机器人服务器数据: '9 9 9'
2025-12-23 18:29:06,496 - DATA_COM - INFO - 成功发送数据到机器人服务器: 'request_weight'
2025-12-23 18:29:06,498 - DATA_COM - INFO - 收到机器人服务器数据: '9 9 9'
2025-12-23 18:29:07,492 - DATA_COM - INFO - 成功发送数据到机器人服务器: 'request_weight'
2025-12-23 18:29:07,494 - DATA_COM - INFO - 收到机器人服务器数据: '9 9 9'
2025-12-23 18:29:08,489 - DATA_COM - INFO - 成功发送数据到机器人服务器: 'request_weight'
2025-12-23 18:29:08,491 - DATA_COM - INFO - 收到机器人服务器数据: '9 9 9'
2025-12-23 18:29:09,490 - DATA_COM - INFO - 成功发送数据到机器人服务器: 'request_weight'
2025-12-23 18:29:09,490 - DATA_COM - INFO - 收到机器人服务器数据: '9 9 9'
2025-12-23 18:29:10,502 - DATA_COM - INFO - 成功发送数据到机器人服务器: 'request_weight'
2025-12-23 18:29:10,502 - DATA_COM - INFO - 收到机器人服务器数据: '9 9 9'
2025-12-23 18:29:11,490 - DATA_COM - INFO - 成功发送数据到机器人服务器: 'request_weight'
2025-12-23 18:29:11,492 - DATA_COM - INFO - 收到机器人服务器数据: '9 9 9'
2025-12-23 18:29:12,488 - DATA_COM - INFO - 成功发送数据到机器人服务器: 'request_weight'
2025-12-23 18:29:12,490 - DATA_COM - INFO - 收到机器人服务器数据: '9 9 9'
2025-12-23 18:29:13,491 - DATA_COM - INFO - 成功发送数据到机器人服务器: 'request_weight'
2025-12-23 18:29:13,492 - DATA_COM - INFO - 收到机器人服务器数据: '9 9 9'
2025-12-23 18:29:14,492 - DATA_COM - INFO - 成功发送数据到机器人服务器: 'request_weight'
2025-12-23 18:29:14,493 - DATA_COM - INFO - 收到机器人服务器数据: '9 9 9'
2025-12-23 18:29:15,486 - DATA_COM - INFO - 成功发送数据到机器人服务器: 'request_weight'
2025-12-23 18:29:15,489 - DATA_COM - INFO - 收到机器人服务器数据: '9 9 9'
2025-12-23 18:29:16,492 - DATA_COM - INFO - 成功发送数据到机器人服务器: 'request_weight'
2025-12-23 18:29:16,493 - DATA_COM - INFO - 收到机器人服务器数据: '9 9 9'
2025-12-23 18:29:17,495 - DATA_COM - INFO - 成功发送数据到机器人服务器: 'request_weight'
2025-12-23 18:29:17,496 - DATA_COM - INFO - 收到机器人服务器数据: '9 9 9'
2025-12-23 18:29:18,493 - DATA_COM - INFO - 成功发送数据到机器人服务器: 'request_weight'
2025-12-23 18:29:18,493 - DATA_COM - INFO - 收到机器人服务器数据: '9 9 9'
2025-12-23 18:29:19,494 - DATA_COM - INFO - 成功发送数据到机器人服务器: 'request_weight'
2025-12-23 18:29:19,494 - DATA_COM - INFO - 收到机器人服务器数据: '9 9 9'
2025-12-23 18:29:20,501 - DATA_COM - INFO - 成功发送数据到机器人服务器: 'request_weight'
2025-12-23 18:29:20,502 - DATA_COM - INFO - 收到机器人服务器数据: '9 9 9'
2025-12-23 18:29:21,493 - DATA_COM - INFO - 成功发送数据到机器人服务器: 'request_weight'
2025-12-23 18:29:21,494 - DATA_COM - INFO - 收到机器人服务器数据: '9 9 9'
2025-12-23 18:29:22,493 - DATA_COM - INFO - 成功发送数据到机器人服务器: 'request_weight'
2025-12-23 18:29:22,493 - DATA_COM - INFO - 收到机器人服务器数据: '9 9 9'
2025-12-23 18:29:23,489 - DATA_COM - INFO - 成功发送数据到机器人服务器: 'request_weight'
2025-12-23 18:29:23,490 - DATA_COM - INFO - 收到机器人服务器数据: '9 9 9'
2025-12-23 18:29:24,497 - DATA_COM - INFO - 成功发送数据到机器人服务器: 'request_weight'
2025-12-23 18:29:24,498 - DATA_COM - INFO - 收到机器人服务器数据: '9 9 9'
2025-12-23 18:29:25,497 - DATA_COM - INFO - 成功发送数据到机器人服务器: 'request_weight'
2025-12-23 18:29:25,497 - DATA_COM - INFO - 收到机器人服务器数据: '9 9 9'
2025-12-23 18:29:26,497 - DATA_COM - INFO - 成功发送数据到机器人服务器: 'request_weight'
2025-12-23 18:29:26,499 - DATA_COM - INFO - 收到机器人服务器数据: '9 9 9'
2025-12-23 18:29:27,492 - DATA_COM - INFO - 成功发送数据到机器人服务器: 'request_weight'
2025-12-23 18:29:27,493 - DATA_COM - INFO - 收到机器人服务器数据: '9 9 9'
2025-12-23 18:29:28,488 - DATA_COM - INFO - 成功发送数据到机器人服务器: 'request_weight'
2025-12-23 18:29:28,489 - DATA_COM - INFO - 收到机器人服务器数据: '9 9 9'
2025-12-23 18:29:29,494 - DATA_COM - INFO - 成功发送数据到机器人服务器: 'request_weight'
2025-12-23 18:29:29,495 - DATA_COM - INFO - 收到机器人服务器数据: '9 9 9'
2025-12-23 18:29:30,490 - DATA_COM - INFO - 成功发送数据到机器人服务器: 'request_weight'
2025-12-23 18:29:30,491 - DATA_COM - INFO - 收到机器人服务器数据: '9 9 9'
2025-12-23 18:29:31,487 - DATA_COM - INFO - 成功发送数据到机器人服务器: 'request_weight'
2025-12-23 18:29:31,488 - DATA_COM - INFO - 收到机器人服务器数据: '9 9 9'
2025-12-23 18:29:32,496 - DATA_COM - INFO - 成功发送数据到机器人服务器: 'request_weight'
2025-12-23 18:29:32,497 - DATA_COM - INFO - 收到机器人服务器数据: '9 9 9'
2025-12-23 18:29:33,488 - DATA_COM - INFO - 成功发送数据到机器人服务器: 'request_weight'
2025-12-23 18:29:33,488 - DATA_COM - INFO - 收到机器人服务器数据: '9 9 9'
2025-12-23 18:29:34,492 - DATA_COM - INFO - 成功发送数据到机器人服务器: 'request_weight'
2025-12-23 18:29:34,493 - DATA_COM - INFO - 收到机器人服务器数据: '9 9 9'
2025-12-23 18:29:35,492 - DATA_COM - INFO - 成功发送数据到机器人服务器: 'request_weight'
2025-12-23 18:29:35,493 - DATA_COM - INFO - 收到机器人服务器数据: '9 9 9'
2025-12-23 18:29:36,500 - DATA_COM - INFO - 成功发送数据到机器人服务器: 'request_weight'
2025-12-23 18:29:36,502 - DATA_COM - INFO - 收到机器人服务器数据: '9 9 9'
2025-12-23 18:29:37,500 - DATA_COM - INFO - 成功发送数据到机器人服务器: 'request_weight'
2025-12-23 18:29:37,501 - DATA_COM - INFO - 收到机器人服务器数据: '9 9 9'
2025-12-23 18:29:38,498 - DATA_COM - INFO - 成功发送数据到机器人服务器: 'request_weight'
2025-12-23 18:29:38,499 - DATA_COM - INFO - 收到机器人服务器数据: '9 9 9'
2025-12-23 18:29:39,488 - DATA_COM - INFO - 成功发送数据到机器人服务器: 'request_weight'
2025-12-23 18:29:39,489 - DATA_COM - INFO - 收到机器人服务器数据: '9 9 9'
2025-12-23 18:29:40,500 - DATA_COM - INFO - 成功发送数据到机器人服务器: 'request_weight'
2025-12-23 18:29:40,501 - DATA_COM - INFO - 收到机器人服务器数据: '9 9 9'
2025-12-23 18:29:41,491 - DATA_COM - INFO - 成功发送数据到机器人服务器: 'request_weight'
2025-12-23 18:29:41,493 - DATA_COM - INFO - 收到机器人服务器数据: '9 9 9'
2025-12-23 18:29:42,493 - DATA_COM - INFO - 成功发送数据到机器人服务器: 'request_weight'
2025-12-23 18:29:42,494 - DATA_COM - INFO - 收到机器人服务器数据: '9 9 9'
2025-12-23 18:29:43,498 - DATA_COM - INFO - 成功发送数据到机器人服务器: 'request_weight'
2025-12-23 18:29:43,498 - DATA_COM - INFO - 收到机器人服务器数据: '9 9 9'
2025-12-23 18:29:44,494 - DATA_COM - INFO - 成功发送数据到机器人服务器: 'request_weight'
2025-12-23 18:29:44,495 - DATA_COM - INFO - 收到机器人服务器数据: '9 9 9'
2025-12-23 18:29:45,489 - DATA_COM - INFO - 成功发送数据到机器人服务器: 'request_weight'
2025-12-23 18:29:45,490 - DATA_COM - INFO - 收到机器人服务器数据: '9 9 9'
2025-12-23 18:29:46,493 - DATA_COM - INFO - 成功发送数据到机器人服务器: 'request_weight'
2025-12-23 18:29:46,493 - DATA_COM - INFO - 收到机器人服务器数据: '9 9 9'
2025-12-23 18:29:47,492 - DATA_COM - INFO - 成功发送数据到机器人服务器: 'request_weight'
2025-12-23 18:29:47,493 - DATA_COM - INFO - 收到机器人服务器数据: '9 9 9'
2025-12-23 18:29:48,492 - DATA_COM - INFO - 成功发送数据到机器人服务器: 'request_weight'
2025-12-23 18:29:48,492 - DATA_COM - INFO - 收到机器人服务器数据: '9 9 9'
2025-12-23 18:29:49,492 - DATA_COM - INFO - 成功发送数据到机器人服务器: 'request_weight'
2025-12-23 18:29:49,492 - DATA_COM - INFO - 收到机器人服务器数据: '9 9 9'
2025-12-23 18:29:50,501 - DATA_COM - INFO - 成功发送数据到机器人服务器: 'request_weight'
2025-12-23 18:29:50,502 - DATA_COM - INFO - 收到机器人服务器数据: '9 9 9'
2025-12-23 18:29:51,498 - DATA_COM - INFO - 成功发送数据到机器人服务器: 'request_weight'
2025-12-23 18:29:51,499 - DATA_COM - INFO - 收到机器人服务器数据: '9 9 9'
2025-12-23 18:29:52,494 - DATA_COM - INFO - 成功发送数据到机器人服务器: 'request_weight'
2025-12-23 18:29:52,494 - DATA_COM - INFO - 收到机器人服务器数据: '9 9 9'
2025-12-23 18:29:53,487 - DATA_COM - INFO - 成功发送数据到机器人服务器: 'request_weight'
2025-12-23 18:29:53,488 - DATA_COM - INFO - 收到机器人服务器数据: '9 9 9'
2025-12-23 18:29:54,501 - DATA_COM - INFO - 成功发送数据到机器人服务器: 'request_weight'
2025-12-23 18:29:54,502 - DATA_COM - INFO - 收到机器人服务器数据: '9 9 9'
2025-12-23 18:29:55,501 - DATA_COM - INFO - 成功发送数据到机器人服务器: 'request_weight'
2025-12-23 18:29:55,503 - DATA_COM - INFO - 收到机器人服务器数据: '9 9 9'
2025-12-23 18:29:56,499 - DATA_COM - INFO - 成功发送数据到机器人服务器: 'request_weight'
2025-12-23 18:29:56,500 - DATA_COM - INFO - 收到机器人服务器数据: '9 9 9'
2025-12-23 18:29:57,496 - DATA_COM - INFO - 成功发送数据到机器人服务器: 'request_weight'
2025-12-23 18:29:57,497 - DATA_COM - INFO - 收到机器人服务器数据: '9 9 9'
2025-12-23 18:29:58,493 - DATA_COM - INFO - 成功发送数据到机器人服务器: 'request_weight'
2025-12-23 18:29:58,494 - DATA_COM - INFO - 收到机器人服务器数据: '9 9 9'
2025-12-23 18:29:59,486 - DATA_COM - INFO - 成功发送数据到机器人服务器: 'request_weight'
2025-12-23 18:29:59,487 - DATA_COM - INFO - 收到机器人服务器数据: '9 9 9'
2025-12-23 18:30:00,495 - DATA_COM - INFO - 成功发送数据到机器人服务器: 'request_weight'
2025-12-23 18:30:00,495 - DATA_COM - INFO - 收到机器人服务器数据: '9 9 9'
2025-12-23 18:30:01,497 - DATA_COM - INFO - 成功发送数据到机器人服务器: 'request_weight'
2025-12-23 18:30:01,498 - DATA_COM - INFO - 收到机器人服务器数据: '9 9 9'
2025-12-23 18:30:02,501 - DATA_COM - INFO - 成功发送数据到机器人服务器: 'request_weight'
2025-12-23 18:30:02,502 - DATA_COM - INFO - 收到机器人服务器数据: '9 9 9'
2025-12-23 18:30:03,500 - DATA_COM - INFO - 成功发送数据到机器人服务器: 'request_weight'
2025-12-23 18:30:03,501 - DATA_COM - INFO - 收到机器人服务器数据: '9 9 9'
2025-12-23 18:30:04,495 - DATA_COM - INFO - 成功发送数据到机器人服务器: 'request_weight'
2025-12-23 18:30:04,495 - DATA_COM - INFO - 收到机器人服务器数据: '9 9 9'
2025-12-23 18:30:05,502 - DATA_COM - INFO - 成功发送数据到机器人服务器: 'request_weight'
2025-12-23 18:30:05,503 - DATA_COM - INFO - 收到机器人服务器数据: '9 9 9'
2025-12-23 18:30:06,500 - DATA_COM - INFO - 成功发送数据到机器人服务器: 'request_weight'
2025-12-23 18:30:06,501 - DATA_COM - INFO - 收到机器人服务器数据: '9 9 9'
2025-12-23 18:30:07,493 - DATA_COM - INFO - 成功发送数据到机器人服务器: 'request_weight'
2025-12-23 18:30:07,494 - DATA_COM - INFO - 收到机器人服务器数据: '9 9 9'
2025-12-23 18:30:08,501 - DATA_COM - INFO - 成功发送数据到机器人服务器: 'request_weight'
2025-12-23 18:30:08,502 - DATA_COM - INFO - 收到机器人服务器数据: '9 9 9'
2025-12-23 18:30:09,489 - DATA_COM - INFO - 成功发送数据到机器人服务器: 'request_weight'
2025-12-23 18:30:09,490 - DATA_COM - INFO - 收到机器人服务器数据: '9 9 9'
2025-12-23 18:30:10,495 - DATA_COM - INFO - 成功发送数据到机器人服务器: 'request_weight'
2025-12-23 18:30:10,496 - DATA_COM - INFO - 收到机器人服务器数据: '9 9 9'
2025-12-23 18:30:11,489 - DATA_COM - INFO - 成功发送数据到机器人服务器: 'request_weight'
2025-12-23 18:30:11,491 - DATA_COM - INFO - 收到机器人服务器数据: '9 9 9'
2025-12-23 18:30:12,490 - DATA_COM - INFO - 成功发送数据到机器人服务器: 'request_weight'
2025-12-23 18:30:12,492 - DATA_COM - INFO - 收到机器人服务器数据: '9 9 9'
2025-12-23 18:30:13,488 - DATA_COM - INFO - 成功发送数据到机器人服务器: 'request_weight'
2025-12-23 18:30:13,488 - DATA_COM - INFO - 收到机器人服务器数据: '9 9 9'
2025-12-23 18:30:14,489 - DATA_COM - INFO - 成功发送数据到机器人服务器: 'request_weight'
2025-12-23 18:30:14,489 - DATA_COM - INFO - 收到机器人服务器数据: '9 9 9'
2025-12-23 18:30:15,500 - DATA_COM - INFO - 成功发送数据到机器人服务器: 'request_weight'
2025-12-23 18:30:15,500 - DATA_COM - INFO - 收到机器人服务器数据: '9 9 9'
2025-12-23 18:30:16,496 - DATA_COM - INFO - 成功发送数据到机器人服务器: 'request_weight'
2025-12-23 18:30:16,497 - DATA_COM - INFO - 收到机器人服务器数据: '9 9 9'
2025-12-23 18:30:17,491 - DATA_COM - INFO - 成功发送数据到机器人服务器: 'request_weight'
2025-12-23 18:30:17,491 - DATA_COM - INFO - 收到机器人服务器数据: '9 9 9'
2025-12-23 18:30:18,501 - DATA_COM - INFO - 成功发送数据到机器人服务器: 'request_weight'
2025-12-23 18:30:18,501 - DATA_COM - INFO - 收到机器人服务器数据: '9 9 9'
2025-12-23 18:30:19,496 - DATA_COM - INFO - 成功发送数据到机器人服务器: 'request_weight'
2025-12-23 18:30:19,496 - DATA_COM - INFO - 收到机器人服务器数据: '9 9 9'
2025-12-23 18:30:20,490 - DATA_COM - INFO - 成功发送数据到机器人服务器: 'request_weight'
2025-12-23 18:30:20,491 - DATA_COM - INFO - 收到机器人服务器数据: '9 9 9'
2025-12-23 18:30:21,498 - DATA_COM - INFO - 成功发送数据到机器人服务器: 'request_weight'
2025-12-23 18:30:21,499 - DATA_COM - INFO - 收到机器人服务器数据: '9 9 9'
2025-12-23 18:30:22,493 - DATA_COM - INFO - 成功发送数据到机器人服务器: 'request_weight'
2025-12-23 18:30:22,494 - DATA_COM - INFO - 收到机器人服务器数据: '9 9 9'
2025-12-23 18:30:23,499 - DATA_COM - INFO - 成功发送数据到机器人服务器: 'request_weight'
2025-12-23 18:30:23,499 - DATA_COM - INFO - 收到机器人服务器数据: '9 9 9'
2025-12-23 18:30:24,495 - DATA_COM - INFO - 成功发送数据到机器人服务器: 'request_weight'
2025-12-23 18:30:24,496 - DATA_COM - INFO - 收到机器人服务器数据: '9 9 9'
2025-12-23 18:30:25,495 - DATA_COM - INFO - 成功发送数据到机器人服务器: 'request_weight'
2025-12-23 18:30:25,496 - DATA_COM - INFO - 收到机器人服务器数据: '9 9 9'
2025-12-23 18:30:26,489 - DATA_COM - INFO - 成功发送数据到机器人服务器: 'request_weight'
2025-12-23 18:30:26,490 - DATA_COM - INFO - 收到机器人服务器数据: '9 9 9'
2025-12-23 18:30:27,488 - DATA_COM - INFO - 成功发送数据到机器人服务器: 'request_weight'
2025-12-23 18:30:27,490 - DATA_COM - INFO - 收到机器人服务器数据: '9 9 9'
2025-12-23 18:30:28,489 - DATA_COM - INFO - 成功发送数据到机器人服务器: 'request_weight'
2025-12-23 18:30:28,491 - DATA_COM - INFO - 收到机器人服务器数据: '9 9 9'
2025-12-23 18:30:29,486 - DATA_COM - INFO - 成功发送数据到机器人服务器: 'request_weight'
2025-12-23 18:30:29,486 - DATA_COM - INFO - 收到机器人服务器数据: '9 9 9'
2025-12-23 18:30:30,500 - DATA_COM - INFO - 成功发送数据到机器人服务器: 'request_weight'
2025-12-23 18:30:30,501 - DATA_COM - INFO - 收到机器人服务器数据: '9 9 9'
2025-12-23 18:30:31,501 - DATA_COM - INFO - 成功发送数据到机器人服务器: 'request_weight'
2025-12-23 18:30:31,502 - DATA_COM - INFO - 收到机器人服务器数据: '9 9 9'
2025-12-23 18:30:32,489 - DATA_COM - INFO - 成功发送数据到机器人服务器: 'request_weight'
2025-12-23 18:30:32,489 - DATA_COM - INFO - 收到机器人服务器数据: '9 9 9'
2025-12-23 18:30:33,489 - DATA_COM - INFO - 成功发送数据到机器人服务器: 'request_weight'
2025-12-23 18:30:33,490 - DATA_COM - INFO - 收到机器人服务器数据: '9 9 9'
2025-12-23 18:30:34,503 - DATA_COM - INFO - 成功发送数据到机器人服务器: 'request_weight'
2025-12-23 18:30:34,503 - DATA_COM - INFO - 收到机器人服务器数据: '9 9 9'
2025-12-23 18:30:35,518 - DATA_COM - INFO - 成功发送数据到机器人服务器: 'request_weight'
2025-12-23 18:30:35,520 - DATA_COM - INFO - 收到机器人服务器数据: '9 9 9'
2025-12-23 18:30:36,510 - DATA_COM - INFO - 成功发送数据到机器人服务器: 'request_weight'
2025-12-23 18:30:36,511 - DATA_COM - INFO - 收到机器人服务器数据: '9 9 9'
2025-12-23 18:30:37,505 - DATA_COM - INFO - 成功发送数据到机器人服务器: 'request_weight'
2025-12-23 18:30:37,507 - DATA_COM - INFO - 收到机器人服务器数据: '9 9 9'
2025-12-23 18:30:38,511 - DATA_COM - INFO - 成功发送数据到机器人服务器: 'request_weight'
2025-12-23 18:30:38,514 - DATA_COM - INFO - 收到机器人服务器数据: '9 9 9'
2025-12-23 18:30:39,511 - DATA_COM - INFO - 成功发送数据到机器人服务器: 'request_weight'
2025-12-23 18:30:39,512 - DATA_COM - INFO - 收到机器人服务器数据: '9 9 9'
2025-12-23 18:30:40,509 - DATA_COM - INFO - 成功发送数据到机器人服务器: 'request_weight'
2025-12-23 18:30:40,509 - DATA_COM - INFO - 收到机器人服务器数据: '9 9 9'
2025-12-23 18:30:41,508 - DATA_COM - INFO - 成功发送数据到机器人服务器: 'request_weight'
2025-12-23 18:30:41,508 - DATA_COM - INFO - 收到机器人服务器数据: '9 9 9'
2025-12-23 18:30:42,511 - DATA_COM - INFO - 成功发送数据到机器人服务器: 'request_weight'
2025-12-23 18:30:42,512 - DATA_COM - INFO - 收到机器人服务器数据: '9 9 9'
2025-12-23 18:30:43,516 - DATA_COM - INFO - 成功发送数据到机器人服务器: 'request_weight'
2025-12-23 18:30:43,518 - DATA_COM - INFO - 收到机器人服务器数据: '9 9 9'
2025-12-23 18:30:44,501 - DATA_COM - INFO - 成功发送数据到机器人服务器: 'request_weight'
2025-12-23 18:30:44,504 - DATA_COM - INFO - 收到机器人服务器数据: '9 9 9'
2025-12-23 18:30:45,503 - DATA_COM - INFO - 成功发送数据到机器人服务器: 'request_weight'
2025-12-23 18:30:45,504 - DATA_COM - INFO - 收到机器人服务器数据: '9 9 9'
2025-12-23 18:30:46,508 - DATA_COM - INFO - 成功发送数据到机器人服务器: 'request_weight'
2025-12-23 18:30:46,509 - DATA_COM - INFO - 收到机器人服务器数据: '9 9 9'
2025-12-23 18:30:47,513 - DATA_COM - INFO - 成功发送数据到机器人服务器: 'request_weight'
2025-12-23 18:30:47,514 - DATA_COM - INFO - 收到机器人服务器数据: '9 9 9'
2025-12-23 18:30:48,515 - DATA_COM - INFO - 成功发送数据到机器人服务器: 'request_weight'
2025-12-23 18:30:48,516 - DATA_COM - INFO - 收到机器人服务器数据: '9 9 9'
2025-12-23 18:30:49,517 - DATA_COM - INFO - 成功发送数据到机器人服务器: 'request_weight'
2025-12-23 18:30:49,517 - DATA_COM - INFO - 收到机器人服务器数据: '9 9 9'
2025-12-23 18:30:50,505 - DATA_COM - INFO - 成功发送数据到机器人服务器: 'request_weight'
2025-12-23 18:30:50,506 - DATA_COM - INFO - 收到机器人服务器数据: '9 9 9'
2025-12-23 18:30:51,513 - DATA_COM - INFO - 成功发送数据到机器人服务器: 'request_weight'
2025-12-23 18:30:51,513 - DATA_COM - INFO - 收到机器人服务器数据: '9 9 9'
2025-12-23 18:30:52,505 - DATA_COM - INFO - 成功发送数据到机器人服务器: 'request_weight'
2025-12-23 18:30:52,507 - DATA_COM - INFO - 收到机器人服务器数据: '9 9 9'
2025-12-23 18:30:53,508 - DATA_COM - INFO - 成功发送数据到机器人服务器: 'request_weight'
2025-12-23 18:30:53,509 - DATA_COM - INFO - 收到机器人服务器数据: '9 9 9'
2025-12-23 18:30:54,517 - DATA_COM - INFO - 成功发送数据到机器人服务器: 'request_weight'
2025-12-23 18:30:54,518 - DATA_COM - INFO - 收到机器人服务器数据: '9 9 9'
2025-12-23 18:30:55,507 - DATA_COM - INFO - 成功发送数据到机器人服务器: 'request_weight'
2025-12-23 18:30:55,507 - DATA_COM - INFO - 收到机器人服务器数据: '9 9 9'
2025-12-23 18:30:56,503 - DATA_COM - INFO - 成功发送数据到机器人服务器: 'request_weight'
2025-12-23 18:30:56,504 - DATA_COM - INFO - 收到机器人服务器数据: '9 9 9'
2025-12-23 18:30:57,517 - DATA_COM - INFO - 成功发送数据到机器人服务器: 'request_weight'
2025-12-23 18:30:57,517 - DATA_COM - INFO - 收到机器人服务器数据: '9 9 9'
2025-12-23 18:30:58,506 - DATA_COM - INFO - 成功发送数据到机器人服务器: 'request_weight'
2025-12-23 18:30:58,507 - DATA_COM - INFO - 收到机器人服务器数据: '9 9 9'
2025-12-23 18:30:59,506 - DATA_COM - INFO - 成功发送数据到机器人服务器: 'request_weight'
2025-12-23 18:30:59,507 - DATA_COM - INFO - 收到机器人服务器数据: '9 9 9'
2025-12-23 18:31:00,513 - DATA_COM - INFO - 成功发送数据到机器人服务器: 'request_weight'
2025-12-23 18:31:00,515 - DATA_COM - INFO - 收到机器人服务器数据: '9 9 9'
2025-12-23 18:31:01,509 - DATA_COM - INFO - 成功发送数据到机器人服务器: 'request_weight'
2025-12-23 18:31:01,510 - DATA_COM - INFO - 收到机器人服务器数据: '9 9 9'
2025-12-23 18:31:02,507 - DATA_COM - INFO - 成功发送数据到机器人服务器: 'request_weight'
2025-12-23 18:31:02,507 - DATA_COM - INFO - 收到机器人服务器数据: '9 9 9'
2025-12-23 18:31:03,507 - DATA_COM - INFO - 成功发送数据到机器人服务器: 'request_weight'
2025-12-23 18:31:03,508 - DATA_COM - INFO - 收到机器人服务器数据: '9 9 9'
2025-12-23 18:31:04,503 - DATA_COM - INFO - 成功发送数据到机器人服务器: 'request_weight'
2025-12-23 18:31:04,504 - DATA_COM - INFO - 收到机器人服务器数据: '9 9 9'
2025-12-23 18:31:05,507 - DATA_COM - INFO - 成功发送数据到机器人服务器: 'request_weight'
2025-12-23 18:31:05,508 - DATA_COM - INFO - 收到机器人服务器数据: '9 9 9'
2025-12-23 18:31:06,518 - DATA_COM - INFO - 成功发送数据到机器人服务器: 'request_weight'
2025-12-23 18:31:06,518 - DATA_COM - INFO - 收到机器人服务器数据: '9 9 9'
2025-12-23 18:31:07,503 - DATA_COM - INFO - 成功发送数据到机器人服务器: 'request_weight'
2025-12-23 18:31:07,505 - DATA_COM - INFO - 收到机器人服务器数据: '9 9 9'
2025-12-23 18:31:08,503 - DATA_COM - INFO - 成功发送数据到机器人服务器: 'request_weight'
2025-12-23 18:31:08,504 - DATA_COM - INFO - 收到机器人服务器数据: '9 9 9'
2025-12-23 18:31:09,513 - DATA_COM - INFO - 成功发送数据到机器人服务器: 'request_weight'
2025-12-23 18:31:09,513 - DATA_COM - INFO - 收到机器人服务器数据: '9 9 9'
2025-12-23 18:31:10,511 - DATA_COM - INFO - 成功发送数据到机器人服务器: 'request_weight'
2025-12-23 18:31:10,512 - DATA_COM - INFO - 收到机器人服务器数据: '9 9 9'
2025-12-23 18:31:11,510 - DATA_COM - INFO - 成功发送数据到机器人服务器: 'request_weight'
2025-12-23 18:31:11,511 - DATA_COM - INFO - 收到机器人服务器数据: '9 9 9'
2025-12-23 18:31:12,511 - DATA_COM - INFO - 成功发送数据到机器人服务器: 'request_weight'
2025-12-23 18:31:12,512 - DATA_COM - INFO - 收到机器人服务器数据: '9 9 9'
2025-12-23 18:31:13,514 - DATA_COM - INFO - 成功发送数据到机器人服务器: 'request_weight'
2025-12-23 18:31:13,515 - DATA_COM - INFO - 收到机器人服务器数据: '9 9 9'
2025-12-23 18:31:14,516 - DATA_COM - INFO - 成功发送数据到机器人服务器: 'request_weight'
2025-12-23 18:31:14,516 - DATA_COM - INFO - 收到机器人服务器数据: '9 9 9'
2025-12-23 18:31:15,503 - DATA_COM - INFO - 成功发送数据到机器人服务器: 'request_weight'
2025-12-23 18:31:15,505 - DATA_COM - INFO - 收到机器人服务器数据: '9 9 9'
2025-12-23 18:31:16,506 - DATA_COM - INFO - 成功发送数据到机器人服务器: 'request_weight'
2025-12-23 18:31:16,507 - DATA_COM - INFO - 收到机器人服务器数据: '9 9 9'
2025-12-23 18:31:17,514 - DATA_COM - INFO - 成功发送数据到机器人服务器: 'request_weight'
2025-12-23 18:31:17,516 - DATA_COM - INFO - 收到机器人服务器数据: '9 9 9'
2025-12-23 18:31:18,513 - DATA_COM - INFO - 成功发送数据到机器人服务器: 'request_weight'
2025-12-23 18:31:18,515 - DATA_COM - INFO - 收到机器人服务器数据: '9 9 9'
2025-12-23 18:31:19,517 - DATA_COM - INFO - 成功发送数据到机器人服务器: 'request_weight'
2025-12-23 18:31:19,520 - DATA_COM - INFO - 收到机器人服务器数据: '9 9 9'
2025-12-23 18:31:20,520 - DATA_COM - INFO - 成功发送数据到机器人服务器: 'request_weight'
2025-12-23 18:31:20,521 - DATA_COM - INFO - 收到机器人服务器数据: '9 9 9'
2025-12-23 18:31:21,516 - DATA_COM - INFO - 成功发送数据到机器人服务器: 'request_weight'
2025-12-23 18:31:21,519 - DATA_COM - INFO - 收到机器人服务器数据: '9 9 9'
2025-12-23 18:31:22,517 - DATA_COM - INFO - 成功发送数据到机器人服务器: 'request_weight'
2025-12-23 18:31:22,518 - DATA_COM - INFO - 收到机器人服务器数据: '9 9 9'
2025-12-23 18:31:23,512 - DATA_COM - INFO - 成功发送数据到机器人服务器: 'request_weight'
2025-12-23 18:31:23,514 - DATA_COM - INFO - 收到机器人服务器数据: '9 9 9'
2025-12-23 18:31:24,518 - DATA_COM - INFO - 成功发送数据到机器人服务器: 'request_weight'
2025-12-23 18:31:24,519 - DATA_COM - INFO - 收到机器人服务器数据: '9 9 9'
2025-12-23 18:31:25,503 - DATA_COM - INFO - 成功发送数据到机器人服务器: 'request_weight'
2025-12-23 18:31:25,503 - DATA_COM - INFO - 收到机器人服务器数据: '9 9 9'
2025-12-23 18:31:26,519 - DATA_COM - INFO - 成功发送数据到机器人服务器: 'request_weight'
2025-12-23 18:31:26,521 - DATA_COM - INFO - 收到机器人服务器数据: '9 9 9'
2025-12-23 18:31:27,529 - DATA_COM - INFO - 成功发送数据到机器人服务器: 'request_weight'
2025-12-23 18:31:27,530 - DATA_COM - INFO - 收到机器人服务器数据: '9 9 9'
2025-12-23 18:31:28,532 - DATA_COM - INFO - 成功发送数据到机器人服务器: 'request_weight'
2025-12-23 18:31:28,533 - DATA_COM - INFO - 收到机器人服务器数据: '9 9 9'
2025-12-23 18:31:29,522 - DATA_COM - INFO - 成功发送数据到机器人服务器: 'request_weight'
2025-12-23 18:31:29,524 - DATA_COM - INFO - 收到机器人服务器数据: '9 9 9'
2025-12-23 18:31:30,526 - DATA_COM - INFO - 成功发送数据到机器人服务器: 'request_weight'
2025-12-23 18:31:30,526 - DATA_COM - INFO - 收到机器人服务器数据: '9 9 9'
2025-12-23 18:31:31,524 - DATA_COM - INFO - 成功发送数据到机器人服务器: 'request_weight'
2025-12-23 18:31:31,526 - DATA_COM - INFO - 收到机器人服务器数据: '9 9 9'
2025-12-23 18:31:32,522 - DATA_COM - INFO - 成功发送数据到机器人服务器: 'request_weight'
2025-12-23 18:31:32,522 - DATA_COM - INFO - 收到机器人服务器数据: '9 9 9'
2025-12-23 18:31:33,533 - DATA_COM - INFO - 成功发送数据到机器人服务器: 'request_weight'
2025-12-23 18:31:33,534 - DATA_COM - INFO - 收到机器人服务器数据: '9 9 9'
2025-12-23 18:31:34,521 - DATA_COM - INFO - 成功发送数据到机器人服务器: 'request_weight'
2025-12-23 18:31:34,522 - DATA_COM - INFO - 收到机器人服务器数据: '9 9 9'
2025-12-23 18:31:35,525 - DATA_COM - INFO - 成功发送数据到机器人服务器: 'request_weight'
2025-12-23 18:31:35,525 - DATA_COM - INFO - 收到机器人服务器数据: '9 9 9'
2025-12-23 18:31:36,528 - DATA_COM - INFO - 成功发送数据到机器人服务器: 'request_weight'
2025-12-23 18:31:36,529 - DATA_COM - INFO - 收到机器人服务器数据: '9 9 9'
2025-12-23 18:31:37,531 - DATA_COM - INFO - 成功发送数据到机器人服务器: 'request_weight'
2025-12-23 18:31:37,533 - DATA_COM - INFO - 收到机器人服务器数据: '9 9 9'
2025-12-23 18:31:38,526 - DATA_COM - INFO - 成功发送数据到机器人服务器: 'request_weight'
2025-12-23 18:31:38,528 - DATA_COM - INFO - 收到机器人服务器数据: '9 9 9'
2025-12-23 18:31:39,528 - DATA_COM - INFO - 成功发送数据到机器人服务器: 'request_weight'
2025-12-23 18:31:39,532 - DATA_COM - INFO - 收到机器人服务器数据: '9 9 9'
2025-12-23 18:31:40,519 - DATA_COM - INFO - 成功发送数据到机器人服务器: 'request_weight'
2025-12-23 18:31:40,521 - DATA_COM - INFO - 收到机器人服务器数据: '9 9 9'
2025-12-23 18:31:41,531 - DATA_COM - INFO - 成功发送数据到机器人服务器: 'request_weight'
2025-12-23 18:31:41,532 - DATA_COM - INFO - 收到机器人服务器数据: '9 9 9'
2025-12-23 18:31:42,525 - DATA_COM - INFO - 成功发送数据到机器人服务器: 'request_weight'
2025-12-23 18:31:42,525 - DATA_COM - INFO - 收到机器人服务器数据: '9 9 9'
2025-12-23 18:31:43,519 - DATA_COM - INFO - 成功发送数据到机器人服务器: 'request_weight'
2025-12-23 18:31:43,521 - DATA_COM - INFO - 收到机器人服务器数据: '9 9 9'
2025-12-23 18:31:44,522 - DATA_COM - INFO - 成功发送数据到机器人服务器: 'request_weight'
2025-12-23 18:31:44,524 - DATA_COM - INFO - 收到机器人服务器数据: '9 9 9'
2025-12-23 18:31:45,524 - DATA_COM - INFO - 成功发送数据到机器人服务器: 'request_weight'
2025-12-23 18:31:45,525 - DATA_COM - INFO - 收到机器人服务器数据: '9 9 9'
2025-12-23 18:31:46,527 - DATA_COM - INFO - 成功发送数据到机器人服务器: 'request_weight'
2025-12-23 18:31:46,528 - DATA_COM - INFO - 收到机器人服务器数据: '9 9 9'
2025-12-23 18:31:47,530 - DATA_COM - INFO - 成功发送数据到机器人服务器: 'request_weight'
2025-12-23 18:31:47,531 - DATA_COM - INFO - 收到机器人服务器数据: '9 9 9'
2025-12-23 18:31:48,520 - DATA_COM - INFO - 成功发送数据到机器人服务器: 'request_weight'
2025-12-23 18:31:48,521 - DATA_COM - INFO - 收到机器人服务器数据: '9 9 9'
2025-12-23 18:31:49,519 - DATA_COM - INFO - 成功发送数据到机器人服务器: 'request_weight'
2025-12-23 18:31:49,520 - DATA_COM - INFO - 收到机器人服务器数据: '9 9 9'
2025-12-23 18:31:50,525 - DATA_COM - INFO - 成功发送数据到机器人服务器: 'request_weight'
2025-12-23 18:31:50,526 - DATA_COM - INFO - 收到机器人服务器数据: '9 9 9'
2025-12-23 18:31:51,528 - DATA_COM - INFO - 成功发送数据到机器人服务器: 'request_weight'
2025-12-23 18:31:51,528 - DATA_COM - INFO - 收到机器人服务器数据: '9 9 9'
2025-12-23 18:31:52,523 - DATA_COM - INFO - 成功发送数据到机器人服务器: 'request_weight'
2025-12-23 18:31:52,524 - DATA_COM - INFO - 收到机器人服务器数据: '9 9 9'
2025-12-23 18:31:53,524 - DATA_COM - INFO - 成功发送数据到机器人服务器: 'request_weight'
2025-12-23 18:31:53,525 - DATA_COM - INFO - 收到机器人服务器数据: '9 9 9'
2025-12-23 18:31:54,529 - DATA_COM - INFO - 成功发送数据到机器人服务器: 'request_weight'
2025-12-23 18:31:54,530 - DATA_COM - INFO - 收到机器人服务器数据: '9 9 9'
2025-12-23 18:31:55,528 - DATA_COM - INFO - 成功发送数据到机器人服务器: 'request_weight'
2025-12-23 18:31:55,529 - DATA_COM - INFO - 收到机器人服务器数据: '9 9 9'
2025-12-23 18:31:56,528 - DATA_COM - INFO - 成功发送数据到机器人服务器: 'request_weight'
2025-12-23 18:31:56,530 - DATA_COM - INFO - 收到机器人服务器数据: '9 9 9'
2025-12-23 18:31:57,520 - DATA_COM - INFO - 成功发送数据到机器人服务器: 'request_weight'
2025-12-23 18:31:57,522 - DATA_COM - INFO - 收到机器人服务器数据: '9 9 9'
2025-12-23 18:31:58,530 - DATA_COM - INFO - 成功发送数据到机器人服务器: 'request_weight'
2025-12-23 18:31:58,531 - DATA_COM - INFO - 收到机器人服务器数据: '9 9 9'
2025-12-23 18:31:59,522 - DATA_COM - INFO - 成功发送数据到机器人服务器: 'request_weight'
2025-12-23 18:31:59,523 - DATA_COM - INFO - 收到机器人服务器数据: '9 9 9'
2025-12-23 18:32:00,524 - DATA_COM - INFO - 成功发送数据到机器人服务器: 'request_weight'
2025-12-23 18:32:00,526 - DATA_COM - INFO - 收到机器人服务器数据: '9 9 9'
2025-12-23 18:32:01,521 - DATA_COM - INFO - 成功发送数据到机器人服务器: 'request_weight'
2025-12-23 18:32:01,522 - DATA_COM - INFO - 收到机器人服务器数据: '9 9 9'
2025-12-23 18:32:02,522 - DATA_COM - INFO - 成功发送数据到机器人服务器: 'request_weight'
2025-12-23 18:32:02,523 - DATA_COM - INFO - 收到机器人服务器数据: '9 9 9'
2025-12-23 18:32:03,524 - DATA_COM - INFO - 成功发送数据到机器人服务器: 'request_weight'
2025-12-23 18:32:03,525 - DATA_COM - INFO - 收到机器人服务器数据: '9 9 9'
2025-12-23 18:32:04,525 - DATA_COM - INFO - 成功发送数据到机器人服务器: 'request_weight'
2025-12-23 18:32:04,526 - DATA_COM - INFO - 收到机器人服务器数据: '9 9 9'
2025-12-23 18:32:05,520 - DATA_COM - INFO - 成功发送数据到机器人服务器: 'request_weight'
2025-12-23 18:32:05,521 - DATA_COM - INFO - 收到机器人服务器数据: '9 9 9'
2025-12-23 18:32:06,524 - DATA_COM - INFO - 成功发送数据到机器人服务器: 'request_weight'
2025-12-23 18:32:06,524 - DATA_COM - INFO - 收到机器人服务器数据: '9 9 9'
2025-12-23 18:32:07,521 - DATA_COM - INFO - 成功发送数据到机器人服务器: 'request_weight'
2025-12-23 18:32:07,522 - DATA_COM - INFO - 收到机器人服务器数据: '9 9 9'
2025-12-23 18:32:08,523 - DATA_COM - INFO - 成功发送数据到机器人服务器: 'request_weight'
2025-12-23 18:32:08,525 - DATA_COM - INFO - 收到机器人服务器数据: '9 9 9'
2025-12-23 18:32:09,526 - DATA_COM - INFO - 成功发送数据到机器人服务器: 'request_weight'
2025-12-23 18:32:09,529 - DATA_COM - INFO - 收到机器人服务器数据: '9 9 9'
2025-12-23 18:32:10,532 - DATA_COM - INFO - 成功发送数据到机器人服务器: 'request_weight'
2025-12-23 18:32:10,532 - DATA_COM - INFO - 收到机器人服务器数据: '9 9 9'
2025-12-23 18:32:11,529 - DATA_COM - INFO - 成功发送数据到机器人服务器: 'request_weight'
2025-12-23 18:32:11,530 - DATA_COM - INFO - 收到机器人服务器数据: '9 9 9'
2025-12-23 18:32:12,520 - DATA_COM - INFO - 成功发送数据到机器人服务器: 'request_weight'
2025-12-23 18:32:12,520 - DATA_COM - INFO - 收到机器人服务器数据: '9 9 9'
2025-12-23 18:32:13,522 - DATA_COM - INFO - 成功发送数据到机器人服务器: 'request_weight'
2025-12-23 18:32:13,523 - DATA_COM - INFO - 收到机器人服务器数据: '9 9 9'
2025-12-23 18:32:14,520 - DATA_COM - INFO - 成功发送数据到机器人服务器: 'request_weight'
2025-12-23 18:32:14,521 - DATA_COM - INFO - 收到机器人服务器数据: '9 9 9'
2025-12-23 18:32:15,518 - DATA_COM - INFO - 成功发送数据到机器人服务器: 'request_weight'
2025-12-23 18:32:15,519 - DATA_COM - INFO - 收到机器人服务器数据: '9 9 9'
2025-12-23 18:32:16,522 - DATA_COM - INFO - 成功发送数据到机器人服务器: 'request_weight'
2025-12-23 18:32:16,523 - DATA_COM - INFO - 收到机器人服务器数据: '9 9 9'
2025-12-23 18:32:17,530 - DATA_COM - INFO - 成功发送数据到机器人服务器: 'request_weight'
2025-12-23 18:32:17,530 - DATA_COM - INFO - 收到机器人服务器数据: '9 9 9'
2025-12-23 18:32:18,527 - DATA_COM - INFO - 成功发送数据到机器人服务器: 'request_weight'
2025-12-23 18:32:18,527 - DATA_COM - INFO - 收到机器人服务器数据: '9 9 9'
2025-12-23 18:32:19,526 - DATA_COM - INFO - 成功发送数据到机器人服务器: 'request_weight'
2025-12-23 18:32:19,533 - DATA_COM - INFO - 收到机器人服务器数据: '9 9 9'
2025-12-23 18:32:20,525 - DATA_COM - INFO - 成功发送数据到机器人服务器: 'request_weight'
2025-12-23 18:32:20,527 - DATA_COM - INFO - 收到机器人服务器数据: '9 9 9'
2025-12-23 18:32:21,520 - DATA_COM - INFO - 成功发送数据到机器人服务器: 'request_weight'
2025-12-23 18:32:21,522 - DATA_COM - INFO - 收到机器人服务器数据: '9 9 9'
2025-12-23 18:32:22,520 - DATA_COM - INFO - 成功发送数据到机器人服务器: 'request_weight'
2025-12-23 18:32:22,520 - DATA_COM - INFO - 收到机器人服务器数据: '9 9 9'
2025-12-23 18:32:23,519 - DATA_COM - INFO - 成功发送数据到机器人服务器: 'request_weight'
2025-12-23 18:32:23,520 - DATA_COM - INFO - 收到机器人服务器数据: '9 9 9'
2025-12-23 18:32:24,532 - DATA_COM - INFO - 成功发送数据到机器人服务器: 'request_weight'
2025-12-23 18:32:24,533 - DATA_COM - INFO - 收到机器人服务器数据: '9 9 9'
2025-12-23 18:32:25,533 - DATA_COM - INFO - 成功发送数据到机器人服务器: 'request_weight'
2025-12-23 18:32:25,534 - DATA_COM - INFO - 收到机器人服务器数据: '9 9 9'
2025-12-23 18:32:26,523 - DATA_COM - INFO - 成功发送数据到机器人服务器: 'request_weight'
2025-12-23 18:32:26,525 - DATA_COM - INFO - 收到机器人服务器数据: '9 9 9'
2025-12-23 18:32:27,520 - DATA_COM - INFO - 成功发送数据到机器人服务器: 'request_weight'
2025-12-23 18:32:27,522 - DATA_COM - INFO - 收到机器人服务器数据: '9 9 9'
2025-12-23 18:32:28,518 - DATA_COM - INFO - 成功发送数据到机器人服务器: 'request_weight'
2025-12-23 18:32:28,519 - DATA_COM - INFO - 收到机器人服务器数据: '9 9 9'
2025-12-23 18:32:29,530 - DATA_COM - INFO - 成功发送数据到机器人服务器: 'request_weight'
2025-12-23 18:32:29,531 - DATA_COM - INFO - 收到机器人服务器数据: '9 9 9'
2025-12-23 18:32:30,527 - DATA_COM - INFO - 成功发送数据到机器人服务器: 'request_weight'
2025-12-23 18:32:30,529 - DATA_COM - INFO - 收到机器人服务器数据: '9 9 9'
2025-12-23 18:32:31,529 - DATA_COM - INFO - 成功发送数据到机器人服务器: 'request_weight'
2025-12-23 18:32:31,529 - DATA_COM - INFO - 收到机器人服务器数据: '9 9 9'
2025-12-23 18:32:32,522 - DATA_COM - INFO - 成功发送数据到机器人服务器: 'request_weight'
2025-12-23 18:32:32,522 - DATA_COM - INFO - 收到机器人服务器数据: '9 9 9'
2025-12-23 18:32:33,522 - DATA_COM - INFO - 成功发送数据到机器人服务器: 'request_weight'
2025-12-23 18:32:33,523 - DATA_COM - INFO - 收到机器人服务器数据: '9 9 9'
2025-12-23 18:32:34,533 - DATA_COM - INFO - 成功发送数据到机器人服务器: 'request_weight'
2025-12-23 18:32:34,533 - DATA_COM - INFO - 收到机器人服务器数据: '9 9 9'
2025-12-23 18:32:35,528 - DATA_COM - INFO - 成功发送数据到机器人服务器: 'request_weight'
2025-12-23 18:32:35,529 - DATA_COM - INFO - 收到机器人服务器数据: '9 9 9'
2025-12-23 18:32:36,521 - DATA_COM - INFO - 成功发送数据到机器人服务器: 'request_weight'
2025-12-23 18:32:36,524 - DATA_COM - INFO - 收到机器人服务器数据: '9 9 9'
2025-12-23 18:32:37,525 - DATA_COM - INFO - 成功发送数据到机器人服务器: 'request_weight'
2025-12-23 18:32:37,527 - DATA_COM - INFO - 收到机器人服务器数据: '9 9 9'
2025-12-23 18:32:38,519 - DATA_COM - INFO - 成功发送数据到机器人服务器: 'request_weight'
2025-12-23 18:32:38,520 - DATA_COM - INFO - 收到机器人服务器数据: '9 9 9'
2025-12-23 18:32:39,524 - DATA_COM - INFO - 成功发送数据到机器人服务器: 'request_weight'
2025-12-23 18:32:39,526 - DATA_COM - INFO - 收到机器人服务器数据: '9 9 9'
2025-12-23 18:32:40,519 - DATA_COM - INFO - 成功发送数据到机器人服务器: 'request_weight'
2025-12-23 18:32:40,520 - DATA_COM - INFO - 收到机器人服务器数据: '9 9 9'
2025-12-23 18:32:41,524 - DATA_COM - INFO - 成功发送数据到机器人服务器: 'request_weight'
2025-12-23 18:32:41,525 - DATA_COM - INFO - 收到机器人服务器数据: '9 9 9'
2025-12-23 18:32:42,533 - DATA_COM - INFO - 成功发送数据到机器人服务器: 'request_weight'
2025-12-23 18:32:42,535 - DATA_COM - INFO - 收到机器人服务器数据: '9 9 9'
2025-12-23 18:32:43,532 - DATA_COM - INFO - 成功发送数据到机器人服务器: 'request_weight'
2025-12-23 18:32:43,532 - DATA_COM - INFO - 收到机器人服务器数据: '9 9 9'
2025-12-23 18:32:44,525 - DATA_COM - INFO - 成功发送数据到机器人服务器: 'request_weight'
2025-12-23 18:32:44,527 - DATA_COM - INFO - 收到机器人服务器数据: '9 9 9'
2025-12-23 18:32:45,529 - DATA_COM - INFO - 成功发送数据到机器人服务器: 'request_weight'
2025-12-23 18:32:45,531 - DATA_COM - INFO - 收到机器人服务器数据: '9 9 9'
2025-12-23 18:32:46,532 - DATA_COM - INFO - 成功发送数据到机器人服务器: 'request_weight'
2025-12-23 18:32:46,532 - DATA_COM - INFO - 收到机器人服务器数据: '9 9 9'
2025-12-23 18:32:47,527 - DATA_COM - INFO - 成功发送数据到机器人服务器: 'request_weight'
2025-12-23 18:32:47,529 - DATA_COM - INFO - 收到机器人服务器数据: '9 9 9'
2025-12-23 18:32:48,519 - DATA_COM - INFO - 成功发送数据到机器人服务器: 'request_weight'
2025-12-23 18:32:48,520 - DATA_COM - INFO - 收到机器人服务器数据: '9 9 9'
2025-12-23 18:32:49,523 - DATA_COM - INFO - 成功发送数据到机器人服务器: 'request_weight'
2025-12-23 18:32:49,525 - DATA_COM - INFO - 收到机器人服务器数据: '9 9 9'
2025-12-23 18:32:50,519 - DATA_COM - INFO - 成功发送数据到机器人服务器: 'request_weight'
2025-12-23 18:32:50,522 - DATA_COM - INFO - 收到机器人服务器数据: '9 9 9'
2025-12-23 18:32:51,517 - DATA_COM - INFO - 成功发送数据到机器人服务器: 'request_weight'
2025-12-23 18:32:51,519 - DATA_COM - INFO - 收到机器人服务器数据: '9 9 9'
2025-12-23 18:32:52,532 - DATA_COM - INFO - 成功发送数据到机器人服务器: 'request_weight'
2025-12-23 18:32:52,532 - DATA_COM - INFO - 收到机器人服务器数据: '9 9 9'
2025-12-23 18:32:53,530 - DATA_COM - INFO - 成功发送数据到机器人服务器: 'request_weight'
2025-12-23 18:32:53,530 - DATA_COM - INFO - 收到机器人服务器数据: '9 9 9'
2025-12-23 18:32:54,518 - DATA_COM - INFO - 成功发送数据到机器人服务器: 'request_weight'
2025-12-23 18:32:54,519 - DATA_COM - INFO - 收到机器人服务器数据: '9 9 9'
2025-12-23 18:32:55,523 - DATA_COM - INFO - 成功发送数据到机器人服务器: 'request_weight'
2025-12-23 18:32:55,525 - DATA_COM - INFO - 收到机器人服务器数据: '9 9 9'
2025-12-23 18:32:56,523 - DATA_COM - INFO - 成功发送数据到机器人服务器: 'request_weight'
2025-12-23 18:32:56,525 - DATA_COM - INFO - 收到机器人服务器数据: '9 9 9'
2025-12-23 18:32:57,523 - DATA_COM - INFO - 成功发送数据到机器人服务器: 'request_weight'
2025-12-23 18:32:57,524 - DATA_COM - INFO - 收到机器人服务器数据: '9 9 9'
2025-12-23 18:32:58,523 - DATA_COM - INFO - 成功发送数据到机器人服务器: 'request_weight'
2025-12-23 18:32:58,523 - DATA_COM - INFO - 收到机器人服务器数据: '9 9 9'
2025-12-23 18:32:59,520 - DATA_COM - INFO - 成功发送数据到机器人服务器: 'request_weight'
2025-12-23 18:32:59,521 - DATA_COM - INFO - 收到机器人服务器数据: '9 9 9'
2025-12-23 18:33:00,527 - DATA_COM - INFO - 成功发送数据到机器人服务器: 'request_weight'
2025-12-23 18:33:00,528 - DATA_COM - INFO - 收到机器人服务器数据: '9 9 9'
2025-12-23 18:33:01,528 - DATA_COM - INFO - 成功发送数据到机器人服务器: 'request_weight'
2025-12-23 18:33:01,529 - DATA_COM - INFO - 收到机器人服务器数据: '9 9 9'
2025-12-23 18:33:02,525 - DATA_COM - INFO - 成功发送数据到机器人服务器: 'request_weight'
2025-12-23 18:33:02,525 - DATA_COM - INFO - 收到机器人服务器数据: '9 9 9'
2025-12-23 18:33:03,527 - DATA_COM - INFO - 成功发送数据到机器人服务器: 'request_weight'
2025-12-23 18:33:03,529 - DATA_COM - INFO - 收到机器人服务器数据: '9 9 9'
2025-12-23 18:33:04,523 - DATA_COM - INFO - 成功发送数据到机器人服务器: 'request_weight'
2025-12-23 18:33:04,523 - DATA_COM - INFO - 收到机器人服务器数据: '9 9 9'
2025-12-23 18:33:05,520 - DATA_COM - INFO - 成功发送数据到机器人服务器: 'request_weight'
2025-12-23 18:33:05,522 - DATA_COM - INFO - 收到机器人服务器数据: '9 9 9'
2025-12-23 18:33:06,527 - DATA_COM - INFO - 成功发送数据到机器人服务器: 'request_weight'
2025-12-23 18:33:06,528 - DATA_COM - INFO - 收到机器人服务器数据: '9 9 9'
2025-12-23 18:33:07,518 - DATA_COM - INFO - 成功发送数据到机器人服务器: 'request_weight'
2025-12-23 18:33:07,519 - DATA_COM - INFO - 收到机器人服务器数据: '9 9 9'
2025-12-23 18:33:08,520 - DATA_COM - INFO - 成功发送数据到机器人服务器: 'request_weight'
2025-12-23 18:33:08,521 - DATA_COM - INFO - 收到机器人服务器数据: '9 9 9'
2025-12-23 18:33:09,534 - DATA_COM - INFO - 成功发送数据到机器人服务器: 'request_weight'
2025-12-23 18:33:09,535 - DATA_COM - INFO - 收到机器人服务器数据: '9 9 9'
2025-12-23 18:33:10,519 - DATA_COM - INFO - 成功发送数据到机器人服务器: 'request_weight'
2025-12-23 18:33:10,520 - DATA_COM - INFO - 收到机器人服务器数据: '9 9 9'
2025-12-23 18:33:11,529 - DATA_COM - INFO - 成功发送数据到机器人服务器: 'request_weight'
2025-12-23 18:33:11,530 - DATA_COM - INFO - 收到机器人服务器数据: '9 9 9'
2025-12-23 18:33:12,522 - DATA_COM - INFO - 成功发送数据到机器人服务器: 'request_weight'
2025-12-23 18:33:12,523 - DATA_COM - INFO - 收到机器人服务器数据: '9 9 9'
2025-12-23 18:33:13,525 - DATA_COM - INFO - 成功发送数据到机器人服务器: 'request_weight'
2025-12-23 18:33:13,526 - DATA_COM - INFO - 收到机器人服务器数据: '9 9 9'
2025-12-23 18:33:14,520 - DATA_COM - INFO - 成功发送数据到机器人服务器: 'request_weight'
2025-12-23 18:33:14,522 - DATA_COM - INFO - 收到机器人服务器数据: '9 9 9'
2025-12-23 18:33:15,518 - DATA_COM - INFO - 成功发送数据到机器人服务器: 'request_weight'
2025-12-23 18:33:15,519 - DATA_COM - INFO - 收到机器人服务器数据: '9 9 9'
2025-12-23 18:33:16,519 - DATA_COM - INFO - 成功发送数据到机器人服务器: 'request_weight'
2025-12-23 18:33:16,520 - DATA_COM - INFO - 收到机器人服务器数据: '9 9 9'
2025-12-23 18:33:17,525 - DATA_COM - INFO - 成功发送数据到机器人服务器: 'request_weight'
2025-12-23 18:33:17,525 - DATA_COM - INFO - 收到机器人服务器数据: '9 9 9'
2025-12-23 18:33:17,561 - DATA_COM - ERROR - 接收数据时发生socket错误: [WinError 10038] 在一个非套接字上尝试了一个操作。
2025-12-23 18:33:17,561 - DATA_COM - INFO - 已断开与机器人服务器的连接: 192.168.125.1:1025
