2025-12-24 09:38:27,171 - DATA_COM - INFO - 正在连接到机器人服务器: 192.168.125.1:1025
2025-12-24 09:38:27,184 - DATA_COM - INFO - 成功连接到机器人服务器: 192.168.125.1:1025
2025-12-24 09:38:47,680 - DATA_COM - INFO - 成功发送数据到机器人服务器: 'request_weight'
2025-12-24 09:38:47,680 - DATA_COM - INFO - 收到机器人服务器数据: '9 9 9'
2025-12-24 09:38:48,685 - DATA_COM - INFO - 成功发送数据到机器人服务器: 'request_weight'
2025-12-24 09:38:48,686 - DATA_COM - INFO - 收到机器人服务器数据: '9 9 9'
2025-12-24 09:38:49,680 - DATA_COM - INFO - 成功发送数据到机器人服务器: 'request_weight'
2025-12-24 09:38:49,681 - DATA_COM - INFO - 收到机器人服务器数据: '9 9 9'
2025-12-24 09:38:50,676 - DATA_COM - INFO - 成功发送数据到机器人服务器: 'request_weight'
2025-12-24 09:38:50,678 - DATA_COM - INFO - 收到机器人服务器数据: '9 9 9'
2025-12-24 09:38:51,688 - DATA_COM - INFO - 成功发送数据到机器人服务器: 'request_weight'
2025-12-24 09:38:51,689 - DATA_COM - INFO - 收到机器人服务器数据: '9 9 9'
2025-12-24 09:38:52,683 - DATA_COM - INFO - 成功发送数据到机器人服务器: 'request_weight'
2025-12-24 09:38:52,684 - DATA_COM - INFO - 收到机器人服务器数据: '9 9 9'
2025-12-24 09:38:53,680 - DATA_COM - INFO - 成功发送数据到机器人服务器: 'request_weight'
2025-12-24 09:38:53,680 - DATA_COM - INFO - 收到机器人服务器数据: '9 9 9'
2025-12-24 09:38:54,674 - DATA_COM - INFO - 成功发送数据到机器人服务器: 'request_weight'
2025-12-24 09:38:54,674 - DATA_COM - INFO - 收到机器人服务器数据: '9 9 9'
2025-12-24 09:38:55,687 - DATA_COM - INFO - 成功发送数据到机器人服务器: 'request_weight'
2025-12-24 09:38:55,688 - DATA_COM - INFO - 收到机器人服务器数据: '9 9 9'
2025-12-24 09:38:56,675 - DATA_COM - INFO - 成功发送数据到机器人服务器: 'request_weight'
2025-12-24 09:38:56,676 - DATA_COM - INFO - 收到机器人服务器数据: '9 9 9'
2025-12-24 09:38:57,675 - DATA_COM - INFO - 成功发送数据到机器人服务器: 'request_weight'
2025-12-24 09:38:57,675 - DATA_COM - INFO - 收到机器人服务器数据: '9 9 9'
2025-12-24 09:38:58,684 - DATA_COM - INFO - 成功发送数据到机器人服务器: 'request_weight'
2025-12-24 09:38:58,685 - DATA_COM - INFO - 收到机器人服务器数据: '9 9 9'
2025-12-24 09:38:59,681 - DATA_COM - INFO - 成功发送数据到机器人服务器: 'request_weight'
2025-12-24 09:38:59,683 - DATA_COM - INFO - 收到机器人服务器数据: '9 9 9'
2025-12-24 09:39:00,675 - DATA_COM - INFO - 成功发送数据到机器人服务器: 'request_weight'
2025-12-24 09:39:00,677 - DATA_COM - INFO - 收到机器人服务器数据: '9 9 9'
2025-12-24 09:39:01,677 - DATA_COM - INFO - 成功发送数据到机器人服务器: 'request_weight'
2025-12-24 09:39:01,677 - DATA_COM - INFO - 收到机器人服务器数据: '9 9 9'
2025-12-24 09:39:02,677 - DATA_COM - INFO - 成功发送数据到机器人服务器: 'request_weight'
2025-12-24 09:39:02,677 - DATA_COM - INFO - 收到机器人服务器数据: '9 9 9'
2025-12-24 09:39:03,686 - DATA_COM - INFO - 成功发送数据到机器人服务器: 'request_weight'
2025-12-24 09:39:03,686 - DATA_COM - INFO - 收到机器人服务器数据: '9 9 9'
2025-12-24 09:39:04,674 - DATA_COM - INFO - 成功发送数据到机器人服务器: 'request_weight'
2025-12-24 09:39:04,676 - DATA_COM - INFO - 收到机器人服务器数据: '9 9 9'
2025-12-24 09:39:05,675 - DATA_COM - INFO - 成功发送数据到机器人服务器: 'request_weight'
2025-12-24 09:39:05,675 - DATA_COM - INFO - 收到机器人服务器数据: '9 9 9'
2025-12-24 09:39:06,687 - DATA_COM - INFO - 成功发送数据到机器人服务器: 'request_weight'
2025-12-24 09:39:06,688 - DATA_COM - INFO - 收到机器人服务器数据: '9 9 9'
2025-12-24 09:39:07,687 - DATA_COM - INFO - 成功发送数据到机器人服务器: 'request_weight'
2025-12-24 09:39:07,687 - DATA_COM - INFO - 收到机器人服务器数据: '9 9 9'
2025-12-24 09:39:08,682 - DATA_COM - INFO - 成功发送数据到机器人服务器: 'request_weight'
2025-12-24 09:39:08,683 - DATA_COM - INFO - 收到机器人服务器数据: '9 9 9'
2025-12-24 09:39:09,679 - DATA_COM - INFO - 成功发送数据到机器人服务器: 'request_weight'
2025-12-24 09:39:09,681 - DATA_COM - INFO - 收到机器人服务器数据: '9 9 9'
2025-12-24 09:39:10,677 - DATA_COM - INFO - 成功发送数据到机器人服务器: 'request_weight'
2025-12-24 09:39:10,679 - DATA_COM - INFO - 收到机器人服务器数据: '9 9 9'
2025-12-24 09:39:11,675 - DATA_COM - INFO - 成功发送数据到机器人服务器: 'request_weight'
2025-12-24 09:39:11,676 - DATA_COM - INFO - 收到机器人服务器数据: '9 9 9'
2025-12-24 09:39:12,676 - DATA_COM - INFO - 成功发送数据到机器人服务器: 'request_weight'
2025-12-24 09:39:12,677 - DATA_COM - INFO - 收到机器人服务器数据: '9 9 9'
2025-12-24 09:39:13,674 - DATA_COM - INFO - 成功发送数据到机器人服务器: 'request_weight'
2025-12-24 09:39:13,674 - DATA_COM - INFO - 收到机器人服务器数据: '9 9 9'
2025-12-24 09:39:14,677 - DATA_COM - INFO - 成功发送数据到机器人服务器: 'request_weight'
2025-12-24 09:39:14,678 - DATA_COM - INFO - 收到机器人服务器数据: '9 9 9'
2025-12-24 09:39:15,680 - DATA_COM - INFO - 成功发送数据到机器人服务器: 'request_weight'
2025-12-24 09:39:15,680 - DATA_COM - INFO - 收到机器人服务器数据: '9 9 9'
2025-12-24 09:39:16,675 - DATA_COM - INFO - 成功发送数据到机器人服务器: 'request_weight'
2025-12-24 09:39:16,675 - DATA_COM - INFO - 收到机器人服务器数据: '9 9 9'
2025-12-24 09:39:17,681 - DATA_COM - INFO - 成功发送数据到机器人服务器: 'request_weight'
2025-12-24 09:39:17,681 - DATA_COM - INFO - 收到机器人服务器数据: '9 9 9'
2025-12-24 09:39:18,686 - DATA_COM - INFO - 成功发送数据到机器人服务器: 'request_weight'
2025-12-24 09:39:18,686 - DATA_COM - INFO - 收到机器人服务器数据: '9 9 9'
2025-12-24 09:39:19,679 - DATA_COM - INFO - 成功发送数据到机器人服务器: 'request_weight'
2025-12-24 09:39:19,680 - DATA_COM - INFO - 收到机器人服务器数据: '9 9 9'
2025-12-24 09:39:20,675 - DATA_COM - INFO - 成功发送数据到机器人服务器: 'request_weight'
2025-12-24 09:39:20,676 - DATA_COM - INFO - 收到机器人服务器数据: '9 9 9'
2025-12-24 09:39:21,684 - DATA_COM - INFO - 成功发送数据到机器人服务器: 'request_weight'
2025-12-24 09:39:21,685 - DATA_COM - INFO - 收到机器人服务器数据: '9 9 9'
2025-12-24 09:39:22,678 - DATA_COM - INFO - 成功发送数据到机器人服务器: 'request_weight'
2025-12-24 09:39:22,679 - DATA_COM - INFO - 收到机器人服务器数据: '9 9 9'
2025-12-24 09:39:23,688 - DATA_COM - INFO - 成功发送数据到机器人服务器: 'request_weight'
2025-12-24 09:39:23,688 - DATA_COM - INFO - 收到机器人服务器数据: '9 9 9'
2025-12-24 09:39:24,679 - DATA_COM - INFO - 成功发送数据到机器人服务器: 'request_weight'
2025-12-24 09:39:24,680 - DATA_COM - INFO - 收到机器人服务器数据: '9 9 9'
2025-12-24 09:39:25,678 - DATA_COM - INFO - 成功发送数据到机器人服务器: 'request_weight'
2025-12-24 09:39:25,679 - DATA_COM - INFO - 收到机器人服务器数据: '9 9 9'
2025-12-24 09:39:26,687 - DATA_COM - INFO - 成功发送数据到机器人服务器: 'request_weight'
2025-12-24 09:39:26,687 - DATA_COM - INFO - 收到机器人服务器数据: '9 9 9'
2025-12-24 09:39:27,684 - DATA_COM - INFO - 成功发送数据到机器人服务器: 'request_weight'
2025-12-24 09:39:27,686 - DATA_COM - INFO - 收到机器人服务器数据: '9 9 9'
2025-12-24 09:39:28,675 - DATA_COM - INFO - 成功发送数据到机器人服务器: 'request_weight'
2025-12-24 09:39:28,675 - DATA_COM - INFO - 收到机器人服务器数据: '9 9 9'
2025-12-24 09:39:29,683 - DATA_COM - INFO - 成功发送数据到机器人服务器: 'request_weight'
2025-12-24 09:39:29,684 - DATA_COM - INFO - 收到机器人服务器数据: '9 9 9'
2025-12-24 09:39:30,679 - DATA_COM - INFO - 成功发送数据到机器人服务器: 'request_weight'
2025-12-24 09:39:30,680 - DATA_COM - INFO - 收到机器人服务器数据: '9 9 9'
2025-12-24 09:39:31,677 - DATA_COM - INFO - 成功发送数据到机器人服务器: 'request_weight'
2025-12-24 09:39:31,677 - DATA_COM - INFO - 收到机器人服务器数据: '9 9 9'
2025-12-24 09:39:32,689 - DATA_COM - INFO - 成功发送数据到机器人服务器: 'request_weight'
2025-12-24 09:39:32,691 - DATA_COM - INFO - 收到机器人服务器数据: '9 9 9'
2025-12-24 09:39:33,685 - DATA_COM - INFO - 成功发送数据到机器人服务器: 'request_weight'
2025-12-24 09:39:33,687 - DATA_COM - INFO - 收到机器人服务器数据: '9 9 9'
2025-12-24 09:39:34,676 - DATA_COM - INFO - 成功发送数据到机器人服务器: 'request_weight'
2025-12-24 09:39:34,677 - DATA_COM - INFO - 收到机器人服务器数据: '9 9 9'
2025-12-24 09:39:35,686 - DATA_COM - INFO - 成功发送数据到机器人服务器: 'request_weight'
2025-12-24 09:39:35,687 - DATA_COM - INFO - 收到机器人服务器数据: '9 9 9'
2025-12-24 09:39:36,677 - DATA_COM - INFO - 成功发送数据到机器人服务器: 'request_weight'
2025-12-24 09:39:36,677 - DATA_COM - INFO - 收到机器人服务器数据: '9 9 9'
2025-12-24 09:39:37,684 - DATA_COM - INFO - 成功发送数据到机器人服务器: 'request_weight'
2025-12-24 09:39:37,686 - DATA_COM - INFO - 收到机器人服务器数据: '9 9 9'
2025-12-24 09:39:38,675 - DATA_COM - INFO - 成功发送数据到机器人服务器: 'request_weight'
2025-12-24 09:39:38,675 - DATA_COM - INFO - 收到机器人服务器数据: '9 9 9'
2025-12-24 09:39:39,685 - DATA_COM - INFO - 成功发送数据到机器人服务器: 'request_weight'
2025-12-24 09:39:39,686 - DATA_COM - INFO - 收到机器人服务器数据: '9 9 9'
2025-12-24 09:39:40,675 - DATA_COM - INFO - 成功发送数据到机器人服务器: 'request_weight'
2025-12-24 09:39:40,677 - DATA_COM - INFO - 收到机器人服务器数据: '9 9 9'
2025-12-24 09:39:41,686 - DATA_COM - INFO - 成功发送数据到机器人服务器: 'request_weight'
2025-12-24 09:39:41,687 - DATA_COM - INFO - 收到机器人服务器数据: '9 9 9'
2025-12-24 09:39:42,676 - DATA_COM - INFO - 成功发送数据到机器人服务器: 'request_weight'
2025-12-24 09:39:42,677 - DATA_COM - INFO - 收到机器人服务器数据: '9 9 9'
2025-12-24 09:39:43,681 - DATA_COM - INFO - 成功发送数据到机器人服务器: 'request_weight'
2025-12-24 09:39:43,681 - DATA_COM - INFO - 收到机器人服务器数据: '9 9 9'
2025-12-24 09:39:44,687 - DATA_COM - INFO - 成功发送数据到机器人服务器: 'request_weight'
2025-12-24 09:39:44,688 - DATA_COM - INFO - 收到机器人服务器数据: '9 9 9'
2025-12-24 09:39:45,676 - DATA_COM - INFO - 成功发送数据到机器人服务器: 'request_weight'
2025-12-24 09:39:45,677 - DATA_COM - INFO - 收到机器人服务器数据: '9 9 9'
2025-12-24 09:39:46,684 - DATA_COM - INFO - 成功发送数据到机器人服务器: 'request_weight'
2025-12-24 09:39:46,685 - DATA_COM - INFO - 收到机器人服务器数据: '9 9 9'
2025-12-24 09:39:47,688 - DATA_COM - INFO - 成功发送数据到机器人服务器: 'request_weight'
2025-12-24 09:39:47,689 - DATA_COM - INFO - 收到机器人服务器数据: '9 9 9'
2025-12-24 09:39:48,677 - DATA_COM - INFO - 成功发送数据到机器人服务器: 'request_weight'
2025-12-24 09:39:48,677 - DATA_COM - INFO - 收到机器人服务器数据: '9 9 9'
2025-12-24 09:39:49,687 - DATA_COM - INFO - 成功发送数据到机器人服务器: 'request_weight'
2025-12-24 09:39:49,688 - DATA_COM - INFO - 收到机器人服务器数据: '9 9 9'
2025-12-24 09:39:50,676 - DATA_COM - INFO - 成功发送数据到机器人服务器: 'request_weight'
2025-12-24 09:39:50,676 - DATA_COM - INFO - 收到机器人服务器数据: '9 9 9'
2025-12-24 09:39:51,687 - DATA_COM - INFO - 成功发送数据到机器人服务器: 'request_weight'
2025-12-24 09:39:51,687 - DATA_COM - INFO - 收到机器人服务器数据: '9 9 9'
2025-12-24 09:39:52,676 - DATA_COM - INFO - 成功发送数据到机器人服务器: 'request_weight'
2025-12-24 09:39:52,676 - DATA_COM - INFO - 收到机器人服务器数据: '9 9 9'
2025-12-24 09:39:53,686 - DATA_COM - INFO - 成功发送数据到机器人服务器: 'request_weight'
2025-12-24 09:39:53,686 - DATA_COM - INFO - 收到机器人服务器数据: '9 9 9'
2025-12-24 09:39:54,678 - DATA_COM - INFO - 成功发送数据到机器人服务器: 'request_weight'
2025-12-24 09:39:54,680 - DATA_COM - INFO - 收到机器人服务器数据: '9 9 9'
2025-12-24 09:39:55,675 - DATA_COM - INFO - 成功发送数据到机器人服务器: 'request_weight'
2025-12-24 09:39:55,676 - DATA_COM - INFO - 收到机器人服务器数据: '9 9 9'
2025-12-24 09:39:56,686 - DATA_COM - INFO - 成功发送数据到机器人服务器: 'request_weight'
2025-12-24 09:39:56,687 - DATA_COM - INFO - 收到机器人服务器数据: '9 9 9'
2025-12-24 09:39:57,678 - DATA_COM - INFO - 成功发送数据到机器人服务器: 'request_weight'
2025-12-24 09:39:57,679 - DATA_COM - INFO - 收到机器人服务器数据: '9 9 9'
2025-12-24 09:39:58,687 - DATA_COM - INFO - 成功发送数据到机器人服务器: 'request_weight'
2025-12-24 09:39:58,689 - DATA_COM - INFO - 收到机器人服务器数据: '9 9 9'
2025-12-24 09:39:59,680 - DATA_COM - INFO - 成功发送数据到机器人服务器: 'request_weight'
2025-12-24 09:40:00,688 - DATA_COM - INFO - 成功发送数据到机器人服务器: 'request_weight'
2025-12-24 09:40:01,678 - DATA_COM - INFO - 成功发送数据到机器人服务器: 'request_weight'
2025-12-24 09:40:02,683 - DATA_COM - INFO - 成功发送数据到机器人服务器: 'request_weight'
2025-12-24 09:40:03,680 - DATA_COM - INFO - 成功发送数据到机器人服务器: 'request_weight'
2025-12-24 09:40:04,689 - DATA_COM - INFO - 成功发送数据到机器人服务器: 'request_weight'
2025-12-24 09:40:05,682 - DATA_COM - INFO - 成功发送数据到机器人服务器: 'request_weight'
2025-12-24 09:40:06,677 - DATA_COM - INFO - 成功发送数据到机器人服务器: 'request_weight'
2025-12-24 09:40:07,675 - DATA_COM - INFO - 成功发送数据到机器人服务器: 'request_weight'
2025-12-24 09:40:08,687 - DATA_COM - INFO - 成功发送数据到机器人服务器: 'request_weight'
2025-12-24 09:40:09,677 - DATA_COM - INFO - 成功发送数据到机器人服务器: 'request_weight'
2025-12-24 09:40:10,687 - DATA_COM - INFO - 成功发送数据到机器人服务器: 'request_weight'
2025-12-24 09:40:11,684 - DATA_COM - INFO - 成功发送数据到机器人服务器: 'request_weight'
2025-12-24 09:40:12,681 - DATA_COM - INFO - 成功发送数据到机器人服务器: 'request_weight'
2025-12-24 09:40:13,683 - DATA_COM - INFO - 成功发送数据到机器人服务器: 'request_weight'
2025-12-24 09:40:14,676 - DATA_COM - INFO - 成功发送数据到机器人服务器: 'request_weight'
2025-12-24 09:40:15,684 - DATA_COM - INFO - 成功发送数据到机器人服务器: 'request_weight'
2025-12-24 09:40:16,675 - DATA_COM - INFO - 成功发送数据到机器人服务器: 'request_weight'
2025-12-24 09:40:17,681 - DATA_COM - INFO - 成功发送数据到机器人服务器: 'request_weight'
2025-12-24 09:40:17,702 - DATA_COM - ERROR - 接收数据时发生socket错误: [WinError 10038] 在一个非套接字上尝试了一个操作。
2025-12-24 09:40:17,702 - DATA_COM - INFO - 已断开与机器人服务器的连接: 192.168.125.1:1025
2025-12-24 09:40:18,676 - DATA_COM - ERROR - 发送数据失败: 未连接到机器人服务器
2025-12-24 09:40:19,688 - DATA_COM - ERROR - 发送数据失败: 未连接到机器人服务器
2025-12-24 09:40:20,682 - DATA_COM - ERROR - 发送数据失败: 未连接到机器人服务器
2025-12-24 09:40:21,676 - DATA_COM - ERROR - 发送数据失败: 未连接到机器人服务器
2025-12-24 09:40:22,678 - DATA_COM - ERROR - 发送数据失败: 未连接到机器人服务器
2025-12-24 09:40:23,675 - DATA_COM - ERROR - 发送数据失败: 未连接到机器人服务器
2025-12-24 09:40:24,683 - DATA_COM - ERROR - 发送数据失败: 未连接到机器人服务器
