2025-12-23 17:13:48,722 - RobotClient - INFO - 配置文件加载成功: resources/config.ini
2025-12-23 17:16:47,841 - RobotClient - INFO - 配置文件保存成功: resources/config.ini
2025-12-23 17:16:47,841 - RobotClient - INFO - 配置项更新成功: [Communication] control_host = 192.168.125.1
2025-12-23 17:16:47,843 - RobotClient - INFO - 配置文件保存成功: resources/config.ini
2025-12-23 17:16:47,843 - RobotClient - INFO - 配置项更新成功: [Communication] control_port = 1023
2025-12-23 17:16:47,844 - RobotClient - INFO - 配置文件保存成功: resources/config.ini
2025-12-23 17:16:47,852 - RobotClient - INFO - 配置项更新成功: [Communication] data_host = 192.168.125.1
2025-12-23 17:16:47,852 - RobotClient - INFO - 配置文件保存成功: resources/config.ini
2025-12-23 17:16:47,854 - RobotClient - INFO - 配置项更新成功: [Communication] data_port = 1025
2025-12-23 17:16:47,855 - RobotClient - INFO - 配置文件保存成功: resources/config.ini
2025-12-23 17:16:47,857 - RobotClient - INFO - 配置项更新成功: [Communication] host = 192.168.125.1
2025-12-23 17:16:47,857 - RobotClient - INFO - 配置文件保存成功: resources/config.ini
2025-12-23 17:16:47,859 - RobotClient - INFO - 配置项更新成功: [Communication] port = 1023
2025-12-23 17:16:49,905 - RobotClient - INFO - 配置文件保存成功: resources/config.ini
2025-12-23 17:16:49,906 - RobotClient - INFO - 配置项更新成功: [Communication] control_host = 192.168.125.1
2025-12-23 17:16:49,908 - RobotClient - INFO - 配置文件保存成功: resources/config.ini
2025-12-23 17:16:49,909 - RobotClient - INFO - 配置项更新成功: [Communication] control_port = 1023
2025-12-23 17:16:49,910 - RobotClient - INFO - 配置文件保存成功: resources/config.ini
2025-12-23 17:16:49,912 - RobotClient - INFO - 配置项更新成功: [Communication] data_host = 192.168.125.1
2025-12-23 17:16:49,914 - RobotClient - INFO - 配置文件保存成功: resources/config.ini
2025-12-23 17:16:49,914 - RobotClient - INFO - 配置项更新成功: [Communication] data_port = 1025
2025-12-23 17:16:49,915 - RobotClient - INFO - 配置文件保存成功: resources/config.ini
2025-12-23 17:16:49,917 - RobotClient - INFO - 配置项更新成功: [Communication] host = 192.168.125.1
2025-12-23 17:16:49,922 - RobotClient - INFO - 配置文件保存成功: resources/config.ini
2025-12-23 17:16:49,924 - RobotClient - INFO - 配置项更新成功: [Communication] port = 1023
2025-12-23 17:16:51,957 - RobotClient - INFO - 配置文件保存成功: resources/config.ini
2025-12-23 17:16:51,957 - RobotClient - INFO - 配置项更新成功: [Communication] control_host = 192.168.125.1
2025-12-23 17:16:51,959 - RobotClient - INFO - 配置文件保存成功: resources/config.ini
2025-12-23 17:16:51,962 - RobotClient - INFO - 配置项更新成功: [Communication] control_port = 1023
2025-12-23 17:16:51,963 - RobotClient - INFO - 配置文件保存成功: resources/config.ini
2025-12-23 17:16:51,964 - RobotClient - INFO - 配置项更新成功: [Communication] data_host = 192.168.125.1
2025-12-23 17:16:51,966 - RobotClient - INFO - 配置文件保存成功: resources/config.ini
2025-12-23 17:16:51,968 - RobotClient - INFO - 配置项更新成功: [Communication] data_port = 1025
2025-12-23 17:16:51,971 - RobotClient - INFO - 配置文件保存成功: resources/config.ini
2025-12-23 17:16:51,972 - RobotClient - INFO - 配置项更新成功: [Communication] host = 192.168.125.1
2025-12-23 17:16:51,973 - RobotClient - INFO - 配置文件保存成功: resources/config.ini
2025-12-23 17:16:51,988 - RobotClient - INFO - 配置项更新成功: [Communication] port = 1023
2025-12-23 17:17:06,123 - RobotClient - INFO - 配置文件保存成功: resources/config.ini
2025-12-23 17:17:06,124 - RobotClient - INFO - 配置项更新成功: [Communication] control_host = 192.168.125.1
2025-12-23 17:17:06,124 - RobotClient - INFO - 配置文件保存成功: resources/config.ini
2025-12-23 17:17:06,124 - RobotClient - INFO - 配置项更新成功: [Communication] control_port = 1023
2025-12-23 17:17:06,126 - RobotClient - INFO - 配置文件保存成功: resources/config.ini
2025-12-23 17:17:06,127 - RobotClient - INFO - 配置项更新成功: [Communication] data_host = 192.168.125.1
2025-12-23 17:17:06,127 - RobotClient - INFO - 配置文件保存成功: resources/config.ini
2025-12-23 17:17:06,128 - RobotClient - INFO - 配置项更新成功: [Communication] data_port = 1025
2025-12-23 17:17:06,128 - RobotClient - INFO - 配置文件保存成功: resources/config.ini
2025-12-23 17:17:06,129 - RobotClient - INFO - 配置项更新成功: [Communication] host = 192.168.125.1
2025-12-23 17:17:06,129 - RobotClient - INFO - 配置文件保存成功: resources/config.ini
2025-12-23 17:17:06,129 - RobotClient - INFO - 配置项更新成功: [Communication] port = 1023
2025-12-23 17:17:27,916 - RobotClient - INFO - 配置文件保存成功: resources/config.ini
2025-12-23 17:17:27,916 - RobotClient - INFO - 配置项更新成功: [Communication] control_host = 192.168.125.1
2025-12-23 17:17:27,917 - RobotClient - INFO - 配置文件保存成功: resources/config.ini
2025-12-23 17:17:27,917 - RobotClient - INFO - 配置项更新成功: [Communication] control_port = 1023
2025-12-23 17:17:27,918 - RobotClient - INFO - 配置文件保存成功: resources/config.ini
2025-12-23 17:17:27,918 - RobotClient - INFO - 配置项更新成功: [Communication] data_host = 192.168.125.1
2025-12-23 17:17:27,920 - RobotClient - INFO - 配置文件保存成功: resources/config.ini
2025-12-23 17:17:27,921 - RobotClient - INFO - 配置项更新成功: [Communication] data_port = 1025
2025-12-23 17:17:27,921 - RobotClient - INFO - 配置文件保存成功: resources/config.ini
2025-12-23 17:17:27,923 - RobotClient - INFO - 配置项更新成功: [Communication] host = 192.168.125.1
2025-12-23 17:17:27,925 - RobotClient - INFO - 配置文件保存成功: resources/config.ini
2025-12-23 17:17:27,925 - RobotClient - INFO - 配置项更新成功: [Communication] port = 1023
2025-12-23 17:17:29,192 - RobotClient - INFO - 配置文件保存成功: resources/config.ini
2025-12-23 17:17:29,192 - RobotClient - INFO - 配置项更新成功: [Communication] control_host = 192.168.125.1
2025-12-23 17:17:29,194 - RobotClient - INFO - 配置文件保存成功: resources/config.ini
2025-12-23 17:17:29,194 - RobotClient - INFO - 配置项更新成功: [Communication] control_port = 1023
2025-12-23 17:17:29,196 - RobotClient - INFO - 配置文件保存成功: resources/config.ini
2025-12-23 17:17:29,196 - RobotClient - INFO - 配置项更新成功: [Communication] data_host = 192.168.125.1
2025-12-23 17:17:29,197 - RobotClient - INFO - 配置文件保存成功: resources/config.ini
2025-12-23 17:17:29,197 - RobotClient - INFO - 配置项更新成功: [Communication] data_port = 1025
2025-12-23 17:17:29,199 - RobotClient - INFO - 配置文件保存成功: resources/config.ini
2025-12-23 17:17:29,199 - RobotClient - INFO - 配置项更新成功: [Communication] host = 192.168.125.1
2025-12-23 17:17:29,200 - RobotClient - INFO - 配置文件保存成功: resources/config.ini
2025-12-23 17:17:29,200 - RobotClient - INFO - 配置项更新成功: [Communication] port = 1025
2025-12-23 17:17:32,830 - RobotClient - INFO - 配置文件保存成功: resources/config.ini
2025-12-23 17:17:32,830 - RobotClient - INFO - 配置项更新成功: [File] excel_file = test_file.xlsx
2025-12-23 17:17:32,832 - RobotClient - INFO - 配置文件保存成功: resources/config.ini
2025-12-23 17:17:32,832 - RobotClient - INFO - 配置项更新成功: [File] excel_file = test_file.xlsx
2025-12-23 17:17:32,833 - RobotClient - INFO - 文件路径已更新 - Excel: test_file.xlsx, JSON: experimental_results.json, 结果目录: Experimental results
2025-12-23 17:17:32,841 - RobotClient - INFO - Excel文件加载成功: test_file.xlsx, 工作表: Sheet1, 行数: 7, 列数: 5
2025-12-23 17:17:32,843 - RobotClient - DEBUG - 获取单元格值: 行 2, 列 1, 值: 物料1
2025-12-23 17:17:32,843 - RobotClient - DEBUG - 获取单元格值: 行 2, 列 2, 值: 10
2025-12-23 17:17:32,843 - RobotClient - DEBUG - 获取单元格值: 行 2, 列 3, 值: 1.1
2025-12-23 17:17:32,844 - RobotClient - DEBUG - 获取单元格值: 行 2, 列 4, 值: 2
2025-12-23 17:17:32,844 - RobotClient - DEBUG - 获取单元格值: 行 2, 列 5, 值: 8.1
2025-12-23 17:17:32,844 - RobotClient - DEBUG - 获取单元格值: 行 3, 列 1, 值: 物料2
2025-12-23 17:17:32,846 - RobotClient - DEBUG - 获取单元格值: 行 3, 列 2, 值: 15
2025-12-23 17:17:32,846 - RobotClient - DEBUG - 获取单元格值: 行 3, 列 3, 值: 1.2
2025-12-23 17:17:32,846 - RobotClient - DEBUG - 获取单元格值: 行 3, 列 4, 值: 2
2025-12-23 17:17:32,846 - RobotClient - DEBUG - 获取单元格值: 行 3, 列 5, 值: 8.1
2025-12-23 17:17:32,846 - RobotClient - DEBUG - 获取单元格值: 行 4, 列 1, 值: 物料3
2025-12-23 17:17:32,848 - RobotClient - DEBUG - 获取单元格值: 行 4, 列 2, 值: 20
2025-12-23 17:17:32,848 - RobotClient - DEBUG - 获取单元格值: 行 4, 列 3, 值: 1.3
2025-12-23 17:17:32,848 - RobotClient - DEBUG - 获取单元格值: 行 4, 列 4, 值: 3
2025-12-23 17:17:32,848 - RobotClient - DEBUG - 获取单元格值: 行 4, 列 5, 值: 8.1
2025-12-23 17:17:32,848 - RobotClient - DEBUG - 获取单元格值: 行 5, 列 1, 值: 物料4
2025-12-23 17:17:32,848 - RobotClient - DEBUG - 获取单元格值: 行 5, 列 2, 值: 25
2025-12-23 17:17:32,848 - RobotClient - DEBUG - 获取单元格值: 行 5, 列 3, 值: 1.4
2025-12-23 17:17:32,848 - RobotClient - DEBUG - 获取单元格值: 行 5, 列 4, 值: 3
2025-12-23 17:17:32,849 - RobotClient - DEBUG - 获取单元格值: 行 5, 列 5, 值: 8.1
2025-12-23 17:17:32,849 - RobotClient - DEBUG - 获取单元格值: 行 6, 列 1, 值: 物料5
2025-12-23 17:17:32,849 - RobotClient - DEBUG - 获取单元格值: 行 6, 列 2, 值: 30
2025-12-23 17:17:32,849 - RobotClient - DEBUG - 获取单元格值: 行 6, 列 3, 值: 1.5
2025-12-23 17:17:32,849 - RobotClient - DEBUG - 获取单元格值: 行 6, 列 4, 值: 4
2025-12-23 17:17:32,851 - RobotClient - DEBUG - 获取单元格值: 行 6, 列 5, 值: 8.1
2025-12-23 17:17:32,851 - RobotClient - DEBUG - 获取单元格值: 行 7, 列 1, 值: 物料6
2025-12-23 17:17:32,851 - RobotClient - DEBUG - 获取单元格值: 行 7, 列 2, 值: 35
2025-12-23 17:17:32,851 - RobotClient - DEBUG - 获取单元格值: 行 7, 列 3, 值: 1.6
2025-12-23 17:17:32,851 - RobotClient - DEBUG - 获取单元格值: 行 7, 列 4, 值: 4
2025-12-23 17:17:32,852 - RobotClient - DEBUG - 获取单元格值: 行 7, 列 5, 值: 8.1
2025-12-23 17:17:37,101 - RobotClient - INFO - 收到'new_target'指令，准备获取新目标重量
2025-12-23 17:17:37,101 - RobotClient - DEBUG - 获取单元格值: 行 2, 列 1, 值: 物料1
2025-12-23 17:17:37,101 - RobotClient - DEBUG - 获取单元格值: 行 2, 列 2, 值: 10
2025-12-23 17:17:37,102 - RobotClient - DEBUG - 获取单元格值: 行 2, 列 3, 值: 1.1
2025-12-23 17:17:37,102 - RobotClient - DEBUG - 获取单元格值: 行 2, 列 4, 值: 2
2025-12-23 17:17:37,102 - RobotClient - DEBUG - 获取单元格值: 行 2, 列 5, 值: 8.1
2025-12-23 17:17:37,105 - RobotClient - INFO - 配置文件保存成功: resources/config.ini
2025-12-23 17:17:37,105 - RobotClient - INFO - 配置项更新成功: [Parameters] density = 1.1
2025-12-23 17:17:37,105 - RobotClient - INFO - 配置文件保存成功: resources/config.ini
2025-12-23 17:17:37,107 - RobotClient - INFO - 配置项更新成功: [Parameters] vial_weight = 8.1
2025-12-23 17:17:37,108 - RobotClient - INFO - 配置文件保存成功: resources/config.ini
2025-12-23 17:17:37,109 - RobotClient - INFO - 配置项更新成功: [Parameters] particle_size = 2.0
2025-12-23 17:17:37,109 - RobotClient - INFO - 参数已更新 - 密度: 1.1, 瓶重: 8.1 g, 颗粒大小: 2.0, 模拟重量: True
2025-12-23 17:17:37,111 - RobotClient - DEBUG - 生成模拟重量: 11.625030891999817 g
2025-12-23 17:17:37,112 - RobotClient - INFO - 获取到重量数据: 11.625030891999817 g
2025-12-23 17:17:37,114 - RobotClient - DEBUG - 开始计算抖动参数 - 目标重量: 10.0 g, 当前重量: 11.625030891999817 g, 密度: 1.1, 颗粒大小: 2.0
2025-12-23 17:17:37,114 - RobotClient - DEBUG - 重量差值: 1.6250308919998169 g, 差值百分比: 16.25030891999817%
2025-12-23 17:17:37,114 - RobotClient - DEBUG - 计算完成 - 抖动幅度: 18.18181818181818, 抖动角度: 13.636363636363637
2025-12-23 17:17:38,110 - RobotClient - INFO - 收到'executing'指令: 'executing'
2025-12-23 17:17:38,111 - RobotClient - DEBUG - 生成模拟重量: 11.752688547698904 g
2025-12-23 17:17:38,111 - RobotClient - INFO - 获取到重量数据: 11.752688547698904 g
2025-12-23 17:17:38,111 - RobotClient - DEBUG - 开始计算抖动参数 - 目标重量: 10.0 g, 当前重量: 11.752688547698904 g, 密度: 1.1, 颗粒大小: 2.0
2025-12-23 17:17:38,112 - RobotClient - DEBUG - 重量差值: 1.752688547698904 g, 差值百分比: 17.52688547698904%
2025-12-23 17:17:38,112 - RobotClient - DEBUG - 计算完成 - 抖动幅度: 18.18181818181818, 抖动角度: 13.636363636363637
2025-12-23 17:17:39,108 - RobotClient - INFO - 收到'executing'指令: 'executing'
2025-12-23 17:17:39,109 - RobotClient - DEBUG - 生成模拟重量: 13.831707429163057 g
2025-12-23 17:17:39,109 - RobotClient - INFO - 获取到重量数据: 13.831707429163057 g
2025-12-23 17:17:39,110 - RobotClient - DEBUG - 开始计算抖动参数 - 目标重量: 10.0 g, 当前重量: 13.831707429163057 g, 密度: 1.1, 颗粒大小: 2.0
2025-12-23 17:17:39,110 - RobotClient - DEBUG - 重量差值: 3.831707429163057 g, 差值百分比: 38.31707429163057%
2025-12-23 17:17:39,111 - RobotClient - DEBUG - 计算完成 - 抖动幅度: 45.45454545454545, 抖动角度: 13.636363636363637
2025-12-23 17:17:40,100 - RobotClient - INFO - 收到'executing'指令: 'executing'
2025-12-23 17:17:40,100 - RobotClient - DEBUG - 生成模拟重量: 6.005448875219436 g
2025-12-23 17:17:40,101 - RobotClient - INFO - 获取到重量数据: 6.005448875219436 g
2025-12-23 17:17:40,101 - RobotClient - DEBUG - 开始计算抖动参数 - 目标重量: 10.0 g, 当前重量: 6.005448875219436 g, 密度: 1.1, 颗粒大小: 2.0
2025-12-23 17:17:40,101 - RobotClient - DEBUG - 重量差值: 3.994551124780564 g, 差值百分比: 39.94551124780564%
2025-12-23 17:17:40,101 - RobotClient - DEBUG - 计算完成 - 抖动幅度: 45.45454545454545, 抖动角度: 13.636363636363637
2025-12-23 17:17:41,104 - RobotClient - INFO - 收到'executing'指令: 'executing'
2025-12-23 17:17:41,104 - RobotClient - DEBUG - 生成模拟重量: 7.291401054261674 g
2025-12-23 17:17:41,105 - RobotClient - INFO - 获取到重量数据: 7.291401054261674 g
2025-12-23 17:17:41,105 - RobotClient - DEBUG - 开始计算抖动参数 - 目标重量: 10.0 g, 当前重量: 7.291401054261674 g, 密度: 1.1, 颗粒大小: 2.0
2025-12-23 17:17:41,105 - RobotClient - DEBUG - 重量差值: 2.708598945738326 g, 差值百分比: 27.085989457383263%
2025-12-23 17:17:41,105 - RobotClient - DEBUG - 计算完成 - 抖动幅度: 45.45454545454545, 抖动角度: 13.636363636363637
2025-12-23 17:17:42,111 - RobotClient - INFO - 收到'executing'指令: 'executing'
2025-12-23 17:17:42,112 - RobotClient - DEBUG - 生成模拟重量: 8.749014357454467 g
2025-12-23 17:17:42,112 - RobotClient - INFO - 获取到重量数据: 8.749014357454467 g
2025-12-23 17:17:42,114 - RobotClient - DEBUG - 开始计算抖动参数 - 目标重量: 10.0 g, 当前重量: 8.749014357454467 g, 密度: 1.1, 颗粒大小: 2.0
2025-12-23 17:17:42,114 - RobotClient - DEBUG - 重量差值: 1.2509856425455332 g, 差值百分比: 12.509856425455332%
2025-12-23 17:17:42,115 - RobotClient - DEBUG - 计算完成 - 抖动幅度: 18.18181818181818, 抖动角度: 13.636363636363637
2025-12-23 17:17:43,101 - RobotClient - INFO - 收到'executing'指令: 'executing'
2025-12-23 17:17:43,103 - RobotClient - DEBUG - 生成模拟重量: 10.90830589847516 g
2025-12-23 17:17:43,103 - RobotClient - INFO - 获取到重量数据: 10.90830589847516 g
2025-12-23 17:17:43,103 - RobotClient - DEBUG - 开始计算抖动参数 - 目标重量: 10.0 g, 当前重量: 10.90830589847516 g, 密度: 1.1, 颗粒大小: 2.0
2025-12-23 17:17:43,103 - RobotClient - DEBUG - 重量差值: 0.9083058984751595 g, 差值百分比: 9.083058984751595%
2025-12-23 17:17:43,104 - RobotClient - DEBUG - 计算完成 - 抖动幅度: 18.18181818181818, 抖动角度: 13.636363636363637
2025-12-23 17:17:44,102 - RobotClient - INFO - 收到'executing'指令: 'executing'
2025-12-23 17:17:44,102 - RobotClient - DEBUG - 生成模拟重量: 9.221430258175904 g
2025-12-23 17:17:44,102 - RobotClient - INFO - 获取到重量数据: 9.221430258175904 g
2025-12-23 17:17:44,103 - RobotClient - DEBUG - 开始计算抖动参数 - 目标重量: 10.0 g, 当前重量: 9.221430258175904 g, 密度: 1.1, 颗粒大小: 2.0
2025-12-23 17:17:44,103 - RobotClient - DEBUG - 重量差值: 0.7785697418240964 g, 差值百分比: 7.7856974182409635%
2025-12-23 17:17:44,103 - RobotClient - DEBUG - 计算完成 - 抖动幅度: 18.18181818181818, 抖动角度: 13.636363636363637
2025-12-23 17:17:45,114 - RobotClient - INFO - 收到'executing'指令: 'executing'
2025-12-23 17:17:45,114 - RobotClient - DEBUG - 生成模拟重量: 11.93690007189645 g
2025-12-23 17:17:45,114 - RobotClient - INFO - 获取到重量数据: 11.93690007189645 g
2025-12-23 17:17:45,116 - RobotClient - DEBUG - 开始计算抖动参数 - 目标重量: 10.0 g, 当前重量: 11.93690007189645 g, 密度: 1.1, 颗粒大小: 2.0
2025-12-23 17:17:45,116 - RobotClient - DEBUG - 重量差值: 1.9369000718964493 g, 差值百分比: 19.369000718964493%
2025-12-23 17:17:45,116 - RobotClient - DEBUG - 计算完成 - 抖动幅度: 18.18181818181818, 抖动角度: 13.636363636363637
2025-12-23 17:17:46,112 - RobotClient - INFO - 收到'executing'指令: 'executing'
2025-12-23 17:17:46,112 - RobotClient - DEBUG - 生成模拟重量: 11.601058428818554 g
2025-12-23 17:17:46,112 - RobotClient - INFO - 获取到重量数据: 11.601058428818554 g
2025-12-23 17:17:46,114 - RobotClient - DEBUG - 开始计算抖动参数 - 目标重量: 10.0 g, 当前重量: 11.601058428818554 g, 密度: 1.1, 颗粒大小: 2.0
2025-12-23 17:17:46,114 - RobotClient - DEBUG - 重量差值: 1.601058428818554 g, 差值百分比: 16.01058428818554%
2025-12-23 17:17:46,114 - RobotClient - DEBUG - 计算完成 - 抖动幅度: 18.18181818181818, 抖动角度: 13.636363636363637
2025-12-23 17:17:47,112 - RobotClient - INFO - 收到'executing'指令: 'executing'
2025-12-23 17:17:47,113 - RobotClient - DEBUG - 生成模拟重量: 7.83115266568505 g
2025-12-23 17:17:47,115 - RobotClient - INFO - 获取到重量数据: 7.83115266568505 g
2025-12-23 17:17:47,116 - RobotClient - DEBUG - 开始计算抖动参数 - 目标重量: 10.0 g, 当前重量: 7.83115266568505 g, 密度: 1.1, 颗粒大小: 2.0
2025-12-23 17:17:47,116 - RobotClient - DEBUG - 重量差值: 2.1688473343149504 g, 差值百分比: 21.688473343149504%
2025-12-23 17:17:47,116 - RobotClient - DEBUG - 计算完成 - 抖动幅度: 45.45454545454545, 抖动角度: 13.636363636363637
2025-12-23 17:17:48,101 - RobotClient - INFO - 收到'executing'指令: 'executing'
2025-12-23 17:17:48,103 - RobotClient - DEBUG - 生成模拟重量: 11.70934657096916 g
2025-12-23 17:17:48,103 - RobotClient - INFO - 获取到重量数据: 11.70934657096916 g
2025-12-23 17:17:48,103 - RobotClient - DEBUG - 开始计算抖动参数 - 目标重量: 10.0 g, 当前重量: 11.70934657096916 g, 密度: 1.1, 颗粒大小: 2.0
2025-12-23 17:17:48,103 - RobotClient - DEBUG - 重量差值: 1.70934657096916 g, 差值百分比: 17.0934657096916%
2025-12-23 17:17:48,105 - RobotClient - DEBUG - 计算完成 - 抖动幅度: 18.18181818181818, 抖动角度: 13.636363636363637
2025-12-23 17:17:49,107 - RobotClient - INFO - 收到'executing'指令: 'executing'
2025-12-23 17:17:49,109 - RobotClient - DEBUG - 生成模拟重量: 10.710345839731392 g
2025-12-23 17:17:49,109 - RobotClient - INFO - 获取到重量数据: 10.710345839731392 g
2025-12-23 17:17:49,111 - RobotClient - DEBUG - 开始计算抖动参数 - 目标重量: 10.0 g, 当前重量: 10.710345839731392 g, 密度: 1.1, 颗粒大小: 2.0
2025-12-23 17:17:49,111 - RobotClient - DEBUG - 重量差值: 0.7103458397313922 g, 差值百分比: 7.103458397313922%
2025-12-23 17:17:49,111 - RobotClient - DEBUG - 计算完成 - 抖动幅度: 18.18181818181818, 抖动角度: 13.636363636363637
2025-12-23 17:17:50,099 - RobotClient - INFO - 收到'executing'指令: 'executing'
2025-12-23 17:17:50,100 - RobotClient - DEBUG - 生成模拟重量: 12.870367443073018 g
2025-12-23 17:17:50,100 - RobotClient - INFO - 获取到重量数据: 12.870367443073018 g
2025-12-23 17:17:50,100 - RobotClient - DEBUG - 开始计算抖动参数 - 目标重量: 10.0 g, 当前重量: 12.870367443073018 g, 密度: 1.1, 颗粒大小: 2.0
2025-12-23 17:17:50,102 - RobotClient - DEBUG - 重量差值: 2.870367443073018 g, 差值百分比: 28.70367443073018%
2025-12-23 17:17:50,102 - RobotClient - DEBUG - 计算完成 - 抖动幅度: 45.45454545454545, 抖动角度: 13.636363636363637
2025-12-23 17:17:51,100 - RobotClient - INFO - 收到'executing'指令: 'executing'
2025-12-23 17:17:51,102 - RobotClient - DEBUG - 生成模拟重量: 6.547024713082937 g
2025-12-23 17:17:51,102 - RobotClient - INFO - 获取到重量数据: 6.547024713082937 g
2025-12-23 17:17:51,103 - RobotClient - DEBUG - 开始计算抖动参数 - 目标重量: 10.0 g, 当前重量: 6.547024713082937 g, 密度: 1.1, 颗粒大小: 2.0
2025-12-23 17:17:51,104 - RobotClient - DEBUG - 重量差值: 3.452975286917063 g, 差值百分比: 34.52975286917063%
2025-12-23 17:17:51,104 - RobotClient - DEBUG - 计算完成 - 抖动幅度: 45.45454545454545, 抖动角度: 13.636363636363637
2025-12-23 17:17:52,103 - RobotClient - INFO - 收到'executing'指令: 'executing'
2025-12-23 17:17:52,104 - RobotClient - DEBUG - 生成模拟重量: 5.911026847982944 g
2025-12-23 17:17:52,104 - RobotClient - INFO - 获取到重量数据: 5.911026847982944 g
2025-12-23 17:17:52,106 - RobotClient - DEBUG - 开始计算抖动参数 - 目标重量: 10.0 g, 当前重量: 5.911026847982944 g, 密度: 1.1, 颗粒大小: 2.0
2025-12-23 17:17:52,107 - RobotClient - DEBUG - 重量差值: 4.088973152017056 g, 差值百分比: 40.88973152017056%
2025-12-23 17:17:52,107 - RobotClient - DEBUG - 计算完成 - 抖动幅度: 45.45454545454545, 抖动角度: 13.636363636363637
2025-12-23 17:17:53,115 - RobotClient - INFO - 收到'executing'指令: 'executing'
2025-12-23 17:17:53,116 - RobotClient - DEBUG - 生成模拟重量: 13.65761136206999 g
2025-12-23 17:17:53,116 - RobotClient - INFO - 获取到重量数据: 13.65761136206999 g
2025-12-23 17:17:53,117 - RobotClient - DEBUG - 开始计算抖动参数 - 目标重量: 10.0 g, 当前重量: 13.65761136206999 g, 密度: 1.1, 颗粒大小: 2.0
2025-12-23 17:17:53,117 - RobotClient - DEBUG - 重量差值: 3.6576113620699893 g, 差值百分比: 36.57611362069989%
2025-12-23 17:17:53,117 - RobotClient - DEBUG - 计算完成 - 抖动幅度: 45.45454545454545, 抖动角度: 13.636363636363637
2025-12-23 17:17:54,114 - RobotClient - INFO - 收到'executing'指令: 'executing'
2025-12-23 17:17:54,115 - RobotClient - DEBUG - 生成模拟重量: 5.050948253113229 g
2025-12-23 17:17:54,115 - RobotClient - INFO - 获取到重量数据: 5.050948253113229 g
2025-12-23 17:17:54,115 - RobotClient - DEBUG - 开始计算抖动参数 - 目标重量: 10.0 g, 当前重量: 5.050948253113229 g, 密度: 1.1, 颗粒大小: 2.0
2025-12-23 17:17:54,115 - RobotClient - DEBUG - 重量差值: 4.949051746886771 g, 差值百分比: 49.490517468867715%
2025-12-23 17:17:54,116 - RobotClient - DEBUG - 计算完成 - 抖动幅度: 45.45454545454545, 抖动角度: 13.636363636363637
2025-12-23 17:17:55,124 - RobotClient - INFO - 收到'executing'指令: 'executing'
2025-12-23 17:17:55,126 - RobotClient - DEBUG - 生成模拟重量: 11.717724877560567 g
2025-12-23 17:17:55,126 - RobotClient - INFO - 获取到重量数据: 11.717724877560567 g
2025-12-23 17:17:55,127 - RobotClient - DEBUG - 开始计算抖动参数 - 目标重量: 10.0 g, 当前重量: 11.717724877560567 g, 密度: 1.1, 颗粒大小: 2.0
2025-12-23 17:17:55,127 - RobotClient - DEBUG - 重量差值: 1.717724877560567 g, 差值百分比: 17.17724877560567%
2025-12-23 17:17:55,127 - RobotClient - DEBUG - 计算完成 - 抖动幅度: 18.18181818181818, 抖动角度: 13.636363636363637
2025-12-23 17:17:56,121 - RobotClient - INFO - 收到'executing'指令: 'executing'
2025-12-23 17:17:56,122 - RobotClient - DEBUG - 生成模拟重量: 6.040366290339096 g
2025-12-23 17:17:56,122 - RobotClient - INFO - 获取到重量数据: 6.040366290339096 g
2025-12-23 17:17:56,122 - RobotClient - DEBUG - 开始计算抖动参数 - 目标重量: 10.0 g, 当前重量: 6.040366290339096 g, 密度: 1.1, 颗粒大小: 2.0
2025-12-23 17:17:56,122 - RobotClient - DEBUG - 重量差值: 3.9596337096609044 g, 差值百分比: 39.59633709660905%
2025-12-23 17:17:56,124 - RobotClient - DEBUG - 计算完成 - 抖动幅度: 45.45454545454545, 抖动角度: 13.636363636363637
2025-12-23 17:17:57,123 - RobotClient - INFO - 收到'executing'指令: 'executing'
2025-12-23 17:17:57,123 - RobotClient - DEBUG - 生成模拟重量: 14.067312241339833 g
2025-12-23 17:17:57,124 - RobotClient - INFO - 获取到重量数据: 14.067312241339833 g
2025-12-23 17:17:57,124 - RobotClient - DEBUG - 开始计算抖动参数 - 目标重量: 10.0 g, 当前重量: 14.067312241339833 g, 密度: 1.1, 颗粒大小: 2.0
2025-12-23 17:17:57,126 - RobotClient - DEBUG - 重量差值: 4.067312241339833 g, 差值百分比: 40.673122413398325%
2025-12-23 17:17:57,126 - RobotClient - DEBUG - 计算完成 - 抖动幅度: 45.45454545454545, 抖动角度: 13.636363636363637
2025-12-23 17:17:58,114 - RobotClient - INFO - 收到'executing'指令: 'executing'
2025-12-23 17:17:58,116 - RobotClient - DEBUG - 生成模拟重量: 12.39212511879057 g
2025-12-23 17:17:58,116 - RobotClient - INFO - 获取到重量数据: 12.39212511879057 g
2025-12-23 17:17:58,117 - RobotClient - DEBUG - 开始计算抖动参数 - 目标重量: 10.0 g, 当前重量: 12.39212511879057 g, 密度: 1.1, 颗粒大小: 2.0
2025-12-23 17:17:58,117 - RobotClient - DEBUG - 重量差值: 2.3921251187905703 g, 差值百分比: 23.921251187905703%
2025-12-23 17:17:58,118 - RobotClient - DEBUG - 计算完成 - 抖动幅度: 45.45454545454545, 抖动角度: 13.636363636363637
2025-12-23 17:17:59,126 - RobotClient - INFO - 收到'executing'指令: 'executing'
2025-12-23 17:17:59,128 - RobotClient - DEBUG - 生成模拟重量: 11.608154932975896 g
2025-12-23 17:17:59,128 - RobotClient - INFO - 获取到重量数据: 11.608154932975896 g
2025-12-23 17:17:59,128 - RobotClient - DEBUG - 开始计算抖动参数 - 目标重量: 10.0 g, 当前重量: 11.608154932975896 g, 密度: 1.1, 颗粒大小: 2.0
2025-12-23 17:17:59,128 - RobotClient - DEBUG - 重量差值: 1.6081549329758964 g, 差值百分比: 16.081549329758964%
2025-12-23 17:17:59,129 - RobotClient - DEBUG - 计算完成 - 抖动幅度: 18.18181818181818, 抖动角度: 13.636363636363637
2025-12-23 17:18:00,118 - RobotClient - INFO - 收到'executing'指令: 'executing'
2025-12-23 17:18:00,118 - RobotClient - DEBUG - 生成模拟重量: 6.95783678307988 g
2025-12-23 17:18:00,119 - RobotClient - INFO - 获取到重量数据: 6.95783678307988 g
2025-12-23 17:18:00,120 - RobotClient - DEBUG - 开始计算抖动参数 - 目标重量: 10.0 g, 当前重量: 6.95783678307988 g, 密度: 1.1, 颗粒大小: 2.0
2025-12-23 17:18:00,120 - RobotClient - DEBUG - 重量差值: 3.0421632169201196 g, 差值百分比: 30.421632169201196%
2025-12-23 17:18:00,121 - RobotClient - DEBUG - 计算完成 - 抖动幅度: 45.45454545454545, 抖动角度: 13.636363636363637
2025-12-23 17:18:01,124 - RobotClient - INFO - 收到'executing'指令: 'executing'
2025-12-23 17:18:01,126 - RobotClient - DEBUG - 生成模拟重量: 5.845939746344523 g
2025-12-23 17:18:01,126 - RobotClient - INFO - 获取到重量数据: 5.845939746344523 g
2025-12-23 17:18:01,127 - RobotClient - DEBUG - 开始计算抖动参数 - 目标重量: 10.0 g, 当前重量: 5.845939746344523 g, 密度: 1.1, 颗粒大小: 2.0
2025-12-23 17:18:01,127 - RobotClient - DEBUG - 重量差值: 4.154060253655477 g, 差值百分比: 41.54060253655477%
2025-12-23 17:18:01,127 - RobotClient - DEBUG - 计算完成 - 抖动幅度: 45.45454545454545, 抖动角度: 13.636363636363637
2025-12-23 17:18:02,125 - RobotClient - INFO - 收到'executing'指令: 'executing'
2025-12-23 17:18:02,125 - RobotClient - DEBUG - 生成模拟重量: 13.937184560302455 g
2025-12-23 17:18:02,126 - RobotClient - INFO - 获取到重量数据: 13.937184560302455 g
2025-12-23 17:18:02,126 - RobotClient - DEBUG - 开始计算抖动参数 - 目标重量: 10.0 g, 当前重量: 13.937184560302455 g, 密度: 1.1, 颗粒大小: 2.0
2025-12-23 17:18:02,126 - RobotClient - DEBUG - 重量差值: 3.9371845603024553 g, 差值百分比: 39.37184560302455%
2025-12-23 17:18:02,126 - RobotClient - DEBUG - 计算完成 - 抖动幅度: 45.45454545454545, 抖动角度: 13.636363636363637
2025-12-23 17:18:03,128 - RobotClient - INFO - 收到'executing'指令: 'executing'
2025-12-23 17:18:03,129 - RobotClient - DEBUG - 生成模拟重量: 8.249419061324128 g
2025-12-23 17:18:03,129 - RobotClient - INFO - 获取到重量数据: 8.249419061324128 g
2025-12-23 17:18:03,131 - RobotClient - DEBUG - 开始计算抖动参数 - 目标重量: 10.0 g, 当前重量: 8.249419061324128 g, 密度: 1.1, 颗粒大小: 2.0
2025-12-23 17:18:03,131 - RobotClient - DEBUG - 重量差值: 1.7505809386758724 g, 差值百分比: 17.505809386758724%
2025-12-23 17:18:03,131 - RobotClient - DEBUG - 计算完成 - 抖动幅度: 18.18181818181818, 抖动角度: 13.636363636363637
2025-12-23 17:18:04,126 - RobotClient - INFO - 收到'executing'指令: 'executing'
2025-12-23 17:18:04,127 - RobotClient - DEBUG - 生成模拟重量: 10.472992828622683 g
2025-12-23 17:18:04,127 - RobotClient - INFO - 获取到重量数据: 10.472992828622683 g
2025-12-23 17:18:04,128 - RobotClient - DEBUG - 开始计算抖动参数 - 目标重量: 10.0 g, 当前重量: 10.472992828622683 g, 密度: 1.1, 颗粒大小: 2.0
2025-12-23 17:18:04,129 - RobotClient - DEBUG - 重量差值: 0.472992828622683 g, 差值百分比: 4.72992828622683%
2025-12-23 17:18:04,129 - RobotClient - DEBUG - 计算完成 - 抖动幅度: 4.545454545454545, 抖动角度: 13.636363636363637
2025-12-23 17:18:05,120 - RobotClient - INFO - 收到'executing'指令: 'executing'
2025-12-23 17:18:05,120 - RobotClient - DEBUG - 生成模拟重量: 11.521219215645115 g
2025-12-23 17:18:05,120 - RobotClient - INFO - 获取到重量数据: 11.521219215645115 g
2025-12-23 17:18:05,122 - RobotClient - DEBUG - 开始计算抖动参数 - 目标重量: 10.0 g, 当前重量: 11.521219215645115 g, 密度: 1.1, 颗粒大小: 2.0
2025-12-23 17:18:05,122 - RobotClient - DEBUG - 重量差值: 1.5212192156451145 g, 差值百分比: 15.212192156451145%
2025-12-23 17:18:05,122 - RobotClient - DEBUG - 计算完成 - 抖动幅度: 18.18181818181818, 抖动角度: 13.636363636363637
2025-12-23 17:18:06,119 - RobotClient - INFO - 收到'executing'指令: 'executing'
2025-12-23 17:18:06,121 - RobotClient - DEBUG - 生成模拟重量: 14.906506808105453 g
2025-12-23 17:18:06,121 - RobotClient - INFO - 获取到重量数据: 14.906506808105453 g
2025-12-23 17:18:06,122 - RobotClient - DEBUG - 开始计算抖动参数 - 目标重量: 10.0 g, 当前重量: 14.906506808105453 g, 密度: 1.1, 颗粒大小: 2.0
2025-12-23 17:18:06,122 - RobotClient - DEBUG - 重量差值: 4.906506808105453 g, 差值百分比: 49.065068081054534%
2025-12-23 17:18:06,122 - RobotClient - DEBUG - 计算完成 - 抖动幅度: 45.45454545454545, 抖动角度: 13.636363636363637
2025-12-23 17:18:07,121 - RobotClient - INFO - 收到'executing'指令: 'executing'
2025-12-23 17:18:07,121 - RobotClient - DEBUG - 生成模拟重量: 6.431236373725058 g
2025-12-23 17:18:07,121 - RobotClient - INFO - 获取到重量数据: 6.431236373725058 g
2025-12-23 17:18:07,123 - RobotClient - DEBUG - 开始计算抖动参数 - 目标重量: 10.0 g, 当前重量: 6.431236373725058 g, 密度: 1.1, 颗粒大小: 2.0
2025-12-23 17:18:07,123 - RobotClient - DEBUG - 重量差值: 3.568763626274942 g, 差值百分比: 35.687636262749415%
2025-12-23 17:18:07,123 - RobotClient - DEBUG - 计算完成 - 抖动幅度: 45.45454545454545, 抖动角度: 13.636363636363637
2025-12-23 17:18:08,116 - RobotClient - INFO - 收到'executing'指令: 'executing'
2025-12-23 17:18:08,116 - RobotClient - DEBUG - 生成模拟重量: 6.115915283154287 g
2025-12-23 17:18:08,116 - RobotClient - INFO - 获取到重量数据: 6.115915283154287 g
2025-12-23 17:18:08,117 - RobotClient - DEBUG - 开始计算抖动参数 - 目标重量: 10.0 g, 当前重量: 6.115915283154287 g, 密度: 1.1, 颗粒大小: 2.0
2025-12-23 17:18:08,117 - RobotClient - DEBUG - 重量差值: 3.884084716845713 g, 差值百分比: 38.84084716845713%
2025-12-23 17:18:08,117 - RobotClient - DEBUG - 计算完成 - 抖动幅度: 45.45454545454545, 抖动角度: 13.636363636363637
2025-12-23 17:18:09,130 - RobotClient - INFO - 收到'executing'指令: 'executing'
2025-12-23 17:18:09,131 - RobotClient - DEBUG - 生成模拟重量: 6.5837181242507805 g
2025-12-23 17:18:09,131 - RobotClient - INFO - 获取到重量数据: 6.5837181242507805 g
2025-12-23 17:18:09,131 - RobotClient - DEBUG - 开始计算抖动参数 - 目标重量: 10.0 g, 当前重量: 6.5837181242507805 g, 密度: 1.1, 颗粒大小: 2.0
2025-12-23 17:18:09,132 - RobotClient - DEBUG - 重量差值: 3.4162818757492195 g, 差值百分比: 34.1628187574922%
2025-12-23 17:18:09,132 - RobotClient - DEBUG - 计算完成 - 抖动幅度: 45.45454545454545, 抖动角度: 13.636363636363637
2025-12-23 17:18:10,142 - RobotClient - INFO - 收到'executing'指令: 'executing'
2025-12-23 17:18:10,142 - RobotClient - DEBUG - 生成模拟重量: 12.455947119422138 g
2025-12-23 17:18:10,143 - RobotClient - INFO - 获取到重量数据: 12.455947119422138 g
2025-12-23 17:18:10,143 - RobotClient - DEBUG - 开始计算抖动参数 - 目标重量: 10.0 g, 当前重量: 12.455947119422138 g, 密度: 1.1, 颗粒大小: 2.0
2025-12-23 17:18:10,143 - RobotClient - DEBUG - 重量差值: 2.455947119422138 g, 差值百分比: 24.55947119422138%
2025-12-23 17:18:10,145 - RobotClient - DEBUG - 计算完成 - 抖动幅度: 45.45454545454545, 抖动角度: 13.636363636363637
2025-12-23 17:18:11,146 - RobotClient - INFO - 收到'executing'指令: 'executing'
2025-12-23 17:18:11,146 - RobotClient - DEBUG - 生成模拟重量: 10.910362680322567 g
2025-12-23 17:18:11,147 - RobotClient - INFO - 获取到重量数据: 10.910362680322567 g
2025-12-23 17:18:11,147 - RobotClient - DEBUG - 开始计算抖动参数 - 目标重量: 10.0 g, 当前重量: 10.910362680322567 g, 密度: 1.1, 颗粒大小: 2.0
2025-12-23 17:18:11,148 - RobotClient - DEBUG - 重量差值: 0.9103626803225673 g, 差值百分比: 9.103626803225673%
2025-12-23 17:18:11,148 - RobotClient - DEBUG - 计算完成 - 抖动幅度: 18.18181818181818, 抖动角度: 13.636363636363637
2025-12-23 17:18:12,139 - RobotClient - INFO - 收到'executing'指令: 'executing'
2025-12-23 17:18:12,140 - RobotClient - DEBUG - 生成模拟重量: 13.616303816624027 g
2025-12-23 17:18:12,140 - RobotClient - INFO - 获取到重量数据: 13.616303816624027 g
2025-12-23 17:18:12,141 - RobotClient - DEBUG - 开始计算抖动参数 - 目标重量: 10.0 g, 当前重量: 13.616303816624027 g, 密度: 1.1, 颗粒大小: 2.0
2025-12-23 17:18:12,141 - RobotClient - DEBUG - 重量差值: 3.6163038166240273 g, 差值百分比: 36.16303816624028%
2025-12-23 17:18:12,142 - RobotClient - DEBUG - 计算完成 - 抖动幅度: 45.45454545454545, 抖动角度: 13.636363636363637
2025-12-23 17:18:13,131 - RobotClient - INFO - 收到'executing'指令: 'executing'
2025-12-23 17:18:13,133 - RobotClient - DEBUG - 生成模拟重量: 6.775519435906662 g
2025-12-23 17:18:13,133 - RobotClient - INFO - 获取到重量数据: 6.775519435906662 g
2025-12-23 17:18:13,134 - RobotClient - DEBUG - 开始计算抖动参数 - 目标重量: 10.0 g, 当前重量: 6.775519435906662 g, 密度: 1.1, 颗粒大小: 2.0
2025-12-23 17:18:13,134 - RobotClient - DEBUG - 重量差值: 3.224480564093338 g, 差值百分比: 32.244805640933386%
2025-12-23 17:18:13,134 - RobotClient - DEBUG - 计算完成 - 抖动幅度: 45.45454545454545, 抖动角度: 13.636363636363637
2025-12-23 17:18:14,145 - RobotClient - INFO - 收到'executing'指令: 'executing'
2025-12-23 17:18:14,146 - RobotClient - DEBUG - 生成模拟重量: 13.663559893740626 g
2025-12-23 17:18:14,147 - RobotClient - INFO - 获取到重量数据: 13.663559893740626 g
2025-12-23 17:18:14,147 - RobotClient - DEBUG - 开始计算抖动参数 - 目标重量: 10.0 g, 当前重量: 13.663559893740626 g, 密度: 1.1, 颗粒大小: 2.0
2025-12-23 17:18:14,147 - RobotClient - DEBUG - 重量差值: 3.6635598937406257 g, 差值百分比: 36.63559893740626%
2025-12-23 17:18:14,147 - RobotClient - DEBUG - 计算完成 - 抖动幅度: 45.45454545454545, 抖动角度: 13.636363636363637
2025-12-23 17:18:15,140 - RobotClient - INFO - 收到'executing'指令: 'executing'
2025-12-23 17:18:15,141 - RobotClient - DEBUG - 生成模拟重量: 12.854542380351415 g
2025-12-23 17:18:15,141 - RobotClient - INFO - 获取到重量数据: 12.854542380351415 g
2025-12-23 17:18:15,142 - RobotClient - DEBUG - 开始计算抖动参数 - 目标重量: 10.0 g, 当前重量: 12.854542380351415 g, 密度: 1.1, 颗粒大小: 2.0
2025-12-23 17:18:15,143 - RobotClient - DEBUG - 重量差值: 2.8545423803514147 g, 差值百分比: 28.545423803514147%
2025-12-23 17:18:15,143 - RobotClient - DEBUG - 计算完成 - 抖动幅度: 45.45454545454545, 抖动角度: 13.636363636363637
2025-12-23 17:18:16,142 - RobotClient - INFO - 收到'executing'指令: 'executing'
2025-12-23 17:18:16,142 - RobotClient - DEBUG - 生成模拟重量: 8.077053007230568 g
2025-12-23 17:18:16,143 - RobotClient - INFO - 获取到重量数据: 8.077053007230568 g
2025-12-23 17:18:16,143 - RobotClient - DEBUG - 开始计算抖动参数 - 目标重量: 10.0 g, 当前重量: 8.077053007230568 g, 密度: 1.1, 颗粒大小: 2.0
2025-12-23 17:18:16,143 - RobotClient - DEBUG - 重量差值: 1.9229469927694325 g, 差值百分比: 19.229469927694325%
2025-12-23 17:18:16,144 - RobotClient - DEBUG - 计算完成 - 抖动幅度: 18.18181818181818, 抖动角度: 13.636363636363637
2025-12-23 17:18:17,137 - RobotClient - INFO - 收到'executing'指令: 'executing'
2025-12-23 17:18:17,137 - RobotClient - DEBUG - 生成模拟重量: 6.695881073588365 g
2025-12-23 17:18:17,138 - RobotClient - INFO - 获取到重量数据: 6.695881073588365 g
2025-12-23 17:18:17,138 - RobotClient - DEBUG - 开始计算抖动参数 - 目标重量: 10.0 g, 当前重量: 6.695881073588365 g, 密度: 1.1, 颗粒大小: 2.0
2025-12-23 17:18:17,138 - RobotClient - DEBUG - 重量差值: 3.3041189264116353 g, 差值百分比: 33.041189264116355%
2025-12-23 17:18:17,140 - RobotClient - DEBUG - 计算完成 - 抖动幅度: 45.45454545454545, 抖动角度: 13.636363636363637
2025-12-23 17:18:18,133 - RobotClient - INFO - 收到'executing'指令: 'executing'
2025-12-23 17:18:18,134 - RobotClient - DEBUG - 生成模拟重量: 12.342786564339232 g
2025-12-23 17:18:18,135 - RobotClient - INFO - 获取到重量数据: 12.342786564339232 g
2025-12-23 17:18:18,135 - RobotClient - DEBUG - 开始计算抖动参数 - 目标重量: 10.0 g, 当前重量: 12.342786564339232 g, 密度: 1.1, 颗粒大小: 2.0
2025-12-23 17:18:18,136 - RobotClient - DEBUG - 重量差值: 2.3427865643392316 g, 差值百分比: 23.427865643392316%
2025-12-23 17:18:18,136 - RobotClient - DEBUG - 计算完成 - 抖动幅度: 45.45454545454545, 抖动角度: 13.636363636363637
2025-12-23 17:18:19,142 - RobotClient - INFO - 收到'executing'指令: 'executing'
2025-12-23 17:18:19,142 - RobotClient - DEBUG - 生成模拟重量: 6.74250992209574 g
2025-12-23 17:18:19,143 - RobotClient - INFO - 获取到重量数据: 6.74250992209574 g
2025-12-23 17:18:19,145 - RobotClient - DEBUG - 开始计算抖动参数 - 目标重量: 10.0 g, 当前重量: 6.74250992209574 g, 密度: 1.1, 颗粒大小: 2.0
2025-12-23 17:18:19,145 - RobotClient - DEBUG - 重量差值: 3.2574900779042597 g, 差值百分比: 32.5749007790426%
2025-12-23 17:18:19,146 - RobotClient - DEBUG - 计算完成 - 抖动幅度: 45.45454545454545, 抖动角度: 13.636363636363637
2025-12-23 17:18:20,138 - RobotClient - INFO - 收到'executing'指令: 'executing'
2025-12-23 17:18:20,140 - RobotClient - DEBUG - 生成模拟重量: 11.591343291701545 g
2025-12-23 17:18:20,140 - RobotClient - INFO - 获取到重量数据: 11.591343291701545 g
2025-12-23 17:18:20,142 - RobotClient - DEBUG - 开始计算抖动参数 - 目标重量: 10.0 g, 当前重量: 11.591343291701545 g, 密度: 1.1, 颗粒大小: 2.0
2025-12-23 17:18:20,142 - RobotClient - DEBUG - 重量差值: 1.5913432917015449 g, 差值百分比: 15.913432917015449%
2025-12-23 17:18:20,143 - RobotClient - DEBUG - 计算完成 - 抖动幅度: 18.18181818181818, 抖动角度: 13.636363636363637
2025-12-23 17:18:21,145 - RobotClient - INFO - 收到'executing'指令: 'executing'
2025-12-23 17:18:21,145 - RobotClient - DEBUG - 生成模拟重量: 11.308728713159073 g
2025-12-23 17:18:21,146 - RobotClient - INFO - 获取到重量数据: 11.308728713159073 g
2025-12-23 17:18:21,146 - RobotClient - DEBUG - 开始计算抖动参数 - 目标重量: 10.0 g, 当前重量: 11.308728713159073 g, 密度: 1.1, 颗粒大小: 2.0
2025-12-23 17:18:21,148 - RobotClient - DEBUG - 重量差值: 1.3087287131590735 g, 差值百分比: 13.087287131590736%
2025-12-23 17:18:21,148 - RobotClient - DEBUG - 计算完成 - 抖动幅度: 18.18181818181818, 抖动角度: 13.636363636363637
2025-12-23 17:18:22,138 - RobotClient - INFO - 收到'executing'指令: 'executing'
2025-12-23 17:18:22,139 - RobotClient - DEBUG - 生成模拟重量: 5.269817938970533 g
2025-12-23 17:18:22,139 - RobotClient - INFO - 获取到重量数据: 5.269817938970533 g
2025-12-23 17:18:22,141 - RobotClient - DEBUG - 开始计算抖动参数 - 目标重量: 10.0 g, 当前重量: 5.269817938970533 g, 密度: 1.1, 颗粒大小: 2.0
2025-12-23 17:18:22,141 - RobotClient - DEBUG - 重量差值: 4.730182061029467 g, 差值百分比: 47.30182061029467%
2025-12-23 17:18:22,141 - RobotClient - DEBUG - 计算完成 - 抖动幅度: 45.45454545454545, 抖动角度: 13.636363636363637
2025-12-23 17:18:23,132 - RobotClient - INFO - 收到'executing'指令: 'executing'
2025-12-23 17:18:23,133 - RobotClient - DEBUG - 生成模拟重量: 8.28596552294869 g
2025-12-23 17:18:23,133 - RobotClient - INFO - 获取到重量数据: 8.28596552294869 g
2025-12-23 17:18:23,134 - RobotClient - DEBUG - 开始计算抖动参数 - 目标重量: 10.0 g, 当前重量: 8.28596552294869 g, 密度: 1.1, 颗粒大小: 2.0
2025-12-23 17:18:23,135 - RobotClient - DEBUG - 重量差值: 1.7140344770513103 g, 差值百分比: 17.140344770513103%
2025-12-23 17:18:23,136 - RobotClient - DEBUG - 计算完成 - 抖动幅度: 18.18181818181818, 抖动角度: 13.636363636363637
2025-12-23 17:18:24,145 - RobotClient - INFO - 收到'executing'指令: 'executing'
2025-12-23 17:18:24,145 - RobotClient - DEBUG - 生成模拟重量: 14.904116195190214 g
2025-12-23 17:18:24,146 - RobotClient - INFO - 获取到重量数据: 14.904116195190214 g
2025-12-23 17:18:24,146 - RobotClient - DEBUG - 开始计算抖动参数 - 目标重量: 10.0 g, 当前重量: 14.904116195190214 g, 密度: 1.1, 颗粒大小: 2.0
2025-12-23 17:18:24,147 - RobotClient - DEBUG - 重量差值: 4.904116195190214 g, 差值百分比: 49.04116195190215%
2025-12-23 17:18:24,148 - RobotClient - DEBUG - 计算完成 - 抖动幅度: 45.45454545454545, 抖动角度: 13.636363636363637
2025-12-23 17:18:25,139 - RobotClient - INFO - 收到'executing'指令: 'executing'
2025-12-23 17:18:25,139 - RobotClient - DEBUG - 生成模拟重量: 9.765371417334368 g
2025-12-23 17:18:25,140 - RobotClient - INFO - 获取到重量数据: 9.765371417334368 g
2025-12-23 17:18:25,141 - RobotClient - DEBUG - 开始计算抖动参数 - 目标重量: 10.0 g, 当前重量: 9.765371417334368 g, 密度: 1.1, 颗粒大小: 2.0
2025-12-23 17:18:25,141 - RobotClient - DEBUG - 重量差值: 0.23462858266563202 g, 差值百分比: 2.3462858266563202%
2025-12-23 17:18:25,141 - RobotClient - DEBUG - 计算完成 - 抖动幅度: 4.545454545454545, 抖动角度: 13.636363636363637
2025-12-23 17:18:26,139 - RobotClient - INFO - 收到'executing'指令: 'executing'
2025-12-23 17:18:26,140 - RobotClient - DEBUG - 生成模拟重量: 11.467270485926822 g
2025-12-23 17:18:26,140 - RobotClient - INFO - 获取到重量数据: 11.467270485926822 g
2025-12-23 17:18:26,140 - RobotClient - DEBUG - 开始计算抖动参数 - 目标重量: 10.0 g, 当前重量: 11.467270485926822 g, 密度: 1.1, 颗粒大小: 2.0
2025-12-23 17:18:26,141 - RobotClient - DEBUG - 重量差值: 1.4672704859268215 g, 差值百分比: 14.672704859268215%
2025-12-23 17:18:26,141 - RobotClient - DEBUG - 计算完成 - 抖动幅度: 18.18181818181818, 抖动角度: 13.636363636363637
2025-12-23 17:18:27,143 - RobotClient - INFO - 收到'executing'指令: 'executing'
2025-12-23 17:18:27,144 - RobotClient - DEBUG - 生成模拟重量: 12.553065520856313 g
2025-12-23 17:18:27,144 - RobotClient - INFO - 获取到重量数据: 12.553065520856313 g
2025-12-23 17:18:27,144 - RobotClient - DEBUG - 开始计算抖动参数 - 目标重量: 10.0 g, 当前重量: 12.553065520856313 g, 密度: 1.1, 颗粒大小: 2.0
2025-12-23 17:18:27,144 - RobotClient - DEBUG - 重量差值: 2.553065520856313 g, 差值百分比: 25.53065520856313%
2025-12-23 17:18:27,144 - RobotClient - DEBUG - 计算完成 - 抖动幅度: 45.45454545454545, 抖动角度: 13.636363636363637
2025-12-23 17:18:28,137 - RobotClient - INFO - 收到'executing'指令: 'executing'
2025-12-23 17:18:28,137 - RobotClient - DEBUG - 生成模拟重量: 5.533082072990945 g
2025-12-23 17:18:28,138 - RobotClient - INFO - 获取到重量数据: 5.533082072990945 g
2025-12-23 17:18:28,139 - RobotClient - DEBUG - 开始计算抖动参数 - 目标重量: 10.0 g, 当前重量: 5.533082072990945 g, 密度: 1.1, 颗粒大小: 2.0
2025-12-23 17:18:28,139 - RobotClient - DEBUG - 重量差值: 4.466917927009055 g, 差值百分比: 44.669179270090545%
2025-12-23 17:18:28,140 - RobotClient - DEBUG - 计算完成 - 抖动幅度: 45.45454545454545, 抖动角度: 13.636363636363637
2025-12-23 17:18:29,538 - RobotClient - INFO - 配置文件保存成功: resources/config.ini
2025-12-23 17:18:29,539 - RobotClient - INFO - 配置项更新成功: [Communication] control_host = 192.168.125.1
2025-12-23 17:18:29,540 - RobotClient - INFO - 配置文件保存成功: resources/config.ini
2025-12-23 17:18:29,540 - RobotClient - INFO - 配置项更新成功: [Communication] control_port = 1023
2025-12-23 17:18:29,541 - RobotClient - INFO - 配置文件保存成功: resources/config.ini
2025-12-23 17:18:29,541 - RobotClient - INFO - 配置项更新成功: [Communication] data_host = 192.168.125.1
2025-12-23 17:18:29,543 - RobotClient - INFO - 配置文件保存成功: resources/config.ini
2025-12-23 17:18:29,543 - RobotClient - INFO - 配置项更新成功: [Communication] data_port = 1025
2025-12-23 17:18:29,544 - RobotClient - INFO - 配置文件保存成功: resources/config.ini
2025-12-23 17:18:29,546 - RobotClient - INFO - 配置项更新成功: [Communication] host = 192.168.125.1
2025-12-23 17:18:29,546 - RobotClient - INFO - 配置文件保存成功: resources/config.ini
2025-12-23 17:18:29,548 - RobotClient - INFO - 配置项更新成功: [Communication] port = 1023
