2025-12-23 17:52:10,968 - RobotClient - INFO - 配置文件加载成功: resources/config.ini
2025-12-23 17:52:33,204 - RobotClient - INFO - 配置文件保存成功: resources/config.ini
2025-12-23 17:52:33,204 - RobotClient - INFO - 配置项更新成功: [Communication] control_host = 192.168.125.1
2025-12-23 17:52:33,207 - RobotClient - INFO - 配置文件保存成功: resources/config.ini
2025-12-23 17:52:33,207 - RobotClient - INFO - 配置项更新成功: [Communication] control_port = 1023
2025-12-23 17:52:33,209 - RobotClient - INFO - 配置文件保存成功: resources/config.ini
2025-12-23 17:52:33,216 - RobotClient - INFO - 配置项更新成功: [Communication] data_host = 192.168.125.1
2025-12-23 17:52:33,218 - RobotClient - INFO - 配置文件保存成功: resources/config.ini
2025-12-23 17:52:33,218 - RobotClient - INFO - 配置项更新成功: [Communication] data_port = 1025
2025-12-23 17:52:33,219 - RobotClient - INFO - 配置文件保存成功: resources/config.ini
2025-12-23 17:52:33,221 - RobotClient - INFO - 配置项更新成功: [Communication] host = 192.168.125.1
2025-12-23 17:52:33,221 - RobotClient - INFO - 配置文件保存成功: resources/config.ini
2025-12-23 17:52:33,222 - RobotClient - INFO - 配置项更新成功: [Communication] port = 1023
2025-12-23 17:52:34,175 - RobotClient - INFO - 配置文件保存成功: resources/config.ini
2025-12-23 17:52:34,176 - RobotClient - INFO - 配置项更新成功: [Communication] control_host = 192.168.125.1
2025-12-23 17:52:34,176 - RobotClient - INFO - 配置文件保存成功: resources/config.ini
2025-12-23 17:52:34,178 - RobotClient - INFO - 配置项更新成功: [Communication] control_port = 1023
2025-12-23 17:52:34,178 - RobotClient - INFO - 配置文件保存成功: resources/config.ini
2025-12-23 17:52:34,180 - RobotClient - INFO - 配置项更新成功: [Communication] data_host = 192.168.125.1
2025-12-23 17:52:34,180 - RobotClient - INFO - 配置文件保存成功: resources/config.ini
2025-12-23 17:52:34,181 - RobotClient - INFO - 配置项更新成功: [Communication] data_port = 1025
2025-12-23 17:52:34,182 - RobotClient - INFO - 配置文件保存成功: resources/config.ini
2025-12-23 17:52:34,184 - RobotClient - INFO - 配置项更新成功: [Communication] host = 192.168.125.1
2025-12-23 17:52:34,184 - RobotClient - INFO - 配置文件保存成功: resources/config.ini
2025-12-23 17:52:34,186 - RobotClient - INFO - 配置项更新成功: [Communication] port = 1025
2025-12-23 17:52:45,920 - RobotClient - INFO - 配置文件保存成功: resources/config.ini
2025-12-23 17:52:45,921 - RobotClient - INFO - 配置项更新成功: [File] excel_file = test_file.xlsx
2025-12-23 17:52:45,921 - RobotClient - INFO - 配置文件保存成功: resources/config.ini
2025-12-23 17:52:45,923 - RobotClient - INFO - 配置项更新成功: [File] excel_file = test_file.xlsx
2025-12-23 17:52:45,923 - RobotClient - INFO - 文件路径已更新 - Excel: test_file.xlsx, JSON: experimental_results.json, 结果目录: Experimental results
2025-12-23 17:52:45,953 - RobotClient - INFO - Excel文件加载成功: test_file.xlsx, 工作表: Sheet1, 行数: 7, 列数: 5
2025-12-23 17:52:45,954 - RobotClient - DEBUG - 获取单元格值: 行 2, 列 1, 值: 物料1
2025-12-23 17:52:45,954 - RobotClient - DEBUG - 获取单元格值: 行 2, 列 2, 值: 10
2025-12-23 17:52:45,954 - RobotClient - DEBUG - 获取单元格值: 行 2, 列 3, 值: 1.1
2025-12-23 17:52:45,954 - RobotClient - DEBUG - 获取单元格值: 行 2, 列 4, 值: 2
2025-12-23 17:52:45,954 - RobotClient - DEBUG - 获取单元格值: 行 2, 列 5, 值: 8.1
2025-12-23 17:52:45,956 - RobotClient - DEBUG - 获取单元格值: 行 3, 列 1, 值: 物料2
2025-12-23 17:52:45,956 - RobotClient - DEBUG - 获取单元格值: 行 3, 列 2, 值: 15
2025-12-23 17:52:45,956 - RobotClient - DEBUG - 获取单元格值: 行 3, 列 3, 值: 1.2
2025-12-23 17:52:45,956 - RobotClient - DEBUG - 获取单元格值: 行 3, 列 4, 值: 2
2025-12-23 17:52:45,956 - RobotClient - DEBUG - 获取单元格值: 行 3, 列 5, 值: 8.1
2025-12-23 17:52:45,956 - RobotClient - DEBUG - 获取单元格值: 行 4, 列 1, 值: 物料3
2025-12-23 17:52:45,956 - RobotClient - DEBUG - 获取单元格值: 行 4, 列 2, 值: 20
2025-12-23 17:52:45,958 - RobotClient - DEBUG - 获取单元格值: 行 4, 列 3, 值: 1.3
2025-12-23 17:52:45,958 - RobotClient - DEBUG - 获取单元格值: 行 4, 列 4, 值: 3
2025-12-23 17:52:45,958 - RobotClient - DEBUG - 获取单元格值: 行 4, 列 5, 值: 8.1
2025-12-23 17:52:45,958 - RobotClient - DEBUG - 获取单元格值: 行 5, 列 1, 值: 物料4
2025-12-23 17:52:45,958 - RobotClient - DEBUG - 获取单元格值: 行 5, 列 2, 值: 25
2025-12-23 17:52:45,958 - RobotClient - DEBUG - 获取单元格值: 行 5, 列 3, 值: 1.4
2025-12-23 17:52:45,960 - RobotClient - DEBUG - 获取单元格值: 行 5, 列 4, 值: 3
2025-12-23 17:52:45,960 - RobotClient - DEBUG - 获取单元格值: 行 5, 列 5, 值: 8.1
2025-12-23 17:52:45,962 - RobotClient - DEBUG - 获取单元格值: 行 6, 列 1, 值: 物料5
2025-12-23 17:52:45,962 - RobotClient - DEBUG - 获取单元格值: 行 6, 列 2, 值: 30
2025-12-23 17:52:45,962 - RobotClient - DEBUG - 获取单元格值: 行 6, 列 3, 值: 1.5
2025-12-23 17:52:45,962 - RobotClient - DEBUG - 获取单元格值: 行 6, 列 4, 值: 4
2025-12-23 17:52:45,962 - RobotClient - DEBUG - 获取单元格值: 行 6, 列 5, 值: 8.1
2025-12-23 17:52:45,962 - RobotClient - DEBUG - 获取单元格值: 行 7, 列 1, 值: 物料6
2025-12-23 17:52:45,962 - RobotClient - DEBUG - 获取单元格值: 行 7, 列 2, 值: 35
2025-12-23 17:52:45,962 - RobotClient - DEBUG - 获取单元格值: 行 7, 列 3, 值: 1.6
2025-12-23 17:52:45,962 - RobotClient - DEBUG - 获取单元格值: 行 7, 列 4, 值: 4
2025-12-23 17:52:45,962 - RobotClient - DEBUG - 获取单元格值: 行 7, 列 5, 值: 8.1
2025-12-23 17:53:43,526 - RobotClient - INFO - 配置文件保存成功: resources/config.ini
2025-12-23 17:53:43,526 - RobotClient - INFO - 配置项更新成功: [Communication] control_host = 192.168.125.1
2025-12-23 17:53:43,528 - RobotClient - INFO - 配置文件保存成功: resources/config.ini
2025-12-23 17:53:43,528 - RobotClient - INFO - 配置项更新成功: [Communication] control_port = 1023
2025-12-23 17:53:43,530 - RobotClient - INFO - 配置文件保存成功: resources/config.ini
2025-12-23 17:53:43,530 - RobotClient - INFO - 配置项更新成功: [Communication] data_host = 192.168.125.1
2025-12-23 17:53:43,531 - RobotClient - INFO - 配置文件保存成功: resources/config.ini
2025-12-23 17:53:43,531 - RobotClient - INFO - 配置项更新成功: [Communication] data_port = 1025
2025-12-23 17:53:43,533 - RobotClient - INFO - 配置文件保存成功: resources/config.ini
2025-12-23 17:53:43,535 - RobotClient - INFO - 配置项更新成功: [Communication] host = 192.168.125.1
2025-12-23 17:53:43,535 - RobotClient - INFO - 配置文件保存成功: resources/config.ini
2025-12-23 17:53:43,535 - RobotClient - INFO - 配置项更新成功: [Communication] port = 1023
2025-12-23 17:53:45,112 - RobotClient - INFO - 配置文件保存成功: resources/config.ini
2025-12-23 17:53:45,112 - RobotClient - INFO - 配置项更新成功: [Communication] control_host = 192.168.125.1
2025-12-23 17:53:45,114 - RobotClient - INFO - 配置文件保存成功: resources/config.ini
2025-12-23 17:53:45,114 - RobotClient - INFO - 配置项更新成功: [Communication] control_port = 1023
2025-12-23 17:53:45,116 - RobotClient - INFO - 配置文件保存成功: resources/config.ini
2025-12-23 17:53:45,116 - RobotClient - INFO - 配置项更新成功: [Communication] data_host = 192.168.125.1
2025-12-23 17:53:45,117 - RobotClient - INFO - 配置文件保存成功: resources/config.ini
2025-12-23 17:53:45,117 - RobotClient - INFO - 配置项更新成功: [Communication] data_port = 1025
2025-12-23 17:53:45,119 - RobotClient - INFO - 配置文件保存成功: resources/config.ini
2025-12-23 17:53:45,119 - RobotClient - INFO - 配置项更新成功: [Communication] host = 192.168.125.1
2025-12-23 17:53:45,120 - RobotClient - INFO - 配置文件保存成功: resources/config.ini
2025-12-23 17:53:45,120 - RobotClient - INFO - 配置项更新成功: [Communication] port = 1023
2025-12-23 17:54:13,808 - RobotClient - INFO - 配置文件保存成功: resources/config.ini
2025-12-23 17:54:13,808 - RobotClient - INFO - 配置项更新成功: [Communication] control_host = 192.168.125.1
2025-12-23 17:54:13,810 - RobotClient - INFO - 配置文件保存成功: resources/config.ini
2025-12-23 17:54:13,811 - RobotClient - INFO - 配置项更新成功: [Communication] control_port = 1023
2025-12-23 17:54:13,811 - RobotClient - INFO - 配置文件保存成功: resources/config.ini
2025-12-23 17:54:13,811 - RobotClient - INFO - 配置项更新成功: [Communication] data_host = 192.168.125.1
2025-12-23 17:54:13,813 - RobotClient - INFO - 配置文件保存成功: resources/config.ini
2025-12-23 17:54:13,813 - RobotClient - INFO - 配置项更新成功: [Communication] data_port = 1025
2025-12-23 17:54:13,814 - RobotClient - INFO - 配置文件保存成功: resources/config.ini
2025-12-23 17:54:13,816 - RobotClient - INFO - 配置项更新成功: [Communication] host = 192.168.125.1
2025-12-23 17:54:13,816 - RobotClient - INFO - 配置文件保存成功: resources/config.ini
2025-12-23 17:54:13,818 - RobotClient - INFO - 配置项更新成功: [Communication] port = 1023
