2025-12-24 09:30:37,579 - RobotClient - INFO - 配置文件加载成功: resources/config.ini
2025-12-24 09:31:53,834 - RobotClient - INFO - 配置文件保存成功: resources/config.ini
2025-12-24 09:31:53,836 - RobotClient - INFO - 配置项更新成功: [File] excel_file = test_file.xlsx
2025-12-24 09:31:53,836 - RobotClient - INFO - 配置文件保存成功: resources/config.ini
2025-12-24 09:31:53,836 - RobotClient - INFO - 配置项更新成功: [File] excel_file = test_file.xlsx
2025-12-24 09:31:53,836 - RobotClient - INFO - 文件路径已更新 - Excel: test_file.xlsx, JSON: experimental_results.json, 结果目录: Experimental results
2025-12-24 09:31:53,845 - RobotClient - INFO - Excel文件加载成功: test_file.xlsx, 工作表: Sheet1, 行数: 7, 列数: 5
2025-12-24 09:31:53,845 - RobotClient - DEBUG - 获取单元格值: 行 2, 列 1, 值: 物料1
2025-12-24 09:31:53,845 - RobotClient - DEBUG - 获取单元格值: 行 2, 列 2, 值: 10
2025-12-24 09:31:53,845 - RobotClient - DEBUG - 获取单元格值: 行 2, 列 3, 值: 1.1
2025-12-24 09:31:53,845 - RobotClient - DEBUG - 获取单元格值: 行 2, 列 4, 值: 2
2025-12-24 09:31:53,847 - RobotClient - DEBUG - 获取单元格值: 行 2, 列 5, 值: 8.1
2025-12-24 09:31:53,847 - RobotClient - DEBUG - 获取单元格值: 行 3, 列 1, 值: 物料2
2025-12-24 09:31:53,847 - RobotClient - DEBUG - 获取单元格值: 行 3, 列 2, 值: 15
2025-12-24 09:31:53,847 - RobotClient - DEBUG - 获取单元格值: 行 3, 列 3, 值: 1.2
2025-12-24 09:31:53,847 - RobotClient - DEBUG - 获取单元格值: 行 3, 列 4, 值: 2
2025-12-24 09:31:53,847 - RobotClient - DEBUG - 获取单元格值: 行 3, 列 5, 值: 8.1
2025-12-24 09:31:53,847 - RobotClient - DEBUG - 获取单元格值: 行 4, 列 1, 值: 物料3
2025-12-24 09:31:53,847 - RobotClient - DEBUG - 获取单元格值: 行 4, 列 2, 值: 20
2025-12-24 09:31:53,847 - RobotClient - DEBUG - 获取单元格值: 行 4, 列 3, 值: 1.3
2025-12-24 09:31:53,847 - RobotClient - DEBUG - 获取单元格值: 行 4, 列 4, 值: 3
2025-12-24 09:31:53,847 - RobotClient - DEBUG - 获取单元格值: 行 4, 列 5, 值: 8.1
2025-12-24 09:31:53,847 - RobotClient - DEBUG - 获取单元格值: 行 5, 列 1, 值: 物料4
2025-12-24 09:31:53,847 - RobotClient - DEBUG - 获取单元格值: 行 5, 列 2, 值: 25
2025-12-24 09:31:53,847 - RobotClient - DEBUG - 获取单元格值: 行 5, 列 3, 值: 1.4
2025-12-24 09:31:53,847 - RobotClient - DEBUG - 获取单元格值: 行 5, 列 4, 值: 3
2025-12-24 09:31:53,848 - RobotClient - DEBUG - 获取单元格值: 行 5, 列 5, 值: 8.1
2025-12-24 09:31:53,848 - RobotClient - DEBUG - 获取单元格值: 行 6, 列 1, 值: 物料5
2025-12-24 09:31:53,848 - RobotClient - DEBUG - 获取单元格值: 行 6, 列 2, 值: 30
2025-12-24 09:31:53,848 - RobotClient - DEBUG - 获取单元格值: 行 6, 列 3, 值: 1.5
2025-12-24 09:31:53,848 - RobotClient - DEBUG - 获取单元格值: 行 6, 列 4, 值: 4
2025-12-24 09:31:53,848 - RobotClient - DEBUG - 获取单元格值: 行 6, 列 5, 值: 8.1
2025-12-24 09:31:53,848 - RobotClient - DEBUG - 获取单元格值: 行 7, 列 1, 值: 物料6
2025-12-24 09:31:53,848 - RobotClient - DEBUG - 获取单元格值: 行 7, 列 2, 值: 35
2025-12-24 09:31:53,848 - RobotClient - DEBUG - 获取单元格值: 行 7, 列 3, 值: 1.6
2025-12-24 09:31:53,848 - RobotClient - DEBUG - 获取单元格值: 行 7, 列 4, 值: 4
2025-12-24 09:31:53,848 - RobotClient - DEBUG - 获取单元格值: 行 7, 列 5, 值: 8.1
2025-12-24 09:38:24,045 - RobotClient - INFO - 配置文件保存成功: resources/config.ini
2025-12-24 09:38:24,045 - RobotClient - INFO - 配置项更新成功: [Communication] control_host = 192.168.125.1
2025-12-24 09:38:24,046 - RobotClient - INFO - 配置文件保存成功: resources/config.ini
2025-12-24 09:38:24,046 - RobotClient - INFO - 配置项更新成功: [Communication] control_port = 1023
2025-12-24 09:38:24,046 - RobotClient - INFO - 配置文件保存成功: resources/config.ini
2025-12-24 09:38:24,046 - RobotClient - INFO - 配置项更新成功: [Communication] data_host = 192.168.125.1
2025-12-24 09:38:24,048 - RobotClient - INFO - 配置文件保存成功: resources/config.ini
2025-12-24 09:38:24,048 - RobotClient - INFO - 配置项更新成功: [Communication] data_port = 1025
2025-12-24 09:38:24,049 - RobotClient - INFO - 配置文件保存成功: resources/config.ini
2025-12-24 09:38:24,049 - RobotClient - INFO - 配置项更新成功: [Communication] host = 192.168.125.1
2025-12-24 09:38:24,049 - RobotClient - INFO - 配置文件保存成功: resources/config.ini
2025-12-24 09:38:24,049 - RobotClient - INFO - 配置项更新成功: [Communication] port = 1023
2025-12-24 09:38:27,164 - RobotClient - INFO - 配置文件保存成功: resources/config.ini
2025-12-24 09:38:27,166 - RobotClient - INFO - 配置项更新成功: [Communication] control_host = 192.168.125.1
2025-12-24 09:38:27,166 - RobotClient - INFO - 配置文件保存成功: resources/config.ini
2025-12-24 09:38:27,166 - RobotClient - INFO - 配置项更新成功: [Communication] control_port = 1023
2025-12-24 09:38:27,168 - RobotClient - INFO - 配置文件保存成功: resources/config.ini
2025-12-24 09:38:27,168 - RobotClient - INFO - 配置项更新成功: [Communication] data_host = 192.168.125.1
2025-12-24 09:38:27,169 - RobotClient - INFO - 配置文件保存成功: resources/config.ini
2025-12-24 09:38:27,169 - RobotClient - INFO - 配置项更新成功: [Communication] data_port = 1025
2025-12-24 09:38:27,169 - RobotClient - INFO - 配置文件保存成功: resources/config.ini
2025-12-24 09:38:27,171 - RobotClient - INFO - 配置项更新成功: [Communication] host = 192.168.125.1
2025-12-24 09:38:27,171 - RobotClient - INFO - 配置文件保存成功: resources/config.ini
2025-12-24 09:38:27,171 - RobotClient - INFO - 配置项更新成功: [Communication] port = 1025
2025-12-24 09:38:47,686 - RobotClient - INFO - 收到'new_target'指令，准备获取新目标重量
2025-12-24 09:38:47,687 - RobotClient - DEBUG - 获取单元格值: 行 2, 列 1, 值: 物料1
2025-12-24 09:38:47,687 - RobotClient - DEBUG - 获取单元格值: 行 2, 列 2, 值: 10
2025-12-24 09:38:47,687 - RobotClient - DEBUG - 获取单元格值: 行 2, 列 3, 值: 1.1
2025-12-24 09:38:47,687 - RobotClient - DEBUG - 获取单元格值: 行 2, 列 4, 值: 2
2025-12-24 09:38:47,687 - RobotClient - DEBUG - 获取单元格值: 行 2, 列 5, 值: 8.1
2025-12-24 09:38:47,693 - RobotClient - INFO - 配置文件保存成功: resources/config.ini
2025-12-24 09:38:47,693 - RobotClient - INFO - 配置项更新成功: [Parameters] density = 1.1
2025-12-24 09:38:47,695 - RobotClient - INFO - 配置文件保存成功: resources/config.ini
2025-12-24 09:38:47,695 - RobotClient - INFO - 配置项更新成功: [Parameters] vial_weight = 8.1
2025-12-24 09:38:47,696 - RobotClient - INFO - 配置文件保存成功: resources/config.ini
2025-12-24 09:38:47,696 - RobotClient - INFO - 配置项更新成功: [Parameters] particle_size = 2.0
2025-12-24 09:38:47,696 - RobotClient - INFO - 参数已更新 - 密度: 1.1, 瓶重: 8.1 g, 颗粒大小: 2.0, 模拟重量: True
2025-12-24 09:38:47,698 - RobotClient - DEBUG - 生成模拟重量: 14.902736490824362 g
2025-12-24 09:38:47,698 - RobotClient - INFO - 获取到重量数据: 14.902736490824362 g
2025-12-24 09:38:47,700 - RobotClient - DEBUG - 开始计算抖动参数 - 目标重量: 10.0 g, 当前重量: 14.902736490824362 g, 密度: 1.1, 颗粒大小: 2.0
2025-12-24 09:38:47,701 - RobotClient - DEBUG - 重量差值: 4.902736490824362 g, 差值百分比: 49.02736490824361%
2025-12-24 09:38:47,701 - RobotClient - DEBUG - 计算完成 - 抖动幅度: 45.45454545454545, 抖动角度: 13.636363636363637
2025-12-24 09:38:48,687 - RobotClient - INFO - 收到'executing'指令: 'executing'
2025-12-24 09:38:48,687 - RobotClient - DEBUG - 生成模拟重量: 13.993226484140099 g
2025-12-24 09:38:48,687 - RobotClient - INFO - 获取到重量数据: 13.993226484140099 g
2025-12-24 09:38:48,690 - RobotClient - DEBUG - 开始计算抖动参数 - 目标重量: 10.0 g, 当前重量: 13.993226484140099 g, 密度: 1.1, 颗粒大小: 2.0
2025-12-24 09:38:48,691 - RobotClient - DEBUG - 重量差值: 3.9932264841400986 g, 差值百分比: 39.932264841400986%
2025-12-24 09:38:48,692 - RobotClient - DEBUG - 计算完成 - 抖动幅度: 45.45454545454545, 抖动角度: 13.636363636363637
2025-12-24 09:38:49,682 - RobotClient - INFO - 收到'executing'指令: 'executing'
2025-12-24 09:38:49,685 - RobotClient - DEBUG - 生成模拟重量: 12.288791088581455 g
2025-12-24 09:38:49,685 - RobotClient - INFO - 获取到重量数据: 12.288791088581455 g
2025-12-24 09:38:49,686 - RobotClient - DEBUG - 开始计算抖动参数 - 目标重量: 10.0 g, 当前重量: 12.288791088581455 g, 密度: 1.1, 颗粒大小: 2.0
2025-12-24 09:38:49,687 - RobotClient - DEBUG - 重量差值: 2.288791088581455 g, 差值百分比: 22.88791088581455%
2025-12-24 09:38:49,688 - RobotClient - DEBUG - 计算完成 - 抖动幅度: 45.45454545454545, 抖动角度: 13.636363636363637
2025-12-24 09:38:50,681 - RobotClient - INFO - 收到'executing'指令: 'executing'
2025-12-24 09:38:50,682 - RobotClient - DEBUG - 生成模拟重量: 9.741414013133141 g
2025-12-24 09:38:50,682 - RobotClient - INFO - 获取到重量数据: 9.741414013133141 g
2025-12-24 09:38:50,685 - RobotClient - DEBUG - 开始计算抖动参数 - 目标重量: 10.0 g, 当前重量: 9.741414013133141 g, 密度: 1.1, 颗粒大小: 2.0
2025-12-24 09:38:50,687 - RobotClient - DEBUG - 重量差值: 0.2585859868668585 g, 差值百分比: 2.585859868668585%
2025-12-24 09:38:50,687 - RobotClient - DEBUG - 计算完成 - 抖动幅度: 4.545454545454545, 抖动角度: 13.636363636363637
2025-12-24 09:38:51,691 - RobotClient - INFO - 收到'executing'指令: 'executing'
2025-12-24 09:38:51,692 - RobotClient - DEBUG - 生成模拟重量: 11.980591813331138 g
2025-12-24 09:38:51,692 - RobotClient - INFO - 获取到重量数据: 11.980591813331138 g
2025-12-24 09:38:51,693 - RobotClient - DEBUG - 开始计算抖动参数 - 目标重量: 10.0 g, 当前重量: 11.980591813331138 g, 密度: 1.1, 颗粒大小: 2.0
2025-12-24 09:38:51,693 - RobotClient - DEBUG - 重量差值: 1.980591813331138 g, 差值百分比: 19.80591813331138%
2025-12-24 09:38:51,695 - RobotClient - DEBUG - 计算完成 - 抖动幅度: 18.18181818181818, 抖动角度: 13.636363636363637
2025-12-24 09:38:52,685 - RobotClient - INFO - 收到'executing'指令: 'executing'
2025-12-24 09:38:52,686 - RobotClient - DEBUG - 生成模拟重量: 10.994620976457323 g
2025-12-24 09:38:52,686 - RobotClient - INFO - 获取到重量数据: 10.994620976457323 g
2025-12-24 09:38:52,687 - RobotClient - DEBUG - 开始计算抖动参数 - 目标重量: 10.0 g, 当前重量: 10.994620976457323 g, 密度: 1.1, 颗粒大小: 2.0
2025-12-24 09:38:52,688 - RobotClient - DEBUG - 重量差值: 0.9946209764573233 g, 差值百分比: 9.946209764573233%
2025-12-24 09:38:52,689 - RobotClient - DEBUG - 计算完成 - 抖动幅度: 18.18181818181818, 抖动角度: 13.636363636363637
2025-12-24 09:38:53,685 - RobotClient - INFO - 收到'executing'指令: 'executing'
2025-12-24 09:38:53,686 - RobotClient - DEBUG - 生成模拟重量: 5.246437421572953 g
2025-12-24 09:38:53,686 - RobotClient - INFO - 获取到重量数据: 5.246437421572953 g
2025-12-24 09:38:53,687 - RobotClient - DEBUG - 开始计算抖动参数 - 目标重量: 10.0 g, 当前重量: 5.246437421572953 g, 密度: 1.1, 颗粒大小: 2.0
2025-12-24 09:38:53,687 - RobotClient - DEBUG - 重量差值: 4.753562578427047 g, 差值百分比: 47.53562578427047%
2025-12-24 09:38:53,687 - RobotClient - DEBUG - 计算完成 - 抖动幅度: 45.45454545454545, 抖动角度: 13.636363636363637
2025-12-24 09:38:54,676 - RobotClient - INFO - 收到'executing'指令: 'executing'
2025-12-24 09:38:54,676 - RobotClient - DEBUG - 生成模拟重量: 13.66844645321778 g
2025-12-24 09:38:54,676 - RobotClient - INFO - 获取到重量数据: 13.66844645321778 g
2025-12-24 09:38:54,678 - RobotClient - DEBUG - 开始计算抖动参数 - 目标重量: 10.0 g, 当前重量: 13.66844645321778 g, 密度: 1.1, 颗粒大小: 2.0
2025-12-24 09:38:54,678 - RobotClient - DEBUG - 重量差值: 3.668446453217779 g, 差值百分比: 36.68446453217779%
2025-12-24 09:38:54,679 - RobotClient - DEBUG - 计算完成 - 抖动幅度: 45.45454545454545, 抖动角度: 13.636363636363637
2025-12-24 09:38:55,689 - RobotClient - INFO - 收到'executing'指令: 'executing'
2025-12-24 09:38:55,690 - RobotClient - DEBUG - 生成模拟重量: 9.57896224640817 g
2025-12-24 09:38:55,690 - RobotClient - INFO - 获取到重量数据: 9.57896224640817 g
2025-12-24 09:38:55,691 - RobotClient - DEBUG - 开始计算抖动参数 - 目标重量: 10.0 g, 当前重量: 9.57896224640817 g, 密度: 1.1, 颗粒大小: 2.0
2025-12-24 09:38:55,691 - RobotClient - DEBUG - 重量差值: 0.4210377535918308 g, 差值百分比: 4.210377535918308%
2025-12-24 09:38:55,691 - RobotClient - DEBUG - 计算完成 - 抖动幅度: 4.545454545454545, 抖动角度: 13.636363636363637
2025-12-24 09:38:56,678 - RobotClient - INFO - 收到'executing'指令: 'executing'
2025-12-24 09:38:56,680 - RobotClient - DEBUG - 生成模拟重量: 6.61634205942512 g
2025-12-24 09:38:56,680 - RobotClient - INFO - 获取到重量数据: 6.61634205942512 g
2025-12-24 09:38:56,680 - RobotClient - DEBUG - 开始计算抖动参数 - 目标重量: 10.0 g, 当前重量: 6.61634205942512 g, 密度: 1.1, 颗粒大小: 2.0
2025-12-24 09:38:56,681 - RobotClient - DEBUG - 重量差值: 3.3836579405748797 g, 差值百分比: 33.83657940574879%
2025-12-24 09:38:56,681 - RobotClient - DEBUG - 计算完成 - 抖动幅度: 45.45454545454545, 抖动角度: 13.636363636363637
2025-12-24 09:38:57,678 - RobotClient - INFO - 收到'executing'指令: 'executing'
2025-12-24 09:38:57,680 - RobotClient - DEBUG - 生成模拟重量: 8.313413971035601 g
2025-12-24 09:38:57,681 - RobotClient - INFO - 获取到重量数据: 8.313413971035601 g
2025-12-24 09:38:57,682 - RobotClient - DEBUG - 开始计算抖动参数 - 目标重量: 10.0 g, 当前重量: 8.313413971035601 g, 密度: 1.1, 颗粒大小: 2.0
2025-12-24 09:38:57,682 - RobotClient - DEBUG - 重量差值: 1.686586028964399 g, 差值百分比: 16.86586028964399%
2025-12-24 09:38:57,682 - RobotClient - DEBUG - 计算完成 - 抖动幅度: 18.18181818181818, 抖动角度: 13.636363636363637
2025-12-24 09:38:58,687 - RobotClient - INFO - 收到'executing'指令: 'executing'
2025-12-24 09:38:58,688 - RobotClient - DEBUG - 生成模拟重量: 7.346311715279662 g
2025-12-24 09:38:58,688 - RobotClient - INFO - 获取到重量数据: 7.346311715279662 g
2025-12-24 09:38:58,688 - RobotClient - DEBUG - 开始计算抖动参数 - 目标重量: 10.0 g, 当前重量: 7.346311715279662 g, 密度: 1.1, 颗粒大小: 2.0
2025-12-24 09:38:58,690 - RobotClient - DEBUG - 重量差值: 2.653688284720338 g, 差值百分比: 26.53688284720338%
2025-12-24 09:38:58,690 - RobotClient - DEBUG - 计算完成 - 抖动幅度: 45.45454545454545, 抖动角度: 13.636363636363637
2025-12-24 09:38:59,683 - RobotClient - INFO - 收到'executing'指令: 'executing'
2025-12-24 09:38:59,684 - RobotClient - DEBUG - 生成模拟重量: 14.313081470879865 g
2025-12-24 09:38:59,684 - RobotClient - INFO - 获取到重量数据: 14.313081470879865 g
2025-12-24 09:38:59,684 - RobotClient - DEBUG - 开始计算抖动参数 - 目标重量: 10.0 g, 当前重量: 14.313081470879865 g, 密度: 1.1, 颗粒大小: 2.0
2025-12-24 09:38:59,686 - RobotClient - DEBUG - 重量差值: 4.313081470879865 g, 差值百分比: 43.13081470879865%
2025-12-24 09:38:59,686 - RobotClient - DEBUG - 计算完成 - 抖动幅度: 45.45454545454545, 抖动角度: 13.636363636363637
2025-12-24 09:39:00,678 - RobotClient - INFO - 收到'executing'指令: 'executing'
2025-12-24 09:39:00,678 - RobotClient - DEBUG - 生成模拟重量: 14.628913091469679 g
2025-12-24 09:39:00,680 - RobotClient - INFO - 获取到重量数据: 14.628913091469679 g
2025-12-24 09:39:00,680 - RobotClient - DEBUG - 开始计算抖动参数 - 目标重量: 10.0 g, 当前重量: 14.628913091469679 g, 密度: 1.1, 颗粒大小: 2.0
2025-12-24 09:39:00,680 - RobotClient - DEBUG - 重量差值: 4.628913091469679 g, 差值百分比: 46.289130914696784%
2025-12-24 09:39:00,681 - RobotClient - DEBUG - 计算完成 - 抖动幅度: 45.45454545454545, 抖动角度: 13.636363636363637
2025-12-24 09:39:01,679 - RobotClient - INFO - 收到'executing'指令: 'executing'
2025-12-24 09:39:01,681 - RobotClient - DEBUG - 生成模拟重量: 5.048096624022685 g
2025-12-24 09:39:01,681 - RobotClient - INFO - 获取到重量数据: 5.048096624022685 g
2025-12-24 09:39:01,681 - RobotClient - DEBUG - 开始计算抖动参数 - 目标重量: 10.0 g, 当前重量: 5.048096624022685 g, 密度: 1.1, 颗粒大小: 2.0
2025-12-24 09:39:01,682 - RobotClient - DEBUG - 重量差值: 4.951903375977315 g, 差值百分比: 49.519033759773144%
2025-12-24 09:39:01,683 - RobotClient - DEBUG - 计算完成 - 抖动幅度: 45.45454545454545, 抖动角度: 13.636363636363637
2025-12-24 09:39:02,679 - RobotClient - INFO - 收到'executing'指令: 'executing'
2025-12-24 09:39:02,679 - RobotClient - DEBUG - 生成模拟重量: 9.865795751585786 g
2025-12-24 09:39:02,680 - RobotClient - INFO - 获取到重量数据: 9.865795751585786 g
2025-12-24 09:39:02,680 - RobotClient - DEBUG - 开始计算抖动参数 - 目标重量: 10.0 g, 当前重量: 9.865795751585786 g, 密度: 1.1, 颗粒大小: 2.0
2025-12-24 09:39:02,680 - RobotClient - DEBUG - 重量差值: 0.13420424841421408 g, 差值百分比: 1.3420424841421408%
2025-12-24 09:39:02,680 - RobotClient - DEBUG - 计算完成 - 抖动幅度: 4.545454545454545, 抖动角度: 13.636363636363637
2025-12-24 09:39:03,689 - RobotClient - INFO - 收到'executing'指令: 'executing'
2025-12-24 09:39:03,690 - RobotClient - DEBUG - 生成模拟重量: 14.945964344045612 g
2025-12-24 09:39:03,690 - RobotClient - INFO - 获取到重量数据: 14.945964344045612 g
2025-12-24 09:39:03,693 - RobotClient - DEBUG - 开始计算抖动参数 - 目标重量: 10.0 g, 当前重量: 14.945964344045612 g, 密度: 1.1, 颗粒大小: 2.0
2025-12-24 09:39:03,693 - RobotClient - DEBUG - 重量差值: 4.945964344045612 g, 差值百分比: 49.45964344045611%
2025-12-24 09:39:03,693 - RobotClient - DEBUG - 计算完成 - 抖动幅度: 45.45454545454545, 抖动角度: 13.636363636363637
2025-12-24 09:39:04,677 - RobotClient - INFO - 收到'executing'指令: 'executing'
2025-12-24 09:39:04,678 - RobotClient - DEBUG - 生成模拟重量: 7.070630049268204 g
2025-12-24 09:39:04,678 - RobotClient - INFO - 获取到重量数据: 7.070630049268204 g
2025-12-24 09:39:04,679 - RobotClient - DEBUG - 开始计算抖动参数 - 目标重量: 10.0 g, 当前重量: 7.070630049268204 g, 密度: 1.1, 颗粒大小: 2.0
2025-12-24 09:39:04,679 - RobotClient - DEBUG - 重量差值: 2.929369950731796 g, 差值百分比: 29.29369950731796%
2025-12-24 09:39:04,679 - RobotClient - DEBUG - 计算完成 - 抖动幅度: 45.45454545454545, 抖动角度: 13.636363636363637
2025-12-24 09:39:05,680 - RobotClient - INFO - 收到'executing'指令: 'executing'
2025-12-24 09:39:05,681 - RobotClient - DEBUG - 生成模拟重量: 9.81481570943519 g
2025-12-24 09:39:05,682 - RobotClient - INFO - 获取到重量数据: 9.81481570943519 g
2025-12-24 09:39:05,685 - RobotClient - DEBUG - 开始计算抖动参数 - 目标重量: 10.0 g, 当前重量: 9.81481570943519 g, 密度: 1.1, 颗粒大小: 2.0
2025-12-24 09:39:05,685 - RobotClient - DEBUG - 重量差值: 0.18518429056480912 g, 差值百分比: 1.8518429056480914%
2025-12-24 09:39:05,686 - RobotClient - DEBUG - 计算完成 - 抖动幅度: 4.545454545454545, 抖动角度: 13.636363636363637
2025-12-24 09:39:06,691 - RobotClient - INFO - 收到'executing'指令: 'executing'
2025-12-24 09:39:06,693 - RobotClient - DEBUG - 生成模拟重量: 5.522762827349668 g
2025-12-24 09:39:06,693 - RobotClient - INFO - 获取到重量数据: 5.522762827349668 g
2025-12-24 09:39:06,694 - RobotClient - DEBUG - 开始计算抖动参数 - 目标重量: 10.0 g, 当前重量: 5.522762827349668 g, 密度: 1.1, 颗粒大小: 2.0
2025-12-24 09:39:06,694 - RobotClient - DEBUG - 重量差值: 4.477237172650332 g, 差值百分比: 44.772371726503316%
2025-12-24 09:39:06,694 - RobotClient - DEBUG - 计算完成 - 抖动幅度: 45.45454545454545, 抖动角度: 13.636363636363637
2025-12-24 09:39:07,690 - RobotClient - INFO - 收到'executing'指令: 'executing'
2025-12-24 09:39:07,693 - RobotClient - DEBUG - 生成模拟重量: 12.884643500454356 g
2025-12-24 09:39:07,694 - RobotClient - INFO - 获取到重量数据: 12.884643500454356 g
2025-12-24 09:39:07,696 - RobotClient - DEBUG - 开始计算抖动参数 - 目标重量: 10.0 g, 当前重量: 12.884643500454356 g, 密度: 1.1, 颗粒大小: 2.0
2025-12-24 09:39:07,696 - RobotClient - DEBUG - 重量差值: 2.884643500454356 g, 差值百分比: 28.846435004543558%
2025-12-24 09:39:07,697 - RobotClient - DEBUG - 计算完成 - 抖动幅度: 45.45454545454545, 抖动角度: 13.636363636363637
2025-12-24 09:39:08,687 - RobotClient - INFO - 收到'executing'指令: 'executing'
2025-12-24 09:39:08,689 - RobotClient - DEBUG - 生成模拟重量: 8.41301474216655 g
2025-12-24 09:39:08,690 - RobotClient - INFO - 获取到重量数据: 8.41301474216655 g
2025-12-24 09:39:08,691 - RobotClient - DEBUG - 开始计算抖动参数 - 目标重量: 10.0 g, 当前重量: 8.41301474216655 g, 密度: 1.1, 颗粒大小: 2.0
2025-12-24 09:39:08,691 - RobotClient - DEBUG - 重量差值: 1.5869852578334491 g, 差值百分比: 15.869852578334493%
2025-12-24 09:39:08,692 - RobotClient - DEBUG - 计算完成 - 抖动幅度: 18.18181818181818, 抖动角度: 13.636363636363637
2025-12-24 09:39:09,682 - RobotClient - INFO - 收到'executing'指令: 'executing'
2025-12-24 09:39:09,682 - RobotClient - DEBUG - 生成模拟重量: 6.375509971813415 g
2025-12-24 09:39:09,684 - RobotClient - INFO - 获取到重量数据: 6.375509971813415 g
2025-12-24 09:39:09,684 - RobotClient - DEBUG - 开始计算抖动参数 - 目标重量: 10.0 g, 当前重量: 6.375509971813415 g, 密度: 1.1, 颗粒大小: 2.0
2025-12-24 09:39:09,684 - RobotClient - DEBUG - 重量差值: 3.6244900281865853 g, 差值百分比: 36.24490028186585%
2025-12-24 09:39:09,686 - RobotClient - DEBUG - 计算完成 - 抖动幅度: 45.45454545454545, 抖动角度: 13.636363636363637
2025-12-24 09:39:10,679 - RobotClient - INFO - 收到'executing'指令: 'executing'
2025-12-24 09:39:10,679 - RobotClient - DEBUG - 生成模拟重量: 13.558555634695788 g
2025-12-24 09:39:10,679 - RobotClient - INFO - 获取到重量数据: 13.558555634695788 g
2025-12-24 09:39:10,680 - RobotClient - DEBUG - 开始计算抖动参数 - 目标重量: 10.0 g, 当前重量: 13.558555634695788 g, 密度: 1.1, 颗粒大小: 2.0
2025-12-24 09:39:10,680 - RobotClient - DEBUG - 重量差值: 3.5585556346957876 g, 差值百分比: 35.58555634695787%
2025-12-24 09:39:10,680 - RobotClient - DEBUG - 计算完成 - 抖动幅度: 45.45454545454545, 抖动角度: 13.636363636363637
2025-12-24 09:39:11,682 - RobotClient - INFO - 收到'executing'指令: 'executing'
2025-12-24 09:39:11,683 - RobotClient - DEBUG - 生成模拟重量: 6.293430585382497 g
2025-12-24 09:39:11,683 - RobotClient - INFO - 获取到重量数据: 6.293430585382497 g
2025-12-24 09:39:11,685 - RobotClient - DEBUG - 开始计算抖动参数 - 目标重量: 10.0 g, 当前重量: 6.293430585382497 g, 密度: 1.1, 颗粒大小: 2.0
2025-12-24 09:39:11,685 - RobotClient - DEBUG - 重量差值: 3.706569414617503 g, 差值百分比: 37.06569414617503%
2025-12-24 09:39:11,685 - RobotClient - DEBUG - 计算完成 - 抖动幅度: 45.45454545454545, 抖动角度: 13.636363636363637
2025-12-24 09:39:12,677 - RobotClient - INFO - 收到'executing'指令: 'executing'
2025-12-24 09:39:12,677 - RobotClient - DEBUG - 生成模拟重量: 10.651532583294546 g
2025-12-24 09:39:12,679 - RobotClient - INFO - 获取到重量数据: 10.651532583294546 g
2025-12-24 09:39:12,679 - RobotClient - DEBUG - 开始计算抖动参数 - 目标重量: 10.0 g, 当前重量: 10.651532583294546 g, 密度: 1.1, 颗粒大小: 2.0
2025-12-24 09:39:12,679 - RobotClient - DEBUG - 重量差值: 0.6515325832945464 g, 差值百分比: 6.515325832945465%
2025-12-24 09:39:12,681 - RobotClient - DEBUG - 计算完成 - 抖动幅度: 18.18181818181818, 抖动角度: 13.636363636363637
2025-12-24 09:39:13,676 - RobotClient - INFO - 收到'executing'指令: 'executing'
2025-12-24 09:39:13,677 - RobotClient - DEBUG - 生成模拟重量: 9.321116086167004 g
2025-12-24 09:39:13,677 - RobotClient - INFO - 获取到重量数据: 9.321116086167004 g
2025-12-24 09:39:13,677 - RobotClient - DEBUG - 开始计算抖动参数 - 目标重量: 10.0 g, 当前重量: 9.321116086167004 g, 密度: 1.1, 颗粒大小: 2.0
2025-12-24 09:39:13,677 - RobotClient - DEBUG - 重量差值: 0.6788839138329958 g, 差值百分比: 6.788839138329958%
2025-12-24 09:39:13,679 - RobotClient - DEBUG - 计算完成 - 抖动幅度: 18.18181818181818, 抖动角度: 13.636363636363637
2025-12-24 09:39:14,678 - RobotClient - INFO - 收到'executing'指令: 'executing'
2025-12-24 09:39:14,679 - RobotClient - DEBUG - 生成模拟重量: 7.25313826681665 g
2025-12-24 09:39:14,679 - RobotClient - INFO - 获取到重量数据: 7.25313826681665 g
2025-12-24 09:39:14,679 - RobotClient - DEBUG - 开始计算抖动参数 - 目标重量: 10.0 g, 当前重量: 7.25313826681665 g, 密度: 1.1, 颗粒大小: 2.0
2025-12-24 09:39:14,681 - RobotClient - DEBUG - 重量差值: 2.7468617331833496 g, 差值百分比: 27.468617331833496%
2025-12-24 09:39:14,681 - RobotClient - DEBUG - 计算完成 - 抖动幅度: 45.45454545454545, 抖动角度: 13.636363636363637
2025-12-24 09:39:15,682 - RobotClient - INFO - 收到'executing'指令: 'executing'
2025-12-24 09:39:15,682 - RobotClient - DEBUG - 生成模拟重量: 11.45297586113312 g
2025-12-24 09:39:15,683 - RobotClient - INFO - 获取到重量数据: 11.45297586113312 g
2025-12-24 09:39:15,683 - RobotClient - DEBUG - 开始计算抖动参数 - 目标重量: 10.0 g, 当前重量: 11.45297586113312 g, 密度: 1.1, 颗粒大小: 2.0
2025-12-24 09:39:15,683 - RobotClient - DEBUG - 重量差值: 1.4529758611331207 g, 差值百分比: 14.529758611331205%
2025-12-24 09:39:15,685 - RobotClient - DEBUG - 计算完成 - 抖动幅度: 18.18181818181818, 抖动角度: 13.636363636363637
2025-12-24 09:39:16,677 - RobotClient - INFO - 收到'executing'指令: 'executing'
2025-12-24 09:39:16,677 - RobotClient - DEBUG - 生成模拟重量: 10.580882647275335 g
2025-12-24 09:39:16,677 - RobotClient - INFO - 获取到重量数据: 10.580882647275335 g
2025-12-24 09:39:16,678 - RobotClient - DEBUG - 开始计算抖动参数 - 目标重量: 10.0 g, 当前重量: 10.580882647275335 g, 密度: 1.1, 颗粒大小: 2.0
2025-12-24 09:39:16,678 - RobotClient - DEBUG - 重量差值: 0.5808826472753346 g, 差值百分比: 5.808826472753346%
2025-12-24 09:39:16,678 - RobotClient - DEBUG - 计算完成 - 抖动幅度: 18.18181818181818, 抖动角度: 13.636363636363637
2025-12-24 09:39:17,683 - RobotClient - INFO - 收到'executing'指令: 'executing'
2025-12-24 09:39:17,684 - RobotClient - DEBUG - 生成模拟重量: 5.586050650814286 g
2025-12-24 09:39:17,684 - RobotClient - INFO - 获取到重量数据: 5.586050650814286 g
2025-12-24 09:39:17,684 - RobotClient - DEBUG - 开始计算抖动参数 - 目标重量: 10.0 g, 当前重量: 5.586050650814286 g, 密度: 1.1, 颗粒大小: 2.0
2025-12-24 09:39:17,685 - RobotClient - DEBUG - 重量差值: 4.413949349185714 g, 差值百分比: 44.13949349185714%
2025-12-24 09:39:17,686 - RobotClient - DEBUG - 计算完成 - 抖动幅度: 45.45454545454545, 抖动角度: 13.636363636363637
2025-12-24 09:39:18,687 - RobotClient - INFO - 收到'executing'指令: 'executing'
2025-12-24 09:39:18,687 - RobotClient - DEBUG - 生成模拟重量: 8.10373652842189 g
2025-12-24 09:39:18,687 - RobotClient - INFO - 获取到重量数据: 8.10373652842189 g
2025-12-24 09:39:18,687 - RobotClient - DEBUG - 开始计算抖动参数 - 目标重量: 10.0 g, 当前重量: 8.10373652842189 g, 密度: 1.1, 颗粒大小: 2.0
2025-12-24 09:39:18,689 - RobotClient - DEBUG - 重量差值: 1.8962634715781093 g, 差值百分比: 18.962634715781093%
2025-12-24 09:39:18,689 - RobotClient - DEBUG - 计算完成 - 抖动幅度: 18.18181818181818, 抖动角度: 13.636363636363637
2025-12-24 09:39:19,680 - RobotClient - INFO - 收到'executing'指令: 'executing'
2025-12-24 09:39:19,681 - RobotClient - DEBUG - 生成模拟重量: 7.037391719279887 g
2025-12-24 09:39:19,681 - RobotClient - INFO - 获取到重量数据: 7.037391719279887 g
2025-12-24 09:39:19,681 - RobotClient - DEBUG - 开始计算抖动参数 - 目标重量: 10.0 g, 当前重量: 7.037391719279887 g, 密度: 1.1, 颗粒大小: 2.0
2025-12-24 09:39:19,681 - RobotClient - DEBUG - 重量差值: 2.9626082807201133 g, 差值百分比: 29.626082807201133%
2025-12-24 09:39:19,681 - RobotClient - DEBUG - 计算完成 - 抖动幅度: 45.45454545454545, 抖动角度: 13.636363636363637
2025-12-24 09:39:20,678 - RobotClient - INFO - 收到'executing'指令: 'executing'
2025-12-24 09:39:20,678 - RobotClient - DEBUG - 生成模拟重量: 9.355328164270478 g
2025-12-24 09:39:20,679 - RobotClient - INFO - 获取到重量数据: 9.355328164270478 g
2025-12-24 09:39:20,679 - RobotClient - DEBUG - 开始计算抖动参数 - 目标重量: 10.0 g, 当前重量: 9.355328164270478 g, 密度: 1.1, 颗粒大小: 2.0
2025-12-24 09:39:20,679 - RobotClient - DEBUG - 重量差值: 0.6446718357295218 g, 差值百分比: 6.446718357295218%
2025-12-24 09:39:20,679 - RobotClient - DEBUG - 计算完成 - 抖动幅度: 18.18181818181818, 抖动角度: 13.636363636363637
2025-12-24 09:39:21,688 - RobotClient - INFO - 收到'executing'指令: 'executing'
2025-12-24 09:39:21,688 - RobotClient - DEBUG - 生成模拟重量: 9.357122935707249 g
2025-12-24 09:39:21,689 - RobotClient - INFO - 获取到重量数据: 9.357122935707249 g
2025-12-24 09:39:21,689 - RobotClient - DEBUG - 开始计算抖动参数 - 目标重量: 10.0 g, 当前重量: 9.357122935707249 g, 密度: 1.1, 颗粒大小: 2.0
2025-12-24 09:39:21,689 - RobotClient - DEBUG - 重量差值: 0.642877064292751 g, 差值百分比: 6.42877064292751%
2025-12-24 09:39:21,689 - RobotClient - DEBUG - 计算完成 - 抖动幅度: 18.18181818181818, 抖动角度: 13.636363636363637
2025-12-24 09:39:22,680 - RobotClient - INFO - 收到'executing'指令: 'executing'
2025-12-24 09:39:22,681 - RobotClient - DEBUG - 生成模拟重量: 14.128212083740445 g
2025-12-24 09:39:22,681 - RobotClient - INFO - 获取到重量数据: 14.128212083740445 g
2025-12-24 09:39:22,681 - RobotClient - DEBUG - 开始计算抖动参数 - 目标重量: 10.0 g, 当前重量: 14.128212083740445 g, 密度: 1.1, 颗粒大小: 2.0
2025-12-24 09:39:22,681 - RobotClient - DEBUG - 重量差值: 4.128212083740445 g, 差值百分比: 41.28212083740445%
2025-12-24 09:39:22,681 - RobotClient - DEBUG - 计算完成 - 抖动幅度: 45.45454545454545, 抖动角度: 13.636363636363637
2025-12-24 09:39:23,689 - RobotClient - INFO - 收到'executing'指令: 'executing'
2025-12-24 09:39:23,691 - RobotClient - DEBUG - 生成模拟重量: 14.18371726017165 g
2025-12-24 09:39:23,691 - RobotClient - INFO - 获取到重量数据: 14.18371726017165 g
2025-12-24 09:39:23,691 - RobotClient - DEBUG - 开始计算抖动参数 - 目标重量: 10.0 g, 当前重量: 14.18371726017165 g, 密度: 1.1, 颗粒大小: 2.0
2025-12-24 09:39:23,691 - RobotClient - DEBUG - 重量差值: 4.183717260171649 g, 差值百分比: 41.837172601716496%
2025-12-24 09:39:23,691 - RobotClient - DEBUG - 计算完成 - 抖动幅度: 45.45454545454545, 抖动角度: 13.636363636363637
2025-12-24 09:39:24,680 - RobotClient - INFO - 收到'executing'指令: 'executing'
2025-12-24 09:39:24,680 - RobotClient - DEBUG - 生成模拟重量: 8.080361023485931 g
2025-12-24 09:39:24,680 - RobotClient - INFO - 获取到重量数据: 8.080361023485931 g
2025-12-24 09:39:24,680 - RobotClient - DEBUG - 开始计算抖动参数 - 目标重量: 10.0 g, 当前重量: 8.080361023485931 g, 密度: 1.1, 颗粒大小: 2.0
2025-12-24 09:39:24,681 - RobotClient - DEBUG - 重量差值: 1.9196389765140687 g, 差值百分比: 19.196389765140687%
2025-12-24 09:39:24,681 - RobotClient - DEBUG - 计算完成 - 抖动幅度: 18.18181818181818, 抖动角度: 13.636363636363637
2025-12-24 09:39:25,679 - RobotClient - INFO - 收到'executing'指令: 'executing'
2025-12-24 09:39:25,679 - RobotClient - DEBUG - 生成模拟重量: 8.430135909764786 g
2025-12-24 09:39:25,679 - RobotClient - INFO - 获取到重量数据: 8.430135909764786 g
2025-12-24 09:39:25,679 - RobotClient - DEBUG - 开始计算抖动参数 - 目标重量: 10.0 g, 当前重量: 8.430135909764786 g, 密度: 1.1, 颗粒大小: 2.0
2025-12-24 09:39:25,681 - RobotClient - DEBUG - 重量差值: 1.569864090235214 g, 差值百分比: 15.69864090235214%
2025-12-24 09:39:25,681 - RobotClient - DEBUG - 计算完成 - 抖动幅度: 18.18181818181818, 抖动角度: 13.636363636363637
2025-12-24 09:39:26,687 - RobotClient - INFO - 收到'executing'指令: 'executing'
2025-12-24 09:39:26,689 - RobotClient - DEBUG - 生成模拟重量: 8.33643965523695 g
2025-12-24 09:39:26,689 - RobotClient - INFO - 获取到重量数据: 8.33643965523695 g
2025-12-24 09:39:26,689 - RobotClient - DEBUG - 开始计算抖动参数 - 目标重量: 10.0 g, 当前重量: 8.33643965523695 g, 密度: 1.1, 颗粒大小: 2.0
2025-12-24 09:39:26,689 - RobotClient - DEBUG - 重量差值: 1.6635603447630505 g, 差值百分比: 16.635603447630505%
2025-12-24 09:39:26,689 - RobotClient - DEBUG - 计算完成 - 抖动幅度: 18.18181818181818, 抖动角度: 13.636363636363637
2025-12-24 09:39:27,687 - RobotClient - INFO - 收到'executing'指令: 'executing'
2025-12-24 09:39:27,687 - RobotClient - DEBUG - 生成模拟重量: 10.501575520104968 g
2025-12-24 09:39:27,687 - RobotClient - INFO - 获取到重量数据: 10.501575520104968 g
2025-12-24 09:39:27,689 - RobotClient - DEBUG - 开始计算抖动参数 - 目标重量: 10.0 g, 当前重量: 10.501575520104968 g, 密度: 1.1, 颗粒大小: 2.0
2025-12-24 09:39:27,689 - RobotClient - DEBUG - 重量差值: 0.5015755201049679 g, 差值百分比: 5.015755201049679%
2025-12-24 09:39:27,689 - RobotClient - DEBUG - 计算完成 - 抖动幅度: 18.18181818181818, 抖动角度: 13.636363636363637
2025-12-24 09:39:28,676 - RobotClient - INFO - 收到'executing'指令: 'executing'
2025-12-24 09:39:28,678 - RobotClient - DEBUG - 生成模拟重量: 9.31354713346939 g
2025-12-24 09:39:28,678 - RobotClient - INFO - 获取到重量数据: 9.31354713346939 g
2025-12-24 09:39:28,678 - RobotClient - DEBUG - 开始计算抖动参数 - 目标重量: 10.0 g, 当前重量: 9.31354713346939 g, 密度: 1.1, 颗粒大小: 2.0
2025-12-24 09:39:28,679 - RobotClient - DEBUG - 重量差值: 0.68645286653061 g, 差值百分比: 6.864528665306099%
2025-12-24 09:39:28,679 - RobotClient - DEBUG - 计算完成 - 抖动幅度: 18.18181818181818, 抖动角度: 13.636363636363637
2025-12-24 09:39:29,684 - RobotClient - INFO - 收到'executing'指令: 'executing'
2025-12-24 09:39:29,685 - RobotClient - DEBUG - 生成模拟重量: 10.071951658672184 g
2025-12-24 09:39:29,685 - RobotClient - INFO - 获取到重量数据: 10.071951658672184 g
2025-12-24 09:39:29,685 - RobotClient - DEBUG - 开始计算抖动参数 - 目标重量: 10.0 g, 当前重量: 10.071951658672184 g, 密度: 1.1, 颗粒大小: 2.0
2025-12-24 09:39:29,685 - RobotClient - DEBUG - 重量差值: 0.07195165867218378 g, 差值百分比: 0.7195165867218378%
2025-12-24 09:39:29,686 - RobotClient - DEBUG - 计算完成 - 抖动幅度: 4.545454545454545, 抖动角度: 13.636363636363637
2025-12-24 09:39:30,680 - RobotClient - INFO - 收到'executing'指令: 'executing'
2025-12-24 09:39:30,680 - RobotClient - DEBUG - 生成模拟重量: 14.438396801475978 g
2025-12-24 09:39:30,680 - RobotClient - INFO - 获取到重量数据: 14.438396801475978 g
2025-12-24 09:39:30,682 - RobotClient - DEBUG - 开始计算抖动参数 - 目标重量: 10.0 g, 当前重量: 14.438396801475978 g, 密度: 1.1, 颗粒大小: 2.0
2025-12-24 09:39:30,682 - RobotClient - DEBUG - 重量差值: 4.438396801475978 g, 差值百分比: 44.38396801475978%
2025-12-24 09:39:30,682 - RobotClient - DEBUG - 计算完成 - 抖动幅度: 45.45454545454545, 抖动角度: 13.636363636363637
2025-12-24 09:39:31,678 - RobotClient - INFO - 收到'executing'指令: 'executing'
2025-12-24 09:39:31,678 - RobotClient - DEBUG - 生成模拟重量: 5.177621307698673 g
2025-12-24 09:39:31,678 - RobotClient - INFO - 获取到重量数据: 5.177621307698673 g
2025-12-24 09:39:31,680 - RobotClient - DEBUG - 开始计算抖动参数 - 目标重量: 10.0 g, 当前重量: 5.177621307698673 g, 密度: 1.1, 颗粒大小: 2.0
2025-12-24 09:39:31,680 - RobotClient - DEBUG - 重量差值: 4.822378692301327 g, 差值百分比: 48.223786923013265%
2025-12-24 09:39:31,680 - RobotClient - DEBUG - 计算完成 - 抖动幅度: 45.45454545454545, 抖动角度: 13.636363636363637
2025-12-24 09:39:32,693 - RobotClient - INFO - 收到'executing'指令: 'executing'
2025-12-24 09:39:32,693 - RobotClient - DEBUG - 生成模拟重量: 8.919478516684634 g
2025-12-24 09:39:32,693 - RobotClient - INFO - 获取到重量数据: 8.919478516684634 g
2025-12-24 09:39:32,694 - RobotClient - DEBUG - 开始计算抖动参数 - 目标重量: 10.0 g, 当前重量: 8.919478516684634 g, 密度: 1.1, 颗粒大小: 2.0
2025-12-24 09:39:32,694 - RobotClient - DEBUG - 重量差值: 1.0805214833153656 g, 差值百分比: 10.805214833153656%
2025-12-24 09:39:32,694 - RobotClient - DEBUG - 计算完成 - 抖动幅度: 18.18181818181818, 抖动角度: 13.636363636363637
2025-12-24 09:39:33,687 - RobotClient - INFO - 收到'executing'指令: 'executing'
2025-12-24 09:39:33,689 - RobotClient - DEBUG - 生成模拟重量: 7.075621860894593 g
2025-12-24 09:39:33,689 - RobotClient - INFO - 获取到重量数据: 7.075621860894593 g
2025-12-24 09:39:33,689 - RobotClient - DEBUG - 开始计算抖动参数 - 目标重量: 10.0 g, 当前重量: 7.075621860894593 g, 密度: 1.1, 颗粒大小: 2.0
2025-12-24 09:39:33,689 - RobotClient - DEBUG - 重量差值: 2.924378139105407 g, 差值百分比: 29.243781391054068%
2025-12-24 09:39:33,689 - RobotClient - DEBUG - 计算完成 - 抖动幅度: 45.45454545454545, 抖动角度: 13.636363636363637
2025-12-24 09:39:34,677 - RobotClient - INFO - 收到'executing'指令: 'executing'
2025-12-24 09:39:34,679 - RobotClient - DEBUG - 生成模拟重量: 8.431349727712643 g
2025-12-24 09:39:34,679 - RobotClient - INFO - 获取到重量数据: 8.431349727712643 g
2025-12-24 09:39:34,679 - RobotClient - DEBUG - 开始计算抖动参数 - 目标重量: 10.0 g, 当前重量: 8.431349727712643 g, 密度: 1.1, 颗粒大小: 2.0
2025-12-24 09:39:34,680 - RobotClient - DEBUG - 重量差值: 1.568650272287357 g, 差值百分比: 15.686502722873568%
2025-12-24 09:39:34,680 - RobotClient - DEBUG - 计算完成 - 抖动幅度: 18.18181818181818, 抖动角度: 13.636363636363637
2025-12-24 09:39:35,687 - RobotClient - INFO - 收到'executing'指令: 'executing'
2025-12-24 09:39:35,689 - RobotClient - DEBUG - 生成模拟重量: 6.297222074588723 g
2025-12-24 09:39:35,689 - RobotClient - INFO - 获取到重量数据: 6.297222074588723 g
2025-12-24 09:39:35,689 - RobotClient - DEBUG - 开始计算抖动参数 - 目标重量: 10.0 g, 当前重量: 6.297222074588723 g, 密度: 1.1, 颗粒大小: 2.0
2025-12-24 09:39:35,689 - RobotClient - DEBUG - 重量差值: 3.7027779254112767 g, 差值百分比: 37.02777925411277%
2025-12-24 09:39:35,690 - RobotClient - DEBUG - 计算完成 - 抖动幅度: 45.45454545454545, 抖动角度: 13.636363636363637
2025-12-24 09:39:36,678 - RobotClient - INFO - 收到'executing'指令: 'executing'
2025-12-24 09:39:36,678 - RobotClient - DEBUG - 生成模拟重量: 11.592007959470443 g
2025-12-24 09:39:36,680 - RobotClient - INFO - 获取到重量数据: 11.592007959470443 g
2025-12-24 09:39:36,680 - RobotClient - DEBUG - 开始计算抖动参数 - 目标重量: 10.0 g, 当前重量: 11.592007959470443 g, 密度: 1.1, 颗粒大小: 2.0
2025-12-24 09:39:36,680 - RobotClient - DEBUG - 重量差值: 1.5920079594704433 g, 差值百分比: 15.920079594704434%
2025-12-24 09:39:36,680 - RobotClient - DEBUG - 计算完成 - 抖动幅度: 18.18181818181818, 抖动角度: 13.636363636363637
2025-12-24 09:39:37,687 - RobotClient - INFO - 收到'executing'指令: 'executing'
2025-12-24 09:39:37,687 - RobotClient - DEBUG - 生成模拟重量: 13.604602967864212 g
2025-12-24 09:39:37,689 - RobotClient - INFO - 获取到重量数据: 13.604602967864212 g
2025-12-24 09:39:37,689 - RobotClient - DEBUG - 开始计算抖动参数 - 目标重量: 10.0 g, 当前重量: 13.604602967864212 g, 密度: 1.1, 颗粒大小: 2.0
2025-12-24 09:39:37,689 - RobotClient - DEBUG - 重量差值: 3.6046029678642117 g, 差值百分比: 36.046029678642114%
2025-12-24 09:39:37,690 - RobotClient - DEBUG - 计算完成 - 抖动幅度: 45.45454545454545, 抖动角度: 13.636363636363637
2025-12-24 09:39:38,676 - RobotClient - INFO - 收到'executing'指令: 'executing'
2025-12-24 09:39:38,676 - RobotClient - DEBUG - 生成模拟重量: 11.624725147055639 g
2025-12-24 09:39:38,677 - RobotClient - INFO - 获取到重量数据: 11.624725147055639 g
2025-12-24 09:39:38,677 - RobotClient - DEBUG - 开始计算抖动参数 - 目标重量: 10.0 g, 当前重量: 11.624725147055639 g, 密度: 1.1, 颗粒大小: 2.0
2025-12-24 09:39:38,678 - RobotClient - DEBUG - 重量差值: 1.6247251470556385 g, 差值百分比: 16.247251470556385%
2025-12-24 09:39:38,678 - RobotClient - DEBUG - 计算完成 - 抖动幅度: 18.18181818181818, 抖动角度: 13.636363636363637
2025-12-24 09:39:39,687 - RobotClient - INFO - 收到'executing'指令: 'executing'
2025-12-24 09:39:39,689 - RobotClient - DEBUG - 生成模拟重量: 10.760711423159051 g
2025-12-24 09:39:39,689 - RobotClient - INFO - 获取到重量数据: 10.760711423159051 g
2025-12-24 09:39:39,690 - RobotClient - DEBUG - 开始计算抖动参数 - 目标重量: 10.0 g, 当前重量: 10.760711423159051 g, 密度: 1.1, 颗粒大小: 2.0
2025-12-24 09:39:39,690 - RobotClient - DEBUG - 重量差值: 0.7607114231590515 g, 差值百分比: 7.607114231590514%
2025-12-24 09:39:39,690 - RobotClient - DEBUG - 计算完成 - 抖动幅度: 18.18181818181818, 抖动角度: 13.636363636363637
2025-12-24 09:39:40,678 - RobotClient - INFO - 收到'executing'指令: 'executing'
2025-12-24 09:39:40,678 - RobotClient - DEBUG - 生成模拟重量: 7.967839059026382 g
2025-12-24 09:39:40,678 - RobotClient - INFO - 获取到重量数据: 7.967839059026382 g
2025-12-24 09:39:40,678 - RobotClient - DEBUG - 开始计算抖动参数 - 目标重量: 10.0 g, 当前重量: 7.967839059026382 g, 密度: 1.1, 颗粒大小: 2.0
2025-12-24 09:39:40,680 - RobotClient - DEBUG - 重量差值: 2.0321609409736183 g, 差值百分比: 20.321609409736183%
2025-12-24 09:39:40,680 - RobotClient - DEBUG - 计算完成 - 抖动幅度: 45.45454545454545, 抖动角度: 13.636363636363637
2025-12-24 09:39:41,688 - RobotClient - INFO - 收到'executing'指令: 'executing'
2025-12-24 09:39:41,688 - RobotClient - DEBUG - 生成模拟重量: 9.378306811388068 g
2025-12-24 09:39:41,689 - RobotClient - INFO - 获取到重量数据: 9.378306811388068 g
2025-12-24 09:39:41,689 - RobotClient - DEBUG - 开始计算抖动参数 - 目标重量: 10.0 g, 当前重量: 9.378306811388068 g, 密度: 1.1, 颗粒大小: 2.0
2025-12-24 09:39:41,689 - RobotClient - DEBUG - 重量差值: 0.6216931886119319 g, 差值百分比: 6.216931886119319%
2025-12-24 09:39:41,689 - RobotClient - DEBUG - 计算完成 - 抖动幅度: 18.18181818181818, 抖动角度: 13.636363636363637
2025-12-24 09:39:42,677 - RobotClient - INFO - 收到'executing'指令: 'executing'
2025-12-24 09:39:42,679 - RobotClient - DEBUG - 生成模拟重量: 8.447147959459215 g
2025-12-24 09:39:42,679 - RobotClient - INFO - 获取到重量数据: 8.447147959459215 g
2025-12-24 09:39:42,680 - RobotClient - DEBUG - 开始计算抖动参数 - 目标重量: 10.0 g, 当前重量: 8.447147959459215 g, 密度: 1.1, 颗粒大小: 2.0
2025-12-24 09:39:42,680 - RobotClient - DEBUG - 重量差值: 1.5528520405407846 g, 差值百分比: 15.528520405407848%
2025-12-24 09:39:42,680 - RobotClient - DEBUG - 计算完成 - 抖动幅度: 18.18181818181818, 抖动角度: 13.636363636363637
2025-12-24 09:39:43,681 - RobotClient - INFO - 收到'executing'指令: 'executing'
2025-12-24 09:39:43,681 - RobotClient - DEBUG - 生成模拟重量: 11.627094480616245 g
2025-12-24 09:39:43,682 - RobotClient - INFO - 获取到重量数据: 11.627094480616245 g
2025-12-24 09:39:43,682 - RobotClient - DEBUG - 开始计算抖动参数 - 目标重量: 10.0 g, 当前重量: 11.627094480616245 g, 密度: 1.1, 颗粒大小: 2.0
2025-12-24 09:39:43,682 - RobotClient - DEBUG - 重量差值: 1.627094480616245 g, 差值百分比: 16.27094480616245%
2025-12-24 09:39:43,682 - RobotClient - DEBUG - 计算完成 - 抖动幅度: 18.18181818181818, 抖动角度: 13.636363636363637
2025-12-24 09:39:44,688 - RobotClient - INFO - 收到'executing'指令: 'executing'
2025-12-24 09:39:44,690 - RobotClient - DEBUG - 生成模拟重量: 9.535734305892623 g
2025-12-24 09:39:44,690 - RobotClient - INFO - 获取到重量数据: 9.535734305892623 g
2025-12-24 09:39:44,690 - RobotClient - DEBUG - 开始计算抖动参数 - 目标重量: 10.0 g, 当前重量: 9.535734305892623 g, 密度: 1.1, 颗粒大小: 2.0
2025-12-24 09:39:44,690 - RobotClient - DEBUG - 重量差值: 0.46426569410737706 g, 差值百分比: 4.642656941073771%
2025-12-24 09:39:44,691 - RobotClient - DEBUG - 计算完成 - 抖动幅度: 4.545454545454545, 抖动角度: 13.636363636363637
2025-12-24 09:39:45,677 - RobotClient - INFO - 收到'executing'指令: 'executing'
2025-12-24 09:39:45,677 - RobotClient - DEBUG - 生成模拟重量: 8.391243391959982 g
2025-12-24 09:39:45,678 - RobotClient - INFO - 获取到重量数据: 8.391243391959982 g
2025-12-24 09:39:45,678 - RobotClient - DEBUG - 开始计算抖动参数 - 目标重量: 10.0 g, 当前重量: 8.391243391959982 g, 密度: 1.1, 颗粒大小: 2.0
2025-12-24 09:39:45,679 - RobotClient - DEBUG - 重量差值: 1.608756608040018 g, 差值百分比: 16.08756608040018%
2025-12-24 09:39:45,679 - RobotClient - DEBUG - 计算完成 - 抖动幅度: 18.18181818181818, 抖动角度: 13.636363636363637
2025-12-24 09:39:46,687 - RobotClient - INFO - 收到'executing'指令: 'executing'
2025-12-24 09:39:46,687 - RobotClient - DEBUG - 生成模拟重量: 14.720031880835153 g
2025-12-24 09:39:46,687 - RobotClient - INFO - 获取到重量数据: 14.720031880835153 g
2025-12-24 09:39:46,689 - RobotClient - DEBUG - 开始计算抖动参数 - 目标重量: 10.0 g, 当前重量: 14.720031880835153 g, 密度: 1.1, 颗粒大小: 2.0
2025-12-24 09:39:46,689 - RobotClient - DEBUG - 重量差值: 4.720031880835153 g, 差值百分比: 47.200318808351525%
2025-12-24 09:39:46,689 - RobotClient - DEBUG - 计算完成 - 抖动幅度: 45.45454545454545, 抖动角度: 13.636363636363637
2025-12-24 09:39:47,691 - RobotClient - INFO - 收到'executing'指令: 'executing'
2025-12-24 09:39:47,691 - RobotClient - DEBUG - 生成模拟重量: 7.0368572342367575 g
2025-12-24 09:39:47,691 - RobotClient - INFO - 获取到重量数据: 7.0368572342367575 g
2025-12-24 09:39:47,693 - RobotClient - DEBUG - 开始计算抖动参数 - 目标重量: 10.0 g, 当前重量: 7.0368572342367575 g, 密度: 1.1, 颗粒大小: 2.0
2025-12-24 09:39:47,693 - RobotClient - DEBUG - 重量差值: 2.9631427657632425 g, 差值百分比: 29.631427657632425%
2025-12-24 09:39:47,693 - RobotClient - DEBUG - 计算完成 - 抖动幅度: 45.45454545454545, 抖动角度: 13.636363636363637
2025-12-24 09:39:48,678 - RobotClient - INFO - 收到'executing'指令: 'executing'
2025-12-24 09:39:48,678 - RobotClient - DEBUG - 生成模拟重量: 13.413988722393151 g
2025-12-24 09:39:48,678 - RobotClient - INFO - 获取到重量数据: 13.413988722393151 g
2025-12-24 09:39:48,678 - RobotClient - DEBUG - 开始计算抖动参数 - 目标重量: 10.0 g, 当前重量: 13.413988722393151 g, 密度: 1.1, 颗粒大小: 2.0
2025-12-24 09:39:48,678 - RobotClient - DEBUG - 重量差值: 3.4139887223931513 g, 差值百分比: 34.13988722393152%
2025-12-24 09:39:48,678 - RobotClient - DEBUG - 计算完成 - 抖动幅度: 45.45454545454545, 抖动角度: 13.636363636363637
2025-12-24 09:39:49,689 - RobotClient - INFO - 收到'executing'指令: 'executing'
2025-12-24 09:39:49,689 - RobotClient - DEBUG - 生成模拟重量: 7.051822589672653 g
2025-12-24 09:39:49,689 - RobotClient - INFO - 获取到重量数据: 7.051822589672653 g
2025-12-24 09:39:49,691 - RobotClient - DEBUG - 开始计算抖动参数 - 目标重量: 10.0 g, 当前重量: 7.051822589672653 g, 密度: 1.1, 颗粒大小: 2.0
2025-12-24 09:39:49,691 - RobotClient - DEBUG - 重量差值: 2.9481774103273466 g, 差值百分比: 29.481774103273466%
2025-12-24 09:39:49,691 - RobotClient - DEBUG - 计算完成 - 抖动幅度: 45.45454545454545, 抖动角度: 13.636363636363637
2025-12-24 09:39:50,678 - RobotClient - INFO - 收到'executing'指令: 'executing'
2025-12-24 09:39:50,678 - RobotClient - DEBUG - 生成模拟重量: 5.335789491109178 g
2025-12-24 09:39:50,678 - RobotClient - INFO - 获取到重量数据: 5.335789491109178 g
2025-12-24 09:39:50,679 - RobotClient - DEBUG - 开始计算抖动参数 - 目标重量: 10.0 g, 当前重量: 5.335789491109178 g, 密度: 1.1, 颗粒大小: 2.0
2025-12-24 09:39:50,679 - RobotClient - DEBUG - 重量差值: 4.664210508890822 g, 差值百分比: 46.64210508890822%
2025-12-24 09:39:50,679 - RobotClient - DEBUG - 计算完成 - 抖动幅度: 45.45454545454545, 抖动角度: 13.636363636363637
2025-12-24 09:39:51,687 - RobotClient - INFO - 收到'executing'指令: 'executing'
2025-12-24 09:39:51,688 - RobotClient - DEBUG - 生成模拟重量: 13.165495125071383 g
2025-12-24 09:39:51,688 - RobotClient - INFO - 获取到重量数据: 13.165495125071383 g
2025-12-24 09:39:51,688 - RobotClient - DEBUG - 开始计算抖动参数 - 目标重量: 10.0 g, 当前重量: 13.165495125071383 g, 密度: 1.1, 颗粒大小: 2.0
2025-12-24 09:39:51,688 - RobotClient - DEBUG - 重量差值: 3.1654951250713825 g, 差值百分比: 31.654951250713825%
2025-12-24 09:39:51,688 - RobotClient - DEBUG - 计算完成 - 抖动幅度: 45.45454545454545, 抖动角度: 13.636363636363637
2025-12-24 09:39:52,678 - RobotClient - INFO - 收到'executing'指令: 'executing'
2025-12-24 09:39:52,678 - RobotClient - DEBUG - 生成模拟重量: 14.601651419731196 g
2025-12-24 09:39:52,678 - RobotClient - INFO - 获取到重量数据: 14.601651419731196 g
2025-12-24 09:39:52,680 - RobotClient - DEBUG - 开始计算抖动参数 - 目标重量: 10.0 g, 当前重量: 14.601651419731196 g, 密度: 1.1, 颗粒大小: 2.0
2025-12-24 09:39:52,680 - RobotClient - DEBUG - 重量差值: 4.601651419731196 g, 差值百分比: 46.016514197311956%
2025-12-24 09:39:52,680 - RobotClient - DEBUG - 计算完成 - 抖动幅度: 45.45454545454545, 抖动角度: 13.636363636363637
2025-12-24 09:39:53,688 - RobotClient - INFO - 收到'executing'指令: 'executing'
2025-12-24 09:39:53,688 - RobotClient - DEBUG - 生成模拟重量: 12.106811672125456 g
2025-12-24 09:39:53,688 - RobotClient - INFO - 获取到重量数据: 12.106811672125456 g
2025-12-24 09:39:53,688 - RobotClient - DEBUG - 开始计算抖动参数 - 目标重量: 10.0 g, 当前重量: 12.106811672125456 g, 密度: 1.1, 颗粒大小: 2.0
2025-12-24 09:39:53,688 - RobotClient - DEBUG - 重量差值: 2.106811672125456 g, 差值百分比: 21.06811672125456%
2025-12-24 09:39:53,690 - RobotClient - DEBUG - 计算完成 - 抖动幅度: 45.45454545454545, 抖动角度: 13.636363636363637
2025-12-24 09:39:54,680 - RobotClient - INFO - 收到'executing'指令: 'executing'
2025-12-24 09:39:54,680 - RobotClient - DEBUG - 生成模拟重量: 13.218947811595639 g
2025-12-24 09:39:54,680 - RobotClient - INFO - 获取到重量数据: 13.218947811595639 g
2025-12-24 09:39:54,681 - RobotClient - DEBUG - 开始计算抖动参数 - 目标重量: 10.0 g, 当前重量: 13.218947811595639 g, 密度: 1.1, 颗粒大小: 2.0
2025-12-24 09:39:54,681 - RobotClient - DEBUG - 重量差值: 3.2189478115956387 g, 差值百分比: 32.18947811595639%
2025-12-24 09:39:54,681 - RobotClient - DEBUG - 计算完成 - 抖动幅度: 45.45454545454545, 抖动角度: 13.636363636363637
2025-12-24 09:39:55,676 - RobotClient - INFO - 收到'executing'指令: 'executing'
2025-12-24 09:39:55,677 - RobotClient - DEBUG - 生成模拟重量: 8.385331723975728 g
2025-12-24 09:39:55,677 - RobotClient - INFO - 获取到重量数据: 8.385331723975728 g
2025-12-24 09:39:55,677 - RobotClient - DEBUG - 开始计算抖动参数 - 目标重量: 10.0 g, 当前重量: 8.385331723975728 g, 密度: 1.1, 颗粒大小: 2.0
2025-12-24 09:39:55,677 - RobotClient - DEBUG - 重量差值: 1.6146682760242719 g, 差值百分比: 16.14668276024272%
2025-12-24 09:39:55,677 - RobotClient - DEBUG - 计算完成 - 抖动幅度: 18.18181818181818, 抖动角度: 13.636363636363637
2025-12-24 09:39:56,688 - RobotClient - INFO - 收到'executing'指令: 'executing'
2025-12-24 09:39:56,688 - RobotClient - DEBUG - 生成模拟重量: 8.18238955738704 g
2025-12-24 09:39:56,688 - RobotClient - INFO - 获取到重量数据: 8.18238955738704 g
2025-12-24 09:39:56,689 - RobotClient - DEBUG - 开始计算抖动参数 - 目标重量: 10.0 g, 当前重量: 8.18238955738704 g, 密度: 1.1, 颗粒大小: 2.0
2025-12-24 09:39:56,689 - RobotClient - DEBUG - 重量差值: 1.8176104426129598 g, 差值百分比: 18.176104426129598%
2025-12-24 09:39:56,689 - RobotClient - DEBUG - 计算完成 - 抖动幅度: 18.18181818181818, 抖动角度: 13.636363636363637
2025-12-24 09:39:57,681 - RobotClient - INFO - 收到'executing'指令: 'executing'
2025-12-24 09:39:57,681 - RobotClient - DEBUG - 生成模拟重量: 7.324047477998788 g
2025-12-24 09:39:57,681 - RobotClient - INFO - 获取到重量数据: 7.324047477998788 g
2025-12-24 09:39:57,682 - RobotClient - DEBUG - 开始计算抖动参数 - 目标重量: 10.0 g, 当前重量: 7.324047477998788 g, 密度: 1.1, 颗粒大小: 2.0
2025-12-24 09:39:57,682 - RobotClient - DEBUG - 重量差值: 2.6759525220012117 g, 差值百分比: 26.759525220012115%
2025-12-24 09:39:57,682 - RobotClient - DEBUG - 计算完成 - 抖动幅度: 45.45454545454545, 抖动角度: 13.636363636363637
2025-12-24 09:39:58,689 - RobotClient - INFO - 收到'executing'指令: 'executing'
2025-12-24 09:39:58,690 - RobotClient - DEBUG - 生成模拟重量: 12.874533489577566 g
2025-12-24 09:39:58,690 - RobotClient - INFO - 获取到重量数据: 12.874533489577566 g
2025-12-24 09:39:58,690 - RobotClient - DEBUG - 开始计算抖动参数 - 目标重量: 10.0 g, 当前重量: 12.874533489577566 g, 密度: 1.1, 颗粒大小: 2.0
2025-12-24 09:39:58,692 - RobotClient - DEBUG - 重量差值: 2.8745334895775656 g, 差值百分比: 28.745334895775652%
2025-12-24 09:39:58,692 - RobotClient - DEBUG - 计算完成 - 抖动幅度: 45.45454545454545, 抖动角度: 13.636363636363637
