2025-12-23 17:43:42,962 - SYSTEM - INFO - 机器人上位机软件启动
2025-12-23 17:43:43,001 - SYSTEM - INFO - 使用默认控制端口: 1023
2025-12-23 17:43:43,003 - SYSTEM - INFO - 使用默认数据端口: 1025
2025-12-23 17:43:50,584 - SYSTEM - INFO - 连接配置保存成功
2025-12-23 17:43:51,768 - SYSTEM - INFO - 连接配置保存成功
2025-12-23 17:43:52,104 - SYSTEM - ERROR - 通讯错误: 连接已关闭
2025-12-23 17:43:52,105 - SYSTEM - ERROR - 通讯错误: 连接已关闭
2025-12-23 17:44:09,056 - SYSTEM - INFO - 连接配置保存成功
2025-12-23 17:44:09,139 - SYSTEM - ERROR - 通讯错误: 连接已关闭
2025-12-23 17:44:10,177 - SYSTEM - INFO - 连接配置保存成功
2025-12-23 17:44:10,646 - SYSTEM - ERROR - 通讯错误: 连接已关闭
2025-12-23 17:44:18,508 - SYSTEM - INFO - 连接配置保存成功
2025-12-23 17:44:21,661 - SYSTEM - INFO - 连接配置保存成功
2025-12-23 17:44:21,669 - SYSTEM - ERROR - 通讯错误: 连接已关闭
2025-12-23 17:44:21,670 - SYSTEM - ERROR - 通讯错误: 连接已关闭
2025-12-23 17:44:28,035 - SYSTEM - INFO - 连接配置保存成功
2025-12-23 17:44:28,186 - SYSTEM - ERROR - 通讯错误: 连接已关闭
2025-12-23 17:44:28,499 - SYSTEM - INFO - 连接配置保存成功
2025-12-23 17:44:28,691 - SYSTEM - ERROR - 通讯错误: 连接已关闭
2025-12-23 17:44:29,175 - SYSTEM - INFO - 连接配置保存成功
2025-12-23 17:44:36,576 - SYSTEM - INFO - 连接配置保存成功
2025-12-23 17:44:36,708 - SYSTEM - ERROR - 通讯错误: 连接已关闭
2025-12-23 17:44:36,712 - SYSTEM - ERROR - 通讯错误: 连接已关闭
2025-12-23 17:44:44,363 - SYSTEM - INFO - 连接配置保存成功
2025-12-23 17:44:44,726 - SYSTEM - ERROR - 通讯错误: 连接已关闭
2025-12-23 17:44:45,327 - SYSTEM - INFO - 连接配置保存成功
2025-12-23 17:44:46,513 - SYSTEM - ERROR - 通讯错误: 接收错误: [WinError 10038] 在一个非套接字上尝试了一个操作。
2025-12-23 17:44:46,576 - SYSTEM - INFO - 机器人上位机软件退出，退出码: 0
