2025-12-23 17:13:49,396 - SYSTEM - INFO - 机器人上位机软件启动
2025-12-23 17:13:49,417 - SYSTEM - INFO - 使用默认控制端口: 1023
2025-12-23 17:13:49,417 - SYSTEM - INFO - 使用默认数据端口: 1025
2025-12-23 17:16:47,854 - SYSTEM - INFO - 连接配置保存成功
2025-12-23 17:16:49,886 - SYSTEM - ERROR - 通讯错误: 连接被拒绝
2025-12-23 17:16:49,914 - SYSTEM - INFO - 连接配置保存成功
2025-12-23 17:16:51,953 - SYSTEM - ERROR - 通讯错误: 连接被拒绝
2025-12-23 17:16:51,970 - SYSTEM - INFO - 连接配置保存成功
2025-12-23 17:16:54,046 - SYSTEM - ERROR - 通讯错误: 连接被拒绝
2025-12-23 17:17:06,128 - SYSTEM - INFO - 连接配置保存成功
2025-12-23 17:17:08,158 - SYSTEM - ERROR - 通讯错误: 连接被拒绝
2025-12-23 17:17:27,921 - SYSTEM - INFO - 连接配置保存成功
2025-12-23 17:17:29,197 - SYSTEM - INFO - 连接配置保存成功
2025-12-23 17:17:37,102 - SYSTEM - INFO - 获取到有效目标重量: 10.0 g
2025-12-23 17:17:37,102 - SYSTEM - INFO - 获取到有效密度: 1.1
2025-12-23 17:17:37,102 - SYSTEM - INFO - 获取到有效颗粒大小: 2.0
2025-12-23 17:17:37,104 - SYSTEM - INFO - 获取到有效空瓶重: 8.1 g
2025-12-23 17:18:28,721 - SYSTEM - ERROR - 通讯错误: 接收错误: [WinError 10038] 在一个非套接字上尝试了一个操作。
2025-12-23 17:18:28,723 - SYSTEM - ERROR - 通讯错误: 连接已关闭
2025-12-23 17:18:29,544 - SYSTEM - INFO - 连接配置保存成功
2025-12-23 17:18:30,660 - SYSTEM - ERROR - 通讯错误: 接收错误: [WinError 10038] 在一个非套接字上尝试了一个操作。
